Log file open, 06/19/17 21:51:50
LogInit:Display: Running engine for game: H2Owned_2017
LogPlatformFile: Not using cached read wrapper
LogInit:Display: RandInit(642086016) SRandInit(642086016).
LogTaskGraph: Started task graph with 5 named threads and 8 total threads with 1 sets of task threads.
LogStats: Stats thread started at 0.130732
LogInit: Using libcurl 7.47.1
LogInit:  - built for x86_64-pc-win32
LogInit:  - supports SSL with OpenSSL/1.0.2g
LogInit:  - supports HTTP deflate (compression) using libz 1.2.8
LogInit:  - other features:
LogInit:      CURL_VERSION_SSL
LogInit:      CURL_VERSION_LIBZ
LogInit:      CURL_VERSION_IPV6
LogInit:      CURL_VERSION_ASYNCHDNS
LogInit:      CURL_VERSION_LARGEFILE
LogInit:      CURL_VERSION_IDN
LogInit:  CurlRequestOptions (configurable via config and command line):
LogInit:  - bVerifyPeer = false  - Libcurl will NOT verify peer certificate
LogInit:  - bUseHttpProxy = false  - Libcurl will NOT use HTTP proxy
LogInit:  - bDontReuseConnections = false  - Libcurl will reuse connections
LogInit:  - CertBundlePath = nullptr  - Libcurl will use whatever was configured at build time.
LogInit: Build: ++UE4+Release-4.16-CL-3466753
LogInit: Engine Version: 4.16.1-3466753+++UE4+Release-4.16
LogInit: Compatible Engine Version: 4.16.0-3452394+++UE4+Release-4.16
LogInit: Net CL: 3452394
LogDevObjectVersion: Number of dev versions registered: 16
LogDevObjectVersion:   Dev-Blueprints (B0D832E4-1F89-4F0D-ACCF-7EB736FD4AA2): 9
LogDevObjectVersion:   Dev-Build (E1C64328-A22C-4D53-A36C-8E866417BD8C): 0
LogDevObjectVersion:   Dev-Core (375EC13C-06E4-48FB-B500-84F0262A717E): 2
LogDevObjectVersion:   Dev-Editor (E4B068ED-F494-42E9-A231-DA0B2E46BB41): 17
LogDevObjectVersion:   Dev-Framework (CFFC743F-43B0-4480-9391-14DF171D2073): 23
LogDevObjectVersion:   Dev-Mobile (B02B49B5-BB20-44E9-A304-32B752E40360): 0
LogDevObjectVersion:   Dev-Networking (A4E4105C-59A1-49B5-A7C5-40C4547EDFEE): 0
LogDevObjectVersion:   Dev-Online (39C831C9-5AE6-47DC-9A44-9C173E1C8E7C): 0
LogDevObjectVersion:   Dev-Physics (78F01B33-EBEA-4F98-B9B4-84EACCB95AA2): 0
LogDevObjectVersion:   Dev-Platform (6631380F-2D4D-43E0-8009-CF276956A95A): 0
LogDevObjectVersion:   Dev-Rendering (12F88B9F-8875-4AFC-A67C-D90C383ABD29): 15
LogDevObjectVersion:   Dev-Sequencer (7B5AE74C-D270-4C10-A958-57980B212A5A): 4
LogDevObjectVersion:   Dev-VR (D7296918-1DD6-4BDD-9DE2-64A83CC13884): 0
LogDevObjectVersion:   Dev-LoadTimes (C2A15278-BFE7-4AFE-6C17-90FF531DF755): 1
LogDevObjectVersion:   Private-Geometry (6EACA3D4-40EC-4CC1-B786-8BED09428FC5): 1
LogDevObjectVersion:   Dev-AnimPhys (29E575DD-E0A3-4627-9D10-D276232CDCEA): 3
LogInit: Compiled (64-bit): May 31 2017 02:03:30
LogInit: Compiled with Visual C++: 19.00.24215.01
LogInit: Build Configuration: Development
LogInit: Branch Name: ++UE4+Release-4.16
LogInit: Command line:  
LogInit: Base directory: C:/Program Files/Epic Games/UE_4.16/Engine/Binaries/Win64/
LogInit: Installed Engine Build: 1
LogInit: Presizing for max 8388607 objects, including 0 objects not considered by GC, pre-allocating 0 bytes for permanent pool.
LogInit: Object subsystem initialized
[2017.06.19-11.51.50:819][  0]LogInit: Selected Device Profile: [Windows]
[2017.06.19-11.51.50:819][  0]LogInit: Applying CVar settings loaded from the selected device profile: [Windows]
[2017.06.19-11.51.50:875][  0]LogInit: Computer: COLA-ALIENWARE
[2017.06.19-11.51.50:875][  0]LogInit: User: Cola
[2017.06.19-11.51.50:875][  0]LogInit: CPU Page size=4096, Cores=4
[2017.06.19-11.51.50:875][  0]LogInit: High frequency timer resolution =2.531256 MHz
[2017.06.19-11.51.50:876][  0]LogMemory: Memory total: Physical=31.9GB (32GB approx)
[2017.06.19-11.51.50:876][  0]LogMemory: Platform Memory Stats for Windows
[2017.06.19-11.51.50:876][  0]LogMemory: Process Physical Memory: 273.82 MB used, 273.82 MB peak
[2017.06.19-11.51.50:876][  0]LogMemory: Process Virtual Memory: 260.71 MB used, 260.71 MB peak
[2017.06.19-11.51.50:876][  0]LogMemory: Physical Memory: 6040.58 MB used,  26594.91 MB free, 32635.48 MB total
[2017.06.19-11.51.50:876][  0]LogMemory: Virtual Memory: 638.44 MB used,  26594.91 MB free, 134217728.00 MB total
[2017.06.19-11.51.51:191][  0]LogInit: Using OS detected language (en-US).
[2017.06.19-11.51.51:191][  0]LogInit: Using OS detected locale (en-AU).
[2017.06.19-11.51.51:259][  0]LogTextLocalizationManager: No specific localization for 'en-US' exists, so the 'en' localization will be used.
[2017.06.19-11.51.54:741][  0]LogD3D11RHI: D3D11 adapters:
[2017.06.19-11.51.54:790][  0]LogD3D11RHI:    0. 'NVIDIA GeForce GTX 980M' (Feature Level 11_0)
[2017.06.19-11.51.54:790][  0]LogD3D11RHI:       8153/0/16317 MB DedicatedVideo/DedicatedSystem/SharedSystem, Outputs:1, VendorId:0x10de
[2017.06.19-11.51.55:341][  0]LogD3D11RHI:    1. 'Intel(R) HD Graphics 530' (Feature Level 11_0)
[2017.06.19-11.51.55:341][  0]LogD3D11RHI:       128/0/16317 MB DedicatedVideo/DedicatedSystem/SharedSystem, Outputs:0, VendorId:0x8086
[2017.06.19-11.51.55:342][  0]LogD3D11RHI:    2. 'Microsoft Basic Render Driver' (Feature Level 11_0)
[2017.06.19-11.51.55:342][  0]LogD3D11RHI:       0/0/16317 MB DedicatedVideo/DedicatedSystem/SharedSystem, Outputs:0, VendorId:0x1414
[2017.06.19-11.51.55:342][  0]LogD3D11RHI: Chosen D3D11 Adapter: 0
[2017.06.19-11.51.55:350][  0]LogD3D11RHI: Creating new Direct3DDevice
[2017.06.19-11.51.55:350][  0]LogD3D11RHI:     GPU DeviceId: 0x13d7 (for the marketing name, search the web for "GPU Device Id")
[2017.06.19-11.51.55:350][  0]LogWindows: EnumDisplayDevices:
[2017.06.19-11.51.55:350][  0]LogWindows:    0. 'Intel(R) HD Graphics 530' (P:0 D:0)
[2017.06.19-11.51.55:350][  0]LogWindows:    1. 'Intel(R) HD Graphics 530' (P:0 D:0)
[2017.06.19-11.51.55:351][  0]LogWindows:    2. 'Intel(R) HD Graphics 530' (P:0 D:0)
[2017.06.19-11.51.55:351][  0]LogWindows:    3. 'NVIDIA GeForce GTX 980M' (P:1 D:1)
[2017.06.19-11.51.55:351][  0]LogWindows: DebugString: PrimaryIsNotTheChoosenAdapter PrimaryIsNotTheChoosenAdapter PrimaryIsNotTheChoosenAdapter 
[2017.06.19-11.51.55:351][  0]LogD3D11RHI:     Adapter Name: NVIDIA GeForce GTX 980M
[2017.06.19-11.51.55:351][  0]LogD3D11RHI:   Driver Version: 382.33 (internal:22.21.13.8233, unified:382.33)
[2017.06.19-11.51.55:351][  0]LogD3D11RHI:      Driver Date: 5-17-2017
[2017.06.19-11.51.55:351][  0]LogRHI: Texture pool is 1361 MB (70% of 1945 MB)
[2017.06.19-11.51.55:383][  0]LogD3D11RHI: Async texture creation enabled
[2017.06.19-11.51.55:416][  0]LogD3D11RHI: GPU Timing Frequency: 1000.000000 (Debug: 2 1)
[2017.06.19-11.51.55:474][  0]LogShaderCompilers: Guid format shader working directory is -1 characters bigger than the processId version (D:/H2Owned_MajorProject2017-Repo/H2Owned_2017/Intermediate/Shaders/WorkingDirectory/10316/).
[2017.06.19-11.51.55:474][  0]LogShaderCompilers: Cleaned the shader compiler working directory 'C:/Users/Cola/AppData/Local/Temp/UnrealShaderWorkingDir/70DCECFB433149E0CF5A9398F578AAA2/'.
[2017.06.19-11.51.55:475][  0]LogShaderCompilers:Display: Using Local Shader Compiler.
[2017.06.19-11.51.57:674][  0]LogTemp:Display: Loaded TP AllDesktopTargetPlatform
[2017.06.19-11.51.57:725][  0]LogTemp:Display: Loaded TP MacClientTargetPlatform
[2017.06.19-11.51.57:774][  0]LogTemp:Display: Loaded TP MacNoEditorTargetPlatform
[2017.06.19-11.51.57:823][  0]LogTemp:Display: Loaded TP MacServerTargetPlatform
[2017.06.19-11.51.57:877][  0]LogTemp:Display: Loaded TP MacTargetPlatform
[2017.06.19-11.51.57:928][  0]LogTemp:Display: Loaded TP WindowsClientTargetPlatform
[2017.06.19-11.51.57:981][  0]LogTemp:Display: Loaded TP WindowsNoEditorTargetPlatform
[2017.06.19-11.51.58:030][  0]LogTemp:Display: Loaded TP WindowsServerTargetPlatform
[2017.06.19-11.51.58:079][  0]LogTemp:Display: Loaded TP WindowsTargetPlatform
[2017.06.19-11.51.58:132][  0]LogTemp:Display: Loaded TP AndroidTargetPlatform
[2017.06.19-11.51.58:183][  0]LogTemp:Display: Loaded TP Android_ASTCTargetPlatform
[2017.06.19-11.51.58:230][  0]LogTemp:Display: Loaded TP Android_ATCTargetPlatform
[2017.06.19-11.51.58:279][  0]LogTemp:Display: Loaded TP Android_DXTTargetPlatform
[2017.06.19-11.51.58:326][  0]LogTemp:Display: Loaded TP Android_ETC1TargetPlatform
[2017.06.19-11.51.58:376][  0]LogTemp:Display: Loaded TP Android_ETC2TargetPlatform
[2017.06.19-11.51.58:476][  0]LogTemp:Display: Loaded TP Android_MultiTargetPlatform
[2017.06.19-11.51.58:476][  0]LogTemp:Display: Loaded TP Android_PVRTCTargetPlatform
[2017.06.19-11.51.58:517][  0]LogTemp:Display: Loaded TP HTML5TargetPlatform
[2017.06.19-11.51.58:627][  0]LogTemp:Display: Loaded TP IOSTargetPlatform
[2017.06.19-11.51.58:661][  0]LogTemp:Display: Loaded TP TVOSTargetPlatform
[2017.06.19-11.51.58:714][  0]LogTemp:Display: Loaded TP LinuxClientTargetPlatform
[2017.06.19-11.51.58:765][  0]LogTemp:Display: Loaded TP LinuxNoEditorTargetPlatform
[2017.06.19-11.51.58:818][  0]LogTemp:Display: Loaded TP LinuxServerTargetPlatform
[2017.06.19-11.51.58:875][  0]LogTemp:Display: Loaded TP LinuxTargetPlatform
[2017.06.19-11.51.58:875][  0]LogTargetPlatformManager:Display: Building Assets For Windows
[2017.06.19-11.51.59:487][  0]LogDerivedDataCache:Display: Max Cache Size: 512 MB
[2017.06.19-11.51.59:746][  0]LogDerivedDataCache: Loaded boot cache 0.26s 90MB C:/Users/Cola/AppData/Local/UnrealEngine/4.16/DerivedDataCache/Boot.ddc.
[2017.06.19-11.51.59:746][  0]LogDerivedDataCache:Display: Loaded Boot cache: C:/Users/Cola/AppData/Local/UnrealEngine/4.16/DerivedDataCache/Boot.ddc
[2017.06.19-11.51.59:746][  0]LogDerivedDataCache: FDerivedDataBackendGraph:  Pak pak cache file D:/H2Owned_MajorProject2017-Repo/H2Owned_2017/DerivedDataCache/DDC.ddp not found, will not use a pak cache.
[2017.06.19-11.51.59:746][  0]LogDerivedDataCache: Unable to find inner node Pak for hierarchical cache Hierarchy.
[2017.06.19-11.51.59:746][  0]LogDerivedDataCache: FDerivedDataBackendGraph:  CompressedPak pak cache file D:/H2Owned_MajorProject2017-Repo/H2Owned_2017/DerivedDataCache/Compressed.ddp not found, will not use a pak cache.
[2017.06.19-11.51.59:746][  0]LogDerivedDataCache: Unable to find inner node CompressedPak for hierarchical cache Hierarchy.
[2017.06.19-11.51.59:773][  0]LogDerivedDataCache:Display: Pak cache opened for reading ../../../Engine/DerivedDataCache/Compressed.ddp.
[2017.06.19-11.51.59:786][  0]LogDerivedDataCache: Using Local data cache path C:/Users/Cola/AppData/Local/UnrealEngine/Common/DerivedDataCache: Writable
[2017.06.19-11.51.59:801][  0]LogMaterial: Verifying Global Shaders for PCD3D_SM5
[2017.06.19-11.51.59:808][  0]LogSlate: Using Freetype 2.6.0
[2017.06.19-11.51.59:820][  0]LogSlate: SlateFontCache - WITH_FREETYPE: 1, WITH_HARFBUZZ: 1
[2017.06.19-11.51.59:820][  0]LogSlate: SlateFontCache - WITH_FREETYPE: 1, WITH_HARFBUZZ: 1
[2017.06.19-11.52.00:791][  0]LogInit: Selected Device Profile: [Windows]
[2017.06.19-11.52.00:997][  0]LogContentStreaming: Texture pool size is 0.00 MB
[2017.06.19-11.52.01:273][  0]LogMeshUtilities: Using QuadricMeshReduction for automatic static mesh reduction
[2017.06.19-11.52.01:335][  0]LogSimplygon: Simplygon DLL not present - disabling.
[2017.06.19-11.52.01:386][  0]LogMeshUtilities: Using SimplygonSwarm for distributed automatic mesh merging
[2017.06.19-11.52.01:386][  0]LogMeshUtilities: No automatic skeletal mesh reduction module available
[2017.06.19-11.52.01:386][  0]LogMeshUtilities: No automatic mesh merging module available
[2017.06.19-11.52.02:872][  0]LogNetVersion: H2Owned_2017 , NetCL: 3452394, EngineNetVer: 2, GameNetVer: 0 (Checksum: 3695325218)
[2017.06.19-11.52.02:974][  0]LogAssetRegistry: FAssetRegistry took 0.0293 seconds to start up
[2017.06.19-11.52.03:098][  0]LogPackageLocalizationCache: Processed 4 localized package path(s) for 2 prioritized culture(s) in 0.098288 seconds
[2017.06.19-11.52.03:106][  0]LogUObjectArray: 34194 objects as part of root set at end of initial load.
[2017.06.19-11.52.03:106][  0]LogUObjectAllocator: 7260416 out of 0 bytes used by permanent object pool.
[2017.06.19-11.52.03:106][  0]LogUObjectArray: CloseDisregardForGC: 0/0 objects in disregard for GC pool
[2017.06.19-11.52.03:184][  0]LogInit: WinSock: version 1.1 (2.2), MaxSocks=32767, MaxUdp=65467
[2017.06.19-11.52.08:214][  0]LogTcpMessaging: Initializing TcpMessaging bridge
[2017.06.19-11.52.08:260][  0]LogUdpMessaging: Initializing bridge on interface 0.0.0.0:0 to multicast group 230.0.0.1:6666.
[2017.06.19-11.52.08:973][  0]LogMaterial: Uniform references updated for custom material expression Custom.
[2017.06.19-11.52.09:553][  0]SourceControl: Info Source control is disabled
[2017.06.19-11.52.09:555][  0]SourceControl: Info Source control is disabled
[2017.06.19-11.52.09:616][  0]SourceControl: Info Source control is disabled
[2017.06.19-11.52.09:667][  0]SourceControl: Info Source control is disabled
[2017.06.19-11.52.10:542][  0]LogAndroidPermission: UAndroidPermissionCallbackProxy::GetInstance
[2017.06.19-11.52.11:281][  0]LogEngine: Initializing Engine...
[2017.06.19-11.52.11:282][  0]LogHMD: Failed to initialize OpenVR with code 110
[2017.06.19-11.52.11:663][  0]LogStats: UGameplayTagsManager::ConstructGameplayTagTree: Construct from data asset -  0.000 s
[2017.06.19-11.52.11:664][  0]LogStats: UGameplayTagsManager::ConstructGameplayTagTree: GameplayTagTreeChangedEvent.Broadcast -  0.000 s
[2017.06.19-11.52.11:839][  0]LogAIModule: Creating AISystem for world Untitled
[2017.06.19-11.52.11:857][  0]LogInit: XAudio2 using 'Speakers (Sound Blaster Recon3Di)' : 2 channels at 48 kHz using 32 bits per sample (channel mask 0x3)
[2017.06.19-11.52.11:882][  0]LogInit: FAudioDevice initialized.
[2017.06.19-11.52.11:927][  0]LogDerivedDataCache: Saved boot cache 0.04s 90MB C:/Users/Cola/AppData/Local/UnrealEngine/4.16/DerivedDataCache/Boot.ddc.
[2017.06.19-11.52.11:941][  0]LogInit: Texture streaming: Enabled
[2017.06.19-11.52.12:049][  0]LogEngineSessionManager: EngineSessionManager initialized
[2017.06.19-11.52.12:346][  0]LogInit: Transaction tracking system initialized
[2017.06.19-11.52.12:748][  0]BlueprintLog: New page: Editor Load
[2017.06.19-11.52.13:950][  0]LocalizationService: Info Localization service is disabled
[2017.06.19-11.52.14:974][  0]LogConsoleResponse:Display: 
[2017.06.19-11.52.15:407][  0]LogCook:Display: Max memory allowance for cook 16384mb min free memory 0mb
[2017.06.19-11.52.15:407][  0]LogCook:Display: Mobile HDR setting 1
[2017.06.19-11.52.16:289][  0]LogFileCache: Scanning file cache for directory 'D:/H2Owned_MajorProject2017-Repo/H2Owned_2017/Content/' took 0.02s
[2017.06.19-11.52.16:806][  0]SourceControl: Info Source control is disabled
[2017.06.19-11.52.16:808][  0]Cmd: MAP LOAD FILE="D:/H2Owned_MajorProject2017-Repo/H2Owned_2017/Content/StarterContent/Maps/Minimal_Default.umap" TEMPLATE=0 SHOWPROGRESS=1 FEATURELEVEL=3
[2017.06.19-11.52.16:853][  0]LightingResults: New page: Lighting Build
[2017.06.19-11.52.16:908][  0]MapCheck: New page: Map Check
[2017.06.19-11.52.16:908][  0]LightingResults: New page: Lighting Build
[2017.06.19-11.52.19:741][  0]LogAIModule: Creating AISystem for world Minimal_Default
[2017.06.19-11.52.19:779][  0]LogEditorServer: Finished looking for orphan Actors (0.000 secs)
[2017.06.19-11.52.19:805][  0]Cmd: MAP CHECKDEP NOCLEARLOG
[2017.06.19-11.52.19:870][  0]MapCheck: Info Map check complete: 0 Error(s), 0 Warning(s), took 65.05ms to complete.
[2017.06.19-11.52.19:870][  0]LogFileHelpers: Loading map 'Minimal_Default' took 3.063
[2017.06.19-11.52.20:117][  0]LogCollectionManager: Loaded 0 collections in 0.001500 seconds
[2017.06.19-11.52.20:233][  0]LogFileCache: Scanning file cache for directory 'D:/H2Owned_MajorProject2017-Repo/H2Owned_2017/Saved/Collections/' took 0.01s
[2017.06.19-11.52.20:233][  0]LogFileCache: Scanning file cache for directory 'D:/H2Owned_MajorProject2017-Repo/H2Owned_2017/Content/Developers/Cola/Collections/' took 0.01s
[2017.06.19-11.52.20:233][  0]LogFileCache: Scanning file cache for directory 'D:/H2Owned_MajorProject2017-Repo/H2Owned_2017/Content/Collections/' took 0.01s
[2017.06.19-11.52.20:233][  0]LogCollectionManager: Rebuilt the GUID cache for 0 collections in 0.000002 seconds
[2017.06.19-11.52.20:247][  0]LogContentBrowser: Native class hierarchy populated in 0.0129 seconds. Added 2329 classes and 491 folders.
[2017.06.19-11.52.20:333][  0]LogContentBrowser: Native class hierarchy updated for 'WidgetCarousel' in 0.0006 seconds. Added 0 classes and 0 folders.
[2017.06.19-11.52.20:729][  0]LogContentBrowser: Native class hierarchy updated for 'AddContentDialog' in 0.0008 seconds. Added 0 classes and 0 folders.
[2017.06.19-11.52.20:789][  0]LogContentBrowser: Native class hierarchy updated for 'SceneOutliner' in 0.0006 seconds. Added 1 classes and 2 folders.
[2017.06.19-11.52.20:879][  0]LogCrashTracker: Crashtracker disabled due to settings.
[2017.06.19-11.52.20:897][  0]LogSlate: Took 0.006268 seconds to synchronously load lazily loaded font '../../../Engine/Content/Slate/Fonts/Roboto-Regular.ttf' (155K)
[2017.06.19-11.52.20:904][  0]LogSlate: Took 0.005421 seconds to synchronously load lazily loaded font '../../../Engine/Content/Slate/Fonts/Roboto-Bold.ttf' (160K)
[2017.06.19-11.52.20:915][  0]LogSlate: Took 0.004569 seconds to synchronously load lazily loaded font '../../../Engine/Content/Editor/Slate/Fonts/FontAwesome.ttf' (139K)
[2017.06.19-11.52.21:100][  0]LogRenderer: Reallocating scene render targets to support 1320x488 NumSamples 1 (Frame:1).
[2017.06.19-11.52.21:254][  0]LogUObjectGlobals:Warning: Failed to find object 'Class None.'
[2017.06.19-11.52.21:332][  0]LogContentBrowser: Native class hierarchy updated for 'HierarchicalLODOutliner' in 0.0006 seconds. Added 1 classes and 2 folders.
[2017.06.19-11.52.21:332][  0]LogLoad: (Engine Initialization) Total time: 33.65 seconds
[2017.06.19-11.52.21:332][  0]LogLoad: (Engine Initialization) Total Blueprint compile time: 0.17 seconds
[2017.06.19-11.52.21:332][  0]LogExternalProfiler: Found external profiler: VSPerf
[2017.06.19-11.52.21:332][  0]LogExternalProfiler: Using external profiler: VSPerf
[2017.06.19-11.52.21:672][  0]LogOcInput: OculusInput pre-init called
[2017.06.19-11.52.21:672][  0]LogHMD: Starting GearVRController plugin
[2017.06.19-11.52.21:697][  0]LogContentStreaming: Texture pool size now 1000 MB
[2017.06.19-11.52.21:766][  0]LogSlate: Took 0.005291 seconds to synchronously load lazily loaded font '../../../Engine/Content/Slate/Fonts/Roboto-Light.ttf' (159K)
[2017.06.19-11.52.22:009][  1]LogAssetRegistry: Asset discovery search completed in 19.0566 seconds
[2017.06.19-11.52.22:011][  1]LogCollectionManager: Rebuilt the object cache for 0 collections in 0.000000 seconds (found 0 objects)
[2017.06.19-11.52.22:011][  1]LogCollectionManager: Fixed up redirectors for 0 collections in 0.000036 seconds (updated 0 objects)
[2017.06.19-11.53.08:886][285]LogSlate: Took 0.000178 seconds to synchronously load lazily loaded font '../../../Engine/Content/Slate/Fonts/Roboto-Light.ttf' (159K)
[2017.06.19-11.53.08:964][285]LogAIModule: Creating AISystem for world Test1
[2017.06.19-11.53.08:985][285]Cmd: MAP LOAD FILE="D:/H2Owned_MajorProject2017-Repo/H2Owned_2017/Content/Test1.umap" TEMPLATE=0 SHOWPROGRESS=1 FEATURELEVEL=3
[2017.06.19-11.53.08:985][285]LightingResults: New page: Lighting Build
[2017.06.19-11.53.08:986][285]LoadErrors: New page: Loading map: Test1.umap
[2017.06.19-11.53.08:987][285]MapCheck: New page: Map Check
[2017.06.19-11.53.08:987][285]LightingResults: New page: Lighting Build
[2017.06.19-11.53.09:004][285]LogEditorServer: Finished looking for orphan Actors (0.000 secs)
[2017.06.19-11.53.09:037][285]Cmd: MAP CHECKDEP NOCLEARLOG
[2017.06.19-11.53.09:084][285]MapCheck: Info Map check complete: 0 Error(s), 0 Warning(s), took 46.192ms to complete.
[2017.06.19-11.53.09:084][285]LogFileHelpers: Loading map 'Test1' took 0.100
[2017.06.19-11.54.27:623][941]LogContentBrowser: Native class hierarchy updated for 'BlueprintGraph' in 0.0016 seconds. Added 112 classes and 0 folders.
[2017.06.19-11.54.28:268][941]LogSlate: Took 0.000171 seconds to synchronously load lazily loaded font '../../../Engine/Content/Slate/Fonts/Roboto-Regular.ttf' (155K)
[2017.06.19-11.54.28:400][941]LogSlate: Took 0.003808 seconds to synchronously load lazily loaded font '../../../Engine/Content/Editor/Slate/Fonts/Roboto-BoldCondensed.ttf' (158K)
[2017.06.19-11.54.28:744][942]LogSlate: Took 0.004262 seconds to synchronously load lazily loaded font '../../../Engine/Content/Editor/Slate/Fonts/Roboto-Italic.ttf' (157K)
[2017.06.19-11.57.16:283][959]BlueprintLog: New page: Compile H2O_Default_ThirdPersonCharacter
[2017.06.19-11.57.17:036][980]Cmd: OBJ SAVEPACKAGE PACKAGE="/Game/Blueprints/H2O_Default_ThirdPersonCharacter" FILE="D:/H2Owned_MajorProject2017-Repo/H2Owned_2017/Content/Blueprints/H2O_Default_ThirdPersonCharacter.uasset" SILENT=true
[2017.06.19-11.57.17:288][980]LogSavePackage: Save=152.52ms
[2017.06.19-11.57.17:288][980]LogSavePackage: Moving 'D:/H2Owned_MajorProject2017-Repo/H2Owned_2017/Saved/H2O_Default_ThirdPersonCharacter7E0684DB49F9BABB069E65BAD75AF2A7.tmp' to 'D:/H2Owned_MajorProject2017-Repo/H2Owned_2017/Content/Blueprints/H2O_Default_ThirdPersonCharacter.uasset'
[2017.06.19-11.57.17:292][980]LogSavePackage:Display: Finished SavePackage D:/H2Owned_MajorProject2017-Repo/H2Owned_2017/Content/Blueprints/H2O_Default_ThirdPersonCharacter.uasset
[2017.06.19-11.57.33:717][649]LogTemp: Repeting last play command: Selected Viewport
[2017.06.19-11.57.33:792][649]LogPlayLevel: PlayLevel: No blueprints needed recompiling
[2017.06.19-11.57.33:793][649]PIE: New page: PIE session: Test1 (20 Jun 2017 7:57:33 am)
[2017.06.19-11.57.33:793][649]LogPlayLevel: Creating play world package: /Game/UEDPIE_0_Test1
[2017.06.19-11.57.33:796][649]LogPlayLevel: PIE: StaticDuplicateObject took: (0.003521s)
[2017.06.19-11.57.33:797][649]LogAIModule: Creating AISystem for world Test1
[2017.06.19-11.57.33:798][649]LogPlayLevel: PIE: World Init took: (0.000994s)
[2017.06.19-11.57.33:798][649]LogPlayLevel: PIE: Created PIE world by copying editor world from /Game/Test1.Test1 to /Game/UEDPIE_0_Test1.Test1 (0.004935s)
[2017.06.19-11.57.33:815][649]LogInit: XAudio2 using 'Speakers (Sound Blaster Recon3Di)' : 2 channels at 48 kHz using 32 bits per sample (channel mask 0x3)
[2017.06.19-11.57.33:823][649]LogInit: FAudioDevice initialized.
[2017.06.19-11.57.33:882][649]LogLoad: Game class is 'H2O_DefaultGameMode_C'
[2017.06.19-11.57.33:886][649]LogWorld: Bringing World /Game/UEDPIE_0_Test1.Test1 up for play (max tick rate 60) at 2017.06.19-21.57.33
[2017.06.19-11.57.33:887][649]LogWorld: Bringing up level for play took: 0.000602
[2017.06.19-11.57.33:889][649]LogSpawn:Warning: SpawnActor failed because no class was specified
[2017.06.19-11.57.33:932][649]LogContentBrowser: Native class hierarchy updated for 'MovieSceneCapture' in 0.0006 seconds. Added 11 classes and 0 folders.
[2017.06.19-11.57.33:942][649]PIE: Info Play in editor start time for /Game/UEDPIE_0_Test1 -0.162
[2017.06.19-11.57.34:658][690]LogBlueprintUserMessages: [H2O_Default_ThirdPersonCharacter_C_0] Shoot
[2017.06.19-11.57.34:840][701]LogBlueprintUserMessages: [H2O_Default_ThirdPersonCharacter_C_0] Shoot
[2017.06.19-11.57.35:040][713]LogBlueprintUserMessages: [H2O_Default_ThirdPersonCharacter_C_0] Shoot
[2017.06.19-11.57.35:240][725]LogBlueprintUserMessages: [H2O_Default_ThirdPersonCharacter_C_0] Shoot
[2017.06.19-11.57.35:441][737]LogBlueprintUserMessages: [H2O_Default_ThirdPersonCharacter_C_0] Shoot
[2017.06.19-11.57.35:641][749]LogBlueprintUserMessages: [H2O_Default_ThirdPersonCharacter_C_0] Shoot
[2017.06.19-11.57.35:841][761]LogBlueprintUserMessages: [H2O_Default_ThirdPersonCharacter_C_0] Shoot
[2017.06.19-11.57.36:040][773]LogBlueprintUserMessages: [H2O_Default_ThirdPersonCharacter_C_0] Shoot
[2017.06.19-11.57.36:240][785]LogBlueprintUserMessages: [H2O_Default_ThirdPersonCharacter_C_0] Shoot
[2017.06.19-11.57.36:440][797]LogBlueprintUserMessages: [H2O_Default_ThirdPersonCharacter_C_0] Shoot
[2017.06.19-11.57.36:640][809]LogBlueprintUserMessages: [H2O_Default_ThirdPersonCharacter_C_0] Shoot
[2017.06.19-11.57.36:840][821]LogBlueprintUserMessages: [H2O_Default_ThirdPersonCharacter_C_0] Shoot
[2017.06.19-11.57.37:040][833]LogBlueprintUserMessages: [H2O_Default_ThirdPersonCharacter_C_0] Shoot
[2017.06.19-11.57.37:240][845]LogBlueprintUserMessages: [H2O_Default_ThirdPersonCharacter_C_0] Shoot
[2017.06.19-11.57.37:440][857]LogBlueprintUserMessages: [H2O_Default_ThirdPersonCharacter_C_0] Shoot
[2017.06.19-11.57.37:640][869]LogBlueprintUserMessages: [H2O_Default_ThirdPersonCharacter_C_0] Shoot
[2017.06.19-11.57.38:542][923]LogBlueprintUserMessages: [H2O_Default_ThirdPersonCharacter_C_0] Shoot
[2017.06.19-11.57.38:724][934]LogBlueprintUserMessages: [H2O_Default_ThirdPersonCharacter_C_0] Shoot
[2017.06.19-11.57.38:924][946]LogBlueprintUserMessages: [H2O_Default_ThirdPersonCharacter_C_0] Shoot
[2017.06.19-11.57.39:124][958]LogBlueprintUserMessages: [H2O_Default_ThirdPersonCharacter_C_0] Shoot
[2017.06.19-11.57.39:324][970]LogBlueprintUserMessages: [H2O_Default_ThirdPersonCharacter_C_0] Shoot
[2017.06.19-11.57.39:524][982]LogBlueprintUserMessages: [H2O_Default_ThirdPersonCharacter_C_0] Shoot
[2017.06.19-11.57.39:725][994]LogBlueprintUserMessages: [H2O_Default_ThirdPersonCharacter_C_0] Shoot
[2017.06.19-11.57.39:924][  6]LogBlueprintUserMessages: [H2O_Default_ThirdPersonCharacter_C_0] Shoot
[2017.06.19-11.57.40:125][ 18]LogBlueprintUserMessages: [H2O_Default_ThirdPersonCharacter_C_0] Shoot
[2017.06.19-11.57.40:324][ 30]LogBlueprintUserMessages: [H2O_Default_ThirdPersonCharacter_C_0] Shoot
[2017.06.19-11.57.40:524][ 42]LogBlueprintUserMessages: [H2O_Default_ThirdPersonCharacter_C_0] Shoot
[2017.06.19-11.57.40:724][ 54]LogBlueprintUserMessages: [H2O_Default_ThirdPersonCharacter_C_0] Shoot
[2017.06.19-11.57.40:927][ 66]LogBlueprintUserMessages: [H2O_Default_ThirdPersonCharacter_C_0] Shoot
[2017.06.19-11.57.41:128][ 78]LogBlueprintUserMessages: [H2O_Default_ThirdPersonCharacter_C_0] Shoot
[2017.06.19-11.57.41:328][ 90]LogBlueprintUserMessages: [H2O_Default_ThirdPersonCharacter_C_0] Shoot
[2017.06.19-11.57.41:528][102]LogBlueprintUserMessages: [H2O_Default_ThirdPersonCharacter_C_0] Shoot
[2017.06.19-11.57.41:732][114]LogBlueprintUserMessages: [H2O_Default_ThirdPersonCharacter_C_0] Shoot
[2017.06.19-11.57.41:932][126]LogBlueprintUserMessages: [H2O_Default_ThirdPersonCharacter_C_0] Shoot
[2017.06.19-11.57.42:132][138]LogBlueprintUserMessages: [H2O_Default_ThirdPersonCharacter_C_0] Shoot
[2017.06.19-11.57.42:334][150]LogBlueprintUserMessages: [H2O_Default_ThirdPersonCharacter_C_0] Shoot
[2017.06.19-11.57.44:256][265]LogBlueprintUserMessages: [H2O_Default_ThirdPersonCharacter_C_0] Shoot
[2017.06.19-11.57.44:438][276]LogBlueprintUserMessages: [H2O_Default_ThirdPersonCharacter_C_0] Shoot
[2017.06.19-11.57.44:638][288]LogBlueprintUserMessages: [H2O_Default_ThirdPersonCharacter_C_0] Shoot
[2017.06.19-11.57.44:838][300]LogBlueprintUserMessages: [H2O_Default_ThirdPersonCharacter_C_0] Shoot
[2017.06.19-11.57.45:040][312]LogBlueprintUserMessages: [H2O_Default_ThirdPersonCharacter_C_0] Shoot
[2017.06.19-11.57.45:241][324]LogBlueprintUserMessages: [H2O_Default_ThirdPersonCharacter_C_0] Shoot
[2017.06.19-11.57.45:442][336]LogBlueprintUserMessages: [H2O_Default_ThirdPersonCharacter_C_0] Shoot
[2017.06.19-11.58.06:793][548]BlueprintLog: New page: Compile H2O_Default_ThirdPersonCharacter
[2017.06.19-11.58.14:455][987]BlueprintLog: New page: Compile H2O_Default_ThirdPersonCharacter
[2017.06.19-11.58.14:945][  4]Cmd: OBJ SAVEPACKAGE PACKAGE="/Game/Blueprints/H2O_Default_ThirdPersonCharacter" FILE="D:/H2Owned_MajorProject2017-Repo/H2Owned_2017/Content/Blueprints/H2O_Default_ThirdPersonCharacter.uasset" SILENT=true
[2017.06.19-11.58.15:093][  4]LogSavePackage: Save=143.65ms
[2017.06.19-11.58.15:093][  4]LogSavePackage: Moving 'D:/H2Owned_MajorProject2017-Repo/H2Owned_2017/Saved/H2O_Default_ThirdPersonCharacter2666C3BB48CA1D5A734A2AA23DB4A0DD.tmp' to 'D:/H2Owned_MajorProject2017-Repo/H2Owned_2017/Content/Blueprints/H2O_Default_ThirdPersonCharacter.uasset'
[2017.06.19-11.58.15:094][  4]LogSavePackage:Display: Finished SavePackage D:/H2Owned_MajorProject2017-Repo/H2Owned_2017/Content/Blueprints/H2O_Default_ThirdPersonCharacter.uasset
[2017.06.19-11.58.24:863][570]LogTemp: Repeting last play command: Selected Viewport
[2017.06.19-11.58.24:882][570]LogPlayLevel: PlayLevel: No blueprints needed recompiling
[2017.06.19-11.58.24:882][570]PIE: New page: PIE session: Test1 (20 Jun 2017 7:58:24 am)
[2017.06.19-11.58.24:882][570]LogPlayLevel: Creating play world package: /Game/UEDPIE_0_Test1
[2017.06.19-11.58.24:885][570]LogPlayLevel: PIE: StaticDuplicateObject took: (0.002577s)
[2017.06.19-11.58.24:886][570]LogAIModule: Creating AISystem for world Test1
[2017.06.19-11.58.24:886][570]LogPlayLevel: PIE: World Init took: (0.001092s)
[2017.06.19-11.58.24:886][570]LogPlayLevel: PIE: Created PIE world by copying editor world from /Game/Test1.Test1 to /Game/UEDPIE_0_Test1.Test1 (0.003874s)
[2017.06.19-11.58.24:903][570]LogInit: XAudio2 using 'Speakers (Sound Blaster Recon3Di)' : 2 channels at 48 kHz using 32 bits per sample (channel mask 0x3)
[2017.06.19-11.58.24:912][570]LogInit: FAudioDevice initialized.
[2017.06.19-11.58.24:947][570]LogLoad: Game class is 'H2O_DefaultGameMode_C'
[2017.06.19-11.58.24:949][570]LogWorld: Bringing World /Game/UEDPIE_0_Test1.Test1 up for play (max tick rate 60) at 2017.06.19-21.58.24
[2017.06.19-11.58.24:949][570]LogWorld: Bringing up level for play took: 0.000742
[2017.06.19-11.58.24:949][570]LogSpawn:Warning: SpawnActor failed because no class was specified
[2017.06.19-11.58.24:952][570]PIE: Info Play in editor start time for /Game/UEDPIE_0_Test1 0.848
[2017.06.19-11.58.25:757][618]LogBlueprintUserMessages: [H2O_Default_ThirdPersonCharacter_C_0] Shoot
[2017.06.19-11.58.26:240][647]LogBlueprintUserMessages: [H2O_Default_ThirdPersonCharacter_C_0] Shoot
[2017.06.19-11.58.26:740][677]LogBlueprintUserMessages: [H2O_Default_ThirdPersonCharacter_C_0] Shoot
[2017.06.19-11.58.27:240][707]LogBlueprintUserMessages: [H2O_Default_ThirdPersonCharacter_C_0] Shoot
[2017.06.19-11.58.27:740][737]LogBlueprintUserMessages: [H2O_Default_ThirdPersonCharacter_C_0] Shoot
[2017.06.19-11.58.28:240][767]LogBlueprintUserMessages: [H2O_Default_ThirdPersonCharacter_C_0] Shoot
[2017.06.19-11.58.28:741][797]LogBlueprintUserMessages: [H2O_Default_ThirdPersonCharacter_C_0] Shoot
[2017.06.19-11.58.29:241][827]LogBlueprintUserMessages: [H2O_Default_ThirdPersonCharacter_C_0] Shoot
[2017.06.19-11.58.29:792][860]LogBlueprintUserMessages: [H2O_Default_ThirdPersonCharacter_C_0] Shoot
[2017.06.19-11.58.30:625][910]LogBlueprintUserMessages: [H2O_Default_ThirdPersonCharacter_C_0] Shoot
[2017.06.19-11.58.30:992][932]LogBlueprintUserMessages: [H2O_Default_ThirdPersonCharacter_C_0] Shoot
[2017.06.19-11.58.31:442][959]LogBlueprintUserMessages: [H2O_Default_ThirdPersonCharacter_C_0] Shoot
[2017.06.19-11.58.31:892][986]LogBlueprintUserMessages: [H2O_Default_ThirdPersonCharacter_C_0] Shoot
[2017.06.19-11.58.32:375][ 15]LogBlueprintUserMessages: [H2O_Default_ThirdPersonCharacter_C_0] Shoot
[2017.06.19-11.58.32:610][ 29]LogBlueprintUserMessages: [H2O_Default_ThirdPersonCharacter_C_0] Shoot
[2017.06.19-11.58.32:760][ 38]LogBlueprintUserMessages: [H2O_Default_ThirdPersonCharacter_C_0] Shoot
[2017.06.19-11.58.32:893][ 46]LogBlueprintUserMessages: [H2O_Default_ThirdPersonCharacter_C_0] Shoot
[2017.06.19-11.58.33:060][ 56]LogBlueprintUserMessages: [H2O_Default_ThirdPersonCharacter_C_0] Shoot
[2017.06.19-11.58.33:244][ 67]LogBlueprintUserMessages: [H2O_Default_ThirdPersonCharacter_C_0] Shoot
[2017.06.19-11.58.33:427][ 78]LogBlueprintUserMessages: [H2O_Default_ThirdPersonCharacter_C_0] Shoot
[2017.06.19-11.58.33:596][ 88]LogBlueprintUserMessages: [H2O_Default_ThirdPersonCharacter_C_0] Shoot
[2017.06.19-11.58.33:780][ 99]LogBlueprintUserMessages: [H2O_Default_ThirdPersonCharacter_C_0] Shoot
[2017.06.19-11.58.33:931][108]LogBlueprintUserMessages: [H2O_Default_ThirdPersonCharacter_C_0] Shoot
[2017.06.19-11.58.34:114][119]LogBlueprintUserMessages: [H2O_Default_ThirdPersonCharacter_C_0] Shoot
[2017.06.19-11.58.34:297][130]LogBlueprintUserMessages: [H2O_Default_ThirdPersonCharacter_C_0] Shoot
[2017.06.19-11.58.34:452][139]LogBlueprintUserMessages: [H2O_Default_ThirdPersonCharacter_C_0] Shoot
[2017.06.19-11.58.34:619][149]LogBlueprintUserMessages: [H2O_Default_ThirdPersonCharacter_C_0] Shoot
[2017.06.19-11.58.34:802][160]LogBlueprintUserMessages: [H2O_Default_ThirdPersonCharacter_C_0] Shoot
[2017.06.19-11.58.34:971][170]LogBlueprintUserMessages: [H2O_Default_ThirdPersonCharacter_C_0] Shoot
[2017.06.19-11.58.35:153][181]LogBlueprintUserMessages: [H2O_Default_ThirdPersonCharacter_C_0] Shoot
[2017.06.19-11.58.35:337][192]LogBlueprintUserMessages: [H2O_Default_ThirdPersonCharacter_C_0] Shoot
[2017.06.19-11.58.35:522][203]LogBlueprintUserMessages: [H2O_Default_ThirdPersonCharacter_C_0] Shoot
[2017.06.19-11.58.35:704][214]LogBlueprintUserMessages: [H2O_Default_ThirdPersonCharacter_C_0] Shoot
[2017.06.19-11.58.38:015][351]LogBlueprintUserMessages: [H2O_Default_ThirdPersonCharacter_C_0] Shoot
[2017.06.19-11.58.38:164][360]LogBlueprintUserMessages: [H2O_Default_ThirdPersonCharacter_C_0] Shoot
[2017.06.19-11.58.38:348][371]LogBlueprintUserMessages: [H2O_Default_ThirdPersonCharacter_C_0] Shoot
[2017.06.19-11.58.38:831][400]LogBlueprintUserMessages: [H2O_Default_ThirdPersonCharacter_C_0] Shoot
[2017.06.19-11.58.39:332][430]LogBlueprintUserMessages: [H2O_Default_ThirdPersonCharacter_C_0] Shoot
[2017.06.19-11.58.39:833][460]LogBlueprintUserMessages: [H2O_Default_ThirdPersonCharacter_C_0] Shoot
[2017.06.19-11.58.40:334][490]LogBlueprintUserMessages: [H2O_Default_ThirdPersonCharacter_C_0] Shoot
[2017.06.19-11.58.40:835][520]LogBlueprintUserMessages: [H2O_Default_ThirdPersonCharacter_C_0] Shoot
[2017.06.19-11.58.41:335][550]LogBlueprintUserMessages: [H2O_Default_ThirdPersonCharacter_C_0] Shoot
[2017.06.19-11.58.41:836][580]LogBlueprintUserMessages: [H2O_Default_ThirdPersonCharacter_C_0] Shoot
[2017.06.19-11.58.42:341][610]LogBlueprintUserMessages: [H2O_Default_ThirdPersonCharacter_C_0] Shoot
[2017.06.19-11.58.42:841][640]LogBlueprintUserMessages: [H2O_Default_ThirdPersonCharacter_C_0] Shoot
[2017.06.19-11.59.03:162][793]BlueprintLog: New page: Compile H2O_Default_ThirdPersonCharacter
[2017.06.19-11.59.03:680][811]Cmd: OBJ SAVEPACKAGE PACKAGE="/Game/Blueprints/H2O_Default_ThirdPersonCharacter" FILE="D:/H2Owned_MajorProject2017-Repo/H2Owned_2017/Content/Blueprints/H2O_Default_ThirdPersonCharacter.uasset" SILENT=true
[2017.06.19-11.59.03:832][811]LogSavePackage: Save=147.72ms
[2017.06.19-11.59.03:832][811]LogSavePackage: Moving 'D:/H2Owned_MajorProject2017-Repo/H2Owned_2017/Saved/H2O_Default_ThirdPersonCharacter7146DACD404E135B8390A9A2B8880A16.tmp' to 'D:/H2Owned_MajorProject2017-Repo/H2Owned_2017/Content/Blueprints/H2O_Default_ThirdPersonCharacter.uasset'
[2017.06.19-11.59.03:833][811]LogSavePackage:Display: Finished SavePackage D:/H2Owned_MajorProject2017-Repo/H2Owned_2017/Content/Blueprints/H2O_Default_ThirdPersonCharacter.uasset
[2017.06.19-11.59.05:207][892]LogTemp: Repeting last play command: Selected Viewport
[2017.06.19-11.59.05:223][892]LogPlayLevel: PlayLevel: No blueprints needed recompiling
[2017.06.19-11.59.05:224][892]PIE: New page: PIE session: Test1 (20 Jun 2017 7:59:05 am)
[2017.06.19-11.59.05:224][892]LogPlayLevel: Creating play world package: /Game/UEDPIE_0_Test1
[2017.06.19-11.59.05:226][892]LogPlayLevel: PIE: StaticDuplicateObject took: (0.002332s)
[2017.06.19-11.59.05:227][892]LogAIModule: Creating AISystem for world Test1
[2017.06.19-11.59.05:227][892]LogPlayLevel: PIE: World Init took: (0.000825s)
[2017.06.19-11.59.05:227][892]LogPlayLevel: PIE: Created PIE world by copying editor world from /Game/Test1.Test1 to /Game/UEDPIE_0_Test1.Test1 (0.003347s)
[2017.06.19-11.59.05:245][892]LogInit: XAudio2 using 'Speakers (Sound Blaster Recon3Di)' : 2 channels at 48 kHz using 32 bits per sample (channel mask 0x3)
[2017.06.19-11.59.05:252][892]LogInit: FAudioDevice initialized.
[2017.06.19-11.59.05:285][892]LogLoad: Game class is 'H2O_DefaultGameMode_C'
[2017.06.19-11.59.05:288][892]LogWorld: Bringing World /Game/UEDPIE_0_Test1.Test1 up for play (max tick rate 60) at 2017.06.19-21.59.05
[2017.06.19-11.59.05:288][892]LogWorld: Bringing up level for play took: 0.001000
[2017.06.19-11.59.05:289][892]LogSpawn:Warning: SpawnActor failed because no class was specified
[2017.06.19-11.59.05:290][892]PIE: Info Play in editor start time for /Game/UEDPIE_0_Test1 -0.813
[2017.06.19-11.59.05:909][929]LogBlueprintUserMessages: [H2O_Default_ThirdPersonCharacter_C_0] Shoot
[2017.06.19-11.59.06:291][952]LogBlueprintUserMessages: [H2O_Default_ThirdPersonCharacter_C_0] Shoot
[2017.06.19-11.59.06:691][976]LogBlueprintUserMessages: [H2O_Default_ThirdPersonCharacter_C_0] Shoot
[2017.06.19-11.59.07:091][  0]LogBlueprintUserMessages: [H2O_Default_ThirdPersonCharacter_C_0] Shoot
[2017.06.19-11.59.07:391][ 18]LogBlueprintUserMessages: [H2O_Default_ThirdPersonCharacter_C_0] Shoot
[2017.06.19-11.59.07:559][ 28]LogBlueprintUserMessages: [H2O_Default_ThirdPersonCharacter_C_0] Shoot
[2017.06.19-11.59.07:709][ 37]LogBlueprintUserMessages: [H2O_Default_ThirdPersonCharacter_C_0] Shoot
[2017.06.19-11.59.07:875][ 47]LogBlueprintUserMessages: [H2O_Default_ThirdPersonCharacter_C_0] Shoot
[2017.06.19-11.59.08:025][ 56]LogBlueprintUserMessages: [H2O_Default_ThirdPersonCharacter_C_0] Shoot
[2017.06.19-11.59.08:192][ 66]LogBlueprintUserMessages: [H2O_Default_ThirdPersonCharacter_C_0] Shoot
[2017.06.19-11.59.08:358][ 76]LogBlueprintUserMessages: [H2O_Default_ThirdPersonCharacter_C_0] Shoot
[2017.06.19-11.59.08:992][114]LogBlueprintUserMessages: [H2O_Default_ThirdPersonCharacter_C_0] Shoot
[2017.06.19-11.59.09:374][137]LogBlueprintUserMessages: [H2O_Default_ThirdPersonCharacter_C_0] Shoot
[2017.06.19-11.59.09:774][161]LogBlueprintUserMessages: [H2O_Default_ThirdPersonCharacter_C_0] Shoot
[2017.06.19-11.59.10:175][185]LogBlueprintUserMessages: [H2O_Default_ThirdPersonCharacter_C_0] Shoot
[2017.06.19-11.59.10:575][209]LogBlueprintUserMessages: [H2O_Default_ThirdPersonCharacter_C_0] Shoot
[2017.06.19-11.59.10:975][233]LogBlueprintUserMessages: [H2O_Default_ThirdPersonCharacter_C_0] Shoot
[2017.06.19-11.59.11:375][257]LogBlueprintUserMessages: [H2O_Default_ThirdPersonCharacter_C_0] Shoot
[2017.06.19-11.59.47:196][226]LogEditorTransaction: Undo Align Top
[2017.06.19-11.59.47:250][226]LogSlate: Took 0.000166 seconds to synchronously load lazily loaded font '../../../Engine/Content/Slate/Fonts/Roboto-Light.ttf' (159K)
[2017.06.19-12.00.16:340][876]LogEditorTransaction: Undo Add Node
[2017.06.19-12.00.38:432][122]Cmd: TRANSACTION UNDO
[2017.06.19-12.00.38:432][122]LogEditorTransaction: Undo Create Reroute Node
[2017.06.19-12.02.15:450][598]BlueprintLog: New page: Compile H2O_Default_ThirdPersonCharacter
[2017.06.19-12.02.16:018][619]Cmd: OBJ SAVEPACKAGE PACKAGE="/Game/Blueprints/H2O_Default_ThirdPersonCharacter" FILE="D:/H2Owned_MajorProject2017-Repo/H2Owned_2017/Content/Blueprints/H2O_Default_ThirdPersonCharacter.uasset" SILENT=true
[2017.06.19-12.02.16:174][619]LogSavePackage: Save=151.65ms
[2017.06.19-12.02.16:174][619]LogSavePackage: Moving 'D:/H2Owned_MajorProject2017-Repo/H2Owned_2017/Saved/H2O_Default_ThirdPersonCharacter33C1A7FF4FC68DF9037473891010996D.tmp' to 'D:/H2Owned_MajorProject2017-Repo/H2Owned_2017/Content/Blueprints/H2O_Default_ThirdPersonCharacter.uasset'
[2017.06.19-12.02.16:175][619]LogSavePackage:Display: Finished SavePackage D:/H2Owned_MajorProject2017-Repo/H2Owned_2017/Content/Blueprints/H2O_Default_ThirdPersonCharacter.uasset
[2017.06.19-12.02.18:572][746]LogTemp: Repeting last play command: Selected Viewport
[2017.06.19-12.02.18:589][746]LogPlayLevel: PlayLevel: No blueprints needed recompiling
[2017.06.19-12.02.18:589][746]PIE: New page: PIE session: Test1 (20 Jun 2017 8:02:18 am)
[2017.06.19-12.02.18:589][746]LogPlayLevel: Creating play world package: /Game/UEDPIE_0_Test1
[2017.06.19-12.02.18:592][746]LogPlayLevel: PIE: StaticDuplicateObject took: (0.002629s)
[2017.06.19-12.02.18:593][746]LogAIModule: Creating AISystem for world Test1
[2017.06.19-12.02.18:593][746]LogPlayLevel: PIE: World Init took: (0.001050s)
[2017.06.19-12.02.18:593][746]LogPlayLevel: PIE: Created PIE world by copying editor world from /Game/Test1.Test1 to /Game/UEDPIE_0_Test1.Test1 (0.003916s)
[2017.06.19-12.02.18:613][746]LogInit: XAudio2 using 'Speakers (Sound Blaster Recon3Di)' : 2 channels at 48 kHz using 32 bits per sample (channel mask 0x3)
[2017.06.19-12.02.18:621][746]LogInit: FAudioDevice initialized.
[2017.06.19-12.02.18:653][746]LogLoad: Game class is 'H2O_DefaultGameMode_C'
[2017.06.19-12.02.18:655][746]LogWorld: Bringing World /Game/UEDPIE_0_Test1.Test1 up for play (max tick rate 60) at 2017.06.19-22.02.18
[2017.06.19-12.02.18:656][746]LogWorld: Bringing up level for play took: 0.000762
[2017.06.19-12.02.18:656][746]LogSpawn:Warning: SpawnActor failed because no class was specified
[2017.06.19-12.02.18:658][746]PIE: Info Play in editor start time for /Game/UEDPIE_0_Test1 0.555
[2017.06.19-12.02.19:330][786]LogBlueprintUserMessages: [H2O_Default_ThirdPersonCharacter_C_0] Shoot
[2017.06.19-12.02.19:863][818]LogBlueprintUserMessages: [H2O_Default_ThirdPersonCharacter_C_0] Shoot
[2017.06.19-12.02.20:847][877]LogBlueprintUserMessages: [H2O_Default_ThirdPersonCharacter_C_0] Shoot
[2017.06.19-12.02.21:230][900]LogBlueprintUserMessages: [H2O_Default_ThirdPersonCharacter_C_0] Shoot
[2017.06.19-12.02.21:630][924]LogBlueprintUserMessages: [H2O_Default_ThirdPersonCharacter_C_0] Shoot
[2017.06.19-12.02.22:030][948]LogBlueprintUserMessages: [H2O_Default_ThirdPersonCharacter_C_0] Shoot
[2017.06.19-12.02.22:430][972]LogBlueprintUserMessages: [H2O_Default_ThirdPersonCharacter_C_0] Shoot
[2017.06.19-12.02.22:830][996]LogBlueprintUserMessages: [H2O_Default_ThirdPersonCharacter_C_0] Shoot
[2017.06.19-12.02.23:229][ 20]LogBlueprintUserMessages: [H2O_Default_ThirdPersonCharacter_C_0] Shoot
[2017.06.19-12.02.23:630][ 44]LogBlueprintUserMessages: [H2O_Default_ThirdPersonCharacter_C_0] Shoot
[2017.06.19-12.02.24:030][ 68]LogBlueprintUserMessages: [H2O_Default_ThirdPersonCharacter_C_0] Shoot
[2017.06.19-12.02.24:430][ 92]LogBlueprintUserMessages: [H2O_Default_ThirdPersonCharacter_C_0] Shoot
[2017.06.19-12.02.24:831][116]LogBlueprintUserMessages: [H2O_Default_ThirdPersonCharacter_C_0] Shoot
[2017.06.19-12.02.25:231][140]LogBlueprintUserMessages: [H2O_Default_ThirdPersonCharacter_C_0] Shoot
[2017.06.19-12.02.25:631][164]LogBlueprintUserMessages: [H2O_Default_ThirdPersonCharacter_C_0] Shoot
[2017.06.19-12.02.26:035][188]LogBlueprintUserMessages: [H2O_Default_ThirdPersonCharacter_C_0] Shoot
[2017.06.19-12.02.26:436][212]LogBlueprintUserMessages: [H2O_Default_ThirdPersonCharacter_C_0] Shoot
[2017.06.19-12.02.26:837][236]LogBlueprintUserMessages: [H2O_Default_ThirdPersonCharacter_C_0] Shoot
[2017.06.19-12.02.27:237][260]LogBlueprintUserMessages: [H2O_Default_ThirdPersonCharacter_C_0] Shoot
[2017.06.19-12.02.27:637][284]LogBlueprintUserMessages: [H2O_Default_ThirdPersonCharacter_C_0] Shoot
[2017.06.19-12.02.28:038][308]LogBlueprintUserMessages: [H2O_Default_ThirdPersonCharacter_C_0] Shoot
[2017.06.19-12.02.28:437][332]LogBlueprintUserMessages: [H2O_Default_ThirdPersonCharacter_C_0] Shoot
[2017.06.19-12.02.28:838][356]LogBlueprintUserMessages: [H2O_Default_ThirdPersonCharacter_C_0] Shoot
[2017.06.19-12.02.29:239][380]LogBlueprintUserMessages: [H2O_Default_ThirdPersonCharacter_C_0] Shoot
[2017.06.19-12.02.29:641][404]LogBlueprintUserMessages: [H2O_Default_ThirdPersonCharacter_C_0] Shoot
[2017.06.19-12.02.30:045][428]LogBlueprintUserMessages: [H2O_Default_ThirdPersonCharacter_C_0] Shoot
[2017.06.19-12.02.30:446][452]LogBlueprintUserMessages: [H2O_Default_ThirdPersonCharacter_C_0] Shoot
[2017.06.19-12.02.30:846][476]LogBlueprintUserMessages: [H2O_Default_ThirdPersonCharacter_C_0] Shoot
[2017.06.19-12.02.31:254][500]LogBlueprintUserMessages: [H2O_Default_ThirdPersonCharacter_C_0] Shoot
[2017.06.19-12.04.38:819][445]BlueprintLog: New page: Compile H2O_Default_ThirdPersonCharacter
[2017.06.19-12.04.39:366][464]Cmd: OBJ SAVEPACKAGE PACKAGE="/Game/Blueprints/H2O_Default_ThirdPersonCharacter" FILE="D:/H2Owned_MajorProject2017-Repo/H2Owned_2017/Content/Blueprints/H2O_Default_ThirdPersonCharacter.uasset" SILENT=true
[2017.06.19-12.04.39:528][464]LogSavePackage: Save=150.62ms
[2017.06.19-12.04.39:528][464]LogSavePackage: Moving 'D:/H2Owned_MajorProject2017-Repo/H2Owned_2017/Saved/H2O_Default_ThirdPersonCharacterCE41DEEC43A7848B806D68AC0362FF72.tmp' to 'D:/H2Owned_MajorProject2017-Repo/H2Owned_2017/Content/Blueprints/H2O_Default_ThirdPersonCharacter.uasset'
[2017.06.19-12.04.39:529][464]LogSavePackage:Display: Finished SavePackage D:/H2Owned_MajorProject2017-Repo/H2Owned_2017/Content/Blueprints/H2O_Default_ThirdPersonCharacter.uasset
[2017.06.19-12.04.45:186][780]LogTemp: Repeting last play command: Selected Viewport
[2017.06.19-12.04.45:203][780]LogPlayLevel: PlayLevel: No blueprints needed recompiling
[2017.06.19-12.04.45:203][780]PIE: New page: PIE session: Test1 (20 Jun 2017 8:04:45 am)
[2017.06.19-12.04.45:203][780]LogPlayLevel: Creating play world package: /Game/UEDPIE_0_Test1
[2017.06.19-12.04.45:206][780]LogPlayLevel: PIE: StaticDuplicateObject took: (0.002414s)
[2017.06.19-12.04.45:207][780]LogAIModule: Creating AISystem for world Test1
[2017.06.19-12.04.45:207][780]LogPlayLevel: PIE: World Init took: (0.000916s)
[2017.06.19-12.04.45:207][780]LogPlayLevel: PIE: Created PIE world by copying editor world from /Game/Test1.Test1 to /Game/UEDPIE_0_Test1.Test1 (0.003514s)
[2017.06.19-12.04.45:227][780]LogInit: XAudio2 using 'Speakers (Sound Blaster Recon3Di)' : 2 channels at 48 kHz using 32 bits per sample (channel mask 0x3)
[2017.06.19-12.04.45:234][780]LogInit: FAudioDevice initialized.
[2017.06.19-12.04.45:272][780]LogLoad: Game class is 'H2O_DefaultGameMode_C'
[2017.06.19-12.04.45:274][780]LogWorld: Bringing World /Game/UEDPIE_0_Test1.Test1 up for play (max tick rate 60) at 2017.06.19-22.04.45
[2017.06.19-12.04.45:274][780]LogWorld: Bringing up level for play took: 0.000715
[2017.06.19-12.04.45:274][780]LogSpawn:Warning: SpawnActor failed because no class was specified
[2017.06.19-12.04.45:276][780]PIE: Info Play in editor start time for /Game/UEDPIE_0_Test1 -0.826
[2017.06.19-12.04.46:068][827]LogBlueprintUserMessages: [H2O_Default_ThirdPersonCharacter_C_0] Shoot
[2017.06.19-12.04.46:584][858]LogBlueprintUserMessages: [H2O_Default_ThirdPersonCharacter_C_0] Shoot
[2017.06.19-12.04.46:967][881]LogBlueprintUserMessages: [H2O_Default_ThirdPersonCharacter_C_0] Shoot
[2017.06.19-12.04.47:367][905]LogBlueprintUserMessages: [H2O_Default_ThirdPersonCharacter_C_0] Shoot
[2017.06.19-12.04.47:768][929]LogBlueprintUserMessages: [H2O_Default_ThirdPersonCharacter_C_0] Shoot
[2017.06.19-12.04.48:167][953]LogBlueprintUserMessages: [H2O_Default_ThirdPersonCharacter_C_0] Shoot
[2017.06.19-12.04.48:567][977]LogBlueprintUserMessages: [H2O_Default_ThirdPersonCharacter_C_0] Shoot
[2017.06.19-12.04.48:968][  1]LogBlueprintUserMessages: [H2O_Default_ThirdPersonCharacter_C_0] Shoot
[2017.06.19-12.04.49:368][ 25]LogBlueprintUserMessages: [H2O_Default_ThirdPersonCharacter_C_0] Shoot
[2017.06.19-12.04.49:768][ 49]LogBlueprintUserMessages: [H2O_Default_ThirdPersonCharacter_C_0] Shoot
[2017.06.19-12.04.50:168][ 73]LogBlueprintUserMessages: [H2O_Default_ThirdPersonCharacter_C_0] Shoot
[2017.06.19-12.04.50:569][ 97]LogBlueprintUserMessages: [H2O_Default_ThirdPersonCharacter_C_0] Shoot
[2017.06.19-12.04.50:970][121]LogBlueprintUserMessages: [H2O_Default_ThirdPersonCharacter_C_0] Shoot
[2017.06.19-12.04.51:371][145]LogBlueprintUserMessages: [H2O_Default_ThirdPersonCharacter_C_0] Shoot
[2017.06.19-12.04.51:773][169]LogBlueprintUserMessages: [H2O_Default_ThirdPersonCharacter_C_0] Shoot
[2017.06.19-12.04.52:174][193]LogBlueprintUserMessages: [H2O_Default_ThirdPersonCharacter_C_0] Shoot
[2017.06.19-12.04.52:578][217]LogBlueprintUserMessages: [H2O_Default_ThirdPersonCharacter_C_0] Shoot
[2017.06.19-12.04.52:849][233]LogBlueprintUserMessages: [H2O_Default_ThirdPersonCharacter_C_0] Shoot
[2017.06.19-12.04.52:999][242]LogBlueprintUserMessages: [H2O_Default_ThirdPersonCharacter_C_0] Shoot
[2017.06.19-12.04.53:165][252]LogBlueprintUserMessages: [H2O_Default_ThirdPersonCharacter_C_0] Shoot
[2017.06.19-12.04.53:332][262]LogBlueprintUserMessages: [H2O_Default_ThirdPersonCharacter_C_0] Shoot
[2017.06.19-12.04.53:499][272]LogBlueprintUserMessages: [H2O_Default_ThirdPersonCharacter_C_0] Shoot
[2017.06.19-12.04.53:684][283]LogBlueprintUserMessages: [H2O_Default_ThirdPersonCharacter_C_0] Shoot
[2017.06.19-12.04.53:868][294]LogBlueprintUserMessages: [H2O_Default_ThirdPersonCharacter_C_0] Shoot
[2017.06.19-12.04.54:052][305]LogBlueprintUserMessages: [H2O_Default_ThirdPersonCharacter_C_0] Shoot
[2017.06.19-12.04.54:239][316]LogBlueprintUserMessages: [H2O_Default_ThirdPersonCharacter_C_0] Shoot
[2017.06.19-12.04.54:408][326]LogBlueprintUserMessages: [H2O_Default_ThirdPersonCharacter_C_0] Shoot
[2017.06.19-12.04.54:602][337]LogBlueprintUserMessages: [H2O_Default_ThirdPersonCharacter_C_0] Shoot
[2017.06.19-12.04.54:939][357]LogBlueprintUserMessages: [H2O_Default_ThirdPersonCharacter_C_0] Shoot
[2017.06.19-12.04.55:180][371]LogBlueprintUserMessages: [H2O_Default_ThirdPersonCharacter_C_0] Shoot
[2017.06.19-12.04.55:453][387]LogBlueprintUserMessages: [H2O_Default_ThirdPersonCharacter_C_0] Shoot
[2017.06.19-12.04.55:715][402]LogBlueprintUserMessages: [H2O_Default_ThirdPersonCharacter_C_0] Shoot
[2017.06.19-12.04.55:901][413]LogBlueprintUserMessages: [H2O_Default_ThirdPersonCharacter_C_0] Shoot
[2017.06.19-12.04.56:086][424]LogBlueprintUserMessages: [H2O_Default_ThirdPersonCharacter_C_0] Shoot
[2017.06.19-12.04.56:253][434]LogBlueprintUserMessages: [H2O_Default_ThirdPersonCharacter_C_0] Shoot
[2017.06.19-12.04.56:430][444]LogBlueprintUserMessages: [H2O_Default_ThirdPersonCharacter_C_0] Shoot
[2017.06.19-12.04.56:619][455]LogBlueprintUserMessages: [H2O_Default_ThirdPersonCharacter_C_0] Shoot
[2017.06.19-12.04.56:838][467]LogBlueprintUserMessages: [H2O_Default_ThirdPersonCharacter_C_0] Shoot
[2017.06.19-12.04.57:235][490]LogBlueprintUserMessages: [H2O_Default_ThirdPersonCharacter_C_0] Shoot
[2017.06.19-12.04.57:645][514]LogBlueprintUserMessages: [H2O_Default_ThirdPersonCharacter_C_0] Shoot
[2017.06.19-12.04.58:049][538]LogBlueprintUserMessages: [H2O_Default_ThirdPersonCharacter_C_0] Shoot
[2017.06.19-12.04.58:455][562]LogBlueprintUserMessages: [H2O_Default_ThirdPersonCharacter_C_0] Shoot
[2017.06.19-12.04.58:863][586]LogBlueprintUserMessages: [H2O_Default_ThirdPersonCharacter_C_0] Shoot
[2017.06.19-12.04.59:271][610]LogBlueprintUserMessages: [H2O_Default_ThirdPersonCharacter_C_0] Shoot
[2017.06.19-12.04.59:390][617]LogBlueprintUserMessages: [H2O_Default_ThirdPersonCharacter_C_0] Shoot
[2017.06.19-12.04.59:594][629]LogBlueprintUserMessages: [H2O_Default_ThirdPersonCharacter_C_0] Shoot
[2017.06.19-12.05.00:025][654]LogBlueprintUserMessages: [H2O_Default_ThirdPersonCharacter_C_0] Shoot
[2017.06.19-12.05.00:212][665]LogBlueprintUserMessages: [H2O_Default_ThirdPersonCharacter_C_0] Shoot
[2017.06.19-12.05.00:395][676]LogBlueprintUserMessages: [H2O_Default_ThirdPersonCharacter_C_0] Shoot
[2017.06.19-12.05.00:782][699]LogBlueprintUserMessages: [H2O_Default_ThirdPersonCharacter_C_0] Shoot
[2017.06.19-12.05.01:345][732]LogBlueprintUserMessages: [H2O_Default_ThirdPersonCharacter_C_0] Shoot
[2017.06.19-12.05.01:517][742]LogBlueprintUserMessages: [H2O_Default_ThirdPersonCharacter_C_0] Shoot
[2017.06.19-12.07.43:005][ 28]BlueprintLog: New page: Compile H2O_Default_ThirdPersonCharacter
[2017.06.19-12.07.43:647][ 53]Cmd: OBJ SAVEPACKAGE PACKAGE="/Game/Blueprints/H2O_Default_ThirdPersonCharacter" FILE="D:/H2Owned_MajorProject2017-Repo/H2Owned_2017/Content/Blueprints/H2O_Default_ThirdPersonCharacter.uasset" SILENT=true
[2017.06.19-12.07.43:797][ 53]LogSavePackage: Save=145.30ms
[2017.06.19-12.07.43:797][ 53]LogSavePackage: Moving 'D:/H2Owned_MajorProject2017-Repo/H2Owned_2017/Saved/H2O_Default_ThirdPersonCharacterD4DEEC1C4DE7400B0B25D4BA4F50D7DF.tmp' to 'D:/H2Owned_MajorProject2017-Repo/H2Owned_2017/Content/Blueprints/H2O_Default_ThirdPersonCharacter.uasset'
[2017.06.19-12.07.43:799][ 53]LogSavePackage:Display: Finished SavePackage D:/H2Owned_MajorProject2017-Repo/H2Owned_2017/Content/Blueprints/H2O_Default_ThirdPersonCharacter.uasset
[2017.06.19-12.08.25:370][366]LogWindowsTextInputMethodSystem:Display: IME system now deactivated.
[2017.06.19-12.08.25:543][367]Cmd: QUIT_EDITOR
[2017.06.19-12.08.25:731][367]LogExit: Preparing to exit.
[2017.06.19-12.08.26:721][367]LogExit: Editor shut down
[2017.06.19-12.08.26:725][367]LogExit: Transaction tracking system shut down
[2017.06.19-12.08.26:826][367]LogObj: Freed 0b from 0 cluster array pools.
[2017.06.19-12.08.26:827][367]LogExit: Object subsystem successfully closed.
[2017.06.19-12.08.26:853][367]LogD3D11RHI: Shutdown
[2017.06.19-12.08.26:853][367]LogD3D11RHI: CleanupD3DDevice
[2017.06.19-12.08.26:926][367]LogD3D11RHI: ~FD3D11DynamicRHI
[2017.06.19-12.08.26:947][367]LogModuleManager: Shutting down and abandoning module MovieSceneCapture (530)
[2017.06.19-12.08.26:947][367]LogModuleManager: Shutting down and abandoning module BlueprintGraph (528)
[2017.06.19-12.08.26:947][367]LogModuleManager: Shutting down and abandoning module BlueprintProfiler (526)
[2017.06.19-12.08.26:947][367]LogModuleManager: Shutting down and abandoning module HierarchicalLODOutliner (524)
[2017.06.19-12.08.26:947][367]LogModuleManager: Shutting down and abandoning module CrashTracker (522)
[2017.06.19-12.08.26:947][367]LogModuleManager: Shutting down and abandoning module SceneOutliner (520)
[2017.06.19-12.08.26:947][367]LogModuleManager: Shutting down and abandoning module AddContentDialog (518)
[2017.06.19-12.08.26:948][367]LogDirectoryWatcher: A directory notification for 'C:/Program Files/Epic Games/UE_4.16/FeaturePacks/' was aborted.
[2017.06.19-12.08.26:948][367]LogModuleManager: Shutting down and abandoning module WidgetCarousel (517)
[2017.06.19-12.08.26:948][367]LogModuleManager: Shutting down and abandoning module EditorWidgets (514)
[2017.06.19-12.08.26:948][367]LogModuleManager: Shutting down and abandoning module CollectionManager (512)
[2017.06.19-12.08.26:948][367]LogDirectoryWatcher: A directory notification for 'D:/H2Owned_MajorProject2017-Repo/H2Owned_2017/Content/Collections/' was aborted.
[2017.06.19-12.08.26:948][367]LogDirectoryWatcher: A directory notification for 'D:/H2Owned_MajorProject2017-Repo/H2Owned_2017/Content/Developers/Cola/Collections/' was aborted.
[2017.06.19-12.08.26:948][367]LogDirectoryWatcher: A directory notification for 'D:/H2Owned_MajorProject2017-Repo/H2Owned_2017/Saved/Collections/' was aborted.
[2017.06.19-12.08.26:949][367]LogModuleManager: Shutting down and abandoning module StatsViewer (510)
[2017.06.19-12.08.26:949][367]LogModuleManager: Shutting down and abandoning module FoliageEdit (508)
[2017.06.19-12.08.26:949][367]LogModuleManager: Shutting down and abandoning module LandscapeEditor (506)
[2017.06.19-12.08.26:949][367]LogModuleManager: Shutting down and abandoning module MeshPaintMode (504)
[2017.06.19-12.08.26:949][367]LogModuleManager: Shutting down and abandoning module SceneDepthPickerMode (502)
[2017.06.19-12.08.26:949][367]LogModuleManager: Shutting down and abandoning module ActorPickerMode (500)
[2017.06.19-12.08.26:949][367]LogModuleManager: Shutting down and abandoning module GeometryMode (498)
[2017.06.19-12.08.26:949][367]LogModuleManager: Shutting down and abandoning module TextureAlignMode (496)
[2017.06.19-12.08.26:949][367]LogModuleManager: Shutting down and abandoning module BspMode (494)
[2017.06.19-12.08.26:949][367]LogModuleManager: Shutting down and abandoning module HardwareSurvey (492)
[2017.06.19-12.08.26:949][367]LogModuleManager: Shutting down and abandoning module SequenceRecorderSections (490)
[2017.06.19-12.08.26:949][367]LogModuleManager: Shutting down and abandoning module AutomationWorker (488)
[2017.06.19-12.08.26:949][367]LogModuleManager: Shutting down and abandoning module MatineeToLevelSequence (486)
[2017.06.19-12.08.26:949][367]LogModuleManager: Shutting down and abandoning module LevelSequenceEditor (484)
[2017.06.19-12.08.26:949][367]LogModuleManager: Shutting down and abandoning module PlacementMode (483)
[2017.06.19-12.08.26:950][367]LogModuleManager: Shutting down and abandoning module WmfMediaFactory (480)
[2017.06.19-12.08.26:950][367]LogModuleManager: Shutting down and abandoning module WmfMediaEditor (478)
[2017.06.19-12.08.26:950][367]LogModuleManager: Shutting down and abandoning module AvfMediaFactory (476)
[2017.06.19-12.08.26:950][367]LogModuleManager: Shutting down and abandoning module AvfMediaEditor (474)
[2017.06.19-12.08.26:950][367]LogModuleManager: Shutting down and abandoning module AndroidMediaFactory (472)
[2017.06.19-12.08.26:950][367]LogModuleManager: Shutting down and abandoning module Media (471)
[2017.06.19-12.08.26:950][367]LogModuleManager: Shutting down and abandoning module AndroidMediaEditor (468)
[2017.06.19-12.08.26:950][367]LogModuleManager: Shutting down and abandoning module CharacterAI (466)
[2017.06.19-12.08.26:950][367]LogModuleManager: Shutting down and abandoning module AudioCapture (464)
[2017.06.19-12.08.26:950][367]LogModuleManager: Shutting down and abandoning module SequenceRecorder (463)
[2017.06.19-12.08.26:950][367]LogModuleManager: Shutting down and abandoning module SmartSnapping (460)
[2017.06.19-12.08.26:950][367]LogModuleManager: Shutting down and abandoning module SessionServices (458)
[2017.06.19-12.08.26:950][367]LogModuleManager: Shutting down and abandoning module ViewportSnapping (456)
[2017.06.19-12.08.26:950][367]LogModuleManager: Shutting down and abandoning module ViewportInteraction (454)
[2017.06.19-12.08.26:950][367]LogModuleManager: Shutting down and abandoning module ClothPainter (452)
[2017.06.19-12.08.26:951][367]LogModuleManager: Shutting down and abandoning module LogVisualizer (450)
[2017.06.19-12.08.26:951][367]LogModuleManager: Shutting down and abandoning module IntroTutorials (448)
[2017.06.19-12.08.26:951][367]LogModuleManager: Shutting down and abandoning module GameProjectGeneration (447)
[2017.06.19-12.08.26:952][367]LogModuleManager: Shutting down and abandoning module EditorLiveStreaming (444)
[2017.06.19-12.08.26:952][367]LogModuleManager: Shutting down and abandoning module IOSPlatformEditor (442)
[2017.06.19-12.08.26:953][367]LogModuleManager: Shutting down and abandoning module HTML5PlatformEditor (440)
[2017.06.19-12.08.26:953][367]LogModuleManager: Shutting down and abandoning module AndroidPlatformEditor (438)
[2017.06.19-12.08.26:953][367]LogModuleManager: Shutting down and abandoning module AndroidDeviceDetection (437)
[2017.06.19-12.08.27:746][367]LogModuleManager: Shutting down and abandoning module IOSRuntimeSettings (434)
[2017.06.19-12.08.27:746][367]LogModuleManager: Shutting down and abandoning module AndroidRuntimeSettings (432)
[2017.06.19-12.08.27:746][367]LogModuleManager: Shutting down and abandoning module InputBindingEditor (430)
[2017.06.19-12.08.27:747][367]LogModuleManager: Shutting down and abandoning module MergeActors (428)
[2017.06.19-12.08.27:747][367]LogModuleManager: Shutting down and abandoning module SizeMap (426)
[2017.06.19-12.08.27:747][367]LogModuleManager: Shutting down and abandoning module TreeMap (424)
[2017.06.19-12.08.27:747][367]LogModuleManager: Shutting down and abandoning module ReferenceViewer (422)
[2017.06.19-12.08.27:748][367]LogModuleManager: Shutting down and abandoning module LocalizationDashboard (420)
[2017.06.19-12.08.27:748][367]LogModuleManager: Shutting down and abandoning module LocalizationService (419)
[2017.06.19-12.08.27:748][367]LogModuleManager: Shutting down and abandoning module HardwareTargeting (416)
[2017.06.19-12.08.27:748][367]LogModuleManager: Shutting down and abandoning module DeviceProfileEditor (414)
[2017.06.19-12.08.27:748][367]LogModuleManager: Shutting down and abandoning module UndoHistory (412)
[2017.06.19-12.08.27:748][367]LogModuleManager: Shutting down and abandoning module UserFeedback (410)
[2017.06.19-12.08.27:748][367]LogModuleManager: Shutting down and abandoning module XmlParser (408)
[2017.06.19-12.08.27:749][367]LogModuleManager: Shutting down and abandoning module Blutility (406)
[2017.06.19-12.08.27:749][367]LogModuleManager: Shutting down and abandoning module ProjectSettingsViewer (404)
[2017.06.19-12.08.27:749][367]LogModuleManager: Shutting down and abandoning module ProjectTargetPlatformEditor (403)
[2017.06.19-12.08.27:749][367]LogModuleManager: Shutting down and abandoning module EditorSettingsViewer (400)
[2017.06.19-12.08.27:749][367]LogModuleManager: Shutting down and abandoning module SettingsEditor (398)
[2017.06.19-12.08.27:749][367]LogModuleManager: Shutting down and abandoning module ProjectLauncher (396)
[2017.06.19-12.08.27:749][367]LogModuleManager: Shutting down and abandoning module SessionFrontend (394)
[2017.06.19-12.08.27:750][367]LogModuleManager: Shutting down and abandoning module ProfilerClient (392)
[2017.06.19-12.08.27:750][367]LogModuleManager: Shutting down and abandoning module DeviceManager (390)
[2017.06.19-12.08.27:751][367]LogModuleManager: Shutting down and abandoning module TargetDeviceServices (389)
[2017.06.19-12.08.27:804][367]LogModuleManager: Shutting down and abandoning module AutomationController (386)
[2017.06.19-12.08.27:804][367]LogModuleManager: Shutting down and abandoning module AutomationWindow (384)
[2017.06.19-12.08.27:804][367]LogModuleManager: Shutting down and abandoning module Layers (382)
[2017.06.19-12.08.27:806][367]LogModuleManager: Shutting down and abandoning module ComponentVisualizers (380)
[2017.06.19-12.08.27:806][367]LogModuleManager: Shutting down and abandoning module DetailCustomizations (378)
[2017.06.19-12.08.27:806][367]LogModuleManager: Shutting down and abandoning module PackagesDialog (376)
[2017.06.19-12.08.27:806][367]LogModuleManager: Shutting down and abandoning module Persona (374)
[2017.06.19-12.08.27:806][367]LogModuleManager: Shutting down and abandoning module AdvancedPreviewScene (373)
[2017.06.19-12.08.27:806][367]LogModuleManager: Shutting down and abandoning module AnimGraph (371)
[2017.06.19-12.08.27:806][367]LogModuleManager: Shutting down and abandoning module Kismet (368)
[2017.06.19-12.08.27:813][367]LogModuleManager: Shutting down and abandoning module ClassViewer (366)
[2017.06.19-12.08.27:813][367]LogModuleManager: Shutting down and abandoning module Toolbox (364)
[2017.06.19-12.08.27:813][367]LogModuleManager: Shutting down and abandoning module ModuleUI (362)
[2017.06.19-12.08.27:814][367]LogModuleManager: Shutting down and abandoning module MovieSceneTools (360)
[2017.06.19-12.08.27:815][367]LogModuleManager: Shutting down and abandoning module OutputLog (358)
[2017.06.19-12.08.27:815][367]LogModuleManager: Shutting down and abandoning module GammaUI (356)
[2017.06.19-12.08.27:815][367]LogModuleManager: Shutting down and abandoning module Documentation (354)
[2017.06.19-12.08.27:815][367]LogModuleManager: Shutting down and abandoning module MovieSceneTracks (352)
[2017.06.19-12.08.27:815][367]LogModuleManager: Shutting down and abandoning module MovieScene (350)
[2017.06.19-12.08.27:815][367]LogModuleManager: Shutting down and abandoning module Niagara (348)
[2017.06.19-12.08.27:815][367]LogModuleManager: Shutting down and abandoning module NiagaraEditor (347)
[2017.06.19-12.08.27:816][367]LogModuleManager: Shutting down and abandoning module StreamingPauseRendering (344)
[2017.06.19-12.08.27:816][367]LogModuleManager: Shutting down and abandoning module AnalyticsET (342)
[2017.06.19-12.08.27:816][367]LogModuleManager: Shutting down and abandoning module PortalServices (340)
[2017.06.19-12.08.27:816][367]LogModuleManager: Shutting down and abandoning module PortalRpc (338)
[2017.06.19-12.08.27:816][367]LogModuleManager: Shutting down and abandoning module MessagingRpc (336)
[2017.06.19-12.08.27:816][367]LogModuleManager: Shutting down and abandoning module AIModule (334)
[2017.06.19-12.08.27:816][367]LogModuleManager: Shutting down and abandoning module GameplayDebugger (333)
[2017.06.19-12.08.27:816][367]LogModuleManager: Shutting down and abandoning module AITestSuite (331)
[2017.06.19-12.08.27:816][367]LogModuleManager: Shutting down and abandoning module ProfilerService (328)
[2017.06.19-12.08.28:062][367]LogModuleManager: Shutting down and abandoning module TaskGraph (326)
[2017.06.19-12.08.28:063][367]LogModuleManager: Shutting down and abandoning module SteamVRController (324)
[2017.06.19-12.08.28:063][367]LogModuleManager: Shutting down and abandoning module SteamVR (322)
[2017.06.19-12.08.28:063][367]LogModuleManager: Shutting down and abandoning module ProceduralMeshComponentEditor (320)
[2017.06.19-12.08.28:063][367]LogModuleManager: Shutting down and abandoning module ProceduralMeshComponent (318)
[2017.06.19-12.08.28:063][367]LogModuleManager: Shutting down and abandoning module OculusLibrary (316)
[2017.06.19-12.08.28:063][367]LogModuleManager: Shutting down and abandoning module OculusInput (314)
[2017.06.19-12.08.28:063][367]LogModuleManager: Shutting down and abandoning module MobilePatchingUtils (312)
[2017.06.19-12.08.28:063][367]LogModuleManager: Shutting down and abandoning module CustomMeshComponent (310)
[2017.06.19-12.08.28:063][367]LogModuleManager: Shutting down and abandoning module CableComponent (308)
[2017.06.19-12.08.28:063][367]LogModuleManager: Shutting down and abandoning module ArchVisCharacter (306)
[2017.06.19-12.08.28:063][367]LogModuleManager: Shutting down and abandoning module AndroidPermission (304)
[2017.06.19-12.08.28:063][367]LogModuleManager: Shutting down and abandoning module MediaPlayerEditor (300)
[2017.06.19-12.08.28:063][367]LogModuleManager: Shutting down and abandoning module HTML5Networking (298)
[2017.06.19-12.08.28:063][367]LogModuleManager: Shutting down and abandoning module AlembicImporter (296)
[2017.06.19-12.08.28:063][367]LogModuleManager: Shutting down and abandoning module AlembicLibrary (295)
[2017.06.19-12.08.28:063][367]LogModuleManager: Shutting down and abandoning module GeometryCache (294)
[2017.06.19-12.08.28:063][367]LogModuleManager: Shutting down and abandoning module GeometryCacheEd (293)
[2017.06.19-12.08.28:063][367]LogModuleManager: Shutting down and abandoning module SuperSearchEditor (288)
[2017.06.19-12.08.28:063][367]LogModuleManager: Shutting down and abandoning module SuperSearch (287)
[2017.06.19-12.08.28:063][367]LogModuleManager: Shutting down and abandoning module SpeedTreeImporter (284)
[2017.06.19-12.08.28:063][367]LogModuleManager: Shutting down and abandoning module PluginBrowser (282)
[2017.06.19-12.08.28:063][367]LogModuleManager: Shutting down and abandoning module MobileLauncherProfileWizard (280)
[2017.06.19-12.08.28:063][367]LogModuleManager: Shutting down and abandoning module VisualStudioSourceCodeAccess (278)
[2017.06.19-12.08.28:063][367]LogModuleManager: Shutting down and abandoning module DesktopPlatform (277)
[2017.06.19-12.08.28:063][367]LogModuleManager: Shutting down and abandoning module UObjectPlugin (274)
[2017.06.19-12.08.28:063][367]LogModuleManager: Shutting down and abandoning module SubversionSourceControl (272)
[2017.06.19-12.08.28:063][367]LogModuleManager: Shutting down and abandoning module PerforceSourceControl (270)
[2017.06.19-12.08.28:063][367]LogModuleManager: Shutting down and abandoning module GitSourceControl (268)
[2017.06.19-12.08.28:063][367]LogModuleManager: Shutting down and abandoning module SourceControl (267)
[2017.06.19-12.08.28:064][367]LogModuleManager: Shutting down and abandoning module LightPropagationVolumeEditor (264)
[2017.06.19-12.08.28:064][367]LogModuleManager: Shutting down and abandoning module PaperTiledImporter (262)
[2017.06.19-12.08.28:064][367]LogModuleManager: Shutting down and abandoning module PaperSpriteSheetImporter (260)
[2017.06.19-12.08.28:064][367]LogModuleManager: Shutting down and abandoning module Paper2DEditor (258)
[2017.06.19-12.08.28:064][367]LogModuleManager: Shutting down and abandoning module MeshPaint (257)
[2017.06.19-12.08.28:064][367]LogModuleManager: Shutting down and abandoning module LevelEditor (255)
[2017.06.19-12.08.28:064][367]LogModuleManager: Shutting down and abandoning module PixelInspectorModule (254)
[2017.06.19-12.08.28:064][367]LogModuleManager: Shutting down and abandoning module MainFrame (252)
[2017.06.19-12.08.28:065][367]LogModuleManager: Shutting down and abandoning module HotReload (251)
[2017.06.19-12.08.28:065][367]LogModuleManager: Shutting down and abandoning module PhysXVehiclesEditor (246)
[2017.06.19-12.08.28:065][367]LogModuleManager: Shutting down and abandoning module PhysXVehicles (244)
[2017.06.19-12.08.28:065][367]LogModuleManager: Shutting down and abandoning module LocationServicesBPLibrary (242)
[2017.06.19-12.08.28:065][367]LogModuleManager: Shutting down and abandoning module ImmediatePhysicsEditor (240)
[2017.06.19-12.08.28:065][367]LogModuleManager: Shutting down and abandoning module ImmediatePhysics (238)
[2017.06.19-12.08.28:065][367]LogModuleManager: Shutting down and abandoning module UdpMessaging (236)
[2017.06.19-12.08.28:166][367]LogModuleManager: Shutting down and abandoning module TcpMessaging (234)
[2017.06.19-12.08.28:267][367]LogModuleManager: Shutting down and abandoning module GameplayTagsEditor (232)
[2017.06.19-12.08.28:267][367]LogModuleManager: Shutting down and abandoning module FacialAnimationEditor (230)
[2017.06.19-12.08.28:267][367]LogModuleManager: Shutting down and abandoning module FacialAnimation (228)
[2017.06.19-12.08.28:267][367]LogModuleManager: Shutting down and abandoning module AssetManagerEditor (226)
[2017.06.19-12.08.28:267][367]LogModuleManager: Shutting down and abandoning module GraphEditor (225)
[2017.06.19-12.08.28:267][367]LogModuleManager: Shutting down and abandoning module ContentBrowser (223)
[2017.06.19-12.08.28:267][367]LogModuleManager: Shutting down and abandoning module LightPropagationVolumeRuntime (220)
[2017.06.19-12.08.28:267][367]LogModuleManager: Shutting down and abandoning module Paper2D (218)
[2017.06.19-12.08.28:268][367]LogModuleManager: Shutting down and abandoning module WindowsMoviePlayer (216)
[2017.06.19-12.08.28:268][367]LogModuleManager: Shutting down and abandoning module WmfMedia (214)
[2017.06.19-12.08.28:268][367]LogModuleManager: Shutting down and abandoning module ClothingSystemEditor (212)
[2017.06.19-12.08.28:268][367]LogModuleManager: Shutting down and abandoning module ClothingSystemRuntime (210)
[2017.06.19-12.08.28:269][367]LogModuleManager: Shutting down and abandoning module MediaAssets (208)
[2017.06.19-12.08.28:269][367]LogModuleManager: Shutting down and abandoning module GameLiveStreaming (206)
[2017.06.19-12.08.28:269][367]LogModuleManager: Shutting down and abandoning module VREditor (204)
[2017.06.19-12.08.28:269][367]LogModuleManager: Shutting down and abandoning module StringTableEditor (202)
[2017.06.19-12.08.28:270][367]LogModuleManager: Shutting down and abandoning module GameplayTasksEditor (200)
[2017.06.19-12.08.28:270][367]LogModuleManager: Shutting down and abandoning module BehaviorTreeEditor (198)
[2017.06.19-12.08.28:270][367]LogModuleManager: Shutting down and abandoning module FunctionalTesting (196)
[2017.06.19-12.08.28:270][367]LogModuleManager: Shutting down and abandoning module CollisionAnalyzer (194)
[2017.06.19-12.08.28:271][367]LogModuleManager: Shutting down and abandoning module UMG (192)
[2017.06.19-12.08.28:271][367]LogModuleManager: Shutting down and abandoning module UMGEditor (191)
[2017.06.19-12.08.28:271][367]LogModuleManager: Shutting down and abandoning module Sequencer (190)
[2017.06.19-12.08.28:271][367]LogModuleManager: Shutting down and abandoning module AssetTools (188)
[2017.06.19-12.08.28:272][367]LogModuleManager: Shutting down and abandoning module MessageLog (187)
[2017.06.19-12.08.28:272][367]LogModuleManager: Shutting down and abandoning module WorkspaceMenuStructure (186)
[2017.06.19-12.08.28:272][367]LogModuleManager: Shutting down and abandoning module SlateReflector (180)
[2017.06.19-12.08.28:273][367]LogModuleManager: Shutting down and abandoning module Slate (178)
[2017.06.19-12.08.28:273][367]LogModuleManager: Shutting down and abandoning module EditorStyle (176)
[2017.06.19-12.08.28:275][367]LogModuleManager: Shutting down and abandoning module SourceCodeAccess (174)
[2017.06.19-12.08.28:275][367]LogModuleManager: Shutting down and abandoning module HeadMountedDisplay (172)
[2017.06.19-12.08.28:275][367]LogModuleManager: Shutting down and abandoning module XAudio2 (170)
[2017.06.19-12.08.28:275][367]LogModuleManager: Shutting down and abandoning module Networking (168)
[2017.06.19-12.08.28:275][367]LogModuleManager: Shutting down and abandoning module Core (164)
[2017.06.19-12.08.28:275][367]LogModuleManager: Shutting down and abandoning module AssetRegistry (162)
[2017.06.19-12.08.28:421][367]LogDirectoryWatcher: A directory notification for '../../../Engine/Content/' was aborted.
[2017.06.19-12.08.28:421][367]LogDirectoryWatcher: A directory notification for 'D:/H2Owned_MajorProject2017-Repo/H2Owned_2017/Content/' was aborted.
[2017.06.19-12.08.28:421][367]LogDirectoryWatcher: A directory notification for '../../../Engine/Plugins/2D/Paper2D/Content/' was aborted.
[2017.06.19-12.08.28:421][367]LogDirectoryWatcher: A directory notification for '../../../Engine/Plugins/Runtime/GearVR/Content/' was aborted.
[2017.06.19-12.08.28:423][367]LogModuleManager: Shutting down and abandoning module DirectoryWatcher (161)
[2017.06.19-12.08.28:423][367]LogModuleManager: Shutting down and abandoning module KismetCompiler (158)
[2017.06.19-12.08.28:423][367]LogModuleManager: Shutting down and abandoning module LevelSequence (156)
[2017.06.19-12.08.28:423][367]LogModuleManager: Shutting down and abandoning module PhysXFormats (154)
[2017.06.19-12.08.28:423][367]LogModuleManager: Shutting down and abandoning module MeshUtilities (152)
[2017.06.19-12.08.28:423][367]LogModuleManager: Shutting down and abandoning module SimplygonSwarm (151)
[2017.06.19-12.08.28:423][367]LogModuleManager: Shutting down and abandoning module SimplygonMeshReduction (149)
[2017.06.19-12.08.28:423][367]LogModuleManager: Shutting down and abandoning module QuadricMeshReduction (147)
[2017.06.19-12.08.28:423][367]LogModuleManager: Shutting down and abandoning module DerivedDataCache (144)
[2017.06.19-12.08.28:509][367]LogDerivedDataCache: Shutdown
[2017.06.19-12.08.28:509][367]LogModuleManager: Shutting down and abandoning module TargetPlatform (142)
[2017.06.19-12.08.28:509][367]LogModuleManager: Shutting down and abandoning module VulkanShaderFormat (141)
[2017.06.19-12.08.28:509][367]LogModuleManager: Shutting down and abandoning module ShaderFormatVectorVM (139)
[2017.06.19-12.08.28:510][367]LogModuleManager: Shutting down and abandoning module ShaderFormatOpenGL (137)
[2017.06.19-12.08.28:510][367]LogModuleManager: Shutting down and abandoning module ShaderFormatD3D (135)
[2017.06.19-12.08.28:510][367]LogModuleManager: Shutting down and abandoning module MetalShaderFormat (133)
[2017.06.19-12.08.28:511][367]LogModuleManager: Shutting down and abandoning module TextureFormatUncompressed (131)
[2017.06.19-12.08.28:511][367]LogModuleManager: Shutting down and abandoning module TextureFormatPVR (129)
[2017.06.19-12.08.28:511][367]LogModuleManager: Shutting down and abandoning module TextureFormatDXT (127)
[2017.06.19-12.08.28:511][367]LogModuleManager: Shutting down and abandoning module TextureFormatIntelISPCTexComp (125)
[2017.06.19-12.08.28:511][367]LogModuleManager: Shutting down and abandoning module TextureFormatASTC (123)
[2017.06.19-12.08.28:511][367]LogModuleManager: Shutting down and abandoning module ImageWrapper (122)
[2017.06.19-12.08.28:511][367]LogModuleManager: Shutting down and abandoning module TextureFormatAndroid (119)
[2017.06.19-12.08.28:511][367]LogModuleManager: Shutting down and abandoning module AudioFormatOpus (117)
[2017.06.19-12.08.28:511][367]LogModuleManager: Shutting down and abandoning module AudioFormatOgg (115)
[2017.06.19-12.08.28:511][367]LogModuleManager: Shutting down and abandoning module AudioFormatADPCM (113)
[2017.06.19-12.08.28:511][367]LogModuleManager: Shutting down and abandoning module LinuxTargetPlatform (111)
[2017.06.19-12.08.28:511][367]LogModuleManager: Shutting down and abandoning module LinuxServerTargetPlatform (109)
[2017.06.19-12.08.28:512][367]LogModuleManager: Shutting down and abandoning module LinuxNoEditorTargetPlatform (107)
[2017.06.19-12.08.28:512][367]LogModuleManager: Shutting down and abandoning module LinuxClientTargetPlatform (105)
[2017.06.19-12.08.28:512][367]LogModuleManager: Shutting down and abandoning module TVOSTargetPlatform (103)
[2017.06.19-12.08.28:512][367]LogModuleManager: Shutting down and abandoning module Messaging (101)
[2017.06.19-12.08.28:512][367]LogModuleManager: Shutting down and abandoning module IOSTargetPlatform (99)
[2017.06.19-12.08.28:512][367]LogModuleManager: Shutting down and abandoning module HTML5TargetPlatform (97)
[2017.06.19-12.08.28:512][367]LogModuleManager: Shutting down and abandoning module Android_PVRTCTargetPlatform (95)
[2017.06.19-12.08.28:512][367]LogModuleManager: Shutting down and abandoning module Android_MultiTargetPlatform (93)
[2017.06.19-12.08.28:512][367]LogModuleManager: Shutting down and abandoning module Android_ETC2TargetPlatform (91)
[2017.06.19-12.08.28:512][367]LogModuleManager: Shutting down and abandoning module Android_ETC1TargetPlatform (89)
[2017.06.19-12.08.28:512][367]LogModuleManager: Shutting down and abandoning module Android_DXTTargetPlatform (87)
[2017.06.19-12.08.28:512][367]LogModuleManager: Shutting down and abandoning module Android_ATCTargetPlatform (85)
[2017.06.19-12.08.28:512][367]LogModuleManager: Shutting down and abandoning module Android_ASTCTargetPlatform (83)
[2017.06.19-12.08.28:512][367]LogModuleManager: Shutting down and abandoning module AndroidTargetPlatform (81)
[2017.06.19-12.08.28:512][367]LogModuleManager: Shutting down and abandoning module WindowsTargetPlatform (79)
[2017.06.19-12.08.28:512][367]LogModuleManager: Shutting down and abandoning module WindowsServerTargetPlatform (77)
[2017.06.19-12.08.28:512][367]LogModuleManager: Shutting down and abandoning module WindowsNoEditorTargetPlatform (75)
[2017.06.19-12.08.28:512][367]LogModuleManager: Shutting down and abandoning module WindowsClientTargetPlatform (73)
[2017.06.19-12.08.28:512][367]LogModuleManager: Shutting down and abandoning module MacTargetPlatform (71)
[2017.06.19-12.08.28:512][367]LogModuleManager: Shutting down and abandoning module MacServerTargetPlatform (69)
[2017.06.19-12.08.28:512][367]LogModuleManager: Shutting down and abandoning module MacNoEditorTargetPlatform (67)
[2017.06.19-12.08.28:512][367]LogModuleManager: Shutting down and abandoning module MacClientTargetPlatform (65)
[2017.06.19-12.08.28:512][367]LogModuleManager: Shutting down and abandoning module AllDesktopTargetPlatform (63)
[2017.06.19-12.08.28:512][367]LogModuleManager: Shutting down and abandoning module InputCore (60)
[2017.06.19-12.08.28:512][367]LogModuleManager: Shutting down and abandoning module Settings (58)
[2017.06.19-12.08.28:512][367]LogModuleManager: Shutting down and abandoning module OculusRift (56)
[2017.06.19-12.08.28:512][367]LogModuleManager: Shutting down and abandoning module GearVRController (54)
[2017.06.19-12.08.28:512][367]LogModuleManager: Shutting down and abandoning module GearVR (52)
[2017.06.19-12.08.28:512][367]LogModuleManager: Shutting down and abandoning module ExampleDeviceProfileSelector (50)
[2017.06.19-12.08.28:512][367]LogModuleManager: Shutting down and abandoning module OnlineBlueprintSupport (48)
[2017.06.19-12.08.28:512][367]LogModuleManager: Shutting down and abandoning module OnlineSubsystem (44)
[2017.06.19-12.08.28:512][367]LogOnline:Display: Unloading online subsystem: NULL
[2017.06.19-12.08.28:513][367]LogModuleManager: Shutting down and abandoning module XMPP (43)
[2017.06.19-12.08.28:514][367]LogModuleManager: Shutting down and abandoning module HTTP (41)
[2017.06.19-12.08.28:514][367]LogHttp:Display: Http module shutting down, but needs to wait on 1 outstanding Http requests:
[2017.06.19-12.08.28:514][367]LogHttp:Display: 	verb=[POST] url=[https://datarouter.ol.epicgames.com/datarouter/api/v1/public/data?SessionID=%7B8792DC81-40E2-F74F-1B95-22B4728332E6%7D&AppID=UEEditor.Rocket.Release&AppVersion=4.16.1-3466753%2B%2B%2BUE4%2BRelease-4.16&UserID=57604ec6445af2ebbfa1649892542233%7Ce4273a936e1d4ff49d132d0f3f4ae042%7Cfddd16a5-1a87-489a-85cf-db1f739d3a23&AppEnvironment=datacollector-binary&UploadType=eteventstream] status=Processing
[2017.06.19-12.08.28:521][367]LogModuleManager: Shutting down and abandoning module SSL (40)
[2017.06.19-12.08.28:522][367]LogModuleManager: Shutting down and abandoning module HTTPChunkInstaller (36)
[2017.06.19-12.08.28:523][367]LogModuleManager: Shutting down and abandoning module AnimationModifiers (34)
[2017.06.19-12.08.28:523][367]LogModuleManager: Shutting down and abandoning module PropertyEditor (33)
[2017.06.19-12.08.28:523][367]LogModuleManager: Shutting down and abandoning module AudioEditor (30)
[2017.06.19-12.08.28:523][367]LogModuleManager: Shutting down and abandoning module TextureCompressor (28)
[2017.06.19-12.08.28:523][367]LogModuleManager: Shutting down and abandoning module ShaderCore (26)
[2017.06.19-12.08.28:523][367]LogModuleManager: Shutting down and abandoning module Landscape (24)
[2017.06.19-12.08.28:523][367]LogModuleManager: Shutting down and abandoning module SlateRHIRenderer (22)
[2017.06.19-12.08.28:525][367]LogModuleManager: Shutting down and abandoning module OpenGLDrv (20)
[2017.06.19-12.08.28:526][367]LogModuleManager: Shutting down and abandoning module D3D11RHI (18)
[2017.06.19-12.08.28:526][367]LogModuleManager: Shutting down and abandoning module AnimGraphRuntime (16)
[2017.06.19-12.08.28:526][367]LogModuleManager: Shutting down and abandoning module Renderer (14)
[2017.06.19-12.08.28:526][367]LogModuleManager: Shutting down and abandoning module Engine (12)
[2017.06.19-12.08.28:526][367]LogModuleManager: Shutting down and abandoning module CoreUObject (10)
[2017.06.19-12.08.28:526][367]LogModuleManager: Shutting down and abandoning module NetworkFile (8)
[2017.06.19-12.08.28:526][367]LogModuleManager: Shutting down and abandoning module StreamingFile (6)
[2017.06.19-12.08.28:526][367]LogModuleManager: Shutting down and abandoning module SandboxFile (4)
[2017.06.19-12.08.28:526][367]LogModuleManager: Shutting down and abandoning module PakFile (2)
[2017.06.19-12.08.28:528][367]LogExit: Exiting.
[2017.06.19-12.08.28:540][367]Log file closed, 06/19/17 22:08:28
