Log file open, 06/06/17 20:04:48
LogInit:Display: Running engine for game: H2Owned_2017
LogPlatformFile: Not using cached read wrapper
LogInit:Display: RandInit(-1142797021) SRandInit(-1142797021).
LogTaskGraph: Started task graph with 5 named threads and 8 total threads with 1 sets of task threads.
LogStats: Stats thread started at 0.092466
LogInit: Using libcurl 7.47.1
LogInit:  - built for x86_64-pc-win32
LogInit:  - supports SSL with OpenSSL/1.0.2g
LogInit:  - supports HTTP deflate (compression) using libz 1.2.8
LogInit:  - other features:
LogInit:      CURL_VERSION_SSL
LogInit:      CURL_VERSION_LIBZ
LogInit:      CURL_VERSION_IPV6
LogInit:      CURL_VERSION_ASYNCHDNS
LogInit:      CURL_VERSION_LARGEFILE
LogInit:      CURL_VERSION_IDN
LogInit:  CurlRequestOptions (configurable via config and command line):
LogInit:  - bVerifyPeer = false  - Libcurl will NOT verify peer certificate
LogInit:  - bUseHttpProxy = false  - Libcurl will NOT use HTTP proxy
LogInit:  - bDontReuseConnections = false  - Libcurl will reuse connections
LogInit:  - CertBundlePath = nullptr  - Libcurl will use whatever was configured at build time.
LogInit: Build: ++UE4+Release-4.16-CL-3466753
LogInit: Engine Version: 4.16.1-3466753+++UE4+Release-4.16
LogInit: Compatible Engine Version: 4.16.0-3452394+++UE4+Release-4.16
LogInit: Net CL: 3452394
LogDevObjectVersion: Number of dev versions registered: 16
LogDevObjectVersion:   Dev-Blueprints (B0D832E4-1F89-4F0D-ACCF-7EB736FD4AA2): 9
LogDevObjectVersion:   Dev-Build (E1C64328-A22C-4D53-A36C-8E866417BD8C): 0
LogDevObjectVersion:   Dev-Core (375EC13C-06E4-48FB-B500-84F0262A717E): 2
LogDevObjectVersion:   Dev-Editor (E4B068ED-F494-42E9-A231-DA0B2E46BB41): 17
LogDevObjectVersion:   Dev-Framework (CFFC743F-43B0-4480-9391-14DF171D2073): 23
LogDevObjectVersion:   Dev-Mobile (B02B49B5-BB20-44E9-A304-32B752E40360): 0
LogDevObjectVersion:   Dev-Networking (A4E4105C-59A1-49B5-A7C5-40C4547EDFEE): 0
LogDevObjectVersion:   Dev-Online (39C831C9-5AE6-47DC-9A44-9C173E1C8E7C): 0
LogDevObjectVersion:   Dev-Physics (78F01B33-EBEA-4F98-B9B4-84EACCB95AA2): 0
LogDevObjectVersion:   Dev-Platform (6631380F-2D4D-43E0-8009-CF276956A95A): 0
LogDevObjectVersion:   Dev-Rendering (12F88B9F-8875-4AFC-A67C-D90C383ABD29): 15
LogDevObjectVersion:   Dev-Sequencer (7B5AE74C-D270-4C10-A958-57980B212A5A): 4
LogDevObjectVersion:   Dev-VR (D7296918-1DD6-4BDD-9DE2-64A83CC13884): 0
LogDevObjectVersion:   Dev-LoadTimes (C2A15278-BFE7-4AFE-6C17-90FF531DF755): 1
LogDevObjectVersion:   Private-Geometry (6EACA3D4-40EC-4CC1-B786-8BED09428FC5): 1
LogDevObjectVersion:   Dev-AnimPhys (29E575DD-E0A3-4627-9D10-D276232CDCEA): 3
LogInit: Compiled (64-bit): May 31 2017 02:03:30
LogInit: Compiled with Visual C++: 19.00.24215.01
LogInit: Build Configuration: Development
LogInit: Branch Name: ++UE4+Release-4.16
LogInit: Command line:  
LogInit: Base directory: C:/Program Files/Epic Games/UE_4.16/Engine/Binaries/Win64/
LogInit: Installed Engine Build: 1
LogInit: Presizing for max 8388607 objects, including 0 objects not considered by GC, pre-allocating 0 bytes for permanent pool.
LogInit: Object subsystem initialized
[2017.06.06-10.04.49:363][  0]LogInit: Selected Device Profile: [Windows]
[2017.06.06-10.04.49:363][  0]LogInit: Applying CVar settings loaded from the selected device profile: [Windows]
[2017.06.06-10.04.49:374][  0]LogInit: Computer: COLA-ALIENWARE
[2017.06.06-10.04.49:374][  0]LogInit: User: Cola
[2017.06.06-10.04.49:374][  0]LogInit: CPU Page size=4096, Cores=4
[2017.06.06-10.04.49:374][  0]LogInit: High frequency timer resolution =2.531252 MHz
[2017.06.06-10.04.49:374][  0]LogMemory: Memory total: Physical=31.9GB (32GB approx)
[2017.06.06-10.04.49:374][  0]LogMemory: Platform Memory Stats for Windows
[2017.06.06-10.04.49:374][  0]LogMemory: Process Physical Memory: 273.36 MB used, 273.36 MB peak
[2017.06.06-10.04.49:374][  0]LogMemory: Process Virtual Memory: 260.82 MB used, 260.82 MB peak
[2017.06.06-10.04.49:374][  0]LogMemory: Physical Memory: 11507.16 MB used,  21128.33 MB free, 32635.48 MB total
[2017.06.06-10.04.49:374][  0]LogMemory: Virtual Memory: 638.44 MB used,  21128.33 MB free, 134217728.00 MB total
[2017.06.06-10.04.49:460][  0]LogInit: Using OS detected language (en-US).
[2017.06.06-10.04.49:460][  0]LogInit: Using OS detected locale (en-AU).
[2017.06.06-10.04.49:464][  0]LogTextLocalizationManager: No specific localization for 'en-US' exists, so the 'en' localization will be used.
[2017.06.06-10.04.50:481][  0]LogD3D11RHI: D3D11 adapters:
[2017.06.06-10.04.50:530][  0]LogD3D11RHI:    0. 'NVIDIA GeForce GTX 980M' (Feature Level 11_0)
[2017.06.06-10.04.50:530][  0]LogD3D11RHI:       8153/0/16317 MB DedicatedVideo/DedicatedSystem/SharedSystem, Outputs:2, VendorId:0x10de
[2017.06.06-10.04.50:538][  0]LogD3D11RHI:    1. 'Intel(R) HD Graphics 530' (Feature Level 11_0)
[2017.06.06-10.04.50:538][  0]LogD3D11RHI:       128/0/16317 MB DedicatedVideo/DedicatedSystem/SharedSystem, Outputs:0, VendorId:0x8086
[2017.06.06-10.04.50:540][  0]LogD3D11RHI:    2. 'Microsoft Basic Render Driver' (Feature Level 11_0)
[2017.06.06-10.04.50:540][  0]LogD3D11RHI:       0/0/16317 MB DedicatedVideo/DedicatedSystem/SharedSystem, Outputs:0, VendorId:0x1414
[2017.06.06-10.04.50:540][  0]LogD3D11RHI: Chosen D3D11 Adapter: 0
[2017.06.06-10.04.50:547][  0]LogD3D11RHI: Creating new Direct3DDevice
[2017.06.06-10.04.50:547][  0]LogD3D11RHI:     GPU DeviceId: 0x13d7 (for the marketing name, search the web for "GPU Device Id")
[2017.06.06-10.04.50:547][  0]LogWindows: EnumDisplayDevices:
[2017.06.06-10.04.50:547][  0]LogWindows:    0. 'Intel(R) HD Graphics 530' (P:0 D:1)
[2017.06.06-10.04.50:548][  0]LogWindows:    1. 'Intel(R) HD Graphics 530' (P:0 D:0)
[2017.06.06-10.04.50:548][  0]LogWindows:    2. 'Intel(R) HD Graphics 530' (P:0 D:0)
[2017.06.06-10.04.50:548][  0]LogWindows:    3. 'NVIDIA GeForce GTX 980M' (P:1 D:1)
[2017.06.06-10.04.50:548][  0]LogWindows: DebugString: PrimaryIsNotTheChoosenAdapter PrimaryIsNotTheChoosenAdapter PrimaryIsNotTheChoosenAdapter 
[2017.06.06-10.04.50:548][  0]LogD3D11RHI:     Adapter Name: NVIDIA GeForce GTX 980M
[2017.06.06-10.04.50:548][  0]LogD3D11RHI:   Driver Version: 382.33 (internal:22.21.13.8233, unified:382.33)
[2017.06.06-10.04.50:548][  0]LogD3D11RHI:      Driver Date: 5-17-2017
[2017.06.06-10.04.50:548][  0]LogRHI: Texture pool is 1361 MB (70% of 1945 MB)
[2017.06.06-10.04.50:579][  0]LogD3D11RHI: Async texture creation enabled
[2017.06.06-10.04.50:590][  0]LogD3D11RHI: GPU Timing Frequency: 1000.000000 (Debug: 2 1)
[2017.06.06-10.04.50:639][  0]LogShaderCompilers: Guid format shader working directory is 30 characters bigger than the processId version (D:/H2Owned_2017/Intermediate/Shaders/WorkingDirectory/9572/).
[2017.06.06-10.04.50:640][  0]LogShaderCompilers: Cleaned the shader compiler working directory 'C:/Users/Cola/AppData/Local/Temp/UnrealShaderWorkingDir/45BF825D4576DCEB5E9BB9824122ECAF/'.
[2017.06.06-10.04.50:640][  0]LogShaderCompilers:Display: Using Local Shader Compiler.
[2017.06.06-10.04.51:711][  0]LogTemp:Display: Loaded TP AllDesktopTargetPlatform
[2017.06.06-10.04.51:763][  0]LogTemp:Display: Loaded TP MacClientTargetPlatform
[2017.06.06-10.04.51:817][  0]LogTemp:Display: Loaded TP MacNoEditorTargetPlatform
[2017.06.06-10.04.51:868][  0]LogTemp:Display: Loaded TP MacServerTargetPlatform
[2017.06.06-10.04.51:920][  0]LogTemp:Display: Loaded TP MacTargetPlatform
[2017.06.06-10.04.51:974][  0]LogTemp:Display: Loaded TP WindowsClientTargetPlatform
[2017.06.06-10.04.52:028][  0]LogTemp:Display: Loaded TP WindowsNoEditorTargetPlatform
[2017.06.06-10.04.52:084][  0]LogTemp:Display: Loaded TP WindowsServerTargetPlatform
[2017.06.06-10.04.52:130][  0]LogTemp:Display: Loaded TP WindowsTargetPlatform
[2017.06.06-10.04.52:183][  0]LogTemp:Display: Loaded TP AndroidTargetPlatform
[2017.06.06-10.04.52:234][  0]LogTemp:Display: Loaded TP Android_ASTCTargetPlatform
[2017.06.06-10.04.52:284][  0]LogTemp:Display: Loaded TP Android_ATCTargetPlatform
[2017.06.06-10.04.52:338][  0]LogTemp:Display: Loaded TP Android_DXTTargetPlatform
[2017.06.06-10.04.52:392][  0]LogTemp:Display: Loaded TP Android_ETC1TargetPlatform
[2017.06.06-10.04.52:442][  0]LogTemp:Display: Loaded TP Android_ETC2TargetPlatform
[2017.06.06-10.04.52:543][  0]LogTemp:Display: Loaded TP Android_MultiTargetPlatform
[2017.06.06-10.04.52:543][  0]LogTemp:Display: Loaded TP Android_PVRTCTargetPlatform
[2017.06.06-10.04.52:584][  0]LogTemp:Display: Loaded TP HTML5TargetPlatform
[2017.06.06-10.04.52:679][  0]LogTemp:Display: Loaded TP IOSTargetPlatform
[2017.06.06-10.04.52:709][  0]LogTemp:Display: Loaded TP TVOSTargetPlatform
[2017.06.06-10.04.52:759][  0]LogTemp:Display: Loaded TP LinuxClientTargetPlatform
[2017.06.06-10.04.52:810][  0]LogTemp:Display: Loaded TP LinuxNoEditorTargetPlatform
[2017.06.06-10.04.52:860][  0]LogTemp:Display: Loaded TP LinuxServerTargetPlatform
[2017.06.06-10.04.52:910][  0]LogTemp:Display: Loaded TP LinuxTargetPlatform
[2017.06.06-10.04.52:910][  0]LogTargetPlatformManager:Display: Building Assets For Windows
[2017.06.06-10.04.53:428][  0]LogDerivedDataCache:Display: Max Cache Size: 512 MB
[2017.06.06-10.04.53:528][  0]LogDerivedDataCache: Loaded boot cache 0.10s 90MB C:/Users/Cola/AppData/Local/UnrealEngine/4.16/DerivedDataCache/Boot.ddc.
[2017.06.06-10.04.53:528][  0]LogDerivedDataCache:Display: Loaded Boot cache: C:/Users/Cola/AppData/Local/UnrealEngine/4.16/DerivedDataCache/Boot.ddc
[2017.06.06-10.04.53:528][  0]LogDerivedDataCache: FDerivedDataBackendGraph:  Pak pak cache file D:/H2Owned_2017/DerivedDataCache/DDC.ddp not found, will not use a pak cache.
[2017.06.06-10.04.53:528][  0]LogDerivedDataCache: Unable to find inner node Pak for hierarchical cache Hierarchy.
[2017.06.06-10.04.53:528][  0]LogDerivedDataCache: FDerivedDataBackendGraph:  CompressedPak pak cache file D:/H2Owned_2017/DerivedDataCache/Compressed.ddp not found, will not use a pak cache.
[2017.06.06-10.04.53:528][  0]LogDerivedDataCache: Unable to find inner node CompressedPak for hierarchical cache Hierarchy.
[2017.06.06-10.04.53:551][  0]LogDerivedDataCache:Display: Pak cache opened for reading ../../../Engine/DerivedDataCache/Compressed.ddp.
[2017.06.06-10.04.53:564][  0]LogDerivedDataCache: Using Local data cache path C:/Users/Cola/AppData/Local/UnrealEngine/Common/DerivedDataCache: Writable
[2017.06.06-10.04.53:574][  0]LogMaterial: Verifying Global Shaders for PCD3D_SM5
[2017.06.06-10.04.53:574][  0]LogSlate: Using Freetype 2.6.0
[2017.06.06-10.04.53:575][  0]LogSlate: SlateFontCache - WITH_FREETYPE: 1, WITH_HARFBUZZ: 1
[2017.06.06-10.04.53:575][  0]LogSlate: SlateFontCache - WITH_FREETYPE: 1, WITH_HARFBUZZ: 1
[2017.06.06-10.04.53:906][  0]LogInit: Selected Device Profile: [Windows]
[2017.06.06-10.04.53:985][  0]LogContentStreaming: Texture pool size is 0.00 MB
[2017.06.06-10.04.54:156][  0]LogMeshUtilities: Using QuadricMeshReduction for automatic static mesh reduction
[2017.06.06-10.04.54:203][  0]LogSimplygon: Simplygon DLL not present - disabling.
[2017.06.06-10.04.54:251][  0]LogMeshUtilities: Using SimplygonSwarm for distributed automatic mesh merging
[2017.06.06-10.04.54:251][  0]LogMeshUtilities: No automatic skeletal mesh reduction module available
[2017.06.06-10.04.54:251][  0]LogMeshUtilities: No automatic mesh merging module available
[2017.06.06-10.04.54:864][  0]LogNetVersion: H2Owned_2017 , NetCL: 3452394, EngineNetVer: 2, GameNetVer: 0 (Checksum: 3695325218)
[2017.06.06-10.04.54:930][  0]LogAssetRegistry: FAssetRegistry took 0.0269 seconds to start up
[2017.06.06-10.04.54:987][  0]LogPackageLocalizationCache: Processed 4 localized package path(s) for 2 prioritized culture(s) in 0.034518 seconds
[2017.06.06-10.04.54:992][  0]LogUObjectArray: 34194 objects as part of root set at end of initial load.
[2017.06.06-10.04.54:992][  0]LogUObjectAllocator: 7260416 out of 0 bytes used by permanent object pool.
[2017.06.06-10.04.54:992][  0]LogUObjectArray: CloseDisregardForGC: 0/0 objects in disregard for GC pool
[2017.06.06-10.04.55:061][  0]LogInit: WinSock: version 1.1 (2.2), MaxSocks=32767, MaxUdp=65467
[2017.06.06-10.04.57:609][  0]LogTcpMessaging: Initializing TcpMessaging bridge
[2017.06.06-10.04.57:650][  0]LogUdpMessaging: Initializing bridge on interface 0.0.0.0:0 to multicast group 230.0.0.1:6666.
[2017.06.06-10.04.58:194][  0]LogMaterial: Uniform references updated for custom material expression Custom.
[2017.06.06-10.04.58:617][  0]SourceControl: Info Source control is disabled
[2017.06.06-10.04.58:618][  0]SourceControl: Info Source control is disabled
[2017.06.06-10.04.58:671][  0]SourceControl: Info Source control is disabled
[2017.06.06-10.04.58:717][  0]SourceControl: Info Source control is disabled
[2017.06.06-10.04.59:411][  0]LogAndroidPermission: UAndroidPermissionCallbackProxy::GetInstance
[2017.06.06-10.05.00:027][  0]LogEngine: Initializing Engine...
[2017.06.06-10.05.00:027][  0]LogHMD: Failed to initialize OpenVR with code 110
[2017.06.06-10.05.00:284][  0]LogStats: UGameplayTagsManager::ConstructGameplayTagTree: Construct from data asset -  0.000 s
[2017.06.06-10.05.00:284][  0]LogStats: UGameplayTagsManager::ConstructGameplayTagTree: GameplayTagTreeChangedEvent.Broadcast -  0.000 s
[2017.06.06-10.05.00:413][  0]LogAIModule: Creating AISystem for world Untitled
[2017.06.06-10.05.00:424][  0]LogInit: XAudio2 using 'Speakers (Sound Blaster Recon3Di)' : 2 channels at 48 kHz using 32 bits per sample (channel mask 0x3)
[2017.06.06-10.05.00:436][  0]LogInit: FAudioDevice initialized.
[2017.06.06-10.05.00:482][  0]LogDerivedDataCache: Saved boot cache 0.05s 90MB C:/Users/Cola/AppData/Local/UnrealEngine/4.16/DerivedDataCache/Boot.ddc.
[2017.06.06-10.05.00:496][  0]LogInit: Texture streaming: Enabled
[2017.06.06-10.05.00:594][  0]LogEngineSessionManager: EngineSessionManager initialized
[2017.06.06-10.05.00:834][  0]LogInit: Transaction tracking system initialized
[2017.06.06-10.05.01:163][  0]BlueprintLog: New page: Editor Load
[2017.06.06-10.05.02:174][  0]LocalizationService: Info Localization service is disabled
[2017.06.06-10.05.02:891][  0]LogConsoleResponse:Display: 
[2017.06.06-10.05.03:045][  0]LogCook:Display: Max memory allowance for cook 16384mb min free memory 0mb
[2017.06.06-10.05.03:045][  0]LogCook:Display: Mobile HDR setting 1
[2017.06.06-10.05.03:411][  0]LogFileCache: Scanning file cache for directory 'D:/H2Owned_2017/Content/' took 0.01s
[2017.06.06-10.05.04:122][  0]SourceControl: Info Source control is disabled
[2017.06.06-10.05.04:122][  0]Cmd: MAP LOAD FILE="D:/H2Owned_2017/Content/StarterContent/Maps/Minimal_Default.umap" TEMPLATE=0 SHOWPROGRESS=1 FEATURELEVEL=3
[2017.06.06-10.05.04:123][  0]LightingResults: New page: Lighting Build
[2017.06.06-10.05.04:166][  0]MapCheck: New page: Map Check
[2017.06.06-10.05.04:166][  0]LightingResults: New page: Lighting Build
[2017.06.06-10.05.04:530][  0]LogAIModule: Creating AISystem for world Minimal_Default
[2017.06.06-10.05.04:537][  0]LogEditorServer: Finished looking for orphan Actors (0.000 secs)
[2017.06.06-10.05.04:580][  0]Cmd: MAP CHECKDEP NOCLEARLOG
[2017.06.06-10.05.04:631][  0]MapCheck: Info Map check complete: 0 Error(s), 0 Warning(s), took 50.42ms to complete.
[2017.06.06-10.05.04:631][  0]LogFileHelpers: Loading map 'Minimal_Default' took 0.509
[2017.06.06-10.05.04:787][  0]LogCollectionManager: Loaded 0 collections in 0.001485 seconds
[2017.06.06-10.05.04:869][  0]LogFileCache: Scanning file cache for directory 'D:/H2Owned_2017/Saved/Collections/' took 0.01s
[2017.06.06-10.05.04:869][  0]LogFileCache: Scanning file cache for directory 'D:/H2Owned_2017/Content/Developers/Cola/Collections/' took 0.01s
[2017.06.06-10.05.04:869][  0]LogFileCache: Scanning file cache for directory 'D:/H2Owned_2017/Content/Collections/' took 0.01s
[2017.06.06-10.05.04:869][  0]LogCollectionManager: Rebuilt the GUID cache for 0 collections in 0.000002 seconds
[2017.06.06-10.05.04:880][  0]LogContentBrowser: Native class hierarchy populated in 0.0109 seconds. Added 2329 classes and 491 folders.
[2017.06.06-10.05.04:949][  0]LogContentBrowser: Native class hierarchy updated for 'WidgetCarousel' in 0.0005 seconds. Added 0 classes and 0 folders.
[2017.06.06-10.05.04:987][  0]LogContentBrowser: Native class hierarchy updated for 'AddContentDialog' in 0.0006 seconds. Added 0 classes and 0 folders.
[2017.06.06-10.05.05:035][  0]LogContentBrowser: Native class hierarchy updated for 'SceneOutliner' in 0.0006 seconds. Added 1 classes and 2 folders.
[2017.06.06-10.05.05:082][  0]LogCrashTracker: Crashtracker disabled due to settings.
[2017.06.06-10.05.05:088][  0]LogSlate: Took 0.000327 seconds to synchronously load lazily loaded font '../../../Engine/Content/Slate/Fonts/Roboto-Regular.ttf' (155K)
[2017.06.06-10.05.05:091][  0]LogSlate: Took 0.000180 seconds to synchronously load lazily loaded font '../../../Engine/Content/Slate/Fonts/Roboto-Bold.ttf' (160K)
[2017.06.06-10.05.05:097][  0]LogSlate: Took 0.000295 seconds to synchronously load lazily loaded font '../../../Engine/Content/Editor/Slate/Fonts/FontAwesome.ttf' (139K)
[2017.06.06-10.05.05:203][  0]LogRenderer: Reallocating scene render targets to support 1320x636 NumSamples 1 (Frame:1).
[2017.06.06-10.05.05:323][  0]LogUObjectGlobals:Warning: Failed to find object 'Class None.'
[2017.06.06-10.05.05:395][  0]LogContentBrowser: Native class hierarchy updated for 'HierarchicalLODOutliner' in 0.0005 seconds. Added 1 classes and 2 folders.
[2017.06.06-10.05.05:395][  0]LogLoad: (Engine Initialization) Total time: 17.58 seconds
[2017.06.06-10.05.05:395][  0]LogLoad: (Engine Initialization) Total Blueprint compile time: 0.09 seconds
[2017.06.06-10.05.05:395][  0]LogExternalProfiler: Found external profiler: VSPerf
[2017.06.06-10.05.05:395][  0]LogExternalProfiler: Using external profiler: VSPerf
[2017.06.06-10.05.05:415][  0]LogWindowsTextInputMethodSystem:Display: IME system now deactivated.
[2017.06.06-10.05.05:416][  0]LogOcInput: OculusInput pre-init called
[2017.06.06-10.05.05:416][  0]LogHMD: Starting GearVRController plugin
[2017.06.06-10.05.05:432][  0]LogAssetRegistry: Asset discovery search completed in 10.5240 seconds
[2017.06.06-10.05.05:433][  0]LogCollectionManager: Rebuilt the object cache for 0 collections in 0.000000 seconds (found 0 objects)
[2017.06.06-10.05.05:433][  0]LogCollectionManager: Fixed up redirectors for 0 collections in 0.000026 seconds (updated 0 objects)
[2017.06.06-10.05.05:437][  0]LogContentStreaming: Texture pool size now 1000 MB
[2017.06.06-10.05.05:486][  0]LogSlate: Took 0.000169 seconds to synchronously load lazily loaded font '../../../Engine/Content/Slate/Fonts/Roboto-Light.ttf' (159K)
[2017.06.06-10.05.06:429][ 54]LogSlate: Took 0.000266 seconds to synchronously load lazily loaded font '../../../Engine/Content/Slate/Fonts/Roboto-Light.ttf' (159K)
[2017.06.06-10.05.06:993][ 87]LogSlate: Took 0.000201 seconds to synchronously load lazily loaded font '../../../Engine/Content/Slate/Fonts/Roboto-Light.ttf' (159K)
[2017.06.06-10.05.07:031][ 87]LogAIModule: Creating AISystem for world Test1
[2017.06.06-10.05.07:045][ 87]Cmd: MAP LOAD FILE="D:/H2Owned_2017/Content/Test1.umap" TEMPLATE=0 SHOWPROGRESS=1 FEATURELEVEL=3
[2017.06.06-10.05.07:045][ 87]LightingResults: New page: Lighting Build
[2017.06.06-10.05.07:046][ 87]LoadErrors: New page: Loading map: Test1.umap
[2017.06.06-10.05.07:046][ 87]MapCheck: New page: Map Check
[2017.06.06-10.05.07:046][ 87]LightingResults: New page: Lighting Build
[2017.06.06-10.05.07:059][ 87]LogEditorServer: Finished looking for orphan Actors (0.000 secs)
[2017.06.06-10.05.07:090][ 87]Cmd: MAP CHECKDEP NOCLEARLOG
[2017.06.06-10.05.07:143][ 87]MapCheck: Info Map check complete: 0 Error(s), 0 Warning(s), took 52.169ms to complete.
[2017.06.06-10.05.07:143][ 87]LogFileHelpers: Loading map 'Test1' took 0.098
[2017.06.06-10.05.10:194][267]LogTemp: Repeting last play command: Selected Viewport
[2017.06.06-10.05.10:229][267]LogPlayLevel: PlayLevel: No blueprints needed recompiling
[2017.06.06-10.05.10:229][267]PIE: New page: PIE session: Test1 (7 Jun 2017 6:05:10 am)
[2017.06.06-10.05.10:229][267]LogPlayLevel: Creating play world package: /Game/UEDPIE_0_Test1
[2017.06.06-10.05.10:233][267]LogPlayLevel: PIE: StaticDuplicateObject took: (0.003419s)
[2017.06.06-10.05.10:233][267]LogAIModule: Creating AISystem for world Test1
[2017.06.06-10.05.10:234][267]LogPlayLevel: PIE: World Init took: (0.000672s)
[2017.06.06-10.05.10:234][267]LogPlayLevel: PIE: Created PIE world by copying editor world from /Game/Test1.Test1 to /Game/UEDPIE_0_Test1.Test1 (0.004295s)
[2017.06.06-10.05.10:244][267]LogInit: XAudio2 using 'Speakers (Sound Blaster Recon3Di)' : 2 channels at 48 kHz using 32 bits per sample (channel mask 0x3)
[2017.06.06-10.05.10:250][267]LogInit: FAudioDevice initialized.
[2017.06.06-10.05.10:386][267]LogLoad: Game class is 'H2O_DefaultGameMode_C'
[2017.06.06-10.05.10:389][267]LogWorld: Bringing World /Game/UEDPIE_0_Test1.Test1 up for play (max tick rate 60) at 2017.06.06-20.05.10
[2017.06.06-10.05.10:390][267]LogWorld: Bringing up level for play took: 0.001039
[2017.06.06-10.05.10:436][267]LogContentBrowser: Native class hierarchy updated for 'MovieSceneCapture' in 0.0006 seconds. Added 11 classes and 0 folders.
[2017.06.06-10.05.10:438][267]PIE: Info Play in editor start time for /Game/UEDPIE_0_Test1 0.341
[2017.06.06-10.05.11:781][347]LogBlueprintUserMessages: [H2O_Default_ThirdPersonCharacter_C_0] Shoot
[2017.06.06-10.05.12:414][385]LogBlueprintUserMessages: [H2O_Default_ThirdPersonCharacter_C_0] Shoot
[2017.06.06-10.05.12:647][399]LogBlueprintUserMessages: [H2O_Default_ThirdPersonCharacter_C_0] Shoot
[2017.06.06-10.05.12:897][414]LogBlueprintUserMessages: [H2O_Default_ThirdPersonCharacter_C_0] Shoot
[2017.06.06-10.05.13:131][428]LogBlueprintUserMessages: [H2O_Default_ThirdPersonCharacter_C_0] Shoot
[2017.06.06-10.05.13:897][474]LogBlueprintUserMessages: [H2O_Default_ThirdPersonCharacter_C_0] Grenade
[2017.06.06-10.05.14:247][495]LogBlueprintUserMessages: [H2O_Default_ThirdPersonCharacter_C_0] Grenade
[2017.06.06-10.05.14:514][511]LogBlueprintUserMessages: [H2O_Default_ThirdPersonCharacter_C_0] Grenade
[2017.06.06-10.05.14:797][528]LogBlueprintUserMessages: [H2O_Default_ThirdPersonCharacter_C_0] Grenade
[2017.06.06-10.05.15:447][567]LogBlueprintUserMessages: [H2O_Default_ThirdPersonCharacter_C_0] Reload / Pumping Gun
[2017.06.06-10.05.15:664][580]LogBlueprintUserMessages: [H2O_Default_ThirdPersonCharacter_C_0] Reload / Pumping Gun
[2017.06.06-10.05.15:914][595]LogBlueprintUserMessages: [H2O_Default_ThirdPersonCharacter_C_0] Shoot
[2017.06.06-10.05.16:181][611]LogBlueprintUserMessages: [H2O_Default_ThirdPersonCharacter_C_0] Shoot
[2017.06.06-10.05.16:397][624]LogBlueprintUserMessages: [H2O_Default_ThirdPersonCharacter_C_0] Shoot
[2017.06.06-10.05.16:598][636]LogBlueprintUserMessages: [H2O_Default_ThirdPersonCharacter_C_0] Shoot
[2017.06.06-10.05.17:197][672]LogBlueprintUserMessages: [H2O_Default_ThirdPersonCharacter_C_0] Shoot
[2017.06.06-10.05.27:717][201]LogTemp: Repeting last play command: Selected Viewport
[2017.06.06-10.05.27:735][201]LogPlayLevel: PlayLevel: No blueprints needed recompiling
[2017.06.06-10.05.27:735][201]PIE: New page: PIE session: Test1 (7 Jun 2017 6:05:27 am)
[2017.06.06-10.05.27:736][201]LogPlayLevel: Creating play world package: /Game/UEDPIE_0_Test1
[2017.06.06-10.05.27:738][201]LogPlayLevel: PIE: StaticDuplicateObject took: (0.002935s)
[2017.06.06-10.05.27:740][201]LogAIModule: Creating AISystem for world Test1
[2017.06.06-10.05.27:740][201]LogPlayLevel: PIE: World Init took: (0.001208s)
[2017.06.06-10.05.27:740][201]LogPlayLevel: PIE: Created PIE world by copying editor world from /Game/Test1.Test1 to /Game/UEDPIE_0_Test1.Test1 (0.004472s)
[2017.06.06-10.05.27:753][201]LogInit: XAudio2 using 'Speakers (Sound Blaster Recon3Di)' : 2 channels at 48 kHz using 32 bits per sample (channel mask 0x3)
[2017.06.06-10.05.27:761][201]LogInit: FAudioDevice initialized.
[2017.06.06-10.05.27:796][201]LogLoad: Game class is 'H2O_DefaultGameMode_C'
[2017.06.06-10.05.27:799][201]LogWorld: Bringing World /Game/UEDPIE_0_Test1.Test1 up for play (max tick rate 60) at 2017.06.06-20.05.27
[2017.06.06-10.05.27:799][201]LogWorld: Bringing up level for play took: 0.000952
[2017.06.06-10.05.27:802][201]PIE: Info Play in editor start time for /Game/UEDPIE_0_Test1 -0.295
[2017.06.06-10.05.53:486][741]LogBlueprintUserMessages: [H2O_Default_ThirdPersonCharacter_C_0] Shoot
[2017.06.06-10.05.53:703][754]LogBlueprintUserMessages: [H2O_Default_ThirdPersonCharacter_C_0] Shoot
[2017.06.06-10.05.53:936][768]LogBlueprintUserMessages: [H2O_Default_ThirdPersonCharacter_C_0] Shoot
[2017.06.06-10.05.54:169][782]LogBlueprintUserMessages: [H2O_Default_ThirdPersonCharacter_C_0] Shoot
[2017.06.06-10.05.54:354][793]LogBlueprintUserMessages: [H2O_Default_ThirdPersonCharacter_C_0] Shoot
[2017.06.06-10.05.54:553][805]LogBlueprintUserMessages: [H2O_Default_ThirdPersonCharacter_C_0] Shoot
[2017.06.06-10.05.54:736][816]LogBlueprintUserMessages: [H2O_Default_ThirdPersonCharacter_C_0] Shoot
[2017.06.06-10.05.54:970][830]LogBlueprintUserMessages: [H2O_Default_ThirdPersonCharacter_C_0] Shoot
[2017.06.06-10.05.55:203][844]LogBlueprintUserMessages: [H2O_Default_ThirdPersonCharacter_C_0] Shoot
[2017.06.06-10.05.55:753][877]LogBlueprintUserMessages: [H2O_Default_ThirdPersonCharacter_C_0] Shoot
[2017.06.06-10.05.56:036][894]LogBlueprintUserMessages: [H2O_Default_ThirdPersonCharacter_C_0] Shoot
[2017.06.06-10.05.56:303][910]LogBlueprintUserMessages: [H2O_Default_ThirdPersonCharacter_C_0] Shoot
[2017.06.06-10.05.56:587][927]LogBlueprintUserMessages: [H2O_Default_ThirdPersonCharacter_C_0] Shoot
[2017.06.06-10.05.57:020][953]LogBlueprintUserMessages: [H2O_Default_ThirdPersonCharacter_C_0] Shoot
[2017.06.06-10.05.57:404][976]LogBlueprintUserMessages: [H2O_Default_ThirdPersonCharacter_C_0] Shoot
[2017.06.06-10.05.57:654][991]LogBlueprintUserMessages: [H2O_Default_ThirdPersonCharacter_C_0] Shoot
[2017.06.06-10.05.58:204][ 24]LogBlueprintUserMessages: [H2O_Default_ThirdPersonCharacter_C_0] Shoot
[2017.06.06-10.05.58:421][ 37]LogBlueprintUserMessages: [H2O_Default_ThirdPersonCharacter_C_0] Shoot
[2017.06.06-10.05.59:354][ 93]LogBlueprintUserMessages: [H2O_Default_ThirdPersonCharacter_C_0] Shoot
[2017.06.06-10.05.59:587][107]LogBlueprintUserMessages: [H2O_Default_ThirdPersonCharacter_C_0] Shoot
[2017.06.06-10.05.59:804][120]LogBlueprintUserMessages: [H2O_Default_ThirdPersonCharacter_C_0] Shoot
[2017.06.06-10.06.00:420][157]LogBlueprintUserMessages: [H2O_Default_ThirdPersonCharacter_C_0] Shoot
[2017.06.06-10.06.01:121][199]LogBlueprintUserMessages: [H2O_Default_ThirdPersonCharacter_C_0] Grenade
[2017.06.06-10.06.01:304][210]LogBlueprintUserMessages: [H2O_Default_ThirdPersonCharacter_C_0] Grenade
[2017.06.06-10.06.01:487][221]LogBlueprintUserMessages: [H2O_Default_ThirdPersonCharacter_C_0] Grenade
[2017.06.06-10.06.01:654][231]LogBlueprintUserMessages: [H2O_Default_ThirdPersonCharacter_C_0] Grenade
[2017.06.06-10.06.02:204][264]LogBlueprintUserMessages: [H2O_Default_ThirdPersonCharacter_C_0] Reload / Pumping Gun
[2017.06.06-10.06.03:204][324]LogBlueprintUserMessages: [H2O_Default_ThirdPersonCharacter_C_0] Reload / Pumping Gun
[2017.06.06-10.06.03:688][353]LogBlueprintUserMessages: [H2O_Default_ThirdPersonCharacter_C_0] Reload / Pumping Gun
[2017.06.06-10.06.03:888][365]LogBlueprintUserMessages: [H2O_Default_ThirdPersonCharacter_C_0] Reload / Pumping Gun
[2017.06.06-10.06.04:055][375]LogBlueprintUserMessages: [H2O_Default_ThirdPersonCharacter_C_0] Shoot
[2017.06.06-10.06.04:338][392]LogBlueprintUserMessages: [H2O_Default_ThirdPersonCharacter_C_0] Shoot
[2017.06.06-10.06.05:638][470]LogBlueprintUserMessages: [H2O_Default_ThirdPersonCharacter_C_0] Shoot
[2017.06.06-10.06.05:871][484]LogBlueprintUserMessages: [H2O_Default_ThirdPersonCharacter_C_0] Shoot
[2017.06.06-10.06.06:271][508]LogBlueprintUserMessages: [H2O_Default_ThirdPersonCharacter_C_0] Shoot
[2017.06.06-10.06.06:505][522]LogBlueprintUserMessages: [H2O_Default_ThirdPersonCharacter_C_0] Shoot
[2017.06.06-10.06.06:875][544]LogBlueprintUserMessages: [H2O_Default_ThirdPersonCharacter_C_0] Shoot
[2017.06.06-10.06.07:091][557]LogBlueprintUserMessages: [H2O_Default_ThirdPersonCharacter_C_0] Shoot
[2017.06.06-10.06.07:841][602]LogBlueprintUserMessages: [H2O_Default_ThirdPersonCharacter_C_0] Shoot
[2017.06.06-10.06.08:058][615]LogBlueprintUserMessages: [H2O_Default_ThirdPersonCharacter_C_0] Shoot
[2017.06.06-10.06.08:258][627]LogBlueprintUserMessages: [H2O_Default_ThirdPersonCharacter_C_0] Shoot
[2017.06.06-10.06.08:474][640]LogBlueprintUserMessages: [H2O_Default_ThirdPersonCharacter_C_0] Shoot
[2017.06.06-10.06.08:674][652]LogBlueprintUserMessages: [H2O_Default_ThirdPersonCharacter_C_0] Shoot
[2017.06.06-10.06.10:258][747]LogBlueprintUserMessages: [H2O_Default_ThirdPersonCharacter_C_0] Shoot
[2017.06.06-10.11.57:385][589]LogContentBrowser: Native class hierarchy updated for 'BlueprintGraph' in 0.0011 seconds. Added 112 classes and 0 folders.
[2017.06.06-10.11.58:023][589]LogSlate: Took 0.000122 seconds to synchronously load lazily loaded font '../../../Engine/Content/Slate/Fonts/Roboto-Regular.ttf' (155K)
[2017.06.06-10.11.58:095][589]LogSlate: Took 0.000163 seconds to synchronously load lazily loaded font '../../../Engine/Content/Editor/Slate/Fonts/Roboto-BoldCondensed.ttf' (158K)
[2017.06.06-10.11.58:309][590]LogSlate: Took 0.000368 seconds to synchronously load lazily loaded font '../../../Engine/Content/Editor/Slate/Fonts/Roboto-Italic.ttf' (157K)
[2017.06.06-10.14.54:552][191]BlueprintLog: New page: Compile H2O_Default_ThirdPersonCharacter
[2017.06.06-10.14.55:117][212]Cmd: OBJ SAVEPACKAGE PACKAGE="/Game/Blueprints/H2O_Default_ThirdPersonCharacter" FILE="D:/H2Owned_2017/Content/Blueprints/H2O_Default_ThirdPersonCharacter.uasset" SILENT=true
[2017.06.06-10.14.55:237][212]LogSavePackage: Save=111.20ms
[2017.06.06-10.14.55:237][212]LogSavePackage: Moving 'D:/H2Owned_2017/Saved/H2O_Default_ThirdPersonCharacter56C83A5E449954F5F0E7E8AA487CE5C0.tmp' to 'D:/H2Owned_2017/Content/Blueprints/H2O_Default_ThirdPersonCharacter.uasset'
[2017.06.06-10.14.55:239][212]LogSavePackage:Display: Finished SavePackage D:/H2Owned_2017/Content/Blueprints/H2O_Default_ThirdPersonCharacter.uasset
[2017.06.06-10.21.40:041][862]Cmd: OBJ SAVEPACKAGE PACKAGE="/Game/Blueprints/H2O_Default_ThirdPersonCharacter" FILE="D:/H2Owned_2017/Content/Blueprints/H2O_Default_ThirdPersonCharacter.uasset" SILENT=true
[2017.06.06-10.21.40:149][862]LogSavePackage: Save=102.13ms
[2017.06.06-10.21.40:149][862]LogSavePackage: Moving 'D:/H2Owned_2017/Saved/H2O_Default_ThirdPersonCharacter674DF82A4EEB65F9359B79AE74CE7F99.tmp' to 'D:/H2Owned_2017/Content/Blueprints/H2O_Default_ThirdPersonCharacter.uasset'
[2017.06.06-10.21.40:149][862]LogSavePackage:Display: Finished SavePackage D:/H2Owned_2017/Content/Blueprints/H2O_Default_ThirdPersonCharacter.uasset
[2017.06.06-10.21.42:015][964]Cmd: OBJ SAVEPACKAGE PACKAGE="/Game/Test1" FILE="D:/H2Owned_2017/Content/Test1.umap" SILENT=true AUTOSAVING=false KEEPDIRTY=false
[2017.06.06-10.21.42:077][964]LogSavePackage: Save=40.15ms
[2017.06.06-10.21.42:077][964]LogSavePackage: Moving 'D:/H2Owned_2017/Saved/Test10A347A49486377E2AFD975A9FD438389.tmp' to 'D:/H2Owned_2017/Content/Test1.umap'
[2017.06.06-10.21.42:078][964]LogSavePackage:Display: Finished SavePackage D:/H2Owned_2017/Content/Test1.umap
[2017.06.06-10.21.53:844][632]LogWindowsTextInputMethodSystem:Display: IME system now deactivated.
[2017.06.06-10.21.54:014][633]Cmd: QUIT_EDITOR
[2017.06.06-10.21.54:513][633]LogExit: Preparing to exit.
[2017.06.06-10.21.55:177][633]LogExit: Editor shut down
[2017.06.06-10.21.55:181][633]LogExit: Transaction tracking system shut down
[2017.06.06-10.21.55:272][633]LogObj: Freed 0b from 0 cluster array pools.
[2017.06.06-10.21.55:272][633]LogExit: Object subsystem successfully closed.
[2017.06.06-10.21.55:291][633]LogD3D11RHI: Shutdown
[2017.06.06-10.21.55:291][633]LogD3D11RHI: CleanupD3DDevice
[2017.06.06-10.21.55:386][633]LogD3D11RHI: ~FD3D11DynamicRHI
[2017.06.06-10.21.55:403][633]LogModuleManager: Shutting down and abandoning module BlueprintGraph (530)
[2017.06.06-10.21.55:403][633]LogModuleManager: Shutting down and abandoning module BlueprintProfiler (528)
[2017.06.06-10.21.55:403][633]LogModuleManager: Shutting down and abandoning module MovieSceneCapture (526)
[2017.06.06-10.21.55:403][633]LogModuleManager: Shutting down and abandoning module HierarchicalLODOutliner (524)
[2017.06.06-10.21.55:403][633]LogModuleManager: Shutting down and abandoning module CrashTracker (522)
[2017.06.06-10.21.55:403][633]LogModuleManager: Shutting down and abandoning module SceneOutliner (520)
[2017.06.06-10.21.55:403][633]LogModuleManager: Shutting down and abandoning module AddContentDialog (518)
[2017.06.06-10.21.55:403][633]LogDirectoryWatcher: A directory notification for 'C:/Program Files/Epic Games/UE_4.16/FeaturePacks/' was aborted.
[2017.06.06-10.21.55:404][633]LogModuleManager: Shutting down and abandoning module WidgetCarousel (517)
[2017.06.06-10.21.55:404][633]LogModuleManager: Shutting down and abandoning module EditorWidgets (514)
[2017.06.06-10.21.55:404][633]LogModuleManager: Shutting down and abandoning module CollectionManager (512)
[2017.06.06-10.21.55:404][633]LogDirectoryWatcher: A directory notification for 'D:/H2Owned_2017/Content/Collections/' was aborted.
[2017.06.06-10.21.55:404][633]LogDirectoryWatcher: A directory notification for 'D:/H2Owned_2017/Content/Developers/Cola/Collections/' was aborted.
[2017.06.06-10.21.55:404][633]LogDirectoryWatcher: A directory notification for 'D:/H2Owned_2017/Saved/Collections/' was aborted.
[2017.06.06-10.21.55:404][633]LogModuleManager: Shutting down and abandoning module StatsViewer (510)
[2017.06.06-10.21.55:404][633]LogModuleManager: Shutting down and abandoning module FoliageEdit (508)
[2017.06.06-10.21.55:404][633]LogModuleManager: Shutting down and abandoning module LandscapeEditor (506)
[2017.06.06-10.21.55:404][633]LogModuleManager: Shutting down and abandoning module MeshPaintMode (504)
[2017.06.06-10.21.55:404][633]LogModuleManager: Shutting down and abandoning module SceneDepthPickerMode (502)
[2017.06.06-10.21.55:405][633]LogModuleManager: Shutting down and abandoning module ActorPickerMode (500)
[2017.06.06-10.21.55:405][633]LogModuleManager: Shutting down and abandoning module GeometryMode (498)
[2017.06.06-10.21.55:405][633]LogModuleManager: Shutting down and abandoning module TextureAlignMode (496)
[2017.06.06-10.21.55:405][633]LogModuleManager: Shutting down and abandoning module BspMode (494)
[2017.06.06-10.21.55:405][633]LogModuleManager: Shutting down and abandoning module HardwareSurvey (492)
[2017.06.06-10.21.55:405][633]LogModuleManager: Shutting down and abandoning module SequenceRecorderSections (490)
[2017.06.06-10.21.55:405][633]LogModuleManager: Shutting down and abandoning module AutomationWorker (488)
[2017.06.06-10.21.55:405][633]LogModuleManager: Shutting down and abandoning module MatineeToLevelSequence (486)
[2017.06.06-10.21.55:405][633]LogModuleManager: Shutting down and abandoning module LevelSequenceEditor (484)
[2017.06.06-10.21.55:405][633]LogModuleManager: Shutting down and abandoning module PlacementMode (483)
[2017.06.06-10.21.55:405][633]LogModuleManager: Shutting down and abandoning module WmfMediaFactory (480)
[2017.06.06-10.21.55:405][633]LogModuleManager: Shutting down and abandoning module WmfMediaEditor (478)
[2017.06.06-10.21.55:405][633]LogModuleManager: Shutting down and abandoning module AvfMediaFactory (476)
[2017.06.06-10.21.55:405][633]LogModuleManager: Shutting down and abandoning module AvfMediaEditor (474)
[2017.06.06-10.21.55:405][633]LogModuleManager: Shutting down and abandoning module AndroidMediaFactory (472)
[2017.06.06-10.21.55:405][633]LogModuleManager: Shutting down and abandoning module Media (471)
[2017.06.06-10.21.55:405][633]LogModuleManager: Shutting down and abandoning module AndroidMediaEditor (468)
[2017.06.06-10.21.55:405][633]LogModuleManager: Shutting down and abandoning module CharacterAI (466)
[2017.06.06-10.21.55:405][633]LogModuleManager: Shutting down and abandoning module AudioCapture (464)
[2017.06.06-10.21.55:405][633]LogModuleManager: Shutting down and abandoning module SequenceRecorder (463)
[2017.06.06-10.21.55:405][633]LogModuleManager: Shutting down and abandoning module SmartSnapping (460)
[2017.06.06-10.21.55:405][633]LogModuleManager: Shutting down and abandoning module SessionServices (458)
[2017.06.06-10.21.55:405][633]LogModuleManager: Shutting down and abandoning module ViewportSnapping (456)
[2017.06.06-10.21.55:405][633]LogModuleManager: Shutting down and abandoning module ViewportInteraction (454)
[2017.06.06-10.21.55:405][633]LogModuleManager: Shutting down and abandoning module ClothPainter (452)
[2017.06.06-10.21.55:405][633]LogModuleManager: Shutting down and abandoning module LogVisualizer (450)
[2017.06.06-10.21.55:405][633]LogModuleManager: Shutting down and abandoning module IntroTutorials (448)
[2017.06.06-10.21.55:405][633]LogModuleManager: Shutting down and abandoning module GameProjectGeneration (447)
[2017.06.06-10.21.55:405][633]LogModuleManager: Shutting down and abandoning module EditorLiveStreaming (444)
[2017.06.06-10.21.55:405][633]LogModuleManager: Shutting down and abandoning module IOSPlatformEditor (442)
[2017.06.06-10.21.55:405][633]LogModuleManager: Shutting down and abandoning module HTML5PlatformEditor (440)
[2017.06.06-10.21.55:405][633]LogModuleManager: Shutting down and abandoning module AndroidPlatformEditor (438)
[2017.06.06-10.21.55:405][633]LogModuleManager: Shutting down and abandoning module AndroidDeviceDetection (437)
[2017.06.06-10.21.55:899][633]LogModuleManager: Shutting down and abandoning module IOSRuntimeSettings (434)
[2017.06.06-10.21.55:899][633]LogModuleManager: Shutting down and abandoning module AndroidRuntimeSettings (432)
[2017.06.06-10.21.55:899][633]LogModuleManager: Shutting down and abandoning module InputBindingEditor (430)
[2017.06.06-10.21.55:899][633]LogModuleManager: Shutting down and abandoning module MergeActors (428)
[2017.06.06-10.21.55:899][633]LogModuleManager: Shutting down and abandoning module SizeMap (426)
[2017.06.06-10.21.55:899][633]LogModuleManager: Shutting down and abandoning module TreeMap (424)
[2017.06.06-10.21.55:899][633]LogModuleManager: Shutting down and abandoning module ReferenceViewer (422)
[2017.06.06-10.21.55:899][633]LogModuleManager: Shutting down and abandoning module LocalizationDashboard (420)
[2017.06.06-10.21.55:899][633]LogModuleManager: Shutting down and abandoning module LocalizationService (419)
[2017.06.06-10.21.55:899][633]LogModuleManager: Shutting down and abandoning module HardwareTargeting (416)
[2017.06.06-10.21.55:899][633]LogModuleManager: Shutting down and abandoning module DeviceProfileEditor (414)
[2017.06.06-10.21.55:899][633]LogModuleManager: Shutting down and abandoning module UndoHistory (412)
[2017.06.06-10.21.55:899][633]LogModuleManager: Shutting down and abandoning module UserFeedback (410)
[2017.06.06-10.21.55:899][633]LogModuleManager: Shutting down and abandoning module XmlParser (408)
[2017.06.06-10.21.55:899][633]LogModuleManager: Shutting down and abandoning module Blutility (406)
[2017.06.06-10.21.55:899][633]LogModuleManager: Shutting down and abandoning module ProjectSettingsViewer (404)
[2017.06.06-10.21.55:899][633]LogModuleManager: Shutting down and abandoning module ProjectTargetPlatformEditor (403)
[2017.06.06-10.21.55:899][633]LogModuleManager: Shutting down and abandoning module EditorSettingsViewer (400)
[2017.06.06-10.21.55:899][633]LogModuleManager: Shutting down and abandoning module SettingsEditor (398)
[2017.06.06-10.21.55:899][633]LogModuleManager: Shutting down and abandoning module ProjectLauncher (396)
[2017.06.06-10.21.55:899][633]LogModuleManager: Shutting down and abandoning module SessionFrontend (394)
[2017.06.06-10.21.55:899][633]LogModuleManager: Shutting down and abandoning module ProfilerClient (392)
[2017.06.06-10.21.55:899][633]LogModuleManager: Shutting down and abandoning module DeviceManager (390)
[2017.06.06-10.21.55:899][633]LogModuleManager: Shutting down and abandoning module TargetDeviceServices (389)
[2017.06.06-10.21.55:952][633]LogModuleManager: Shutting down and abandoning module AutomationController (386)
[2017.06.06-10.21.55:952][633]LogModuleManager: Shutting down and abandoning module AutomationWindow (384)
[2017.06.06-10.21.55:952][633]LogModuleManager: Shutting down and abandoning module Layers (382)
[2017.06.06-10.21.55:952][633]LogModuleManager: Shutting down and abandoning module ComponentVisualizers (380)
[2017.06.06-10.21.55:952][633]LogModuleManager: Shutting down and abandoning module DetailCustomizations (378)
[2017.06.06-10.21.55:952][633]LogModuleManager: Shutting down and abandoning module PackagesDialog (376)
[2017.06.06-10.21.55:952][633]LogModuleManager: Shutting down and abandoning module Persona (374)
[2017.06.06-10.21.55:952][633]LogModuleManager: Shutting down and abandoning module AdvancedPreviewScene (373)
[2017.06.06-10.21.55:952][633]LogModuleManager: Shutting down and abandoning module AnimGraph (371)
[2017.06.06-10.21.55:953][633]LogModuleManager: Shutting down and abandoning module Kismet (368)
[2017.06.06-10.21.55:959][633]LogModuleManager: Shutting down and abandoning module ClassViewer (366)
[2017.06.06-10.21.55:959][633]LogModuleManager: Shutting down and abandoning module Toolbox (364)
[2017.06.06-10.21.55:959][633]LogModuleManager: Shutting down and abandoning module ModuleUI (362)
[2017.06.06-10.21.55:959][633]LogModuleManager: Shutting down and abandoning module MovieSceneTools (360)
[2017.06.06-10.21.55:959][633]LogModuleManager: Shutting down and abandoning module OutputLog (358)
[2017.06.06-10.21.55:959][633]LogModuleManager: Shutting down and abandoning module GammaUI (356)
[2017.06.06-10.21.55:959][633]LogModuleManager: Shutting down and abandoning module Documentation (354)
[2017.06.06-10.21.55:959][633]LogModuleManager: Shutting down and abandoning module MovieSceneTracks (352)
[2017.06.06-10.21.55:959][633]LogModuleManager: Shutting down and abandoning module MovieScene (350)
[2017.06.06-10.21.55:959][633]LogModuleManager: Shutting down and abandoning module Niagara (348)
[2017.06.06-10.21.55:959][633]LogModuleManager: Shutting down and abandoning module NiagaraEditor (347)
[2017.06.06-10.21.55:959][633]LogModuleManager: Shutting down and abandoning module StreamingPauseRendering (344)
[2017.06.06-10.21.55:959][633]LogModuleManager: Shutting down and abandoning module AnalyticsET (342)
[2017.06.06-10.21.55:959][633]LogModuleManager: Shutting down and abandoning module PortalServices (340)
[2017.06.06-10.21.55:959][633]LogModuleManager: Shutting down and abandoning module PortalRpc (338)
[2017.06.06-10.21.55:959][633]LogModuleManager: Shutting down and abandoning module MessagingRpc (336)
[2017.06.06-10.21.55:959][633]LogModuleManager: Shutting down and abandoning module AIModule (334)
[2017.06.06-10.21.55:959][633]LogModuleManager: Shutting down and abandoning module GameplayDebugger (333)
[2017.06.06-10.21.55:959][633]LogModuleManager: Shutting down and abandoning module AITestSuite (331)
[2017.06.06-10.21.55:959][633]LogModuleManager: Shutting down and abandoning module ProfilerService (328)
[2017.06.06-10.21.56:020][633]LogModuleManager: Shutting down and abandoning module TaskGraph (326)
[2017.06.06-10.21.56:020][633]LogModuleManager: Shutting down and abandoning module SteamVRController (324)
[2017.06.06-10.21.56:020][633]LogModuleManager: Shutting down and abandoning module SteamVR (322)
[2017.06.06-10.21.56:020][633]LogModuleManager: Shutting down and abandoning module ProceduralMeshComponentEditor (320)
[2017.06.06-10.21.56:020][633]LogModuleManager: Shutting down and abandoning module ProceduralMeshComponent (318)
[2017.06.06-10.21.56:020][633]LogModuleManager: Shutting down and abandoning module OculusLibrary (316)
[2017.06.06-10.21.56:020][633]LogModuleManager: Shutting down and abandoning module OculusInput (314)
[2017.06.06-10.21.56:020][633]LogModuleManager: Shutting down and abandoning module MobilePatchingUtils (312)
[2017.06.06-10.21.56:020][633]LogModuleManager: Shutting down and abandoning module CustomMeshComponent (310)
[2017.06.06-10.21.56:020][633]LogModuleManager: Shutting down and abandoning module CableComponent (308)
[2017.06.06-10.21.56:020][633]LogModuleManager: Shutting down and abandoning module ArchVisCharacter (306)
[2017.06.06-10.21.56:020][633]LogModuleManager: Shutting down and abandoning module AndroidPermission (304)
[2017.06.06-10.21.56:020][633]LogModuleManager: Shutting down and abandoning module MediaPlayerEditor (300)
[2017.06.06-10.21.56:020][633]LogModuleManager: Shutting down and abandoning module HTML5Networking (298)
[2017.06.06-10.21.56:020][633]LogModuleManager: Shutting down and abandoning module AlembicImporter (296)
[2017.06.06-10.21.56:020][633]LogModuleManager: Shutting down and abandoning module AlembicLibrary (295)
[2017.06.06-10.21.56:020][633]LogModuleManager: Shutting down and abandoning module GeometryCache (294)
[2017.06.06-10.21.56:020][633]LogModuleManager: Shutting down and abandoning module GeometryCacheEd (293)
[2017.06.06-10.21.56:020][633]LogModuleManager: Shutting down and abandoning module SuperSearchEditor (288)
[2017.06.06-10.21.56:020][633]LogModuleManager: Shutting down and abandoning module SuperSearch (287)
[2017.06.06-10.21.56:020][633]LogModuleManager: Shutting down and abandoning module SpeedTreeImporter (284)
[2017.06.06-10.21.56:020][633]LogModuleManager: Shutting down and abandoning module PluginBrowser (282)
[2017.06.06-10.21.56:020][633]LogModuleManager: Shutting down and abandoning module MobileLauncherProfileWizard (280)
[2017.06.06-10.21.56:020][633]LogModuleManager: Shutting down and abandoning module VisualStudioSourceCodeAccess (278)
[2017.06.06-10.21.56:020][633]LogModuleManager: Shutting down and abandoning module DesktopPlatform (277)
[2017.06.06-10.21.56:020][633]LogModuleManager: Shutting down and abandoning module UObjectPlugin (274)
[2017.06.06-10.21.56:020][633]LogModuleManager: Shutting down and abandoning module SubversionSourceControl (272)
[2017.06.06-10.21.56:020][633]LogModuleManager: Shutting down and abandoning module PerforceSourceControl (270)
[2017.06.06-10.21.56:020][633]LogModuleManager: Shutting down and abandoning module GitSourceControl (268)
[2017.06.06-10.21.56:020][633]LogModuleManager: Shutting down and abandoning module SourceControl (267)
[2017.06.06-10.21.56:020][633]LogModuleManager: Shutting down and abandoning module LightPropagationVolumeEditor (264)
[2017.06.06-10.21.56:020][633]LogModuleManager: Shutting down and abandoning module PaperTiledImporter (262)
[2017.06.06-10.21.56:020][633]LogModuleManager: Shutting down and abandoning module PaperSpriteSheetImporter (260)
[2017.06.06-10.21.56:020][633]LogModuleManager: Shutting down and abandoning module Paper2DEditor (258)
[2017.06.06-10.21.56:020][633]LogModuleManager: Shutting down and abandoning module MeshPaint (257)
[2017.06.06-10.21.56:020][633]LogModuleManager: Shutting down and abandoning module LevelEditor (255)
[2017.06.06-10.21.56:021][633]LogModuleManager: Shutting down and abandoning module PixelInspectorModule (254)
[2017.06.06-10.21.56:021][633]LogModuleManager: Shutting down and abandoning module MainFrame (252)
[2017.06.06-10.21.56:021][633]LogModuleManager: Shutting down and abandoning module HotReload (251)
[2017.06.06-10.21.56:022][633]LogModuleManager: Shutting down and abandoning module PhysXVehiclesEditor (246)
[2017.06.06-10.21.56:022][633]LogModuleManager: Shutting down and abandoning module PhysXVehicles (244)
[2017.06.06-10.21.56:022][633]LogModuleManager: Shutting down and abandoning module LocationServicesBPLibrary (242)
[2017.06.06-10.21.56:022][633]LogModuleManager: Shutting down and abandoning module ImmediatePhysicsEditor (240)
[2017.06.06-10.21.56:022][633]LogModuleManager: Shutting down and abandoning module ImmediatePhysics (238)
[2017.06.06-10.21.56:022][633]LogModuleManager: Shutting down and abandoning module UdpMessaging (236)
[2017.06.06-10.21.56:123][633]LogModuleManager: Shutting down and abandoning module TcpMessaging (234)
[2017.06.06-10.21.56:223][633]LogModuleManager: Shutting down and abandoning module GameplayTagsEditor (232)
[2017.06.06-10.21.56:223][633]LogModuleManager: Shutting down and abandoning module FacialAnimationEditor (230)
[2017.06.06-10.21.56:223][633]LogModuleManager: Shutting down and abandoning module FacialAnimation (228)
[2017.06.06-10.21.56:223][633]LogModuleManager: Shutting down and abandoning module AssetManagerEditor (226)
[2017.06.06-10.21.56:223][633]LogModuleManager: Shutting down and abandoning module GraphEditor (225)
[2017.06.06-10.21.56:223][633]LogModuleManager: Shutting down and abandoning module ContentBrowser (223)
[2017.06.06-10.21.56:224][633]LogModuleManager: Shutting down and abandoning module LightPropagationVolumeRuntime (220)
[2017.06.06-10.21.56:224][633]LogModuleManager: Shutting down and abandoning module Paper2D (218)
[2017.06.06-10.21.56:224][633]LogModuleManager: Shutting down and abandoning module WindowsMoviePlayer (216)
[2017.06.06-10.21.56:224][633]LogModuleManager: Shutting down and abandoning module WmfMedia (214)
[2017.06.06-10.21.56:224][633]LogModuleManager: Shutting down and abandoning module ClothingSystemEditor (212)
[2017.06.06-10.21.56:224][633]LogModuleManager: Shutting down and abandoning module ClothingSystemRuntime (210)
[2017.06.06-10.21.56:224][633]LogModuleManager: Shutting down and abandoning module MediaAssets (208)
[2017.06.06-10.21.56:224][633]LogModuleManager: Shutting down and abandoning module GameLiveStreaming (206)
[2017.06.06-10.21.56:224][633]LogModuleManager: Shutting down and abandoning module VREditor (204)
[2017.06.06-10.21.56:224][633]LogModuleManager: Shutting down and abandoning module StringTableEditor (202)
[2017.06.06-10.21.56:224][633]LogModuleManager: Shutting down and abandoning module GameplayTasksEditor (200)
[2017.06.06-10.21.56:224][633]LogModuleManager: Shutting down and abandoning module BehaviorTreeEditor (198)
[2017.06.06-10.21.56:224][633]LogModuleManager: Shutting down and abandoning module FunctionalTesting (196)
[2017.06.06-10.21.56:224][633]LogModuleManager: Shutting down and abandoning module CollisionAnalyzer (194)
[2017.06.06-10.21.56:224][633]LogModuleManager: Shutting down and abandoning module UMG (192)
[2017.06.06-10.21.56:224][633]LogModuleManager: Shutting down and abandoning module UMGEditor (191)
[2017.06.06-10.21.56:224][633]LogModuleManager: Shutting down and abandoning module Sequencer (190)
[2017.06.06-10.21.56:225][633]LogModuleManager: Shutting down and abandoning module AssetTools (188)
[2017.06.06-10.21.56:225][633]LogModuleManager: Shutting down and abandoning module MessageLog (187)
[2017.06.06-10.21.56:225][633]LogModuleManager: Shutting down and abandoning module WorkspaceMenuStructure (186)
[2017.06.06-10.21.56:225][633]LogModuleManager: Shutting down and abandoning module SlateReflector (180)
[2017.06.06-10.21.56:225][633]LogModuleManager: Shutting down and abandoning module Slate (178)
[2017.06.06-10.21.56:225][633]LogModuleManager: Shutting down and abandoning module EditorStyle (176)
[2017.06.06-10.21.56:227][633]LogModuleManager: Shutting down and abandoning module SourceCodeAccess (174)
[2017.06.06-10.21.56:227][633]LogModuleManager: Shutting down and abandoning module HeadMountedDisplay (172)
[2017.06.06-10.21.56:227][633]LogModuleManager: Shutting down and abandoning module XAudio2 (170)
[2017.06.06-10.21.56:227][633]LogModuleManager: Shutting down and abandoning module Networking (168)
[2017.06.06-10.21.56:227][633]LogModuleManager: Shutting down and abandoning module Core (164)
[2017.06.06-10.21.56:227][633]LogModuleManager: Shutting down and abandoning module AssetRegistry (162)
[2017.06.06-10.21.56:287][633]LogDirectoryWatcher: A directory notification for '../../../Engine/Content/' was aborted.
[2017.06.06-10.21.56:287][633]LogDirectoryWatcher: A directory notification for 'D:/H2Owned_2017/Content/' was aborted.
[2017.06.06-10.21.56:287][633]LogDirectoryWatcher: A directory notification for '../../../Engine/Plugins/2D/Paper2D/Content/' was aborted.
[2017.06.06-10.21.56:287][633]LogDirectoryWatcher: A directory notification for '../../../Engine/Plugins/Runtime/GearVR/Content/' was aborted.
[2017.06.06-10.21.56:289][633]LogModuleManager: Shutting down and abandoning module DirectoryWatcher (161)
[2017.06.06-10.21.56:290][633]LogModuleManager: Shutting down and abandoning module KismetCompiler (158)
[2017.06.06-10.21.56:290][633]LogModuleManager: Shutting down and abandoning module LevelSequence (156)
[2017.06.06-10.21.56:290][633]LogModuleManager: Shutting down and abandoning module PhysXFormats (154)
[2017.06.06-10.21.56:290][633]LogModuleManager: Shutting down and abandoning module MeshUtilities (152)
[2017.06.06-10.21.56:290][633]LogModuleManager: Shutting down and abandoning module SimplygonSwarm (151)
[2017.06.06-10.21.56:290][633]LogModuleManager: Shutting down and abandoning module SimplygonMeshReduction (149)
[2017.06.06-10.21.56:290][633]LogModuleManager: Shutting down and abandoning module QuadricMeshReduction (147)
[2017.06.06-10.21.56:290][633]LogModuleManager: Shutting down and abandoning module DerivedDataCache (144)
[2017.06.06-10.21.56:382][633]LogDerivedDataCache: Shutdown
[2017.06.06-10.21.56:382][633]LogModuleManager: Shutting down and abandoning module TargetPlatform (142)
[2017.06.06-10.21.56:382][633]LogModuleManager: Shutting down and abandoning module VulkanShaderFormat (141)
[2017.06.06-10.21.56:382][633]LogModuleManager: Shutting down and abandoning module ShaderFormatVectorVM (139)
[2017.06.06-10.21.56:382][633]LogModuleManager: Shutting down and abandoning module ShaderFormatOpenGL (137)
[2017.06.06-10.21.56:382][633]LogModuleManager: Shutting down and abandoning module ShaderFormatD3D (135)
[2017.06.06-10.21.56:382][633]LogModuleManager: Shutting down and abandoning module MetalShaderFormat (133)
[2017.06.06-10.21.56:382][633]LogModuleManager: Shutting down and abandoning module TextureFormatUncompressed (131)
[2017.06.06-10.21.56:382][633]LogModuleManager: Shutting down and abandoning module TextureFormatPVR (129)
[2017.06.06-10.21.56:382][633]LogModuleManager: Shutting down and abandoning module TextureFormatDXT (127)
[2017.06.06-10.21.56:382][633]LogModuleManager: Shutting down and abandoning module TextureFormatIntelISPCTexComp (125)
[2017.06.06-10.21.56:382][633]LogModuleManager: Shutting down and abandoning module TextureFormatASTC (123)
[2017.06.06-10.21.56:382][633]LogModuleManager: Shutting down and abandoning module ImageWrapper (122)
[2017.06.06-10.21.56:382][633]LogModuleManager: Shutting down and abandoning module TextureFormatAndroid (119)
[2017.06.06-10.21.56:382][633]LogModuleManager: Shutting down and abandoning module AudioFormatOpus (117)
[2017.06.06-10.21.56:382][633]LogModuleManager: Shutting down and abandoning module AudioFormatOgg (115)
[2017.06.06-10.21.56:382][633]LogModuleManager: Shutting down and abandoning module AudioFormatADPCM (113)
[2017.06.06-10.21.56:382][633]LogModuleManager: Shutting down and abandoning module LinuxTargetPlatform (111)
[2017.06.06-10.21.56:382][633]LogModuleManager: Shutting down and abandoning module LinuxServerTargetPlatform (109)
[2017.06.06-10.21.56:382][633]LogModuleManager: Shutting down and abandoning module LinuxNoEditorTargetPlatform (107)
[2017.06.06-10.21.56:382][633]LogModuleManager: Shutting down and abandoning module LinuxClientTargetPlatform (105)
[2017.06.06-10.21.56:382][633]LogModuleManager: Shutting down and abandoning module TVOSTargetPlatform (103)
[2017.06.06-10.21.56:382][633]LogModuleManager: Shutting down and abandoning module Messaging (101)
[2017.06.06-10.21.56:382][633]LogModuleManager: Shutting down and abandoning module IOSTargetPlatform (99)
[2017.06.06-10.21.56:382][633]LogModuleManager: Shutting down and abandoning module HTML5TargetPlatform (97)
[2017.06.06-10.21.56:382][633]LogModuleManager: Shutting down and abandoning module Android_PVRTCTargetPlatform (95)
[2017.06.06-10.21.56:382][633]LogModuleManager: Shutting down and abandoning module Android_MultiTargetPlatform (93)
[2017.06.06-10.21.56:382][633]LogModuleManager: Shutting down and abandoning module Android_ETC2TargetPlatform (91)
[2017.06.06-10.21.56:382][633]LogModuleManager: Shutting down and abandoning module Android_ETC1TargetPlatform (89)
[2017.06.06-10.21.56:382][633]LogModuleManager: Shutting down and abandoning module Android_DXTTargetPlatform (87)
[2017.06.06-10.21.56:382][633]LogModuleManager: Shutting down and abandoning module Android_ATCTargetPlatform (85)
[2017.06.06-10.21.56:382][633]LogModuleManager: Shutting down and abandoning module Android_ASTCTargetPlatform (83)
[2017.06.06-10.21.56:382][633]LogModuleManager: Shutting down and abandoning module AndroidTargetPlatform (81)
[2017.06.06-10.21.56:382][633]LogModuleManager: Shutting down and abandoning module WindowsTargetPlatform (79)
[2017.06.06-10.21.56:382][633]LogModuleManager: Shutting down and abandoning module WindowsServerTargetPlatform (77)
[2017.06.06-10.21.56:382][633]LogModuleManager: Shutting down and abandoning module WindowsNoEditorTargetPlatform (75)
[2017.06.06-10.21.56:382][633]LogModuleManager: Shutting down and abandoning module WindowsClientTargetPlatform (73)
[2017.06.06-10.21.56:382][633]LogModuleManager: Shutting down and abandoning module MacTargetPlatform (71)
[2017.06.06-10.21.56:382][633]LogModuleManager: Shutting down and abandoning module MacServerTargetPlatform (69)
[2017.06.06-10.21.56:382][633]LogModuleManager: Shutting down and abandoning module MacNoEditorTargetPlatform (67)
[2017.06.06-10.21.56:383][633]LogModuleManager: Shutting down and abandoning module MacClientTargetPlatform (65)
[2017.06.06-10.21.56:383][633]LogModuleManager: Shutting down and abandoning module AllDesktopTargetPlatform (63)
[2017.06.06-10.21.56:383][633]LogModuleManager: Shutting down and abandoning module InputCore (60)
[2017.06.06-10.21.56:383][633]LogModuleManager: Shutting down and abandoning module Settings (58)
[2017.06.06-10.21.56:383][633]LogModuleManager: Shutting down and abandoning module OculusRift (56)
[2017.06.06-10.21.56:383][633]LogModuleManager: Shutting down and abandoning module GearVRController (54)
[2017.06.06-10.21.56:383][633]LogModuleManager: Shutting down and abandoning module GearVR (52)
[2017.06.06-10.21.56:383][633]LogModuleManager: Shutting down and abandoning module ExampleDeviceProfileSelector (50)
[2017.06.06-10.21.56:383][633]LogModuleManager: Shutting down and abandoning module OnlineBlueprintSupport (48)
[2017.06.06-10.21.56:383][633]LogModuleManager: Shutting down and abandoning module OnlineSubsystem (44)
[2017.06.06-10.21.56:383][633]LogOnline:Display: Unloading online subsystem: NULL
[2017.06.06-10.21.56:383][633]LogModuleManager: Shutting down and abandoning module XMPP (43)
[2017.06.06-10.21.56:383][633]LogModuleManager: Shutting down and abandoning module HTTP (41)
[2017.06.06-10.21.56:383][633]LogHttp:Display: Http module shutting down, but needs to wait on 1 outstanding Http requests:
[2017.06.06-10.21.56:383][633]LogHttp:Display: 	verb=[POST] url=[https://datarouter.ol.epicgames.com/datarouter/api/v1/public/data?SessionID=%7BCA5E0F09-46D9-C9BA-630B-37905AF861BF%7D&AppID=UEEditor.Rocket.Release&AppVersion=4.16.1-3466753%2B%2B%2BUE4%2BRelease-4.16&UserID=57604ec6445af2ebbfa1649892542233%7Ce4273a936e1d4ff49d132d0f3f4ae042%7Cfddd16a5-1a87-489a-85cf-db1f739d3a23&AppEnvironment=datacollector-binary&UploadType=eteventstream] status=Processing
[2017.06.06-10.21.56:413][633]LogModuleManager: Shutting down and abandoning module SSL (40)
[2017.06.06-10.21.56:414][633]LogModuleManager: Shutting down and abandoning module HTTPChunkInstaller (36)
[2017.06.06-10.21.56:414][633]LogModuleManager: Shutting down and abandoning module AnimationModifiers (34)
[2017.06.06-10.21.56:414][633]LogModuleManager: Shutting down and abandoning module PropertyEditor (33)
[2017.06.06-10.21.56:414][633]LogModuleManager: Shutting down and abandoning module AudioEditor (30)
[2017.06.06-10.21.56:414][633]LogModuleManager: Shutting down and abandoning module TextureCompressor (28)
[2017.06.06-10.21.56:414][633]LogModuleManager: Shutting down and abandoning module ShaderCore (26)
[2017.06.06-10.21.56:414][633]LogModuleManager: Shutting down and abandoning module Landscape (24)
[2017.06.06-10.21.56:414][633]LogModuleManager: Shutting down and abandoning module SlateRHIRenderer (22)
[2017.06.06-10.21.56:415][633]LogModuleManager: Shutting down and abandoning module OpenGLDrv (20)
[2017.06.06-10.21.56:415][633]LogModuleManager: Shutting down and abandoning module D3D11RHI (18)
[2017.06.06-10.21.56:415][633]LogModuleManager: Shutting down and abandoning module AnimGraphRuntime (16)
[2017.06.06-10.21.56:415][633]LogModuleManager: Shutting down and abandoning module Renderer (14)
[2017.06.06-10.21.56:415][633]LogModuleManager: Shutting down and abandoning module Engine (12)
[2017.06.06-10.21.56:415][633]LogModuleManager: Shutting down and abandoning module CoreUObject (10)
[2017.06.06-10.21.56:415][633]LogModuleManager: Shutting down and abandoning module NetworkFile (8)
[2017.06.06-10.21.56:415][633]LogModuleManager: Shutting down and abandoning module StreamingFile (6)
[2017.06.06-10.21.56:415][633]LogModuleManager: Shutting down and abandoning module SandboxFile (4)
[2017.06.06-10.21.56:415][633]LogModuleManager: Shutting down and abandoning module PakFile (2)
[2017.06.06-10.21.56:417][633]LogExit: Exiting.
[2017.06.06-10.21.56:428][633]Log file closed, 06/06/17 20:21:56
