Log file open, 06/15/17 15:34:09
LogInit:Display: Running engine for game: H2Owned_2017
LogPlatformFile: Not using cached read wrapper
LogInit:Display: RandInit(1257623027) SRandInit(1257623028).
LogTaskGraph: Started task graph with 5 named threads and 8 total threads with 1 sets of task threads.
LogStats: Stats thread started at 0.669181
LogInit: Using libcurl 7.47.1
LogInit:  - built for x86_64-pc-win32
LogInit:  - supports SSL with OpenSSL/1.0.2g
LogInit:  - supports HTTP deflate (compression) using libz 1.2.8
LogInit:  - other features:
LogInit:      CURL_VERSION_SSL
LogInit:      CURL_VERSION_LIBZ
LogInit:      CURL_VERSION_IPV6
LogInit:      CURL_VERSION_ASYNCHDNS
LogInit:      CURL_VERSION_LARGEFILE
LogInit:      CURL_VERSION_IDN
LogInit:  CurlRequestOptions (configurable via config and command line):
LogInit:  - bVerifyPeer = false  - Libcurl will NOT verify peer certificate
LogInit:  - bUseHttpProxy = false  - Libcurl will NOT use HTTP proxy
LogInit:  - bDontReuseConnections = false  - Libcurl will reuse connections
LogInit:  - CertBundlePath = nullptr  - Libcurl will use whatever was configured at build time.
LogInit: Build: ++UE4+Release-4.16-CL-3466753
LogInit: Engine Version: 4.16.1-3466753+++UE4+Release-4.16
LogInit: Compatible Engine Version: 4.16.0-3452394+++UE4+Release-4.16
LogInit: Net CL: 3452394
LogDevObjectVersion: Number of dev versions registered: 16
LogDevObjectVersion:   Dev-Blueprints (B0D832E4-1F89-4F0D-ACCF-7EB736FD4AA2): 9
LogDevObjectVersion:   Dev-Build (E1C64328-A22C-4D53-A36C-8E866417BD8C): 0
LogDevObjectVersion:   Dev-Core (375EC13C-06E4-48FB-B500-84F0262A717E): 2
LogDevObjectVersion:   Dev-Editor (E4B068ED-F494-42E9-A231-DA0B2E46BB41): 17
LogDevObjectVersion:   Dev-Framework (CFFC743F-43B0-4480-9391-14DF171D2073): 23
LogDevObjectVersion:   Dev-Mobile (B02B49B5-BB20-44E9-A304-32B752E40360): 0
LogDevObjectVersion:   Dev-Networking (A4E4105C-59A1-49B5-A7C5-40C4547EDFEE): 0
LogDevObjectVersion:   Dev-Online (39C831C9-5AE6-47DC-9A44-9C173E1C8E7C): 0
LogDevObjectVersion:   Dev-Physics (78F01B33-EBEA-4F98-B9B4-84EACCB95AA2): 0
LogDevObjectVersion:   Dev-Platform (6631380F-2D4D-43E0-8009-CF276956A95A): 0
LogDevObjectVersion:   Dev-Rendering (12F88B9F-8875-4AFC-A67C-D90C383ABD29): 15
LogDevObjectVersion:   Dev-Sequencer (7B5AE74C-D270-4C10-A958-57980B212A5A): 4
LogDevObjectVersion:   Dev-VR (D7296918-1DD6-4BDD-9DE2-64A83CC13884): 0
LogDevObjectVersion:   Dev-LoadTimes (C2A15278-BFE7-4AFE-6C17-90FF531DF755): 1
LogDevObjectVersion:   Private-Geometry (6EACA3D4-40EC-4CC1-B786-8BED09428FC5): 1
LogDevObjectVersion:   Dev-AnimPhys (29E575DD-E0A3-4627-9D10-D276232CDCEA): 3
LogInit: Compiled (64-bit): May 31 2017 02:03:30
LogInit: Compiled with Visual C++: 19.00.24215.01
LogInit: Build Configuration: Development
LogInit: Branch Name: ++UE4+Release-4.16
LogInit: Command line:  
LogInit: Base directory: C:/Program Files/Epic Games/UE_4.16/Engine/Binaries/Win64/
LogInit: Installed Engine Build: 1
LogInit: Presizing for max 8388607 objects, including 0 objects not considered by GC, pre-allocating 0 bytes for permanent pool.
LogInit: Object subsystem initialized
[2017.06.15-05.34.10:500][  0]LogInit: Selected Device Profile: [Windows]
[2017.06.15-05.34.10:500][  0]LogInit: Applying CVar settings loaded from the selected device profile: [Windows]
[2017.06.15-05.34.10:549][  0]LogInit: Computer: COLA-ALIENWARE
[2017.06.15-05.34.10:549][  0]LogInit: User: Cola
[2017.06.15-05.34.10:549][  0]LogInit: CPU Page size=4096, Cores=4
[2017.06.15-05.34.10:549][  0]LogInit: High frequency timer resolution =2.531251 MHz
[2017.06.15-05.34.10:549][  0]LogMemory: Memory total: Physical=31.9GB (32GB approx)
[2017.06.15-05.34.10:549][  0]LogMemory: Platform Memory Stats for Windows
[2017.06.15-05.34.10:549][  0]LogMemory: Process Physical Memory: 273.85 MB used, 273.85 MB peak
[2017.06.15-05.34.10:549][  0]LogMemory: Process Virtual Memory: 260.84 MB used, 260.84 MB peak
[2017.06.15-05.34.10:549][  0]LogMemory: Physical Memory: 14040.96 MB used,  18594.53 MB free, 32635.48 MB total
[2017.06.15-05.34.10:549][  0]LogMemory: Virtual Memory: 638.44 MB used,  18594.53 MB free, 134217728.00 MB total
[2017.06.15-05.34.10:863][  0]LogInit: Using OS detected language (en-US).
[2017.06.15-05.34.10:864][  0]LogInit: Using OS detected locale (en-AU).
[2017.06.15-05.34.10:925][  0]LogTextLocalizationManager: No specific localization for 'en-US' exists, so the 'en' localization will be used.
[2017.06.15-05.34.14:296][  0]LogD3D11RHI: D3D11 adapters:
[2017.06.15-05.34.14:349][  0]LogD3D11RHI:    0. 'NVIDIA GeForce GTX 980M' (Feature Level 11_0)
[2017.06.15-05.34.14:349][  0]LogD3D11RHI:       8153/0/16317 MB DedicatedVideo/DedicatedSystem/SharedSystem, Outputs:1, VendorId:0x10de
[2017.06.15-05.34.14:365][  0]LogD3D11RHI:    1. 'Intel(R) HD Graphics 530' (Feature Level 11_0)
[2017.06.15-05.34.14:365][  0]LogD3D11RHI:       128/0/16317 MB DedicatedVideo/DedicatedSystem/SharedSystem, Outputs:0, VendorId:0x8086
[2017.06.15-05.34.14:366][  0]LogD3D11RHI:    2. 'Microsoft Basic Render Driver' (Feature Level 11_0)
[2017.06.15-05.34.14:366][  0]LogD3D11RHI:       0/0/16317 MB DedicatedVideo/DedicatedSystem/SharedSystem, Outputs:0, VendorId:0x1414
[2017.06.15-05.34.14:366][  0]LogD3D11RHI: Chosen D3D11 Adapter: 0
[2017.06.15-05.34.14:374][  0]LogD3D11RHI: Creating new Direct3DDevice
[2017.06.15-05.34.14:374][  0]LogD3D11RHI:     GPU DeviceId: 0x13d7 (for the marketing name, search the web for "GPU Device Id")
[2017.06.15-05.34.14:374][  0]LogWindows: EnumDisplayDevices:
[2017.06.15-05.34.14:374][  0]LogWindows:    0. 'Intel(R) HD Graphics 530' (P:0 D:0)
[2017.06.15-05.34.14:374][  0]LogWindows:    1. 'Intel(R) HD Graphics 530' (P:0 D:0)
[2017.06.15-05.34.14:374][  0]LogWindows:    2. 'Intel(R) HD Graphics 530' (P:0 D:0)
[2017.06.15-05.34.14:374][  0]LogWindows:    3. 'NVIDIA GeForce GTX 980M' (P:1 D:1)
[2017.06.15-05.34.14:375][  0]LogWindows: DebugString: PrimaryIsNotTheChoosenAdapter PrimaryIsNotTheChoosenAdapter PrimaryIsNotTheChoosenAdapter 
[2017.06.15-05.34.14:375][  0]LogD3D11RHI:     Adapter Name: NVIDIA GeForce GTX 980M
[2017.06.15-05.34.14:375][  0]LogD3D11RHI:   Driver Version: 382.33 (internal:22.21.13.8233, unified:382.33)
[2017.06.15-05.34.14:375][  0]LogD3D11RHI:      Driver Date: 5-17-2017
[2017.06.15-05.34.14:375][  0]LogRHI: Texture pool is 1361 MB (70% of 1945 MB)
[2017.06.15-05.34.14:407][  0]LogD3D11RHI: Async texture creation enabled
[2017.06.15-05.34.14:434][  0]LogD3D11RHI: GPU Timing Frequency: 1000.000000 (Debug: 2 1)
[2017.06.15-05.34.14:506][  0]LogShaderCompilers: Guid format shader working directory is -1 characters bigger than the processId version (D:/H2Owned_MajorProject2017-Repo/H2Owned_2017/Intermediate/Shaders/WorkingDirectory/15588/).
[2017.06.15-05.34.14:506][  0]LogShaderCompilers: Cleaned the shader compiler working directory 'C:/Users/Cola/AppData/Local/Temp/UnrealShaderWorkingDir/D9DDAC56431AE03125718A8372C9DE13/'.
[2017.06.15-05.34.14:507][  0]LogShaderCompilers:Display: Using Local Shader Compiler.
[2017.06.15-05.34.16:800][  0]LogTemp:Display: Loaded TP AllDesktopTargetPlatform
[2017.06.15-05.34.16:856][  0]LogTemp:Display: Loaded TP MacClientTargetPlatform
[2017.06.15-05.34.16:911][  0]LogTemp:Display: Loaded TP MacNoEditorTargetPlatform
[2017.06.15-05.34.16:965][  0]LogTemp:Display: Loaded TP MacServerTargetPlatform
[2017.06.15-05.34.17:024][  0]LogTemp:Display: Loaded TP MacTargetPlatform
[2017.06.15-05.34.17:082][  0]LogTemp:Display: Loaded TP WindowsClientTargetPlatform
[2017.06.15-05.34.17:143][  0]LogTemp:Display: Loaded TP WindowsNoEditorTargetPlatform
[2017.06.15-05.34.17:194][  0]LogTemp:Display: Loaded TP WindowsServerTargetPlatform
[2017.06.15-05.34.17:241][  0]LogTemp:Display: Loaded TP WindowsTargetPlatform
[2017.06.15-05.34.17:298][  0]LogTemp:Display: Loaded TP AndroidTargetPlatform
[2017.06.15-05.34.17:352][  0]LogTemp:Display: Loaded TP Android_ASTCTargetPlatform
[2017.06.15-05.34.17:401][  0]LogTemp:Display: Loaded TP Android_ATCTargetPlatform
[2017.06.15-05.34.17:458][  0]LogTemp:Display: Loaded TP Android_DXTTargetPlatform
[2017.06.15-05.34.17:513][  0]LogTemp:Display: Loaded TP Android_ETC1TargetPlatform
[2017.06.15-05.34.17:564][  0]LogTemp:Display: Loaded TP Android_ETC2TargetPlatform
[2017.06.15-05.34.17:671][  0]LogTemp:Display: Loaded TP Android_MultiTargetPlatform
[2017.06.15-05.34.17:671][  0]LogTemp:Display: Loaded TP Android_PVRTCTargetPlatform
[2017.06.15-05.34.17:714][  0]LogTemp:Display: Loaded TP HTML5TargetPlatform
[2017.06.15-05.34.17:820][  0]LogTemp:Display: Loaded TP IOSTargetPlatform
[2017.06.15-05.34.17:852][  0]LogTemp:Display: Loaded TP TVOSTargetPlatform
[2017.06.15-05.34.17:904][  0]LogTemp:Display: Loaded TP LinuxClientTargetPlatform
[2017.06.15-05.34.17:956][  0]LogTemp:Display: Loaded TP LinuxNoEditorTargetPlatform
[2017.06.15-05.34.18:007][  0]LogTemp:Display: Loaded TP LinuxServerTargetPlatform
[2017.06.15-05.34.18:062][  0]LogTemp:Display: Loaded TP LinuxTargetPlatform
[2017.06.15-05.34.18:062][  0]LogTargetPlatformManager:Display: Building Assets For Windows
[2017.06.15-05.34.18:709][  0]LogDerivedDataCache:Display: Max Cache Size: 512 MB
[2017.06.15-05.34.18:962][  0]LogDerivedDataCache: Loaded boot cache 0.25s 90MB C:/Users/Cola/AppData/Local/UnrealEngine/4.16/DerivedDataCache/Boot.ddc.
[2017.06.15-05.34.18:962][  0]LogDerivedDataCache:Display: Loaded Boot cache: C:/Users/Cola/AppData/Local/UnrealEngine/4.16/DerivedDataCache/Boot.ddc
[2017.06.15-05.34.18:962][  0]LogDerivedDataCache: FDerivedDataBackendGraph:  Pak pak cache file D:/H2Owned_MajorProject2017-Repo/H2Owned_2017/DerivedDataCache/DDC.ddp not found, will not use a pak cache.
[2017.06.15-05.34.18:962][  0]LogDerivedDataCache: Unable to find inner node Pak for hierarchical cache Hierarchy.
[2017.06.15-05.34.18:962][  0]LogDerivedDataCache: FDerivedDataBackendGraph:  CompressedPak pak cache file D:/H2Owned_MajorProject2017-Repo/H2Owned_2017/DerivedDataCache/Compressed.ddp not found, will not use a pak cache.
[2017.06.15-05.34.18:962][  0]LogDerivedDataCache: Unable to find inner node CompressedPak for hierarchical cache Hierarchy.
[2017.06.15-05.34.18:989][  0]LogDerivedDataCache:Display: Pak cache opened for reading ../../../Engine/DerivedDataCache/Compressed.ddp.
[2017.06.15-05.34.19:002][  0]LogDerivedDataCache: Using Local data cache path C:/Users/Cola/AppData/Local/UnrealEngine/Common/DerivedDataCache: Writable
[2017.06.15-05.34.19:015][  0]LogMaterial: Verifying Global Shaders for PCD3D_SM5
[2017.06.15-05.34.19:020][  0]LogSlate: Using Freetype 2.6.0
[2017.06.15-05.34.19:040][  0]LogSlate: SlateFontCache - WITH_FREETYPE: 1, WITH_HARFBUZZ: 1
[2017.06.15-05.34.19:040][  0]LogSlate: SlateFontCache - WITH_FREETYPE: 1, WITH_HARFBUZZ: 1
[2017.06.15-05.34.20:005][  0]LogInit: Selected Device Profile: [Windows]
[2017.06.15-05.34.20:209][  0]LogContentStreaming: Texture pool size is 0.00 MB
[2017.06.15-05.34.20:459][  0]LogMeshUtilities: Using QuadricMeshReduction for automatic static mesh reduction
[2017.06.15-05.34.20:520][  0]LogSimplygon: Simplygon DLL not present - disabling.
[2017.06.15-05.34.20:575][  0]LogMeshUtilities: Using SimplygonSwarm for distributed automatic mesh merging
[2017.06.15-05.34.20:575][  0]LogMeshUtilities: No automatic skeletal mesh reduction module available
[2017.06.15-05.34.20:575][  0]LogMeshUtilities: No automatic mesh merging module available
[2017.06.15-05.34.22:017][  0]LogNetVersion: H2Owned_2017 , NetCL: 3452394, EngineNetVer: 2, GameNetVer: 0 (Checksum: 3695325218)
[2017.06.15-05.34.22:123][  0]LogAssetRegistry: FAssetRegistry took 0.0279 seconds to start up
[2017.06.15-05.34.22:235][  0]LogPackageLocalizationCache: Processed 4 localized package path(s) for 2 prioritized culture(s) in 0.083826 seconds
[2017.06.15-05.34.22:240][  0]LogUObjectArray: 34194 objects as part of root set at end of initial load.
[2017.06.15-05.34.22:240][  0]LogUObjectAllocator: 7260424 out of 0 bytes used by permanent object pool.
[2017.06.15-05.34.22:240][  0]LogUObjectArray: CloseDisregardForGC: 0/0 objects in disregard for GC pool
[2017.06.15-05.34.22:310][  0]LogInit: WinSock: version 1.1 (2.2), MaxSocks=32767, MaxUdp=65467
[2017.06.15-05.34.27:599][  0]LogTcpMessaging: Initializing TcpMessaging bridge
[2017.06.15-05.34.27:645][  0]LogUdpMessaging: Initializing bridge on interface 0.0.0.0:0 to multicast group 230.0.0.1:6666.
[2017.06.15-05.34.28:385][  0]LogMaterial: Uniform references updated for custom material expression Custom.
[2017.06.15-05.34.28:953][  0]SourceControl: Info Source control is disabled
[2017.06.15-05.34.28:954][  0]SourceControl: Info Source control is disabled
[2017.06.15-05.34.29:013][  0]SourceControl: Info Source control is disabled
[2017.06.15-05.34.29:071][  0]SourceControl: Info Source control is disabled
[2017.06.15-05.34.29:882][  0]LogAndroidPermission: UAndroidPermissionCallbackProxy::GetInstance
[2017.06.15-05.34.30:619][  0]LogEngine: Initializing Engine...
[2017.06.15-05.34.30:620][  0]LogHMD: Failed to initialize OpenVR with code 110
[2017.06.15-05.34.31:013][  0]LogStats: UGameplayTagsManager::ConstructGameplayTagTree: Construct from data asset -  0.000 s
[2017.06.15-05.34.31:013][  0]LogStats: UGameplayTagsManager::ConstructGameplayTagTree: GameplayTagTreeChangedEvent.Broadcast -  0.000 s
[2017.06.15-05.34.31:180][  0]LogAIModule: Creating AISystem for world Untitled
[2017.06.15-05.34.31:200][  0]LogInit: XAudio2 using 'Speakers (Sound Blaster Recon3Di)' : 2 channels at 48 kHz using 32 bits per sample (channel mask 0x3)
[2017.06.15-05.34.31:254][  0]LogInit: FAudioDevice initialized.
[2017.06.15-05.34.31:299][  0]LogDerivedDataCache: Saved boot cache 0.04s 90MB C:/Users/Cola/AppData/Local/UnrealEngine/4.16/DerivedDataCache/Boot.ddc.
[2017.06.15-05.34.31:307][  0]LogInit: Texture streaming: Enabled
[2017.06.15-05.34.31:418][  0]LogEngineSessionManager: EngineSessionManager initialized
[2017.06.15-05.34.31:698][  0]LogInit: Transaction tracking system initialized
[2017.06.15-05.34.32:077][  0]BlueprintLog: New page: Editor Load
[2017.06.15-05.34.33:205][  0]LocalizationService: Info Localization service is disabled
[2017.06.15-05.34.34:009][  0]LogConsoleResponse:Display: 
[2017.06.15-05.34.34:450][  0]LogCook:Display: Max memory allowance for cook 16384mb min free memory 0mb
[2017.06.15-05.34.34:450][  0]LogCook:Display: Mobile HDR setting 1
[2017.06.15-05.34.35:617][  0]LogFileCache: Scanning file cache for directory 'D:/H2Owned_MajorProject2017-Repo/H2Owned_2017/Content/' took 0.02s
[2017.06.15-05.34.35:692][  0]SourceControl: Info Source control is disabled
[2017.06.15-05.34.35:693][  0]Cmd: MAP LOAD FILE="D:/H2Owned_MajorProject2017-Repo/H2Owned_2017/Content/StarterContent/Maps/Minimal_Default.umap" TEMPLATE=0 SHOWPROGRESS=1 FEATURELEVEL=3
[2017.06.15-05.34.35:740][  0]LightingResults: New page: Lighting Build
[2017.06.15-05.34.35:789][  0]MapCheck: New page: Map Check
[2017.06.15-05.34.35:789][  0]LightingResults: New page: Lighting Build
[2017.06.15-05.34.37:022][  0]LogAIModule: Creating AISystem for world Minimal_Default
[2017.06.15-05.34.37:058][  0]LogEditorServer: Finished looking for orphan Actors (0.000 secs)
[2017.06.15-05.34.37:085][  0]Cmd: MAP CHECKDEP NOCLEARLOG
[2017.06.15-05.34.37:138][  0]MapCheck: Info Map check complete: 0 Error(s), 0 Warning(s), took 53.024ms to complete.
[2017.06.15-05.34.37:138][  0]LogFileHelpers: Loading map 'Minimal_Default' took 1.445
[2017.06.15-05.34.37:401][  0]LogCollectionManager: Loaded 0 collections in 0.002067 seconds
[2017.06.15-05.34.37:502][  0]LogFileCache: Scanning file cache for directory 'D:/H2Owned_MajorProject2017-Repo/H2Owned_2017/Saved/Collections/' took 0.01s
[2017.06.15-05.34.37:502][  0]LogFileCache: Scanning file cache for directory 'D:/H2Owned_MajorProject2017-Repo/H2Owned_2017/Content/Developers/Cola/Collections/' took 0.01s
[2017.06.15-05.34.37:502][  0]LogFileCache: Scanning file cache for directory 'D:/H2Owned_MajorProject2017-Repo/H2Owned_2017/Content/Collections/' took 0.01s
[2017.06.15-05.34.37:502][  0]LogCollectionManager: Rebuilt the GUID cache for 0 collections in 0.000002 seconds
[2017.06.15-05.34.37:514][  0]LogContentBrowser: Native class hierarchy populated in 0.0102 seconds. Added 2329 classes and 491 folders.
[2017.06.15-05.34.37:589][  0]LogContentBrowser: Native class hierarchy updated for 'WidgetCarousel' in 0.0007 seconds. Added 0 classes and 0 folders.
[2017.06.15-05.34.37:967][  0]LogContentBrowser: Native class hierarchy updated for 'AddContentDialog' in 0.0006 seconds. Added 0 classes and 0 folders.
[2017.06.15-05.34.38:025][  0]LogContentBrowser: Native class hierarchy updated for 'SceneOutliner' in 0.0007 seconds. Added 1 classes and 2 folders.
[2017.06.15-05.34.38:115][  0]LogCrashTracker: Crashtracker disabled due to settings.
[2017.06.15-05.34.38:135][  0]LogSlate: Took 0.006992 seconds to synchronously load lazily loaded font '../../../Engine/Content/Slate/Fonts/Roboto-Regular.ttf' (155K)
[2017.06.15-05.34.38:142][  0]LogSlate: Took 0.005191 seconds to synchronously load lazily loaded font '../../../Engine/Content/Slate/Fonts/Roboto-Bold.ttf' (160K)
[2017.06.15-05.34.38:154][  0]LogSlate: Took 0.006110 seconds to synchronously load lazily loaded font '../../../Engine/Content/Editor/Slate/Fonts/FontAwesome.ttf' (139K)
[2017.06.15-05.34.38:322][  0]LogRenderer: Reallocating scene render targets to support 1320x516 NumSamples 1 (Frame:1).
[2017.06.15-05.34.38:466][  0]LogUObjectGlobals:Warning: Failed to find object 'Class None.'
[2017.06.15-05.34.38:542][  0]LogContentBrowser: Native class hierarchy updated for 'HierarchicalLODOutliner' in 0.0006 seconds. Added 1 classes and 2 folders.
[2017.06.15-05.34.38:542][  0]LogLoad: (Engine Initialization) Total time: 31.80 seconds
[2017.06.15-05.34.38:542][  0]LogLoad: (Engine Initialization) Total Blueprint compile time: 0.15 seconds
[2017.06.15-05.34.38:542][  0]LogExternalProfiler: Found external profiler: VSPerf
[2017.06.15-05.34.38:542][  0]LogExternalProfiler: Using external profiler: VSPerf
[2017.06.15-05.34.38:563][  0]LogWindowsTextInputMethodSystem:Display: IME system now deactivated.
[2017.06.15-05.34.38:564][  0]LogOcInput: OculusInput pre-init called
[2017.06.15-05.34.38:564][  0]LogHMD: Starting GearVRController plugin
[2017.06.15-05.34.38:586][  0]LogContentStreaming: Texture pool size now 1000 MB
[2017.06.15-05.34.38:663][  0]LogSlate: Took 0.005807 seconds to synchronously load lazily loaded font '../../../Engine/Content/Slate/Fonts/Roboto-Light.ttf' (159K)
[2017.06.15-05.34.38:749][  1]LogAssetRegistry: Asset discovery search completed in 16.6477 seconds
[2017.06.15-05.34.38:751][  1]LogCollectionManager: Rebuilt the object cache for 0 collections in 0.000000 seconds (found 0 objects)
[2017.06.15-05.34.38:751][  1]LogCollectionManager: Fixed up redirectors for 0 collections in 0.000034 seconds (updated 0 objects)
[2017.06.15-05.35.12:006][985]LogSlate: Took 0.000114 seconds to synchronously load lazily loaded font '../../../Engine/Content/Slate/Fonts/Roboto-Light.ttf' (159K)
[2017.06.15-05.35.12:049][985]LogAIModule: Creating AISystem for world Test1
[2017.06.15-05.35.12:068][985]Cmd: MAP LOAD FILE="D:/H2Owned_MajorProject2017-Repo/H2Owned_2017/Content/Test1.umap" TEMPLATE=0 SHOWPROGRESS=1 FEATURELEVEL=3
[2017.06.15-05.35.12:068][985]LightingResults: New page: Lighting Build
[2017.06.15-05.35.12:068][985]LoadErrors: New page: Loading map: Test1.umap
[2017.06.15-05.35.12:069][985]MapCheck: New page: Map Check
[2017.06.15-05.35.12:069][985]LightingResults: New page: Lighting Build
[2017.06.15-05.35.12:088][985]LogEditorServer: Finished looking for orphan Actors (0.000 secs)
[2017.06.15-05.35.12:125][985]Cmd: MAP CHECKDEP NOCLEARLOG
[2017.06.15-05.35.12:178][985]MapCheck: Info Map check complete: 0 Error(s), 0 Warning(s), took 52.887ms to complete.
[2017.06.15-05.35.12:178][985]LogFileHelpers: Loading map 'Test1' took 0.112
[2017.06.15-05.35.13:916][ 86]LogRenderer: Reallocating scene render targets to support 1320x548 NumSamples 1 (Frame:99).
[2017.06.15-05.35.13:971][ 87]LogRenderer: Reallocating scene render targets to support 1320x580 NumSamples 1 (Frame:101).
[2017.06.15-05.35.14:051][ 88]LogRenderer: Reallocating scene render targets to support 1320x596 NumSamples 1 (Frame:103).
[2017.06.15-05.35.14:106][ 89]LogRenderer: Reallocating scene render targets to support 1320x604 NumSamples 1 (Frame:105).
[2017.06.15-05.35.14:156][ 90]LogRenderer: Reallocating scene render targets to support 1320x612 NumSamples 1 (Frame:107).
[2017.06.15-05.35.14:919][133]LogTemp: Repeting last play command: Selected Viewport
[2017.06.15-05.35.15:017][133]LogPlayLevel: PlayLevel: No blueprints needed recompiling
[2017.06.15-05.35.15:018][133]PIE: New page: PIE session: Test1 (16 Jun 2017 1:35:15 am)
[2017.06.15-05.35.15:018][133]LogPlayLevel: Creating play world package: /Game/UEDPIE_0_Test1
[2017.06.15-05.35.15:022][133]LogPlayLevel: PIE: StaticDuplicateObject took: (0.003522s)
[2017.06.15-05.35.15:023][133]LogAIModule: Creating AISystem for world Test1
[2017.06.15-05.35.15:024][133]LogPlayLevel: PIE: World Init took: (0.001601s)
[2017.06.15-05.35.15:024][133]LogPlayLevel: PIE: Created PIE world by copying editor world from /Game/Test1.Test1 to /Game/UEDPIE_0_Test1.Test1 (0.005536s)
[2017.06.15-05.35.15:034][133]LogInit: XAudio2 using 'Speakers (Sound Blaster Recon3Di)' : 2 channels at 48 kHz using 32 bits per sample (channel mask 0x3)
[2017.06.15-05.35.15:041][133]LogInit: FAudioDevice initialized.
[2017.06.15-05.35.15:500][133]LogLoad: Game class is 'H2O_DefaultGameMode_C'
[2017.06.15-05.35.15:504][133]LogWorld: Bringing World /Game/UEDPIE_0_Test1.Test1 up for play (max tick rate 60) at 2017.06.15-15.35.15
[2017.06.15-05.35.15:505][133]LogWorld: Bringing up level for play took: 0.001044
[2017.06.15-05.35.15:509][133]LogSpawn:Warning: SpawnActor failed because no class was specified
[2017.06.15-05.35.15:553][133]LogContentBrowser: Native class hierarchy updated for 'MovieSceneCapture' in 0.0006 seconds. Added 11 classes and 0 folders.
[2017.06.15-05.35.15:564][133]PIE: Info Play in editor start time for /Game/UEDPIE_0_Test1 0.479
[2017.06.15-05.35.17:152][226]LogBlueprintUserMessages: [H2O_Default_ThirdPersonCharacter_C_0] Shoot
[2017.06.15-05.35.17:784][264]LogBlueprintUserMessages: [H2O_Default_ThirdPersonCharacter_C_0] Shoot
[2017.06.15-05.35.18:218][290]LogBlueprintUserMessages: [H2O_Default_ThirdPersonCharacter_C_0] Shoot
[2017.06.15-05.35.18:418][302]LogBlueprintUserMessages: [H2O_Default_ThirdPersonCharacter_C_0] Shoot
[2017.06.15-05.35.18:835][327]LogBlueprintUserMessages: [H2O_Default_ThirdPersonCharacter_C_0] Shoot
[2017.06.15-05.35.19:035][339]LogBlueprintUserMessages: [H2O_Default_ThirdPersonCharacter_C_0] Shoot
[2017.06.15-05.35.19:252][352]LogBlueprintUserMessages: [H2O_Default_ThirdPersonCharacter_C_0] Shoot
[2017.06.15-05.35.19:452][364]LogBlueprintUserMessages: [H2O_Default_ThirdPersonCharacter_C_0] Shoot
[2017.06.15-05.35.19:635][375]LogBlueprintUserMessages: [H2O_Default_ThirdPersonCharacter_C_0] Shoot
[2017.06.15-05.35.19:785][384]LogBlueprintUserMessages: [H2O_Default_ThirdPersonCharacter_C_0] Shoot
[2017.06.15-05.35.19:953][394]LogBlueprintUserMessages: [H2O_Default_ThirdPersonCharacter_C_0] Shoot
[2017.06.15-05.35.20:535][429]LogBlueprintUserMessages: [H2O_Default_ThirdPersonCharacter_C_0] Shoot
[2017.06.15-05.35.20:718][440]LogBlueprintUserMessages: [H2O_Default_ThirdPersonCharacter_C_0] Shoot
[2017.06.15-05.35.20:901][451]LogBlueprintUserMessages: [H2O_Default_ThirdPersonCharacter_C_0] Shoot
[2017.06.15-05.35.21:119][464]LogBlueprintUserMessages: [H2O_Default_ThirdPersonCharacter_C_0] Shoot
[2017.06.15-05.35.21:419][482]LogBlueprintUserMessages: [H2O_Default_ThirdPersonCharacter_C_0] Shoot
[2017.06.15-05.35.21:635][495]LogBlueprintUserMessages: [H2O_Default_ThirdPersonCharacter_C_0] Shoot
[2017.06.15-05.35.21:836][507]LogBlueprintUserMessages: [H2O_Default_ThirdPersonCharacter_C_0] Shoot
[2017.06.15-05.35.22:019][518]LogBlueprintUserMessages: [H2O_Default_ThirdPersonCharacter_C_0] Shoot
[2017.06.15-05.35.23:052][580]LogBlueprintUserMessages: [H2O_Default_ThirdPersonCharacter_C_0] Shoot
[2017.06.15-05.35.23:336][597]LogBlueprintUserMessages: [H2O_Default_ThirdPersonCharacter_C_0] Shoot
[2017.06.15-05.35.23:552][610]LogBlueprintUserMessages: [H2O_Default_ThirdPersonCharacter_C_0] Shoot
[2017.06.15-05.35.24:202][649]LogBlueprintUserMessages: [H2O_Default_ThirdPersonCharacter_C_0] Shoot
[2017.06.15-05.35.24:419][662]LogBlueprintUserMessages: [H2O_Default_ThirdPersonCharacter_C_0] Shoot
[2017.06.15-05.35.24:936][693]LogBlueprintUserMessages: [H2O_Default_ThirdPersonCharacter_C_0] Shoot
[2017.06.15-05.35.25:136][705]LogBlueprintUserMessages: [H2O_Default_ThirdPersonCharacter_C_0] Shoot
[2017.06.15-05.35.25:403][721]LogBlueprintUserMessages: [H2O_Default_ThirdPersonCharacter_C_0] Shoot
[2017.06.15-05.35.26:104][763]LogBlueprintUserMessages: [H2O_Default_ThirdPersonCharacter_C_0] Shoot
[2017.06.15-05.35.28:587][912]LogBlueprintUserMessages: [H2O_Default_ThirdPersonCharacter_C_0] Shoot
[2017.06.15-05.35.28:837][927]LogBlueprintUserMessages: [H2O_Default_ThirdPersonCharacter_C_0] Shoot
[2017.06.15-05.35.29:054][940]LogBlueprintUserMessages: [H2O_Default_ThirdPersonCharacter_C_0] Shoot
[2017.06.15-05.35.29:237][951]LogBlueprintUserMessages: [H2O_Default_ThirdPersonCharacter_C_0] Shoot
[2017.06.15-05.35.29:421][962]LogBlueprintUserMessages: [H2O_Default_ThirdPersonCharacter_C_0] Shoot
[2017.06.15-05.35.29:754][982]LogBlueprintUserMessages: [H2O_Default_ThirdPersonCharacter_C_0] Shoot
[2017.06.15-05.35.29:937][993]LogBlueprintUserMessages: [H2O_Default_ThirdPersonCharacter_C_0] Shoot
[2017.06.15-05.35.30:288][ 14]LogBlueprintUserMessages: [H2O_Default_ThirdPersonCharacter_C_0] Shoot
[2017.06.15-05.35.32:772][163]LogBlueprintUserMessages: [H2O_Default_ThirdPersonCharacter_C_0] Shoot
[2017.06.15-05.35.33:471][205]LogBlueprintUserMessages: [H2O_Default_ThirdPersonCharacter_C_0] Shoot
[2017.06.15-05.35.33:688][218]LogBlueprintUserMessages: [H2O_Default_ThirdPersonCharacter_C_0] Shoot
[2017.06.15-05.35.33:972][235]LogBlueprintUserMessages: [H2O_Default_ThirdPersonCharacter_C_0] Shoot
[2017.06.15-05.35.34:172][247]LogBlueprintUserMessages: [H2O_Default_ThirdPersonCharacter_C_0] Shoot
[2017.06.15-05.35.34:372][259]LogBlueprintUserMessages: [H2O_Default_ThirdPersonCharacter_C_0] Shoot
[2017.06.15-05.35.34:572][271]LogBlueprintUserMessages: [H2O_Default_ThirdPersonCharacter_C_0] Shoot
[2017.06.15-05.35.34:772][283]LogBlueprintUserMessages: [H2O_Default_ThirdPersonCharacter_C_0] Shoot
[2017.06.15-05.35.34:989][296]LogBlueprintUserMessages: [H2O_Default_ThirdPersonCharacter_C_0] Shoot
[2017.06.15-05.35.35:255][312]LogBlueprintUserMessages: [H2O_Default_ThirdPersonCharacter_C_0] Shoot
[2017.06.15-05.35.35:822][346]LogBlueprintUserMessages: [H2O_Default_ThirdPersonCharacter_C_0] Shoot
[2017.06.15-05.35.36:039][359]LogBlueprintUserMessages: [H2O_Default_ThirdPersonCharacter_C_0] Shoot
[2017.06.15-05.35.36:256][372]LogBlueprintUserMessages: [H2O_Default_ThirdPersonCharacter_C_0] Shoot
[2017.06.15-05.35.36:456][384]LogBlueprintUserMessages: [H2O_Default_ThirdPersonCharacter_C_0] Shoot
[2017.06.15-05.35.36:673][397]LogBlueprintUserMessages: [H2O_Default_ThirdPersonCharacter_C_0] Shoot
[2017.06.15-05.35.36:889][410]LogBlueprintUserMessages: [H2O_Default_ThirdPersonCharacter_C_0] Shoot
[2017.06.15-05.35.37:106][423]LogBlueprintUserMessages: [H2O_Default_ThirdPersonCharacter_C_0] Shoot
[2017.06.15-05.35.37:322][436]LogBlueprintUserMessages: [H2O_Default_ThirdPersonCharacter_C_0] Shoot
[2017.06.15-05.35.37:556][450]LogBlueprintUserMessages: [H2O_Default_ThirdPersonCharacter_C_0] Shoot
[2017.06.15-05.35.37:939][473]LogBlueprintUserMessages: [H2O_Default_ThirdPersonCharacter_C_0] Shoot
[2017.06.15-05.35.38:156][486]LogBlueprintUserMessages: [H2O_Default_ThirdPersonCharacter_C_0] Shoot
[2017.06.15-05.35.38:356][498]LogBlueprintUserMessages: [H2O_Default_ThirdPersonCharacter_C_0] Shoot
[2017.06.15-05.35.38:573][511]LogBlueprintUserMessages: [H2O_Default_ThirdPersonCharacter_C_0] Shoot
[2017.06.15-05.35.38:806][525]LogBlueprintUserMessages: [H2O_Default_ThirdPersonCharacter_C_0] Shoot
[2017.06.15-05.35.39:006][537]LogBlueprintUserMessages: [H2O_Default_ThirdPersonCharacter_C_0] Shoot
[2017.06.15-05.35.39:206][549]LogBlueprintUserMessages: [H2O_Default_ThirdPersonCharacter_C_0] Shoot
[2017.06.15-05.35.39:406][561]LogBlueprintUserMessages: [H2O_Default_ThirdPersonCharacter_C_0] Shoot
[2017.06.15-05.35.39:956][594]LogBlueprintUserMessages: [H2O_Default_ThirdPersonCharacter_C_0] Shoot
[2017.06.15-05.35.40:790][644]LogBlueprintUserMessages: [H2O_Default_ThirdPersonCharacter_C_0] Shoot
[2017.06.15-05.35.41:473][685]LogBlueprintUserMessages: [H2O_Default_ThirdPersonCharacter_C_0] Shoot
[2017.06.15-05.35.42:023][718]LogBlueprintUserMessages: [H2O_Default_ThirdPersonCharacter_C_0] Shoot
[2017.06.15-05.35.42:507][747]LogBlueprintUserMessages: [H2O_Default_ThirdPersonCharacter_C_0] Shoot
[2017.06.15-05.35.45:774][943]LogBlueprintUserMessages: [H2O_Default_ThirdPersonCharacter_C_0] Shoot
[2017.06.15-05.35.45:958][954]LogBlueprintUserMessages: [H2O_Default_ThirdPersonCharacter_C_0] Shoot
[2017.06.15-05.35.46:141][965]LogBlueprintUserMessages: [H2O_Default_ThirdPersonCharacter_C_0] Shoot
[2017.06.15-05.35.46:307][975]LogBlueprintUserMessages: [H2O_Default_ThirdPersonCharacter_C_0] Shoot
[2017.06.15-05.35.46:507][987]LogBlueprintUserMessages: [H2O_Default_ThirdPersonCharacter_C_0] Shoot
[2017.06.15-05.35.46:691][998]LogBlueprintUserMessages: [H2O_Default_ThirdPersonCharacter_C_0] Shoot
[2017.06.15-05.35.46:857][  8]LogBlueprintUserMessages: [H2O_Default_ThirdPersonCharacter_C_0] Shoot
[2017.06.15-05.35.48:458][104]LogBlueprintUserMessages: [H2O_Default_ThirdPersonCharacter_C_0] Shoot
[2017.06.15-05.35.48:858][128]LogBlueprintUserMessages: [H2O_Default_ThirdPersonCharacter_C_0] Shoot
[2017.06.15-05.35.49:276][153]LogBlueprintUserMessages: [H2O_Default_ThirdPersonCharacter_C_0] Shoot
[2017.06.15-05.35.49:591][172]LogBlueprintUserMessages: [H2O_Default_ThirdPersonCharacter_C_0] Shoot
[2017.06.15-05.35.49:841][187]LogBlueprintUserMessages: [H2O_Default_ThirdPersonCharacter_C_0] Shoot
[2017.06.15-05.35.50:058][200]LogBlueprintUserMessages: [H2O_Default_ThirdPersonCharacter_C_0] Shoot
[2017.06.15-05.35.50:275][213]LogBlueprintUserMessages: [H2O_Default_ThirdPersonCharacter_C_0] Shoot
[2017.06.15-05.35.50:492][226]LogBlueprintUserMessages: [H2O_Default_ThirdPersonCharacter_C_0] Shoot
[2017.06.15-05.35.50:692][238]LogBlueprintUserMessages: [H2O_Default_ThirdPersonCharacter_C_0] Shoot
[2017.06.15-05.35.53:175][387]LogBlueprintUserMessages: [H2O_Default_ThirdPersonCharacter_C_0] Shoot
[2017.06.15-05.35.53:375][399]LogBlueprintUserMessages: [H2O_Default_ThirdPersonCharacter_C_0] Shoot
[2017.06.15-05.35.53:592][412]LogBlueprintUserMessages: [H2O_Default_ThirdPersonCharacter_C_0] Shoot
[2017.06.15-05.35.53:792][424]LogBlueprintUserMessages: [H2O_Default_ThirdPersonCharacter_C_0] Shoot
[2017.06.15-05.35.53:975][435]LogBlueprintUserMessages: [H2O_Default_ThirdPersonCharacter_C_0] Shoot
[2017.06.15-05.35.56:042][559]LogBlueprintUserMessages: [H2O_Default_ThirdPersonCharacter_C_0] Reload / Pumping Gun
[2017.06.15-05.36.00:377][819]LogBlueprintUserMessages: [H2O_Default_ThirdPersonCharacter_C_0] Shoot
[2017.06.15-05.36.00:577][831]LogBlueprintUserMessages: [H2O_Default_ThirdPersonCharacter_C_0] Shoot
[2017.06.15-05.36.00:777][843]LogBlueprintUserMessages: [H2O_Default_ThirdPersonCharacter_C_0] Shoot
[2017.06.15-05.36.00:977][855]LogBlueprintUserMessages: [H2O_Default_ThirdPersonCharacter_C_0] Shoot
[2017.06.15-05.36.02:044][919]LogBlueprintUserMessages: [H2O_Default_ThirdPersonCharacter_C_0] Shoot
[2017.06.15-05.36.02:678][957]LogBlueprintUserMessages: [H2O_Default_ThirdPersonCharacter_C_0] Shoot
[2017.06.15-05.36.02:912][971]LogBlueprintUserMessages: [H2O_Default_ThirdPersonCharacter_C_0] Shoot
[2017.06.15-05.36.03:145][985]LogBlueprintUserMessages: [H2O_Default_ThirdPersonCharacter_C_0] Shoot
[2017.06.15-05.36.03:995][ 36]LogBlueprintUserMessages: [H2O_Default_ThirdPersonCharacter_C_0] Shoot
[2017.06.15-05.36.04:745][ 81]LogBlueprintUserMessages: [H2O_Default_ThirdPersonCharacter_C_0] Shoot
[2017.06.15-05.36.05:245][111]LogBlueprintUserMessages: [H2O_Default_ThirdPersonCharacter_C_0] Shoot
[2017.06.15-05.36.05:628][134]LogBlueprintUserMessages: [H2O_Default_ThirdPersonCharacter_C_0] Shoot
[2017.06.15-05.36.05:862][148]LogBlueprintUserMessages: [H2O_Default_ThirdPersonCharacter_C_0] Shoot
[2017.06.15-05.36.06:462][184]LogBlueprintUserMessages: [H2O_Default_ThirdPersonCharacter_C_0] Shoot
[2017.06.15-05.36.06:662][196]LogBlueprintUserMessages: [H2O_Default_ThirdPersonCharacter_C_0] Shoot
[2017.06.15-05.36.06:862][208]LogBlueprintUserMessages: [H2O_Default_ThirdPersonCharacter_C_0] Shoot
[2017.06.15-05.36.07:079][221]LogBlueprintUserMessages: [H2O_Default_ThirdPersonCharacter_C_0] Shoot
[2017.06.15-05.36.07:312][235]LogBlueprintUserMessages: [H2O_Default_ThirdPersonCharacter_C_0] Shoot
[2017.06.15-05.36.07:679][257]LogBlueprintUserMessages: [H2O_Default_ThirdPersonCharacter_C_0] Shoot
[2017.06.15-05.36.07:962][274]LogBlueprintUserMessages: [H2O_Default_ThirdPersonCharacter_C_0] Shoot
[2017.06.15-05.36.08:179][287]LogBlueprintUserMessages: [H2O_Default_ThirdPersonCharacter_C_0] Shoot
[2017.06.15-05.36.08:396][300]LogBlueprintUserMessages: [H2O_Default_ThirdPersonCharacter_C_0] Shoot
[2017.06.15-05.36.08:612][313]LogBlueprintUserMessages: [H2O_Default_ThirdPersonCharacter_C_0] Shoot
[2017.06.15-05.36.08:829][326]LogBlueprintUserMessages: [H2O_Default_ThirdPersonCharacter_C_0] Shoot
[2017.06.15-05.36.09:029][338]LogBlueprintUserMessages: [H2O_Default_ThirdPersonCharacter_C_0] Shoot
[2017.06.15-05.36.09:246][351]LogBlueprintUserMessages: [H2O_Default_ThirdPersonCharacter_C_0] Shoot
[2017.06.15-05.36.09:462][364]LogBlueprintUserMessages: [H2O_Default_ThirdPersonCharacter_C_0] Shoot
[2017.06.15-05.36.09:679][377]LogBlueprintUserMessages: [H2O_Default_ThirdPersonCharacter_C_0] Shoot
[2017.06.15-05.36.09:879][389]LogBlueprintUserMessages: [H2O_Default_ThirdPersonCharacter_C_0] Shoot
[2017.06.15-05.36.10:145][405]LogBlueprintUserMessages: [H2O_Default_ThirdPersonCharacter_C_0] Shoot
[2017.06.15-05.36.13:563][610]LogBlueprintUserMessages: [H2O_Default_ThirdPersonCharacter_C_0] Shoot
[2017.06.15-05.36.13:780][623]LogBlueprintUserMessages: [H2O_Default_ThirdPersonCharacter_C_0] Shoot
[2017.06.15-05.36.14:047][639]LogBlueprintUserMessages: [H2O_Default_ThirdPersonCharacter_C_0] Shoot
[2017.06.15-05.36.14:230][650]LogBlueprintUserMessages: [H2O_Default_ThirdPersonCharacter_C_0] Shoot
[2017.06.15-05.36.14:764][682]LogBlueprintUserMessages: [H2O_Default_ThirdPersonCharacter_C_0] Shoot
[2017.06.15-05.36.16:565][790]LogBlueprintUserMessages: [H2O_Default_ThirdPersonCharacter_C_0] Shoot
[2017.06.15-05.36.16:799][804]LogBlueprintUserMessages: [H2O_Default_ThirdPersonCharacter_C_0] Shoot
[2017.06.15-05.36.16:998][816]LogBlueprintUserMessages: [H2O_Default_ThirdPersonCharacter_C_0] Shoot
[2017.06.15-05.36.17:715][859]LogBlueprintUserMessages: [H2O_Default_ThirdPersonCharacter_C_0] Shoot
[2017.06.15-05.36.18:082][881]LogBlueprintUserMessages: [H2O_Default_ThirdPersonCharacter_C_0] Shoot
[2017.06.15-05.36.18:298][894]LogBlueprintUserMessages: [H2O_Default_ThirdPersonCharacter_C_0] Shoot
[2017.06.15-05.36.18:515][907]LogBlueprintUserMessages: [H2O_Default_ThirdPersonCharacter_C_0] Shoot
[2017.06.15-05.36.18:832][926]LogBlueprintUserMessages: [H2O_Default_ThirdPersonCharacter_C_0] Shoot
[2017.06.15-05.36.19:015][937]LogBlueprintUserMessages: [H2O_Default_ThirdPersonCharacter_C_0] Shoot
[2017.06.15-05.36.19:182][947]LogBlueprintUserMessages: [H2O_Default_ThirdPersonCharacter_C_0] Shoot
[2017.06.15-05.36.19:765][982]LogBlueprintUserMessages: [H2O_Default_ThirdPersonCharacter_C_0] Shoot
[2017.06.15-05.36.19:999][996]LogBlueprintUserMessages: [H2O_Default_ThirdPersonCharacter_C_0] Shoot
[2017.06.15-05.36.20:250][ 11]LogBlueprintUserMessages: [H2O_Default_ThirdPersonCharacter_C_0] Shoot
[2017.06.15-05.36.20:532][ 28]LogBlueprintUserMessages: [H2O_Default_ThirdPersonCharacter_C_0] Shoot
[2017.06.15-05.36.20:799][ 44]LogBlueprintUserMessages: [H2O_Default_ThirdPersonCharacter_C_0] Shoot
[2017.06.15-05.36.20:982][ 55]LogBlueprintUserMessages: [H2O_Default_ThirdPersonCharacter_C_0] Shoot
[2017.06.15-05.36.27:383][439]LogBlueprintUserMessages: [H2O_Default_ThirdPersonCharacter_C_0] Shoot
[2017.06.15-05.36.27:583][451]LogBlueprintUserMessages: [H2O_Default_ThirdPersonCharacter_C_0] Shoot
[2017.06.15-05.36.27:750][461]LogBlueprintUserMessages: [H2O_Default_ThirdPersonCharacter_C_0] Shoot
[2017.06.15-05.36.27:900][470]LogBlueprintUserMessages: [H2O_Default_ThirdPersonCharacter_C_0] Shoot
[2017.06.15-05.36.28:067][480]LogBlueprintUserMessages: [H2O_Default_ThirdPersonCharacter_C_0] Shoot
[2017.06.15-05.36.28:217][489]LogBlueprintUserMessages: [H2O_Default_ThirdPersonCharacter_C_0] Shoot
[2017.06.15-05.36.28:383][499]LogBlueprintUserMessages: [H2O_Default_ThirdPersonCharacter_C_0] Shoot
[2017.06.15-05.36.28:517][507]LogBlueprintUserMessages: [H2O_Default_ThirdPersonCharacter_C_0] Shoot
[2017.06.15-05.51.00:746][660]LogTemp: Repeting last play command: Selected Viewport
[2017.06.15-05.51.00:763][660]LogPlayLevel: PlayLevel: No blueprints needed recompiling
[2017.06.15-05.51.00:763][660]PIE: New page: PIE session: Test1 (16 Jun 2017 1:51:00 am)
[2017.06.15-05.51.00:764][660]LogPlayLevel: Creating play world package: /Game/UEDPIE_0_Test1
[2017.06.15-05.51.00:766][660]LogPlayLevel: PIE: StaticDuplicateObject took: (0.002832s)
[2017.06.15-05.51.00:767][660]LogAIModule: Creating AISystem for world Test1
[2017.06.15-05.51.00:767][660]LogPlayLevel: PIE: World Init took: (0.000982s)
[2017.06.15-05.51.00:768][660]LogPlayLevel: PIE: Created PIE world by copying editor world from /Game/Test1.Test1 to /Game/UEDPIE_0_Test1.Test1 (0.004050s)
[2017.06.15-05.51.00:779][660]LogInit: XAudio2 using 'Speakers (Sound Blaster Recon3Di)' : 2 channels at 48 kHz using 32 bits per sample (channel mask 0x3)
[2017.06.15-05.51.00:787][660]LogInit: FAudioDevice initialized.
[2017.06.15-05.51.00:819][660]LogLoad: Game class is 'H2O_DefaultGameMode_C'
[2017.06.15-05.51.00:822][660]LogWorld: Bringing World /Game/UEDPIE_0_Test1.Test1 up for play (max tick rate 60) at 2017.06.15-15.51.00
[2017.06.15-05.51.00:822][660]LogWorld: Bringing up level for play took: 0.000846
[2017.06.15-05.51.00:823][660]LogSpawn:Warning: SpawnActor failed because no class was specified
[2017.06.15-05.51.00:825][660]PIE: Info Play in editor start time for /Game/UEDPIE_0_Test1 -0.261
[2017.06.15-05.51.03:293][808]LogBlueprintUserMessages: [H2O_Default_ThirdPersonCharacter_C_0] Shoot
[2017.06.15-05.51.04:094][856]LogBlueprintUserMessages: [H2O_Default_ThirdPersonCharacter_C_0] Shoot
[2017.06.15-05.51.04:260][866]LogBlueprintUserMessages: [H2O_Default_ThirdPersonCharacter_C_0] Shoot
[2017.06.15-05.51.14:545][483]LogBlueprintUserMessages: [H2O_Default_ThirdPersonCharacter_C_0] Reload / Pumping Gun
[2017.06.15-05.51.14:878][503]LogBlueprintUserMessages: [H2O_Default_ThirdPersonCharacter_C_0] Shoot
[2017.06.15-05.51.15:445][537]LogBlueprintUserMessages: [H2O_Default_ThirdPersonCharacter_C_0] Grenade
[2017.06.15-05.51.16:246][585]LogBlueprintUserMessages: [H2O_Default_ThirdPersonCharacter_C_0] Shoot
[2017.06.15-05.51.16:280][587]LogBlueprintUserMessages: [H2O_Default_ThirdPersonCharacter_C_0] Reload / Pumping Gun
[2017.06.15-05.51.19:930][806]LogBlueprintUserMessages: [H2O_Default_ThirdPersonCharacter_C_0] Shoot
[2017.06.15-05.51.22:197][942]LogBlueprintUserMessages: [H2O_Default_ThirdPersonCharacter_C_0] Grenade
[2017.06.15-05.51.24:065][ 54]LogBlueprintUserMessages: [H2O_Default_ThirdPersonCharacter_C_0] Shoot
[2017.06.15-05.51.24:365][ 72]LogBlueprintUserMessages: [H2O_Default_ThirdPersonCharacter_C_0] Shoot
[2017.06.15-05.51.24:531][ 82]LogBlueprintUserMessages: [H2O_Default_ThirdPersonCharacter_C_0] Shoot
[2017.06.15-05.51.24:665][ 90]LogBlueprintUserMessages: [H2O_Default_ThirdPersonCharacter_C_0] Shoot
[2017.06.15-05.51.25:164][120]LogBlueprintUserMessages: [H2O_Default_ThirdPersonCharacter_C_0] Shoot
[2017.06.15-05.51.25:381][133]LogBlueprintUserMessages: [H2O_Default_ThirdPersonCharacter_C_0] Shoot
[2017.06.15-05.51.25:581][145]LogBlueprintUserMessages: [H2O_Default_ThirdPersonCharacter_C_0] Shoot
[2017.06.15-05.51.26:265][186]LogBlueprintUserMessages: [H2O_Default_ThirdPersonCharacter_C_0] Shoot
[2017.06.15-05.51.26:448][197]LogBlueprintUserMessages: [H2O_Default_ThirdPersonCharacter_C_0] Shoot
[2017.06.15-05.51.26:631][208]LogBlueprintUserMessages: [H2O_Default_ThirdPersonCharacter_C_0] Shoot
[2017.06.15-05.51.26:831][220]LogBlueprintUserMessages: [H2O_Default_ThirdPersonCharacter_C_0] Shoot
[2017.06.15-05.51.27:015][231]LogBlueprintUserMessages: [H2O_Default_ThirdPersonCharacter_C_0] Shoot
[2017.06.15-05.51.27:532][262]LogBlueprintUserMessages: [H2O_Default_ThirdPersonCharacter_C_0] Shoot
[2017.06.15-05.51.27:732][274]LogBlueprintUserMessages: [H2O_Default_ThirdPersonCharacter_C_0] Shoot
[2017.06.15-05.51.28:132][298]LogBlueprintUserMessages: [H2O_Default_ThirdPersonCharacter_C_0] Shoot
[2017.06.15-05.51.28:349][311]LogBlueprintUserMessages: [H2O_Default_ThirdPersonCharacter_C_0] Shoot
[2017.06.15-05.51.28:682][331]LogBlueprintUserMessages: [H2O_Default_ThirdPersonCharacter_C_0] Shoot
[2017.06.15-05.51.29:149][359]LogBlueprintUserMessages: [H2O_Default_ThirdPersonCharacter_C_0] Shoot
[2017.06.15-05.51.29:649][389]LogBlueprintUserMessages: [H2O_Default_ThirdPersonCharacter_C_0] Shoot
[2017.06.15-05.51.30:465][438]LogBlueprintUserMessages: [H2O_Default_ThirdPersonCharacter_C_0] Shoot
[2017.06.15-05.51.30:699][452]LogBlueprintUserMessages: [H2O_Default_ThirdPersonCharacter_C_0] Shoot
[2017.06.15-05.51.30:899][464]LogBlueprintUserMessages: [H2O_Default_ThirdPersonCharacter_C_0] Shoot
[2017.06.15-05.51.31:765][516]LogBlueprintUserMessages: [H2O_Default_ThirdPersonCharacter_C_0] Shoot
[2017.06.15-05.51.31:999][530]LogBlueprintUserMessages: [H2O_Default_ThirdPersonCharacter_C_0] Shoot
[2017.06.15-05.51.32:216][543]LogBlueprintUserMessages: [H2O_Default_ThirdPersonCharacter_C_0] Shoot
[2017.06.15-05.51.33:183][601]LogBlueprintUserMessages: [H2O_Default_ThirdPersonCharacter_C_0] Shoot
[2017.06.15-05.51.33:399][614]LogBlueprintUserMessages: [H2O_Default_ThirdPersonCharacter_C_0] Shoot
[2017.06.15-05.51.33:649][629]LogBlueprintUserMessages: [H2O_Default_ThirdPersonCharacter_C_0] Shoot
[2017.06.15-05.51.33:865][642]LogBlueprintUserMessages: [H2O_Default_ThirdPersonCharacter_C_0] Shoot
[2017.06.15-05.51.35:600][746]LogBlueprintUserMessages: [H2O_Default_ThirdPersonCharacter_C_0] Shoot
[2017.06.15-05.51.35:833][760]LogBlueprintUserMessages: [H2O_Default_ThirdPersonCharacter_C_0] Shoot
[2017.06.15-05.51.36:099][776]LogBlueprintUserMessages: [H2O_Default_ThirdPersonCharacter_C_0] Shoot
[2017.06.15-05.51.36:332][790]LogBlueprintUserMessages: [H2O_Default_ThirdPersonCharacter_C_0] Shoot
[2017.06.15-05.51.36:566][804]LogBlueprintUserMessages: [H2O_Default_ThirdPersonCharacter_C_0] Shoot
[2017.06.15-05.51.36:933][826]LogBlueprintUserMessages: [H2O_Default_ThirdPersonCharacter_C_0] Shoot
[2017.06.15-05.51.37:233][844]LogBlueprintUserMessages: [H2O_Default_ThirdPersonCharacter_C_0] Shoot
[2017.06.15-05.51.37:433][856]LogBlueprintUserMessages: [H2O_Default_ThirdPersonCharacter_C_0] Shoot
[2017.06.15-05.51.37:783][877]LogBlueprintUserMessages: [H2O_Default_ThirdPersonCharacter_C_0] Shoot
[2017.06.15-05.51.42:739][156]Cmd: QUIT_EDITOR
[2017.06.15-05.51.43:016][156]LogWindowsTextInputMethodSystem:Display: IME system now deactivated.
[2017.06.15-05.51.43:029][156]LogExit: Preparing to exit.
[2017.06.15-05.51.44:195][156]LogExit: Editor shut down
[2017.06.15-05.51.44:200][156]LogExit: Transaction tracking system shut down
[2017.06.15-05.51.44:264][156]LogObj: Freed 0b from 0 cluster array pools.
[2017.06.15-05.51.44:264][156]LogExit: Object subsystem successfully closed.
[2017.06.15-05.51.44:291][156]LogD3D11RHI: Shutdown
[2017.06.15-05.51.44:291][156]LogD3D11RHI: CleanupD3DDevice
[2017.06.15-05.51.44:358][156]LogD3D11RHI: ~FD3D11DynamicRHI
[2017.06.15-05.51.44:377][156]LogModuleManager: Shutting down and abandoning module MovieSceneCapture (526)
[2017.06.15-05.51.44:377][156]LogModuleManager: Shutting down and abandoning module HierarchicalLODOutliner (524)
[2017.06.15-05.51.44:377][156]LogModuleManager: Shutting down and abandoning module CrashTracker (522)
[2017.06.15-05.51.44:377][156]LogModuleManager: Shutting down and abandoning module SceneOutliner (520)
[2017.06.15-05.51.44:377][156]LogModuleManager: Shutting down and abandoning module AddContentDialog (518)
[2017.06.15-05.51.44:378][156]LogDirectoryWatcher: A directory notification for 'C:/Program Files/Epic Games/UE_4.16/FeaturePacks/' was aborted.
[2017.06.15-05.51.44:378][156]LogModuleManager: Shutting down and abandoning module WidgetCarousel (517)
[2017.06.15-05.51.44:378][156]LogModuleManager: Shutting down and abandoning module EditorWidgets (514)
[2017.06.15-05.51.44:378][156]LogModuleManager: Shutting down and abandoning module CollectionManager (512)
[2017.06.15-05.51.44:378][156]LogDirectoryWatcher: A directory notification for 'D:/H2Owned_MajorProject2017-Repo/H2Owned_2017/Content/Collections/' was aborted.
[2017.06.15-05.51.44:378][156]LogDirectoryWatcher: A directory notification for 'D:/H2Owned_MajorProject2017-Repo/H2Owned_2017/Content/Developers/Cola/Collections/' was aborted.
[2017.06.15-05.51.44:378][156]LogDirectoryWatcher: A directory notification for 'D:/H2Owned_MajorProject2017-Repo/H2Owned_2017/Saved/Collections/' was aborted.
[2017.06.15-05.51.44:379][156]LogModuleManager: Shutting down and abandoning module StatsViewer (510)
[2017.06.15-05.51.44:379][156]LogModuleManager: Shutting down and abandoning module FoliageEdit (508)
[2017.06.15-05.51.44:379][156]LogModuleManager: Shutting down and abandoning module LandscapeEditor (506)
[2017.06.15-05.51.44:379][156]LogModuleManager: Shutting down and abandoning module MeshPaintMode (504)
[2017.06.15-05.51.44:379][156]LogModuleManager: Shutting down and abandoning module SceneDepthPickerMode (502)
[2017.06.15-05.51.44:379][156]LogModuleManager: Shutting down and abandoning module ActorPickerMode (500)
[2017.06.15-05.51.44:379][156]LogModuleManager: Shutting down and abandoning module GeometryMode (498)
[2017.06.15-05.51.44:379][156]LogModuleManager: Shutting down and abandoning module TextureAlignMode (496)
[2017.06.15-05.51.44:379][156]LogModuleManager: Shutting down and abandoning module BspMode (494)
[2017.06.15-05.51.44:379][156]LogModuleManager: Shutting down and abandoning module HardwareSurvey (492)
[2017.06.15-05.51.44:379][156]LogModuleManager: Shutting down and abandoning module SequenceRecorderSections (490)
[2017.06.15-05.51.44:379][156]LogModuleManager: Shutting down and abandoning module AutomationWorker (488)
[2017.06.15-05.51.44:379][156]LogModuleManager: Shutting down and abandoning module MatineeToLevelSequence (486)
[2017.06.15-05.51.44:379][156]LogModuleManager: Shutting down and abandoning module LevelSequenceEditor (484)
[2017.06.15-05.51.44:380][156]LogModuleManager: Shutting down and abandoning module PlacementMode (483)
[2017.06.15-05.51.44:380][156]LogModuleManager: Shutting down and abandoning module WmfMediaFactory (480)
[2017.06.15-05.51.44:380][156]LogModuleManager: Shutting down and abandoning module WmfMediaEditor (478)
[2017.06.15-05.51.44:380][156]LogModuleManager: Shutting down and abandoning module AvfMediaFactory (476)
[2017.06.15-05.51.44:380][156]LogModuleManager: Shutting down and abandoning module AvfMediaEditor (474)
[2017.06.15-05.51.44:380][156]LogModuleManager: Shutting down and abandoning module AndroidMediaFactory (472)
[2017.06.15-05.51.44:380][156]LogModuleManager: Shutting down and abandoning module Media (471)
[2017.06.15-05.51.44:380][156]LogModuleManager: Shutting down and abandoning module AndroidMediaEditor (468)
[2017.06.15-05.51.44:380][156]LogModuleManager: Shutting down and abandoning module CharacterAI (466)
[2017.06.15-05.51.44:380][156]LogModuleManager: Shutting down and abandoning module AudioCapture (464)
[2017.06.15-05.51.44:380][156]LogModuleManager: Shutting down and abandoning module SequenceRecorder (463)
[2017.06.15-05.51.44:380][156]LogModuleManager: Shutting down and abandoning module SmartSnapping (460)
[2017.06.15-05.51.44:380][156]LogModuleManager: Shutting down and abandoning module SessionServices (458)
[2017.06.15-05.51.44:380][156]LogModuleManager: Shutting down and abandoning module ViewportSnapping (456)
[2017.06.15-05.51.44:380][156]LogModuleManager: Shutting down and abandoning module ViewportInteraction (454)
[2017.06.15-05.51.44:380][156]LogModuleManager: Shutting down and abandoning module ClothPainter (452)
[2017.06.15-05.51.44:381][156]LogModuleManager: Shutting down and abandoning module LogVisualizer (450)
[2017.06.15-05.51.44:381][156]LogModuleManager: Shutting down and abandoning module IntroTutorials (448)
[2017.06.15-05.51.44:381][156]LogModuleManager: Shutting down and abandoning module GameProjectGeneration (447)
[2017.06.15-05.51.44:383][156]LogModuleManager: Shutting down and abandoning module EditorLiveStreaming (444)
[2017.06.15-05.51.44:383][156]LogModuleManager: Shutting down and abandoning module IOSPlatformEditor (442)
[2017.06.15-05.51.44:383][156]LogModuleManager: Shutting down and abandoning module HTML5PlatformEditor (440)
[2017.06.15-05.51.44:383][156]LogModuleManager: Shutting down and abandoning module AndroidPlatformEditor (438)
[2017.06.15-05.51.44:383][156]LogModuleManager: Shutting down and abandoning module AndroidDeviceDetection (437)
[2017.06.15-05.51.44:980][156]LogModuleManager: Shutting down and abandoning module IOSRuntimeSettings (434)
[2017.06.15-05.51.44:980][156]LogModuleManager: Shutting down and abandoning module AndroidRuntimeSettings (432)
[2017.06.15-05.51.44:980][156]LogModuleManager: Shutting down and abandoning module InputBindingEditor (430)
[2017.06.15-05.51.44:981][156]LogModuleManager: Shutting down and abandoning module MergeActors (428)
[2017.06.15-05.51.44:981][156]LogModuleManager: Shutting down and abandoning module SizeMap (426)
[2017.06.15-05.51.44:981][156]LogModuleManager: Shutting down and abandoning module TreeMap (424)
[2017.06.15-05.51.44:982][156]LogModuleManager: Shutting down and abandoning module ReferenceViewer (422)
[2017.06.15-05.51.44:982][156]LogModuleManager: Shutting down and abandoning module LocalizationDashboard (420)
[2017.06.15-05.51.44:982][156]LogModuleManager: Shutting down and abandoning module LocalizationService (419)
[2017.06.15-05.51.44:982][156]LogModuleManager: Shutting down and abandoning module HardwareTargeting (416)
[2017.06.15-05.51.44:982][156]LogModuleManager: Shutting down and abandoning module DeviceProfileEditor (414)
[2017.06.15-05.51.44:982][156]LogModuleManager: Shutting down and abandoning module UndoHistory (412)
[2017.06.15-05.51.44:982][156]LogModuleManager: Shutting down and abandoning module UserFeedback (410)
[2017.06.15-05.51.44:982][156]LogModuleManager: Shutting down and abandoning module XmlParser (408)
[2017.06.15-05.51.44:983][156]LogModuleManager: Shutting down and abandoning module Blutility (406)
[2017.06.15-05.51.44:983][156]LogModuleManager: Shutting down and abandoning module ProjectSettingsViewer (404)
[2017.06.15-05.51.44:983][156]LogModuleManager: Shutting down and abandoning module ProjectTargetPlatformEditor (403)
[2017.06.15-05.51.44:983][156]LogModuleManager: Shutting down and abandoning module EditorSettingsViewer (400)
[2017.06.15-05.51.44:983][156]LogModuleManager: Shutting down and abandoning module SettingsEditor (398)
[2017.06.15-05.51.44:983][156]LogModuleManager: Shutting down and abandoning module ProjectLauncher (396)
[2017.06.15-05.51.44:983][156]LogModuleManager: Shutting down and abandoning module SessionFrontend (394)
[2017.06.15-05.51.44:984][156]LogModuleManager: Shutting down and abandoning module ProfilerClient (392)
[2017.06.15-05.51.44:985][156]LogModuleManager: Shutting down and abandoning module DeviceManager (390)
[2017.06.15-05.51.44:985][156]LogModuleManager: Shutting down and abandoning module TargetDeviceServices (389)
[2017.06.15-05.51.45:040][156]LogModuleManager: Shutting down and abandoning module AutomationController (386)
[2017.06.15-05.51.45:040][156]LogModuleManager: Shutting down and abandoning module AutomationWindow (384)
[2017.06.15-05.51.45:040][156]LogModuleManager: Shutting down and abandoning module Layers (382)
[2017.06.15-05.51.45:042][156]LogModuleManager: Shutting down and abandoning module ComponentVisualizers (380)
[2017.06.15-05.51.45:042][156]LogModuleManager: Shutting down and abandoning module DetailCustomizations (378)
[2017.06.15-05.51.45:042][156]LogModuleManager: Shutting down and abandoning module PackagesDialog (376)
[2017.06.15-05.51.45:042][156]LogModuleManager: Shutting down and abandoning module Persona (374)
[2017.06.15-05.51.45:043][156]LogModuleManager: Shutting down and abandoning module AdvancedPreviewScene (373)
[2017.06.15-05.51.45:043][156]LogModuleManager: Shutting down and abandoning module AnimGraph (371)
[2017.06.15-05.51.45:043][156]LogModuleManager: Shutting down and abandoning module Kismet (368)
[2017.06.15-05.51.45:043][156]LogModuleManager: Shutting down and abandoning module ClassViewer (366)
[2017.06.15-05.51.45:043][156]LogModuleManager: Shutting down and abandoning module Toolbox (364)
[2017.06.15-05.51.45:043][156]LogModuleManager: Shutting down and abandoning module ModuleUI (362)
[2017.06.15-05.51.45:044][156]LogModuleManager: Shutting down and abandoning module MovieSceneTools (360)
[2017.06.15-05.51.45:044][156]LogModuleManager: Shutting down and abandoning module OutputLog (358)
[2017.06.15-05.51.45:044][156]LogModuleManager: Shutting down and abandoning module GammaUI (356)
[2017.06.15-05.51.45:044][156]LogModuleManager: Shutting down and abandoning module Documentation (354)
[2017.06.15-05.51.45:044][156]LogModuleManager: Shutting down and abandoning module MovieSceneTracks (352)
[2017.06.15-05.51.45:044][156]LogModuleManager: Shutting down and abandoning module MovieScene (350)
[2017.06.15-05.51.45:044][156]LogModuleManager: Shutting down and abandoning module Niagara (348)
[2017.06.15-05.51.45:044][156]LogModuleManager: Shutting down and abandoning module NiagaraEditor (347)
[2017.06.15-05.51.45:044][156]LogModuleManager: Shutting down and abandoning module StreamingPauseRendering (344)
[2017.06.15-05.51.45:044][156]LogModuleManager: Shutting down and abandoning module AnalyticsET (342)
[2017.06.15-05.51.45:044][156]LogModuleManager: Shutting down and abandoning module PortalServices (340)
[2017.06.15-05.51.45:044][156]LogModuleManager: Shutting down and abandoning module PortalRpc (338)
[2017.06.15-05.51.45:044][156]LogModuleManager: Shutting down and abandoning module MessagingRpc (336)
[2017.06.15-05.51.45:044][156]LogModuleManager: Shutting down and abandoning module AIModule (334)
[2017.06.15-05.51.45:044][156]LogModuleManager: Shutting down and abandoning module GameplayDebugger (333)
[2017.06.15-05.51.45:044][156]LogModuleManager: Shutting down and abandoning module AITestSuite (331)
[2017.06.15-05.51.45:044][156]LogModuleManager: Shutting down and abandoning module ProfilerService (328)
[2017.06.15-05.51.45:206][156]LogModuleManager: Shutting down and abandoning module TaskGraph (326)
[2017.06.15-05.51.45:208][156]LogModuleManager: Shutting down and abandoning module SteamVRController (324)
[2017.06.15-05.51.45:208][156]LogModuleManager: Shutting down and abandoning module SteamVR (322)
[2017.06.15-05.51.45:208][156]LogModuleManager: Shutting down and abandoning module ProceduralMeshComponentEditor (320)
[2017.06.15-05.51.45:208][156]LogModuleManager: Shutting down and abandoning module ProceduralMeshComponent (318)
[2017.06.15-05.51.45:208][156]LogModuleManager: Shutting down and abandoning module OculusLibrary (316)
[2017.06.15-05.51.45:208][156]LogModuleManager: Shutting down and abandoning module OculusInput (314)
[2017.06.15-05.51.45:208][156]LogModuleManager: Shutting down and abandoning module MobilePatchingUtils (312)
[2017.06.15-05.51.45:208][156]LogModuleManager: Shutting down and abandoning module CustomMeshComponent (310)
[2017.06.15-05.51.45:208][156]LogModuleManager: Shutting down and abandoning module CableComponent (308)
[2017.06.15-05.51.45:208][156]LogModuleManager: Shutting down and abandoning module ArchVisCharacter (306)
[2017.06.15-05.51.45:208][156]LogModuleManager: Shutting down and abandoning module AndroidPermission (304)
[2017.06.15-05.51.45:208][156]LogModuleManager: Shutting down and abandoning module MediaPlayerEditor (300)
[2017.06.15-05.51.45:209][156]LogModuleManager: Shutting down and abandoning module HTML5Networking (298)
[2017.06.15-05.51.45:209][156]LogModuleManager: Shutting down and abandoning module AlembicImporter (296)
[2017.06.15-05.51.45:209][156]LogModuleManager: Shutting down and abandoning module AlembicLibrary (295)
[2017.06.15-05.51.45:209][156]LogModuleManager: Shutting down and abandoning module GeometryCache (294)
[2017.06.15-05.51.45:209][156]LogModuleManager: Shutting down and abandoning module GeometryCacheEd (293)
[2017.06.15-05.51.45:209][156]LogModuleManager: Shutting down and abandoning module SuperSearchEditor (288)
[2017.06.15-05.51.45:209][156]LogModuleManager: Shutting down and abandoning module SuperSearch (287)
[2017.06.15-05.51.45:209][156]LogModuleManager: Shutting down and abandoning module SpeedTreeImporter (284)
[2017.06.15-05.51.45:209][156]LogModuleManager: Shutting down and abandoning module PluginBrowser (282)
[2017.06.15-05.51.45:209][156]LogModuleManager: Shutting down and abandoning module MobileLauncherProfileWizard (280)
[2017.06.15-05.51.45:209][156]LogModuleManager: Shutting down and abandoning module VisualStudioSourceCodeAccess (278)
[2017.06.15-05.51.45:209][156]LogModuleManager: Shutting down and abandoning module DesktopPlatform (277)
[2017.06.15-05.51.45:209][156]LogModuleManager: Shutting down and abandoning module UObjectPlugin (274)
[2017.06.15-05.51.45:210][156]LogModuleManager: Shutting down and abandoning module SubversionSourceControl (272)
[2017.06.15-05.51.45:210][156]LogModuleManager: Shutting down and abandoning module PerforceSourceControl (270)
[2017.06.15-05.51.45:210][156]LogModuleManager: Shutting down and abandoning module GitSourceControl (268)
[2017.06.15-05.51.45:210][156]LogModuleManager: Shutting down and abandoning module SourceControl (267)
[2017.06.15-05.51.45:210][156]LogModuleManager: Shutting down and abandoning module LightPropagationVolumeEditor (264)
[2017.06.15-05.51.45:210][156]LogModuleManager: Shutting down and abandoning module PaperTiledImporter (262)
[2017.06.15-05.51.45:210][156]LogModuleManager: Shutting down and abandoning module PaperSpriteSheetImporter (260)
[2017.06.15-05.51.45:210][156]LogModuleManager: Shutting down and abandoning module Paper2DEditor (258)
[2017.06.15-05.51.45:210][156]LogModuleManager: Shutting down and abandoning module MeshPaint (257)
[2017.06.15-05.51.45:210][156]LogModuleManager: Shutting down and abandoning module LevelEditor (255)
[2017.06.15-05.51.45:210][156]LogModuleManager: Shutting down and abandoning module PixelInspectorModule (254)
[2017.06.15-05.51.45:210][156]LogModuleManager: Shutting down and abandoning module MainFrame (252)
[2017.06.15-05.51.45:210][156]LogModuleManager: Shutting down and abandoning module HotReload (251)
[2017.06.15-05.51.45:211][156]LogModuleManager: Shutting down and abandoning module PhysXVehiclesEditor (246)
[2017.06.15-05.51.45:211][156]LogModuleManager: Shutting down and abandoning module PhysXVehicles (244)
[2017.06.15-05.51.45:211][156]LogModuleManager: Shutting down and abandoning module LocationServicesBPLibrary (242)
[2017.06.15-05.51.45:211][156]LogModuleManager: Shutting down and abandoning module ImmediatePhysicsEditor (240)
[2017.06.15-05.51.45:211][156]LogModuleManager: Shutting down and abandoning module ImmediatePhysics (238)
[2017.06.15-05.51.45:211][156]LogModuleManager: Shutting down and abandoning module UdpMessaging (236)
[2017.06.15-05.51.45:312][156]LogModuleManager: Shutting down and abandoning module TcpMessaging (234)
[2017.06.15-05.51.45:412][156]LogModuleManager: Shutting down and abandoning module GameplayTagsEditor (232)
[2017.06.15-05.51.45:412][156]LogModuleManager: Shutting down and abandoning module FacialAnimationEditor (230)
[2017.06.15-05.51.45:412][156]LogModuleManager: Shutting down and abandoning module FacialAnimation (228)
[2017.06.15-05.51.45:412][156]LogModuleManager: Shutting down and abandoning module AssetManagerEditor (226)
[2017.06.15-05.51.45:412][156]LogModuleManager: Shutting down and abandoning module GraphEditor (225)
[2017.06.15-05.51.45:414][156]LogModuleManager: Shutting down and abandoning module ContentBrowser (223)
[2017.06.15-05.51.45:415][156]LogModuleManager: Shutting down and abandoning module LightPropagationVolumeRuntime (220)
[2017.06.15-05.51.45:415][156]LogModuleManager: Shutting down and abandoning module Paper2D (218)
[2017.06.15-05.51.45:416][156]LogModuleManager: Shutting down and abandoning module WindowsMoviePlayer (216)
[2017.06.15-05.51.45:416][156]LogModuleManager: Shutting down and abandoning module WmfMedia (214)
[2017.06.15-05.51.45:416][156]LogModuleManager: Shutting down and abandoning module ClothingSystemEditor (212)
[2017.06.15-05.51.45:416][156]LogModuleManager: Shutting down and abandoning module ClothingSystemRuntime (210)
[2017.06.15-05.51.45:416][156]LogModuleManager: Shutting down and abandoning module MediaAssets (208)
[2017.06.15-05.51.45:417][156]LogModuleManager: Shutting down and abandoning module GameLiveStreaming (206)
[2017.06.15-05.51.45:417][156]LogModuleManager: Shutting down and abandoning module VREditor (204)
[2017.06.15-05.51.45:417][156]LogModuleManager: Shutting down and abandoning module StringTableEditor (202)
[2017.06.15-05.51.45:417][156]LogModuleManager: Shutting down and abandoning module GameplayTasksEditor (200)
[2017.06.15-05.51.45:417][156]LogModuleManager: Shutting down and abandoning module BehaviorTreeEditor (198)
[2017.06.15-05.51.45:417][156]LogModuleManager: Shutting down and abandoning module FunctionalTesting (196)
[2017.06.15-05.51.45:417][156]LogModuleManager: Shutting down and abandoning module CollisionAnalyzer (194)
[2017.06.15-05.51.45:418][156]LogModuleManager: Shutting down and abandoning module UMG (192)
[2017.06.15-05.51.45:418][156]LogModuleManager: Shutting down and abandoning module UMGEditor (191)
[2017.06.15-05.51.45:418][156]LogModuleManager: Shutting down and abandoning module Sequencer (190)
[2017.06.15-05.51.45:418][156]LogModuleManager: Shutting down and abandoning module AssetTools (188)
[2017.06.15-05.51.45:420][156]LogModuleManager: Shutting down and abandoning module MessageLog (187)
[2017.06.15-05.51.45:420][156]LogModuleManager: Shutting down and abandoning module WorkspaceMenuStructure (186)
[2017.06.15-05.51.45:420][156]LogModuleManager: Shutting down and abandoning module SlateReflector (180)
[2017.06.15-05.51.45:420][156]LogModuleManager: Shutting down and abandoning module Slate (178)
[2017.06.15-05.51.45:420][156]LogModuleManager: Shutting down and abandoning module EditorStyle (176)
[2017.06.15-05.51.45:423][156]LogModuleManager: Shutting down and abandoning module SourceCodeAccess (174)
[2017.06.15-05.51.45:423][156]LogModuleManager: Shutting down and abandoning module HeadMountedDisplay (172)
[2017.06.15-05.51.45:423][156]LogModuleManager: Shutting down and abandoning module XAudio2 (170)
[2017.06.15-05.51.45:423][156]LogModuleManager: Shutting down and abandoning module Networking (168)
[2017.06.15-05.51.45:423][156]LogModuleManager: Shutting down and abandoning module Core (164)
[2017.06.15-05.51.45:423][156]LogModuleManager: Shutting down and abandoning module AssetRegistry (162)
[2017.06.15-05.51.45:498][156]LogDirectoryWatcher: A directory notification for '../../../Engine/Content/' was aborted.
[2017.06.15-05.51.45:498][156]LogDirectoryWatcher: A directory notification for 'D:/H2Owned_MajorProject2017-Repo/H2Owned_2017/Content/' was aborted.
[2017.06.15-05.51.45:498][156]LogDirectoryWatcher: A directory notification for '../../../Engine/Plugins/2D/Paper2D/Content/' was aborted.
[2017.06.15-05.51.45:498][156]LogDirectoryWatcher: A directory notification for '../../../Engine/Plugins/Runtime/GearVR/Content/' was aborted.
[2017.06.15-05.51.45:501][156]LogModuleManager: Shutting down and abandoning module DirectoryWatcher (161)
[2017.06.15-05.51.45:501][156]LogModuleManager: Shutting down and abandoning module KismetCompiler (158)
[2017.06.15-05.51.45:501][156]LogModuleManager: Shutting down and abandoning module LevelSequence (156)
[2017.06.15-05.51.45:501][156]LogModuleManager: Shutting down and abandoning module PhysXFormats (154)
[2017.06.15-05.51.45:501][156]LogModuleManager: Shutting down and abandoning module MeshUtilities (152)
[2017.06.15-05.51.45:501][156]LogModuleManager: Shutting down and abandoning module SimplygonSwarm (151)
[2017.06.15-05.51.45:501][156]LogModuleManager: Shutting down and abandoning module SimplygonMeshReduction (149)
[2017.06.15-05.51.45:501][156]LogModuleManager: Shutting down and abandoning module QuadricMeshReduction (147)
[2017.06.15-05.51.45:501][156]LogModuleManager: Shutting down and abandoning module DerivedDataCache (144)
[2017.06.15-05.51.45:594][156]LogDerivedDataCache: Shutdown
[2017.06.15-05.51.45:594][156]LogModuleManager: Shutting down and abandoning module TargetPlatform (142)
[2017.06.15-05.51.45:594][156]LogModuleManager: Shutting down and abandoning module VulkanShaderFormat (141)
[2017.06.15-05.51.45:594][156]LogModuleManager: Shutting down and abandoning module ShaderFormatVectorVM (139)
[2017.06.15-05.51.45:596][156]LogModuleManager: Shutting down and abandoning module ShaderFormatOpenGL (137)
[2017.06.15-05.51.45:596][156]LogModuleManager: Shutting down and abandoning module ShaderFormatD3D (135)
[2017.06.15-05.51.45:596][156]LogModuleManager: Shutting down and abandoning module MetalShaderFormat (133)
[2017.06.15-05.51.45:597][156]LogModuleManager: Shutting down and abandoning module TextureFormatUncompressed (131)
[2017.06.15-05.51.45:597][156]LogModuleManager: Shutting down and abandoning module TextureFormatPVR (129)
[2017.06.15-05.51.45:597][156]LogModuleManager: Shutting down and abandoning module TextureFormatDXT (127)
[2017.06.15-05.51.45:597][156]LogModuleManager: Shutting down and abandoning module TextureFormatIntelISPCTexComp (125)
[2017.06.15-05.51.45:597][156]LogModuleManager: Shutting down and abandoning module TextureFormatASTC (123)
[2017.06.15-05.51.45:597][156]LogModuleManager: Shutting down and abandoning module ImageWrapper (122)
[2017.06.15-05.51.45:597][156]LogModuleManager: Shutting down and abandoning module TextureFormatAndroid (119)
[2017.06.15-05.51.45:597][156]LogModuleManager: Shutting down and abandoning module AudioFormatOpus (117)
[2017.06.15-05.51.45:597][156]LogModuleManager: Shutting down and abandoning module AudioFormatOgg (115)
[2017.06.15-05.51.45:597][156]LogModuleManager: Shutting down and abandoning module AudioFormatADPCM (113)
[2017.06.15-05.51.45:597][156]LogModuleManager: Shutting down and abandoning module LinuxTargetPlatform (111)
[2017.06.15-05.51.45:597][156]LogModuleManager: Shutting down and abandoning module LinuxServerTargetPlatform (109)
[2017.06.15-05.51.45:597][156]LogModuleManager: Shutting down and abandoning module LinuxNoEditorTargetPlatform (107)
[2017.06.15-05.51.45:597][156]LogModuleManager: Shutting down and abandoning module LinuxClientTargetPlatform (105)
[2017.06.15-05.51.45:597][156]LogModuleManager: Shutting down and abandoning module TVOSTargetPlatform (103)
[2017.06.15-05.51.45:597][156]LogModuleManager: Shutting down and abandoning module Messaging (101)
[2017.06.15-05.51.45:597][156]LogModuleManager: Shutting down and abandoning module IOSTargetPlatform (99)
[2017.06.15-05.51.45:597][156]LogModuleManager: Shutting down and abandoning module HTML5TargetPlatform (97)
[2017.06.15-05.51.45:597][156]LogModuleManager: Shutting down and abandoning module Android_PVRTCTargetPlatform (95)
[2017.06.15-05.51.45:597][156]LogModuleManager: Shutting down and abandoning module Android_MultiTargetPlatform (93)
[2017.06.15-05.51.45:597][156]LogModuleManager: Shutting down and abandoning module Android_ETC2TargetPlatform (91)
[2017.06.15-05.51.45:597][156]LogModuleManager: Shutting down and abandoning module Android_ETC1TargetPlatform (89)
[2017.06.15-05.51.45:597][156]LogModuleManager: Shutting down and abandoning module Android_DXTTargetPlatform (87)
[2017.06.15-05.51.45:597][156]LogModuleManager: Shutting down and abandoning module Android_ATCTargetPlatform (85)
[2017.06.15-05.51.45:597][156]LogModuleManager: Shutting down and abandoning module Android_ASTCTargetPlatform (83)
[2017.06.15-05.51.45:597][156]LogModuleManager: Shutting down and abandoning module AndroidTargetPlatform (81)
[2017.06.15-05.51.45:597][156]LogModuleManager: Shutting down and abandoning module WindowsTargetPlatform (79)
[2017.06.15-05.51.45:597][156]LogModuleManager: Shutting down and abandoning module WindowsServerTargetPlatform (77)
[2017.06.15-05.51.45:597][156]LogModuleManager: Shutting down and abandoning module WindowsNoEditorTargetPlatform (75)
[2017.06.15-05.51.45:597][156]LogModuleManager: Shutting down and abandoning module WindowsClientTargetPlatform (73)
[2017.06.15-05.51.45:597][156]LogModuleManager: Shutting down and abandoning module MacTargetPlatform (71)
[2017.06.15-05.51.45:597][156]LogModuleManager: Shutting down and abandoning module MacServerTargetPlatform (69)
[2017.06.15-05.51.45:597][156]LogModuleManager: Shutting down and abandoning module MacNoEditorTargetPlatform (67)
[2017.06.15-05.51.45:597][156]LogModuleManager: Shutting down and abandoning module MacClientTargetPlatform (65)
[2017.06.15-05.51.45:597][156]LogModuleManager: Shutting down and abandoning module AllDesktopTargetPlatform (63)
[2017.06.15-05.51.45:597][156]LogModuleManager: Shutting down and abandoning module InputCore (60)
[2017.06.15-05.51.45:597][156]LogModuleManager: Shutting down and abandoning module Settings (58)
[2017.06.15-05.51.45:597][156]LogModuleManager: Shutting down and abandoning module OculusRift (56)
[2017.06.15-05.51.45:597][156]LogModuleManager: Shutting down and abandoning module GearVRController (54)
[2017.06.15-05.51.45:597][156]LogModuleManager: Shutting down and abandoning module GearVR (52)
[2017.06.15-05.51.45:597][156]LogModuleManager: Shutting down and abandoning module ExampleDeviceProfileSelector (50)
[2017.06.15-05.51.45:597][156]LogModuleManager: Shutting down and abandoning module OnlineBlueprintSupport (48)
[2017.06.15-05.51.45:597][156]LogModuleManager: Shutting down and abandoning module OnlineSubsystem (44)
[2017.06.15-05.51.45:597][156]LogOnline:Display: Unloading online subsystem: NULL
[2017.06.15-05.51.45:598][156]LogModuleManager: Shutting down and abandoning module XMPP (43)
[2017.06.15-05.51.45:598][156]LogModuleManager: Shutting down and abandoning module HTTP (41)
[2017.06.15-05.51.45:598][156]LogHttp:Display: Http module shutting down, but needs to wait on 1 outstanding Http requests:
[2017.06.15-05.51.45:598][156]LogHttp:Display: 	verb=[POST] url=[https://datarouter.ol.epicgames.com/datarouter/api/v1/public/data?SessionID=%7B09C0CFC5-47B9-8942-B96A-62A491221EAB%7D&AppID=UEEditor.Rocket.Release&AppVersion=4.16.1-3466753%2B%2B%2BUE4%2BRelease-4.16&UserID=57604ec6445af2ebbfa1649892542233%7Ce4273a936e1d4ff49d132d0f3f4ae042%7Cfddd16a5-1a87-489a-85cf-db1f739d3a23&AppEnvironment=datacollector-binary&UploadType=eteventstream] status=Processing
[2017.06.15-05.51.45:625][156]LogModuleManager: Shutting down and abandoning module SSL (40)
[2017.06.15-05.51.45:626][156]LogModuleManager: Shutting down and abandoning module HTTPChunkInstaller (36)
[2017.06.15-05.51.45:627][156]LogModuleManager: Shutting down and abandoning module AnimationModifiers (34)
[2017.06.15-05.51.45:627][156]LogModuleManager: Shutting down and abandoning module PropertyEditor (33)
[2017.06.15-05.51.45:627][156]LogModuleManager: Shutting down and abandoning module AudioEditor (30)
[2017.06.15-05.51.45:627][156]LogModuleManager: Shutting down and abandoning module TextureCompressor (28)
[2017.06.15-05.51.45:627][156]LogModuleManager: Shutting down and abandoning module ShaderCore (26)
[2017.06.15-05.51.45:627][156]LogModuleManager: Shutting down and abandoning module Landscape (24)
[2017.06.15-05.51.45:627][156]LogModuleManager: Shutting down and abandoning module SlateRHIRenderer (22)
[2017.06.15-05.51.45:628][156]LogModuleManager: Shutting down and abandoning module OpenGLDrv (20)
[2017.06.15-05.51.45:629][156]LogModuleManager: Shutting down and abandoning module D3D11RHI (18)
[2017.06.15-05.51.45:629][156]LogModuleManager: Shutting down and abandoning module AnimGraphRuntime (16)
[2017.06.15-05.51.45:629][156]LogModuleManager: Shutting down and abandoning module Renderer (14)
[2017.06.15-05.51.45:629][156]LogModuleManager: Shutting down and abandoning module Engine (12)
[2017.06.15-05.51.45:629][156]LogModuleManager: Shutting down and abandoning module CoreUObject (10)
[2017.06.15-05.51.45:629][156]LogModuleManager: Shutting down and abandoning module NetworkFile (8)
[2017.06.15-05.51.45:629][156]LogModuleManager: Shutting down and abandoning module StreamingFile (6)
[2017.06.15-05.51.45:629][156]LogModuleManager: Shutting down and abandoning module SandboxFile (4)
[2017.06.15-05.51.45:629][156]LogModuleManager: Shutting down and abandoning module PakFile (2)
[2017.06.15-05.51.45:631][156]LogExit: Exiting.
[2017.06.15-05.51.45:642][156]Log file closed, 06/15/17 15:51:45
