Log file open, 06/19/17 13:58:46
LogInit:Display: Running engine for game: H2Owned_2017
LogPlatformFile: Not using cached read wrapper
LogInit:Display: RandInit(1470730777) SRandInit(1470730777).
LogTaskGraph: Started task graph with 5 named threads and 8 total threads with 1 sets of task threads.
LogStats: Stats thread started at 0.705602
LogInit: Using libcurl 7.47.1
LogInit:  - built for x86_64-pc-win32
LogInit:  - supports SSL with OpenSSL/1.0.2g
LogInit:  - supports HTTP deflate (compression) using libz 1.2.8
LogInit:  - other features:
LogInit:      CURL_VERSION_SSL
LogInit:      CURL_VERSION_LIBZ
LogInit:      CURL_VERSION_IPV6
LogInit:      CURL_VERSION_ASYNCHDNS
LogInit:      CURL_VERSION_LARGEFILE
LogInit:      CURL_VERSION_IDN
LogInit:  CurlRequestOptions (configurable via config and command line):
LogInit:  - bVerifyPeer = false  - Libcurl will NOT verify peer certificate
LogInit:  - bUseHttpProxy = false  - Libcurl will NOT use HTTP proxy
LogInit:  - bDontReuseConnections = false  - Libcurl will reuse connections
LogInit:  - CertBundlePath = nullptr  - Libcurl will use whatever was configured at build time.
LogInit: Build: ++UE4+Release-4.16-CL-3466753
LogInit: Engine Version: 4.16.1-3466753+++UE4+Release-4.16
LogInit: Compatible Engine Version: 4.16.0-3452394+++UE4+Release-4.16
LogInit: Net CL: 3452394
LogDevObjectVersion: Number of dev versions registered: 16
LogDevObjectVersion:   Dev-Blueprints (B0D832E4-1F89-4F0D-ACCF-7EB736FD4AA2): 9
LogDevObjectVersion:   Dev-Build (E1C64328-A22C-4D53-A36C-8E866417BD8C): 0
LogDevObjectVersion:   Dev-Core (375EC13C-06E4-48FB-B500-84F0262A717E): 2
LogDevObjectVersion:   Dev-Editor (E4B068ED-F494-42E9-A231-DA0B2E46BB41): 17
LogDevObjectVersion:   Dev-Framework (CFFC743F-43B0-4480-9391-14DF171D2073): 23
LogDevObjectVersion:   Dev-Mobile (B02B49B5-BB20-44E9-A304-32B752E40360): 0
LogDevObjectVersion:   Dev-Networking (A4E4105C-59A1-49B5-A7C5-40C4547EDFEE): 0
LogDevObjectVersion:   Dev-Online (39C831C9-5AE6-47DC-9A44-9C173E1C8E7C): 0
LogDevObjectVersion:   Dev-Physics (78F01B33-EBEA-4F98-B9B4-84EACCB95AA2): 0
LogDevObjectVersion:   Dev-Platform (6631380F-2D4D-43E0-8009-CF276956A95A): 0
LogDevObjectVersion:   Dev-Rendering (12F88B9F-8875-4AFC-A67C-D90C383ABD29): 15
LogDevObjectVersion:   Dev-Sequencer (7B5AE74C-D270-4C10-A958-57980B212A5A): 4
LogDevObjectVersion:   Dev-VR (D7296918-1DD6-4BDD-9DE2-64A83CC13884): 0
LogDevObjectVersion:   Dev-LoadTimes (C2A15278-BFE7-4AFE-6C17-90FF531DF755): 1
LogDevObjectVersion:   Private-Geometry (6EACA3D4-40EC-4CC1-B786-8BED09428FC5): 1
LogDevObjectVersion:   Dev-AnimPhys (29E575DD-E0A3-4627-9D10-D276232CDCEA): 3
LogInit: Compiled (64-bit): May 31 2017 02:03:30
LogInit: Compiled with Visual C++: 19.00.24215.01
LogInit: Build Configuration: Development
LogInit: Branch Name: ++UE4+Release-4.16
LogInit: Command line:  
LogInit: Base directory: C:/Program Files/Epic Games/UE_4.16/Engine/Binaries/Win64/
LogInit: Installed Engine Build: 1
LogInit: Presizing for max 8388607 objects, including 0 objects not considered by GC, pre-allocating 0 bytes for permanent pool.
LogInit: Object subsystem initialized
[2017.06.19-03.58.47:098][  0]LogInit: Selected Device Profile: [Windows]
[2017.06.19-03.58.47:098][  0]LogInit: Applying CVar settings loaded from the selected device profile: [Windows]
[2017.06.19-03.58.47:130][  0]LogInit: Computer: COLA-ALIENWARE
[2017.06.19-03.58.47:130][  0]LogInit: User: Cola
[2017.06.19-03.58.47:130][  0]LogInit: CPU Page size=4096, Cores=4
[2017.06.19-03.58.47:130][  0]LogInit: High frequency timer resolution =2.531252 MHz
[2017.06.19-03.58.47:131][  0]LogMemory: Memory total: Physical=31.9GB (32GB approx)
[2017.06.19-03.58.47:131][  0]LogMemory: Platform Memory Stats for Windows
[2017.06.19-03.58.47:131][  0]LogMemory: Process Physical Memory: 273.92 MB used, 273.92 MB peak
[2017.06.19-03.58.47:131][  0]LogMemory: Process Virtual Memory: 260.88 MB used, 260.88 MB peak
[2017.06.19-03.58.47:131][  0]LogMemory: Physical Memory: 9223.14 MB used,  23412.35 MB free, 32635.48 MB total
[2017.06.19-03.58.47:131][  0]LogMemory: Virtual Memory: 638.44 MB used,  23412.35 MB free, 134217728.00 MB total
[2017.06.19-03.58.47:449][  0]LogInit: Using OS detected language (en-US).
[2017.06.19-03.58.47:450][  0]LogInit: Using OS detected locale (en-AU).
[2017.06.19-03.58.47:504][  0]LogTextLocalizationManager: No specific localization for 'en-US' exists, so the 'en' localization will be used.
[2017.06.19-03.58.50:902][  0]LogD3D11RHI: D3D11 adapters:
[2017.06.19-03.58.50:948][  0]LogD3D11RHI:    0. 'NVIDIA GeForce GTX 980M' (Feature Level 11_0)
[2017.06.19-03.58.50:948][  0]LogD3D11RHI:       8153/0/16317 MB DedicatedVideo/DedicatedSystem/SharedSystem, Outputs:1, VendorId:0x10de
[2017.06.19-03.58.50:956][  0]LogD3D11RHI:    1. 'Intel(R) HD Graphics 530' (Feature Level 11_0)
[2017.06.19-03.58.50:956][  0]LogD3D11RHI:       128/0/16317 MB DedicatedVideo/DedicatedSystem/SharedSystem, Outputs:0, VendorId:0x8086
[2017.06.19-03.58.50:958][  0]LogD3D11RHI:    2. 'Microsoft Basic Render Driver' (Feature Level 11_0)
[2017.06.19-03.58.50:958][  0]LogD3D11RHI:       0/0/16317 MB DedicatedVideo/DedicatedSystem/SharedSystem, Outputs:0, VendorId:0x1414
[2017.06.19-03.58.50:958][  0]LogD3D11RHI: Chosen D3D11 Adapter: 0
[2017.06.19-03.58.50:968][  0]LogD3D11RHI: Creating new Direct3DDevice
[2017.06.19-03.58.50:968][  0]LogD3D11RHI:     GPU DeviceId: 0x13d7 (for the marketing name, search the web for "GPU Device Id")
[2017.06.19-03.58.50:968][  0]LogWindows: EnumDisplayDevices:
[2017.06.19-03.58.50:968][  0]LogWindows:    0. 'Intel(R) HD Graphics 530' (P:1 D:1)
[2017.06.19-03.58.50:968][  0]LogWindows:    1. 'Intel(R) HD Graphics 530' (P:0 D:0)
[2017.06.19-03.58.50:968][  0]LogWindows:    2. 'Intel(R) HD Graphics 530' (P:0 D:0)
[2017.06.19-03.58.50:969][  0]LogWindows:    3. 'NVIDIA GeForce GTX 980M' (P:0 D:0)
[2017.06.19-03.58.50:969][  0]LogWindows: DebugString: PrimaryIsNotTheChoosenAdapter PrimaryIsNotTheChoosenAdapter PrimaryIsNotTheChoosenAdapter 
[2017.06.19-03.58.50:969][  0]LogD3D11RHI:     Adapter Name: NVIDIA GeForce GTX 980M
[2017.06.19-03.58.50:969][  0]LogD3D11RHI:   Driver Version: 382.33 (internal:22.21.13.8233, unified:382.33)
[2017.06.19-03.58.50:969][  0]LogD3D11RHI:      Driver Date: 5-17-2017
[2017.06.19-03.58.50:969][  0]LogRHI: Texture pool is 1361 MB (70% of 1945 MB)
[2017.06.19-03.58.51:004][  0]LogD3D11RHI: Async texture creation enabled
[2017.06.19-03.58.51:032][  0]LogD3D11RHI: GPU Timing Frequency: 1000.000000 (Debug: 2 1)
[2017.06.19-03.58.51:040][  0]LogShaderCompilers: Guid format shader working directory is 0 characters bigger than the processId version (D:/H2Owned_MajorProject2017-Repo/H2Owned_2017/Intermediate/Shaders/WorkingDirectory/9444/).
[2017.06.19-03.58.51:040][  0]LogShaderCompilers: Cleaned the shader compiler working directory 'C:/Users/Cola/AppData/Local/Temp/UnrealShaderWorkingDir/54B7748D46384CC93F5DA99CA134A255/'.
[2017.06.19-03.58.51:040][  0]LogShaderCompilers:Display: Using Local Shader Compiler.
[2017.06.19-03.58.53:389][  0]LogTemp:Display: Loaded TP AllDesktopTargetPlatform
[2017.06.19-03.58.53:460][  0]LogTemp:Display: Loaded TP MacClientTargetPlatform
[2017.06.19-03.58.53:520][  0]LogTemp:Display: Loaded TP MacNoEditorTargetPlatform
[2017.06.19-03.58.53:586][  0]LogTemp:Display: Loaded TP MacServerTargetPlatform
[2017.06.19-03.58.53:652][  0]LogTemp:Display: Loaded TP MacTargetPlatform
[2017.06.19-03.58.53:708][  0]LogTemp:Display: Loaded TP WindowsClientTargetPlatform
[2017.06.19-03.58.53:784][  0]LogTemp:Display: Loaded TP WindowsNoEditorTargetPlatform
[2017.06.19-03.58.53:854][  0]LogTemp:Display: Loaded TP WindowsServerTargetPlatform
[2017.06.19-03.58.53:922][  0]LogTemp:Display: Loaded TP WindowsTargetPlatform
[2017.06.19-03.58.53:993][  0]LogTemp:Display: Loaded TP AndroidTargetPlatform
[2017.06.19-03.58.54:056][  0]LogTemp:Display: Loaded TP Android_ASTCTargetPlatform
[2017.06.19-03.58.54:112][  0]LogTemp:Display: Loaded TP Android_ATCTargetPlatform
[2017.06.19-03.58.54:167][  0]LogTemp:Display: Loaded TP Android_DXTTargetPlatform
[2017.06.19-03.58.54:228][  0]LogTemp:Display: Loaded TP Android_ETC1TargetPlatform
[2017.06.19-03.58.54:292][  0]LogTemp:Display: Loaded TP Android_ETC2TargetPlatform
[2017.06.19-03.58.54:408][  0]LogTemp:Display: Loaded TP Android_MultiTargetPlatform
[2017.06.19-03.58.54:408][  0]LogTemp:Display: Loaded TP Android_PVRTCTargetPlatform
[2017.06.19-03.58.54:451][  0]LogTemp:Display: Loaded TP HTML5TargetPlatform
[2017.06.19-03.58.54:568][  0]LogTemp:Display: Loaded TP IOSTargetPlatform
[2017.06.19-03.58.54:602][  0]LogTemp:Display: Loaded TP TVOSTargetPlatform
[2017.06.19-03.58.54:660][  0]LogTemp:Display: Loaded TP LinuxClientTargetPlatform
[2017.06.19-03.58.54:715][  0]LogTemp:Display: Loaded TP LinuxNoEditorTargetPlatform
[2017.06.19-03.58.54:773][  0]LogTemp:Display: Loaded TP LinuxServerTargetPlatform
[2017.06.19-03.58.54:835][  0]LogTemp:Display: Loaded TP LinuxTargetPlatform
[2017.06.19-03.58.54:835][  0]LogTargetPlatformManager:Display: Building Assets For Windows
[2017.06.19-03.58.55:544][  0]LogDerivedDataCache:Display: Max Cache Size: 512 MB
[2017.06.19-03.58.55:848][  0]LogDerivedDataCache: Loaded boot cache 0.30s 90MB C:/Users/Cola/AppData/Local/UnrealEngine/4.16/DerivedDataCache/Boot.ddc.
[2017.06.19-03.58.55:848][  0]LogDerivedDataCache:Display: Loaded Boot cache: C:/Users/Cola/AppData/Local/UnrealEngine/4.16/DerivedDataCache/Boot.ddc
[2017.06.19-03.58.55:848][  0]LogDerivedDataCache: FDerivedDataBackendGraph:  Pak pak cache file D:/H2Owned_MajorProject2017-Repo/H2Owned_2017/DerivedDataCache/DDC.ddp not found, will not use a pak cache.
[2017.06.19-03.58.55:848][  0]LogDerivedDataCache: Unable to find inner node Pak for hierarchical cache Hierarchy.
[2017.06.19-03.58.55:848][  0]LogDerivedDataCache: FDerivedDataBackendGraph:  CompressedPak pak cache file D:/H2Owned_MajorProject2017-Repo/H2Owned_2017/DerivedDataCache/Compressed.ddp not found, will not use a pak cache.
[2017.06.19-03.58.55:848][  0]LogDerivedDataCache: Unable to find inner node CompressedPak for hierarchical cache Hierarchy.
[2017.06.19-03.58.55:876][  0]LogDerivedDataCache:Display: Pak cache opened for reading ../../../Engine/DerivedDataCache/Compressed.ddp.
[2017.06.19-03.58.55:889][  0]LogDerivedDataCache: Using Local data cache path C:/Users/Cola/AppData/Local/UnrealEngine/Common/DerivedDataCache: Writable
[2017.06.19-03.58.55:905][  0]LogMaterial: Verifying Global Shaders for PCD3D_SM5
[2017.06.19-03.58.55:910][  0]LogSlate: Using Freetype 2.6.0
[2017.06.19-03.58.55:928][  0]LogSlate: SlateFontCache - WITH_FREETYPE: 1, WITH_HARFBUZZ: 1
[2017.06.19-03.58.55:928][  0]LogSlate: SlateFontCache - WITH_FREETYPE: 1, WITH_HARFBUZZ: 1
[2017.06.19-03.58.56:897][  0]LogInit: Selected Device Profile: [Windows]
[2017.06.19-03.58.57:111][  0]LogContentStreaming: Texture pool size is 0.00 MB
[2017.06.19-03.58.57:367][  0]LogMeshUtilities: Using QuadricMeshReduction for automatic static mesh reduction
[2017.06.19-03.58.57:430][  0]LogSimplygon: Simplygon DLL not present - disabling.
[2017.06.19-03.58.57:491][  0]LogMeshUtilities: Using SimplygonSwarm for distributed automatic mesh merging
[2017.06.19-03.58.57:491][  0]LogMeshUtilities: No automatic skeletal mesh reduction module available
[2017.06.19-03.58.57:491][  0]LogMeshUtilities: No automatic mesh merging module available
[2017.06.19-03.58.59:021][  0]LogNetVersion: H2Owned_2017 , NetCL: 3452394, EngineNetVer: 2, GameNetVer: 0 (Checksum: 3695325218)
[2017.06.19-03.58.59:137][  0]LogAssetRegistry: FAssetRegistry took 0.0283 seconds to start up
[2017.06.19-03.58.59:245][  0]LogPackageLocalizationCache: Processed 4 localized package path(s) for 2 prioritized culture(s) in 0.074396 seconds
[2017.06.19-03.58.59:254][  0]LogUObjectArray: 34194 objects as part of root set at end of initial load.
[2017.06.19-03.58.59:254][  0]LogUObjectAllocator: 7260424 out of 0 bytes used by permanent object pool.
[2017.06.19-03.58.59:254][  0]LogUObjectArray: CloseDisregardForGC: 0/0 objects in disregard for GC pool
[2017.06.19-03.58.59:351][  0]LogInit: WinSock: version 1.1 (2.2), MaxSocks=32767, MaxUdp=65467
[2017.06.19-03.59.04:778][  0]LogTcpMessaging: Initializing TcpMessaging bridge
[2017.06.19-03.59.04:826][  0]LogUdpMessaging: Initializing bridge on interface 0.0.0.0:0 to multicast group 230.0.0.1:6666.
[2017.06.19-03.59.05:626][  0]LogMaterial: Uniform references updated for custom material expression Custom.
[2017.06.19-03.59.06:338][  0]SourceControl: Info Source control is disabled
[2017.06.19-03.59.06:339][  0]SourceControl: Info Source control is disabled
[2017.06.19-03.59.06:404][  0]SourceControl: Info Source control is disabled
[2017.06.19-03.59.06:466][  0]SourceControl: Info Source control is disabled
[2017.06.19-03.59.07:340][  0]LogAndroidPermission: UAndroidPermissionCallbackProxy::GetInstance
[2017.06.19-03.59.08:107][  0]LogEngine: Initializing Engine...
[2017.06.19-03.59.08:108][  0]LogHMD: Failed to initialize OpenVR with code 110
[2017.06.19-03.59.08:528][  0]LogStats: UGameplayTagsManager::ConstructGameplayTagTree: Construct from data asset -  0.000 s
[2017.06.19-03.59.08:529][  0]LogStats: UGameplayTagsManager::ConstructGameplayTagTree: GameplayTagTreeChangedEvent.Broadcast -  0.000 s
[2017.06.19-03.59.08:710][  0]LogAIModule: Creating AISystem for world Untitled
[2017.06.19-03.59.08:727][  0]LogInit: XAudio2 using 'SONY TV  *00-4 (NVIDIA High Definition Audio)' : 2 channels at 48 kHz using 16 bits per sample (channel mask 0x3)
[2017.06.19-03.59.08:755][  0]LogInit: FAudioDevice initialized.
[2017.06.19-03.59.08:804][  0]LogDerivedDataCache: Saved boot cache 0.05s 90MB C:/Users/Cola/AppData/Local/UnrealEngine/4.16/DerivedDataCache/Boot.ddc.
[2017.06.19-03.59.08:819][  0]LogInit: Texture streaming: Enabled
[2017.06.19-03.59.08:941][  0]LogEngineSessionManager: EngineSessionManager initialized
[2017.06.19-03.59.09:250][  0]LogInit: Transaction tracking system initialized
[2017.06.19-03.59.09:693][  0]BlueprintLog: New page: Editor Load
[2017.06.19-03.59.10:973][  0]LocalizationService: Info Localization service is disabled
[2017.06.19-03.59.11:855][  0]LogConsoleResponse:Display: 
[2017.06.19-03.59.12:284][  0]LogCook:Display: Max memory allowance for cook 16384mb min free memory 0mb
[2017.06.19-03.59.12:284][  0]LogCook:Display: Mobile HDR setting 1
[2017.06.19-03.59.13:178][  0]LogFileCache: Scanning file cache for directory 'D:/H2Owned_MajorProject2017-Repo/H2Owned_2017/Content/' took 0.02s
[2017.06.19-03.59.13:711][  0]SourceControl: Info Source control is disabled
[2017.06.19-03.59.13:713][  0]Cmd: MAP LOAD FILE="D:/H2Owned_MajorProject2017-Repo/H2Owned_2017/Content/StarterContent/Maps/Minimal_Default.umap" TEMPLATE=0 SHOWPROGRESS=1 FEATURELEVEL=3
[2017.06.19-03.59.13:753][  0]LightingResults: New page: Lighting Build
[2017.06.19-03.59.13:817][  0]MapCheck: New page: Map Check
[2017.06.19-03.59.13:817][  0]LightingResults: New page: Lighting Build
[2017.06.19-03.59.15:174][  0]LogAIModule: Creating AISystem for world Minimal_Default
[2017.06.19-03.59.15:215][  0]LogEditorServer: Finished looking for orphan Actors (0.000 secs)
[2017.06.19-03.59.15:242][  0]Cmd: MAP CHECKDEP NOCLEARLOG
[2017.06.19-03.59.15:322][  0]MapCheck: Info Map check complete: 0 Error(s), 0 Warning(s), took 80.317ms to complete.
[2017.06.19-03.59.15:322][  0]LogFileHelpers: Loading map 'Minimal_Default' took 1.609
[2017.06.19-03.59.15:612][  0]LogCollectionManager: Loaded 0 collections in 0.002162 seconds
[2017.06.19-03.59.15:743][  0]LogFileCache: Scanning file cache for directory 'D:/H2Owned_MajorProject2017-Repo/H2Owned_2017/Saved/Collections/' took 0.01s
[2017.06.19-03.59.15:743][  0]LogFileCache: Scanning file cache for directory 'D:/H2Owned_MajorProject2017-Repo/H2Owned_2017/Content/Developers/Cola/Collections/' took 0.01s
[2017.06.19-03.59.15:743][  0]LogFileCache: Scanning file cache for directory 'D:/H2Owned_MajorProject2017-Repo/H2Owned_2017/Content/Collections/' took 0.01s
[2017.06.19-03.59.15:743][  0]LogCollectionManager: Rebuilt the GUID cache for 0 collections in 0.000003 seconds
[2017.06.19-03.59.15:759][  0]LogContentBrowser: Native class hierarchy populated in 0.0145 seconds. Added 2329 classes and 491 folders.
[2017.06.19-03.59.15:885][  0]LogContentBrowser: Native class hierarchy updated for 'WidgetCarousel' in 0.0007 seconds. Added 0 classes and 0 folders.
[2017.06.19-03.59.16:299][  0]LogContentBrowser: Native class hierarchy updated for 'AddContentDialog' in 0.0006 seconds. Added 0 classes and 0 folders.
[2017.06.19-03.59.16:365][  0]LogContentBrowser: Native class hierarchy updated for 'SceneOutliner' in 0.0006 seconds. Added 1 classes and 2 folders.
[2017.06.19-03.59.16:470][  0]LogCrashTracker: Crashtracker disabled due to settings.
[2017.06.19-03.59.16:490][  0]LogSlate: Took 0.008608 seconds to synchronously load lazily loaded font '../../../Engine/Content/Slate/Fonts/Roboto-Regular.ttf' (155K)
[2017.06.19-03.59.16:499][  0]LogSlate: Took 0.007177 seconds to synchronously load lazily loaded font '../../../Engine/Content/Slate/Fonts/Roboto-Bold.ttf' (160K)
[2017.06.19-03.59.16:516][  0]LogSlate: Took 0.008556 seconds to synchronously load lazily loaded font '../../../Engine/Content/Editor/Slate/Fonts/FontAwesome.ttf' (139K)
[2017.06.19-03.59.16:724][  0]LogRenderer: Reallocating scene render targets to support 1320x612 NumSamples 1 (Frame:1).
[2017.06.19-03.59.16:893][  0]LogUObjectGlobals:Warning: Failed to find object 'Class None.'
[2017.06.19-03.59.16:975][  0]LogContentBrowser: Native class hierarchy updated for 'HierarchicalLODOutliner' in 0.0006 seconds. Added 1 classes and 2 folders.
[2017.06.19-03.59.16:975][  0]LogLoad: (Engine Initialization) Total time: 33.56 seconds
[2017.06.19-03.59.16:975][  0]LogLoad: (Engine Initialization) Total Blueprint compile time: 0.17 seconds
[2017.06.19-03.59.16:975][  0]LogExternalProfiler: Found external profiler: VSPerf
[2017.06.19-03.59.16:975][  0]LogExternalProfiler: Using external profiler: VSPerf
[2017.06.19-03.59.16:987][  0]LogWindowsTextInputMethodSystem:Display: IME system now deactivated.
[2017.06.19-03.59.16:988][  0]LogOcInput: OculusInput pre-init called
[2017.06.19-03.59.16:988][  0]LogHMD: Starting GearVRController plugin
[2017.06.19-03.59.17:009][  0]LogContentStreaming: Texture pool size now 1000 MB
[2017.06.19-03.59.17:087][  0]LogSlate: Took 0.006234 seconds to synchronously load lazily loaded font '../../../Engine/Content/Slate/Fonts/Roboto-Light.ttf' (159K)
[2017.06.19-03.59.17:174][  1]LogAssetRegistry: Asset discovery search completed in 18.0595 seconds
[2017.06.19-03.59.17:176][  1]LogCollectionManager: Rebuilt the object cache for 0 collections in 0.000001 seconds (found 0 objects)
[2017.06.19-03.59.17:176][  1]LogCollectionManager: Fixed up redirectors for 0 collections in 0.000024 seconds (updated 0 objects)
[2017.06.19-03.59.23:454][701]LogSlate: Took 0.000122 seconds to synchronously load lazily loaded font '../../../Engine/Content/Slate/Fonts/Roboto-Light.ttf' (159K)
[2017.06.19-03.59.23:499][701]LogAIModule: Creating AISystem for world Test1
[2017.06.19-03.59.23:519][701]Cmd: MAP LOAD FILE="D:/H2Owned_MajorProject2017-Repo/H2Owned_2017/Content/Test1.umap" TEMPLATE=0 SHOWPROGRESS=1 FEATURELEVEL=3
[2017.06.19-03.59.23:519][701]LightingResults: New page: Lighting Build
[2017.06.19-03.59.23:519][701]LoadErrors: New page: Loading map: Test1.umap
[2017.06.19-03.59.23:520][701]MapCheck: New page: Map Check
[2017.06.19-03.59.23:520][701]LightingResults: New page: Lighting Build
[2017.06.19-03.59.23:537][701]LogEditorServer: Finished looking for orphan Actors (0.000 secs)
[2017.06.19-03.59.23:568][701]Cmd: MAP CHECKDEP NOCLEARLOG
[2017.06.19-03.59.23:619][701]MapCheck: Info Map check complete: 0 Error(s), 0 Warning(s), took 50.776ms to complete.
[2017.06.19-03.59.23:619][701]LogFileHelpers: Loading map 'Test1' took 0.102
[2017.06.19-03.59.26:681][ 54]LogTemp: Repeting last play command: Selected Viewport
[2017.06.19-03.59.26:746][ 54]LogPlayLevel: PlayLevel: No blueprints needed recompiling
[2017.06.19-03.59.26:747][ 54]PIE: New page: PIE session: Test1 (19 Jun 2017 11:59:26 pm)
[2017.06.19-03.59.26:747][ 54]LogPlayLevel: Creating play world package: /Game/UEDPIE_0_Test1
[2017.06.19-03.59.26:751][ 54]LogPlayLevel: PIE: StaticDuplicateObject took: (0.003120s)
[2017.06.19-03.59.26:751][ 54]LogAIModule: Creating AISystem for world Test1
[2017.06.19-03.59.26:751][ 54]LogPlayLevel: PIE: World Init took: (0.000665s)
[2017.06.19-03.59.26:752][ 54]LogPlayLevel: PIE: Created PIE world by copying editor world from /Game/Test1.Test1 to /Game/UEDPIE_0_Test1.Test1 (0.004212s)
[2017.06.19-03.59.26:762][ 54]LogInit: XAudio2 using 'SONY TV  *00-4 (NVIDIA High Definition Audio)' : 2 channels at 48 kHz using 16 bits per sample (channel mask 0x3)
[2017.06.19-03.59.26:768][ 54]LogInit: FAudioDevice initialized.
[2017.06.19-03.59.27:219][ 54]LogLoad: Game class is 'H2O_DefaultGameMode_C'
[2017.06.19-03.59.27:223][ 54]LogWorld: Bringing World /Game/UEDPIE_0_Test1.Test1 up for play (max tick rate 0) at 2017.06.19-13.59.27
[2017.06.19-03.59.27:223][ 54]LogWorld: Bringing up level for play took: 0.000751
[2017.06.19-03.59.27:226][ 54]LogSpawn:Warning: SpawnActor failed because no class was specified
[2017.06.19-03.59.27:271][ 54]LogContentBrowser: Native class hierarchy updated for 'MovieSceneCapture' in 0.0006 seconds. Added 11 classes and 0 folders.
[2017.06.19-03.59.27:282][ 54]PIE: Info Play in editor start time for /Game/UEDPIE_0_Test1 0.204
[2017.06.19-03.59.28:653][213]Cmd: LevelEditor.ToggleImmersive
[2017.06.19-03.59.28:797][214]LogRenderer: Reallocating scene render targets to support 1484x728 NumSamples 1 (Frame:161).
[2017.06.19-03.59.28:846][215]LogRenderer: Reallocating scene render targets to support 1920x1040 NumSamples 1 (Frame:163).
[2017.06.19-03.59.30:993][448]LogBlueprintUserMessages: [H2O_Default_ThirdPersonCharacter_C_0] Shoot
[2017.06.19-03.59.31:739][527]LogBlueprintUserMessages: [H2O_Default_ThirdPersonCharacter_C_0] Shoot
[2017.06.19-03.59.32:399][599]LogBlueprintUserMessages: [H2O_Default_ThirdPersonCharacter_C_0] Shoot
[2017.06.19-03.59.33:098][675]LogBlueprintUserMessages: [H2O_Default_ThirdPersonCharacter_C_0] Shoot
[2017.06.19-03.59.33:649][735]LogBlueprintUserMessages: [H2O_Default_ThirdPersonCharacter_C_0] Shoot
[2017.06.19-03.59.34:206][796]LogBlueprintUserMessages: [H2O_Default_ThirdPersonCharacter_C_0] Shoot
[2017.06.19-03.59.34:502][828]LogBlueprintUserMessages: [H2O_Default_ThirdPersonCharacter_C_0] Shoot
[2017.06.19-03.59.34:723][852]LogBlueprintUserMessages: [H2O_Default_ThirdPersonCharacter_C_0] Shoot
[2017.06.19-03.59.34:948][876]LogBlueprintUserMessages: [H2O_Default_ThirdPersonCharacter_C_0] Shoot
[2017.06.19-03.59.35:227][906]LogBlueprintUserMessages: [H2O_Default_ThirdPersonCharacter_C_0] Shoot
[2017.06.19-03.59.35:460][931]LogBlueprintUserMessages: [H2O_Default_ThirdPersonCharacter_C_0] Shoot
[2017.06.19-03.59.35:679][954]LogBlueprintUserMessages: [H2O_Default_ThirdPersonCharacter_C_0] Shoot
[2017.06.19-03.59.35:827][969]LogBlueprintUserMessages: [H2O_Default_ThirdPersonCharacter_C_0] Shoot
[2017.06.19-03.59.36:193][  6]LogBlueprintUserMessages: [H2O_Default_ThirdPersonCharacter_C_0] Shoot
[2017.06.19-03.59.37:081][101]LogBlueprintUserMessages: [H2O_Default_ThirdPersonCharacter_C_0] Shoot
[2017.06.19-03.59.37:338][127]LogBlueprintUserMessages: [H2O_Default_ThirdPersonCharacter_C_0] Shoot
[2017.06.19-03.59.37:614][155]LogBlueprintUserMessages: [H2O_Default_ThirdPersonCharacter_C_0] Shoot
[2017.06.19-03.59.38:336][234]LogBlueprintUserMessages: [H2O_Default_ThirdPersonCharacter_C_0] Shoot
[2017.06.19-03.59.39:043][313]LogBlueprintUserMessages: [H2O_Default_ThirdPersonCharacter_C_0] Shoot
[2017.06.19-03.59.39:269][337]LogBlueprintUserMessages: [H2O_Default_ThirdPersonCharacter_C_0] Shoot
[2017.06.19-03.59.39:624][375]LogBlueprintUserMessages: [H2O_Default_ThirdPersonCharacter_C_0] Shoot
[2017.06.19-03.59.39:829][397]LogBlueprintUserMessages: [H2O_Default_ThirdPersonCharacter_C_0] Shoot
[2017.06.19-03.59.41:083][539]LogBlueprintUserMessages: [H2O_Default_ThirdPersonCharacter_C_0] Shoot
[2017.06.19-03.59.41:327][566]LogBlueprintUserMessages: [H2O_Default_ThirdPersonCharacter_C_0] Shoot
[2017.06.19-03.59.49:232][484]LogBlueprintUserMessages: [H2O_Default_ThirdPersonCharacter_C_0] Reload / Pumping Gun
[2017.06.19-03.59.49:939][566]LogBlueprintUserMessages: [H2O_Default_ThirdPersonCharacter_C_0] Shoot
[2017.06.19-03.59.50:602][640]LogBlueprintUserMessages: [H2O_Default_ThirdPersonCharacter_C_0] Shoot
[2017.06.19-03.59.51:075][693]LogBlueprintUserMessages: [H2O_Default_ThirdPersonCharacter_C_0] Shoot
[2017.06.19-03.59.51:460][736]LogBlueprintUserMessages: [H2O_Default_ThirdPersonCharacter_C_0] Shoot
[2017.06.19-03.59.56:630][321]LogBlueprintUserMessages: [H2O_Default_ThirdPersonCharacter_C_0] Shoot
[2017.06.19-03.59.57:092][372]LogBlueprintUserMessages: [H2O_Default_ThirdPersonCharacter_C_0] Shoot
[2017.06.19-03.59.57:492][416]LogBlueprintUserMessages: [H2O_Default_ThirdPersonCharacter_C_0] Shoot
[2017.06.19-03.59.57:974][469]LogBlueprintUserMessages: [H2O_Default_ThirdPersonCharacter_C_0] Shoot
[2017.06.19-03.59.58:457][523]LogBlueprintUserMessages: [H2O_Default_ThirdPersonCharacter_C_0] Shoot
[2017.06.19-03.59.58:900][573]LogBlueprintUserMessages: [H2O_Default_ThirdPersonCharacter_C_0] Shoot
[2017.06.19-03.59.59:443][633]LogBlueprintUserMessages: [H2O_Default_ThirdPersonCharacter_C_0] Shoot
[2017.06.19-04.00.00:028][697]LogBlueprintUserMessages: [H2O_Default_ThirdPersonCharacter_C_0] Shoot
[2017.06.19-04.00.00:689][769]LogBlueprintUserMessages: [H2O_Default_ThirdPersonCharacter_C_0] Shoot
[2017.06.19-04.00.01:111][815]LogBlueprintUserMessages: [H2O_Default_ThirdPersonCharacter_C_0] Shoot
[2017.06.19-04.00.02:494][969]LogBlueprintUserMessages: [H2O_Default_ThirdPersonCharacter_C_0] Shoot
[2017.06.19-04.00.03:162][ 41]LogBlueprintUserMessages: [H2O_Default_ThirdPersonCharacter_C_0] Shoot
[2017.06.19-04.00.03:746][105]LogBlueprintUserMessages: [H2O_Default_ThirdPersonCharacter_C_0] Shoot
[2017.06.19-04.00.04:375][175]LogBlueprintUserMessages: [H2O_Default_ThirdPersonCharacter_C_0] Shoot
[2017.06.19-04.00.05:201][265]LogBlueprintUserMessages: [H2O_Default_ThirdPersonCharacter_C_0] Shoot
[2017.06.19-04.00.05:714][319]LogBlueprintUserMessages: [H2O_Default_ThirdPersonCharacter_C_0] Shoot
[2017.06.19-04.00.06:200][372]LogBlueprintUserMessages: [H2O_Default_ThirdPersonCharacter_C_0] Shoot
[2017.06.19-04.00.06:792][438]LogBlueprintUserMessages: [H2O_Default_ThirdPersonCharacter_C_0] Shoot
[2017.06.19-04.00.07:290][493]LogBlueprintUserMessages: [H2O_Default_ThirdPersonCharacter_C_0] Shoot
[2017.06.19-04.00.07:852][556]LogBlueprintUserMessages: [H2O_Default_ThirdPersonCharacter_C_0] Shoot
[2017.06.19-04.00.08:613][642]LogBlueprintUserMessages: [H2O_Default_ThirdPersonCharacter_C_0] Shoot
[2017.06.19-04.00.09:457][739]LogBlueprintUserMessages: [H2O_Default_ThirdPersonCharacter_C_0] Shoot
[2017.06.19-04.00.09:871][784]LogBlueprintUserMessages: [H2O_Default_ThirdPersonCharacter_C_0] Shoot
[2017.06.19-04.00.10:348][836]LogBlueprintUserMessages: [H2O_Default_ThirdPersonCharacter_C_0] Shoot
[2017.06.19-04.00.10:828][888]LogBlueprintUserMessages: [H2O_Default_ThirdPersonCharacter_C_0] Shoot
[2017.06.19-04.00.13:466][195]LogBlueprintUserMessages: [H2O_Default_ThirdPersonCharacter_C_0] Shoot
[2017.06.19-04.00.13:982][253]LogBlueprintUserMessages: [H2O_Default_ThirdPersonCharacter_C_0] Shoot
[2017.06.19-04.00.14:419][301]LogBlueprintUserMessages: [H2O_Default_ThirdPersonCharacter_C_0] Shoot
[2017.06.19-04.00.16:028][489]LogBlueprintUserMessages: [H2O_Default_ThirdPersonCharacter_C_0] Shoot
[2017.06.19-04.00.16:803][578]LogBlueprintUserMessages: [H2O_Default_ThirdPersonCharacter_C_0] Shoot
[2017.06.19-04.00.17:534][661]LogBlueprintUserMessages: [H2O_Default_ThirdPersonCharacter_C_0] Shoot
[2017.06.19-04.00.18:063][720]LogBlueprintUserMessages: [H2O_Default_ThirdPersonCharacter_C_0] Shoot
[2017.06.19-04.00.20:403][994]LogBlueprintUserMessages: [H2O_Default_ThirdPersonCharacter_C_0] Shoot
[2017.06.19-04.00.21:097][ 73]LogBlueprintUserMessages: [H2O_Default_ThirdPersonCharacter_C_0] Shoot
[2017.06.19-04.00.21:678][137]LogBlueprintUserMessages: [H2O_Default_ThirdPersonCharacter_C_0] Shoot
[2017.06.19-04.00.22:196][194]LogBlueprintUserMessages: [H2O_Default_ThirdPersonCharacter_C_0] Shoot
[2017.06.19-04.00.22:738][254]LogBlueprintUserMessages: [H2O_Default_ThirdPersonCharacter_C_0] Shoot
[2017.06.19-04.00.23:209][306]LogBlueprintUserMessages: [H2O_Default_ThirdPersonCharacter_C_0] Shoot
[2017.06.19-04.00.23:677][358]LogBlueprintUserMessages: [H2O_Default_ThirdPersonCharacter_C_0] Shoot
[2017.06.19-04.00.24:155][412]LogBlueprintUserMessages: [H2O_Default_ThirdPersonCharacter_C_0] Shoot
[2017.06.19-04.00.24:703][473]LogBlueprintUserMessages: [H2O_Default_ThirdPersonCharacter_C_0] Shoot
[2017.06.19-04.00.25:163][524]LogBlueprintUserMessages: [H2O_Default_ThirdPersonCharacter_C_0] Shoot
[2017.06.19-04.00.25:687][582]LogBlueprintUserMessages: [H2O_Default_ThirdPersonCharacter_C_0] Shoot
[2017.06.19-04.00.26:379][659]LogBlueprintUserMessages: [H2O_Default_ThirdPersonCharacter_C_0] Shoot
[2017.06.19-04.00.26:863][713]LogBlueprintUserMessages: [H2O_Default_ThirdPersonCharacter_C_0] Shoot
[2017.06.19-04.00.27:404][773]LogBlueprintUserMessages: [H2O_Default_ThirdPersonCharacter_C_0] Shoot
[2017.06.19-04.00.27:862][824]LogBlueprintUserMessages: [H2O_Default_ThirdPersonCharacter_C_0] Shoot
[2017.06.19-04.00.28:343][878]LogBlueprintUserMessages: [H2O_Default_ThirdPersonCharacter_C_0] Shoot
[2017.06.19-04.00.28:831][933]LogBlueprintUserMessages: [H2O_Default_ThirdPersonCharacter_C_0] Shoot
[2017.06.19-04.00.29:729][ 36]LogBlueprintUserMessages: [H2O_Default_ThirdPersonCharacter_C_0] Shoot
[2017.06.19-04.00.30:311][101]LogBlueprintUserMessages: [H2O_Default_ThirdPersonCharacter_C_0] Shoot
[2017.06.19-04.00.30:742][149]LogBlueprintUserMessages: [H2O_Default_ThirdPersonCharacter_C_0] Shoot
[2017.06.19-04.00.35:590][715]LogBlueprintUserMessages: [H2O_Default_ThirdPersonCharacter_C_0] Shoot
[2017.06.19-04.00.35:964][756]LogBlueprintUserMessages: [H2O_Default_ThirdPersonCharacter_C_0] Shoot
[2017.06.19-04.00.37:332][912]LogBlueprintUserMessages: [H2O_Default_ThirdPersonCharacter_C_0] Shoot
[2017.06.19-04.00.37:773][961]LogBlueprintUserMessages: [H2O_Default_ThirdPersonCharacter_C_0] Shoot
[2017.06.19-04.00.38:271][ 16]LogBlueprintUserMessages: [H2O_Default_ThirdPersonCharacter_C_0] Shoot
[2017.06.19-04.00.38:791][ 75]LogBlueprintUserMessages: [H2O_Default_ThirdPersonCharacter_C_0] Shoot
[2017.06.19-04.00.39:875][201]LogBlueprintUserMessages: [H2O_Default_ThirdPersonCharacter_C_0] Shoot
[2017.06.19-04.00.40:409][261]LogBlueprintUserMessages: [H2O_Default_ThirdPersonCharacter_C_0] Shoot
[2017.06.19-04.00.40:947][321]LogBlueprintUserMessages: [H2O_Default_ThirdPersonCharacter_C_0] Shoot
[2017.06.19-04.00.41:427][374]LogBlueprintUserMessages: [H2O_Default_ThirdPersonCharacter_C_0] Shoot
[2017.06.19-04.00.41:908][428]LogBlueprintUserMessages: [H2O_Default_ThirdPersonCharacter_C_0] Shoot
[2017.06.19-04.00.42:399][483]LogBlueprintUserMessages: [H2O_Default_ThirdPersonCharacter_C_0] Shoot
[2017.06.19-04.00.42:840][533]LogBlueprintUserMessages: [H2O_Default_ThirdPersonCharacter_C_0] Shoot
[2017.06.19-04.00.44:132][674]LogBlueprintUserMessages: [H2O_Default_ThirdPersonCharacter_C_0] Shoot
[2017.06.19-04.00.44:289][691]LogBlueprintUserMessages: [H2O_Default_ThirdPersonCharacter_C_0] Shoot
[2017.06.19-04.00.44:464][708]LogBlueprintUserMessages: [H2O_Default_ThirdPersonCharacter_C_0] Shoot
[2017.06.19-04.00.44:504][712]LogBlueprintUserMessages: [H2O_Default_ThirdPersonCharacter_C_0] Shoot
[2017.06.19-04.00.44:653][726]LogBlueprintUserMessages: [H2O_Default_ThirdPersonCharacter_C_0] Shoot
[2017.06.19-04.00.44:797][739]LogBlueprintUserMessages: [H2O_Default_ThirdPersonCharacter_C_0] Shoot
[2017.06.19-04.00.44:964][755]LogBlueprintUserMessages: [H2O_Default_ThirdPersonCharacter_C_0] Shoot
[2017.06.19-04.00.45:074][765]LogBlueprintUserMessages: [H2O_Default_ThirdPersonCharacter_C_0] Shoot
[2017.06.19-04.00.45:220][778]LogBlueprintUserMessages: [H2O_Default_ThirdPersonCharacter_C_0] Shoot
[2017.06.19-04.00.45:386][793]LogBlueprintUserMessages: [H2O_Default_ThirdPersonCharacter_C_0] Shoot
[2017.06.19-04.00.45:544][809]LogBlueprintUserMessages: [H2O_Default_ThirdPersonCharacter_C_0] Shoot
[2017.06.19-04.00.45:705][825]LogBlueprintUserMessages: [H2O_Default_ThirdPersonCharacter_C_0] Shoot
[2017.06.19-04.00.45:872][841]LogBlueprintUserMessages: [H2O_Default_ThirdPersonCharacter_C_0] Shoot
[2017.06.19-04.00.46:040][858]LogBlueprintUserMessages: [H2O_Default_ThirdPersonCharacter_C_0] Shoot
[2017.06.19-04.00.46:189][873]LogBlueprintUserMessages: [H2O_Default_ThirdPersonCharacter_C_0] Shoot
[2017.06.19-04.00.46:355][889]LogBlueprintUserMessages: [H2O_Default_ThirdPersonCharacter_C_0] Shoot
[2017.06.19-04.00.46:881][943]LogBlueprintUserMessages: [H2O_Default_ThirdPersonCharacter_C_0] Shoot
[2017.06.19-04.00.47:066][962]LogBlueprintUserMessages: [H2O_Default_ThirdPersonCharacter_C_0] Shoot
[2017.06.19-04.00.47:241][980]LogBlueprintUserMessages: [H2O_Default_ThirdPersonCharacter_C_0] Shoot
[2017.06.19-04.00.47:388][995]LogBlueprintUserMessages: [H2O_Default_ThirdPersonCharacter_C_0] Shoot
[2017.06.19-04.00.49:594][241]LogBlueprintUserMessages: [H2O_Default_ThirdPersonCharacter_C_0] Shoot
[2017.06.19-04.01.31:315][ 16]LogContentBrowser: Native class hierarchy updated for 'BlueprintGraph' in 0.0010 seconds. Added 112 classes and 0 folders.
[2017.06.19-04.01.31:966][ 16]LogSlate: Took 0.000191 seconds to synchronously load lazily loaded font '../../../Engine/Content/Slate/Fonts/Roboto-Regular.ttf' (155K)
[2017.06.19-04.01.32:092][ 16]LogSlate: Took 0.004016 seconds to synchronously load lazily loaded font '../../../Engine/Content/Editor/Slate/Fonts/Roboto-BoldCondensed.ttf' (158K)
[2017.06.19-04.01.32:431][ 17]LogSlate: Took 0.005395 seconds to synchronously load lazily loaded font '../../../Engine/Content/Editor/Slate/Fonts/Roboto-Italic.ttf' (157K)
[2017.06.19-04.01.49:583][998]LogSlate: Took 0.000198 seconds to synchronously load lazily loaded font '../../../Engine/Content/Slate/Fonts/Roboto-Light.ttf' (159K)
[2017.06.19-04.01.56:132][469]LogWindowsTextInputMethodSystem:Display: IME system now deactivated.
[2017.06.19-04.01.56:324][470]Cmd: QUIT_EDITOR
[2017.06.19-04.01.56:843][470]LogExit: Preparing to exit.
[2017.06.19-04.01.57:065][470]LogExit: Editor shut down
[2017.06.19-04.01.57:068][470]LogExit: Transaction tracking system shut down
[2017.06.19-04.01.57:184][470]LogObj: Freed 0b from 0 cluster array pools.
[2017.06.19-04.01.57:184][470]LogExit: Object subsystem successfully closed.
[2017.06.19-04.01.57:210][470]LogD3D11RHI: Shutdown
[2017.06.19-04.01.57:210][470]LogD3D11RHI: CleanupD3DDevice
[2017.06.19-04.01.57:291][470]LogD3D11RHI: ~FD3D11DynamicRHI
[2017.06.19-04.01.57:316][470]LogModuleManager: Shutting down and abandoning module BlueprintGraph (530)
[2017.06.19-04.01.57:316][470]LogModuleManager: Shutting down and abandoning module BlueprintProfiler (528)
[2017.06.19-04.01.57:317][470]LogModuleManager: Shutting down and abandoning module MovieSceneCapture (526)
[2017.06.19-04.01.57:317][470]LogModuleManager: Shutting down and abandoning module HierarchicalLODOutliner (524)
[2017.06.19-04.01.57:317][470]LogModuleManager: Shutting down and abandoning module CrashTracker (522)
[2017.06.19-04.01.57:317][470]LogModuleManager: Shutting down and abandoning module SceneOutliner (520)
[2017.06.19-04.01.57:317][470]LogModuleManager: Shutting down and abandoning module AddContentDialog (518)
[2017.06.19-04.01.57:317][470]LogDirectoryWatcher: A directory notification for 'C:/Program Files/Epic Games/UE_4.16/FeaturePacks/' was aborted.
[2017.06.19-04.01.57:318][470]LogModuleManager: Shutting down and abandoning module WidgetCarousel (517)
[2017.06.19-04.01.57:318][470]LogModuleManager: Shutting down and abandoning module EditorWidgets (514)
[2017.06.19-04.01.57:318][470]LogModuleManager: Shutting down and abandoning module CollectionManager (512)
[2017.06.19-04.01.57:318][470]LogDirectoryWatcher: A directory notification for 'D:/H2Owned_MajorProject2017-Repo/H2Owned_2017/Content/Collections/' was aborted.
[2017.06.19-04.01.57:318][470]LogDirectoryWatcher: A directory notification for 'D:/H2Owned_MajorProject2017-Repo/H2Owned_2017/Content/Developers/Cola/Collections/' was aborted.
[2017.06.19-04.01.57:318][470]LogDirectoryWatcher: A directory notification for 'D:/H2Owned_MajorProject2017-Repo/H2Owned_2017/Saved/Collections/' was aborted.
[2017.06.19-04.01.57:318][470]LogModuleManager: Shutting down and abandoning module StatsViewer (510)
[2017.06.19-04.01.57:318][470]LogModuleManager: Shutting down and abandoning module FoliageEdit (508)
[2017.06.19-04.01.57:318][470]LogModuleManager: Shutting down and abandoning module LandscapeEditor (506)
[2017.06.19-04.01.57:319][470]LogModuleManager: Shutting down and abandoning module MeshPaintMode (504)
[2017.06.19-04.01.57:319][470]LogModuleManager: Shutting down and abandoning module SceneDepthPickerMode (502)
[2017.06.19-04.01.57:319][470]LogModuleManager: Shutting down and abandoning module ActorPickerMode (500)
[2017.06.19-04.01.57:319][470]LogModuleManager: Shutting down and abandoning module GeometryMode (498)
[2017.06.19-04.01.57:319][470]LogModuleManager: Shutting down and abandoning module TextureAlignMode (496)
[2017.06.19-04.01.57:319][470]LogModuleManager: Shutting down and abandoning module BspMode (494)
[2017.06.19-04.01.57:319][470]LogModuleManager: Shutting down and abandoning module HardwareSurvey (492)
[2017.06.19-04.01.57:319][470]LogModuleManager: Shutting down and abandoning module SequenceRecorderSections (490)
[2017.06.19-04.01.57:319][470]LogModuleManager: Shutting down and abandoning module AutomationWorker (488)
[2017.06.19-04.01.57:319][470]LogModuleManager: Shutting down and abandoning module MatineeToLevelSequence (486)
[2017.06.19-04.01.57:319][470]LogModuleManager: Shutting down and abandoning module LevelSequenceEditor (484)
[2017.06.19-04.01.57:320][470]LogModuleManager: Shutting down and abandoning module PlacementMode (483)
[2017.06.19-04.01.57:320][470]LogModuleManager: Shutting down and abandoning module WmfMediaFactory (480)
[2017.06.19-04.01.57:320][470]LogModuleManager: Shutting down and abandoning module WmfMediaEditor (478)
[2017.06.19-04.01.57:320][470]LogModuleManager: Shutting down and abandoning module AvfMediaFactory (476)
[2017.06.19-04.01.57:320][470]LogModuleManager: Shutting down and abandoning module AvfMediaEditor (474)
[2017.06.19-04.01.57:320][470]LogModuleManager: Shutting down and abandoning module AndroidMediaFactory (472)
[2017.06.19-04.01.57:320][470]LogModuleManager: Shutting down and abandoning module Media (471)
[2017.06.19-04.01.57:320][470]LogModuleManager: Shutting down and abandoning module AndroidMediaEditor (468)
[2017.06.19-04.01.57:320][470]LogModuleManager: Shutting down and abandoning module CharacterAI (466)
[2017.06.19-04.01.57:320][470]LogModuleManager: Shutting down and abandoning module AudioCapture (464)
[2017.06.19-04.01.57:320][470]LogModuleManager: Shutting down and abandoning module SequenceRecorder (463)
[2017.06.19-04.01.57:320][470]LogModuleManager: Shutting down and abandoning module SmartSnapping (460)
[2017.06.19-04.01.57:320][470]LogModuleManager: Shutting down and abandoning module SessionServices (458)
[2017.06.19-04.01.57:320][470]LogModuleManager: Shutting down and abandoning module ViewportSnapping (456)
[2017.06.19-04.01.57:320][470]LogModuleManager: Shutting down and abandoning module ViewportInteraction (454)
[2017.06.19-04.01.57:320][470]LogModuleManager: Shutting down and abandoning module ClothPainter (452)
[2017.06.19-04.01.57:321][470]LogModuleManager: Shutting down and abandoning module LogVisualizer (450)
[2017.06.19-04.01.57:321][470]LogModuleManager: Shutting down and abandoning module IntroTutorials (448)
[2017.06.19-04.01.57:322][470]LogModuleManager: Shutting down and abandoning module GameProjectGeneration (447)
[2017.06.19-04.01.57:322][470]LogModuleManager: Shutting down and abandoning module EditorLiveStreaming (444)
[2017.06.19-04.01.57:323][470]LogModuleManager: Shutting down and abandoning module IOSPlatformEditor (442)
[2017.06.19-04.01.57:323][470]LogModuleManager: Shutting down and abandoning module HTML5PlatformEditor (440)
[2017.06.19-04.01.57:323][470]LogModuleManager: Shutting down and abandoning module AndroidPlatformEditor (438)
[2017.06.19-04.01.57:323][470]LogModuleManager: Shutting down and abandoning module AndroidDeviceDetection (437)
[2017.06.19-04.01.57:445][470]LogModuleManager: Shutting down and abandoning module IOSRuntimeSettings (434)
[2017.06.19-04.01.57:445][470]LogModuleManager: Shutting down and abandoning module AndroidRuntimeSettings (432)
[2017.06.19-04.01.57:445][470]LogModuleManager: Shutting down and abandoning module InputBindingEditor (430)
[2017.06.19-04.01.57:446][470]LogModuleManager: Shutting down and abandoning module MergeActors (428)
[2017.06.19-04.01.57:447][470]LogModuleManager: Shutting down and abandoning module SizeMap (426)
[2017.06.19-04.01.57:447][470]LogModuleManager: Shutting down and abandoning module TreeMap (424)
[2017.06.19-04.01.57:447][470]LogModuleManager: Shutting down and abandoning module ReferenceViewer (422)
[2017.06.19-04.01.57:447][470]LogModuleManager: Shutting down and abandoning module LocalizationDashboard (420)
[2017.06.19-04.01.57:447][470]LogModuleManager: Shutting down and abandoning module LocalizationService (419)
[2017.06.19-04.01.57:448][470]LogModuleManager: Shutting down and abandoning module HardwareTargeting (416)
[2017.06.19-04.01.57:448][470]LogModuleManager: Shutting down and abandoning module DeviceProfileEditor (414)
[2017.06.19-04.01.57:448][470]LogModuleManager: Shutting down and abandoning module UndoHistory (412)
[2017.06.19-04.01.57:448][470]LogModuleManager: Shutting down and abandoning module UserFeedback (410)
[2017.06.19-04.01.57:448][470]LogModuleManager: Shutting down and abandoning module XmlParser (408)
[2017.06.19-04.01.57:448][470]LogModuleManager: Shutting down and abandoning module Blutility (406)
[2017.06.19-04.01.57:448][470]LogModuleManager: Shutting down and abandoning module ProjectSettingsViewer (404)
[2017.06.19-04.01.57:448][470]LogModuleManager: Shutting down and abandoning module ProjectTargetPlatformEditor (403)
[2017.06.19-04.01.57:448][470]LogModuleManager: Shutting down and abandoning module EditorSettingsViewer (400)
[2017.06.19-04.01.57:448][470]LogModuleManager: Shutting down and abandoning module SettingsEditor (398)
[2017.06.19-04.01.57:448][470]LogModuleManager: Shutting down and abandoning module ProjectLauncher (396)
[2017.06.19-04.01.57:449][470]LogModuleManager: Shutting down and abandoning module SessionFrontend (394)
[2017.06.19-04.01.57:449][470]LogModuleManager: Shutting down and abandoning module ProfilerClient (392)
[2017.06.19-04.01.57:450][470]LogModuleManager: Shutting down and abandoning module DeviceManager (390)
[2017.06.19-04.01.57:450][470]LogModuleManager: Shutting down and abandoning module TargetDeviceServices (389)
[2017.06.19-04.01.57:504][470]LogModuleManager: Shutting down and abandoning module AutomationController (386)
[2017.06.19-04.01.57:504][470]LogModuleManager: Shutting down and abandoning module AutomationWindow (384)
[2017.06.19-04.01.57:504][470]LogModuleManager: Shutting down and abandoning module Layers (382)
[2017.06.19-04.01.57:506][470]LogModuleManager: Shutting down and abandoning module ComponentVisualizers (380)
[2017.06.19-04.01.57:506][470]LogModuleManager: Shutting down and abandoning module DetailCustomizations (378)
[2017.06.19-04.01.57:506][470]LogModuleManager: Shutting down and abandoning module PackagesDialog (376)
[2017.06.19-04.01.57:506][470]LogModuleManager: Shutting down and abandoning module Persona (374)
[2017.06.19-04.01.57:506][470]LogModuleManager: Shutting down and abandoning module AdvancedPreviewScene (373)
[2017.06.19-04.01.57:506][470]LogModuleManager: Shutting down and abandoning module AnimGraph (371)
[2017.06.19-04.01.57:506][470]LogModuleManager: Shutting down and abandoning module Kismet (368)
[2017.06.19-04.01.57:513][470]LogModuleManager: Shutting down and abandoning module ClassViewer (366)
[2017.06.19-04.01.57:513][470]LogModuleManager: Shutting down and abandoning module Toolbox (364)
[2017.06.19-04.01.57:513][470]LogModuleManager: Shutting down and abandoning module ModuleUI (362)
[2017.06.19-04.01.57:514][470]LogModuleManager: Shutting down and abandoning module MovieSceneTools (360)
[2017.06.19-04.01.57:514][470]LogModuleManager: Shutting down and abandoning module OutputLog (358)
[2017.06.19-04.01.57:514][470]LogModuleManager: Shutting down and abandoning module GammaUI (356)
[2017.06.19-04.01.57:515][470]LogModuleManager: Shutting down and abandoning module Documentation (354)
[2017.06.19-04.01.57:515][470]LogModuleManager: Shutting down and abandoning module MovieSceneTracks (352)
[2017.06.19-04.01.57:515][470]LogModuleManager: Shutting down and abandoning module MovieScene (350)
[2017.06.19-04.01.57:515][470]LogModuleManager: Shutting down and abandoning module Niagara (348)
[2017.06.19-04.01.57:515][470]LogModuleManager: Shutting down and abandoning module NiagaraEditor (347)
[2017.06.19-04.01.57:515][470]LogModuleManager: Shutting down and abandoning module StreamingPauseRendering (344)
[2017.06.19-04.01.57:515][470]LogModuleManager: Shutting down and abandoning module AnalyticsET (342)
[2017.06.19-04.01.57:515][470]LogModuleManager: Shutting down and abandoning module PortalServices (340)
[2017.06.19-04.01.57:515][470]LogModuleManager: Shutting down and abandoning module PortalRpc (338)
[2017.06.19-04.01.57:515][470]LogModuleManager: Shutting down and abandoning module MessagingRpc (336)
[2017.06.19-04.01.57:515][470]LogModuleManager: Shutting down and abandoning module AIModule (334)
[2017.06.19-04.01.57:516][470]LogModuleManager: Shutting down and abandoning module GameplayDebugger (333)
[2017.06.19-04.01.57:516][470]LogModuleManager: Shutting down and abandoning module AITestSuite (331)
[2017.06.19-04.01.57:516][470]LogModuleManager: Shutting down and abandoning module ProfilerService (328)
[2017.06.19-04.01.57:688][470]LogModuleManager: Shutting down and abandoning module TaskGraph (326)
[2017.06.19-04.01.57:689][470]LogModuleManager: Shutting down and abandoning module SteamVRController (324)
[2017.06.19-04.01.57:689][470]LogModuleManager: Shutting down and abandoning module SteamVR (322)
[2017.06.19-04.01.57:690][470]LogModuleManager: Shutting down and abandoning module ProceduralMeshComponentEditor (320)
[2017.06.19-04.01.57:690][470]LogModuleManager: Shutting down and abandoning module ProceduralMeshComponent (318)
[2017.06.19-04.01.57:690][470]LogModuleManager: Shutting down and abandoning module OculusLibrary (316)
[2017.06.19-04.01.57:690][470]LogModuleManager: Shutting down and abandoning module OculusInput (314)
[2017.06.19-04.01.57:690][470]LogModuleManager: Shutting down and abandoning module MobilePatchingUtils (312)
[2017.06.19-04.01.57:690][470]LogModuleManager: Shutting down and abandoning module CustomMeshComponent (310)
[2017.06.19-04.01.57:690][470]LogModuleManager: Shutting down and abandoning module CableComponent (308)
[2017.06.19-04.01.57:690][470]LogModuleManager: Shutting down and abandoning module ArchVisCharacter (306)
[2017.06.19-04.01.57:690][470]LogModuleManager: Shutting down and abandoning module AndroidPermission (304)
[2017.06.19-04.01.57:690][470]LogModuleManager: Shutting down and abandoning module MediaPlayerEditor (300)
[2017.06.19-04.01.57:690][470]LogModuleManager: Shutting down and abandoning module HTML5Networking (298)
[2017.06.19-04.01.57:690][470]LogModuleManager: Shutting down and abandoning module AlembicImporter (296)
[2017.06.19-04.01.57:690][470]LogModuleManager: Shutting down and abandoning module AlembicLibrary (295)
[2017.06.19-04.01.57:690][470]LogModuleManager: Shutting down and abandoning module GeometryCache (294)
[2017.06.19-04.01.57:690][470]LogModuleManager: Shutting down and abandoning module GeometryCacheEd (293)
[2017.06.19-04.01.57:690][470]LogModuleManager: Shutting down and abandoning module SuperSearchEditor (288)
[2017.06.19-04.01.57:690][470]LogModuleManager: Shutting down and abandoning module SuperSearch (287)
[2017.06.19-04.01.57:690][470]LogModuleManager: Shutting down and abandoning module SpeedTreeImporter (284)
[2017.06.19-04.01.57:690][470]LogModuleManager: Shutting down and abandoning module PluginBrowser (282)
[2017.06.19-04.01.57:691][470]LogModuleManager: Shutting down and abandoning module MobileLauncherProfileWizard (280)
[2017.06.19-04.01.57:691][470]LogModuleManager: Shutting down and abandoning module VisualStudioSourceCodeAccess (278)
[2017.06.19-04.01.57:691][470]LogModuleManager: Shutting down and abandoning module DesktopPlatform (277)
[2017.06.19-04.01.57:691][470]LogModuleManager: Shutting down and abandoning module UObjectPlugin (274)
[2017.06.19-04.01.57:691][470]LogModuleManager: Shutting down and abandoning module SubversionSourceControl (272)
[2017.06.19-04.01.57:691][470]LogModuleManager: Shutting down and abandoning module PerforceSourceControl (270)
[2017.06.19-04.01.57:691][470]LogModuleManager: Shutting down and abandoning module GitSourceControl (268)
[2017.06.19-04.01.57:691][470]LogModuleManager: Shutting down and abandoning module SourceControl (267)
[2017.06.19-04.01.57:691][470]LogModuleManager: Shutting down and abandoning module LightPropagationVolumeEditor (264)
[2017.06.19-04.01.57:691][470]LogModuleManager: Shutting down and abandoning module PaperTiledImporter (262)
[2017.06.19-04.01.57:691][470]LogModuleManager: Shutting down and abandoning module PaperSpriteSheetImporter (260)
[2017.06.19-04.01.57:691][470]LogModuleManager: Shutting down and abandoning module Paper2DEditor (258)
[2017.06.19-04.01.57:691][470]LogModuleManager: Shutting down and abandoning module MeshPaint (257)
[2017.06.19-04.01.57:691][470]LogModuleManager: Shutting down and abandoning module LevelEditor (255)
[2017.06.19-04.01.57:691][470]LogModuleManager: Shutting down and abandoning module PixelInspectorModule (254)
[2017.06.19-04.01.57:691][470]LogModuleManager: Shutting down and abandoning module MainFrame (252)
[2017.06.19-04.01.57:692][470]LogModuleManager: Shutting down and abandoning module HotReload (251)
[2017.06.19-04.01.57:692][470]LogModuleManager: Shutting down and abandoning module PhysXVehiclesEditor (246)
[2017.06.19-04.01.57:692][470]LogModuleManager: Shutting down and abandoning module PhysXVehicles (244)
[2017.06.19-04.01.57:692][470]LogModuleManager: Shutting down and abandoning module LocationServicesBPLibrary (242)
[2017.06.19-04.01.57:692][470]LogModuleManager: Shutting down and abandoning module ImmediatePhysicsEditor (240)
[2017.06.19-04.01.57:692][470]LogModuleManager: Shutting down and abandoning module ImmediatePhysics (238)
[2017.06.19-04.01.57:692][470]LogModuleManager: Shutting down and abandoning module UdpMessaging (236)
[2017.06.19-04.01.57:793][470]LogModuleManager: Shutting down and abandoning module TcpMessaging (234)
[2017.06.19-04.01.57:893][470]LogModuleManager: Shutting down and abandoning module GameplayTagsEditor (232)
[2017.06.19-04.01.57:894][470]LogModuleManager: Shutting down and abandoning module FacialAnimationEditor (230)
[2017.06.19-04.01.57:894][470]LogModuleManager: Shutting down and abandoning module FacialAnimation (228)
[2017.06.19-04.01.57:894][470]LogModuleManager: Shutting down and abandoning module AssetManagerEditor (226)
[2017.06.19-04.01.57:894][470]LogModuleManager: Shutting down and abandoning module GraphEditor (225)
[2017.06.19-04.01.57:894][470]LogModuleManager: Shutting down and abandoning module ContentBrowser (223)
[2017.06.19-04.01.57:895][470]LogModuleManager: Shutting down and abandoning module LightPropagationVolumeRuntime (220)
[2017.06.19-04.01.57:895][470]LogModuleManager: Shutting down and abandoning module Paper2D (218)
[2017.06.19-04.01.57:895][470]LogModuleManager: Shutting down and abandoning module WindowsMoviePlayer (216)
[2017.06.19-04.01.57:895][470]LogModuleManager: Shutting down and abandoning module WmfMedia (214)
[2017.06.19-04.01.57:896][470]LogModuleManager: Shutting down and abandoning module ClothingSystemEditor (212)
[2017.06.19-04.01.57:896][470]LogModuleManager: Shutting down and abandoning module ClothingSystemRuntime (210)
[2017.06.19-04.01.57:896][470]LogModuleManager: Shutting down and abandoning module MediaAssets (208)
[2017.06.19-04.01.57:896][470]LogModuleManager: Shutting down and abandoning module GameLiveStreaming (206)
[2017.06.19-04.01.57:896][470]LogModuleManager: Shutting down and abandoning module VREditor (204)
[2017.06.19-04.01.57:896][470]LogModuleManager: Shutting down and abandoning module StringTableEditor (202)
[2017.06.19-04.01.57:897][470]LogModuleManager: Shutting down and abandoning module GameplayTasksEditor (200)
[2017.06.19-04.01.57:897][470]LogModuleManager: Shutting down and abandoning module BehaviorTreeEditor (198)
[2017.06.19-04.01.57:897][470]LogModuleManager: Shutting down and abandoning module FunctionalTesting (196)
[2017.06.19-04.01.57:897][470]LogModuleManager: Shutting down and abandoning module CollisionAnalyzer (194)
[2017.06.19-04.01.57:898][470]LogModuleManager: Shutting down and abandoning module UMG (192)
[2017.06.19-04.01.57:898][470]LogModuleManager: Shutting down and abandoning module UMGEditor (191)
[2017.06.19-04.01.57:898][470]LogModuleManager: Shutting down and abandoning module Sequencer (190)
[2017.06.19-04.01.57:898][470]LogModuleManager: Shutting down and abandoning module AssetTools (188)
[2017.06.19-04.01.57:899][470]LogModuleManager: Shutting down and abandoning module MessageLog (187)
[2017.06.19-04.01.57:899][470]LogModuleManager: Shutting down and abandoning module WorkspaceMenuStructure (186)
[2017.06.19-04.01.57:899][470]LogModuleManager: Shutting down and abandoning module SlateReflector (180)
[2017.06.19-04.01.57:900][470]LogModuleManager: Shutting down and abandoning module Slate (178)
[2017.06.19-04.01.57:900][470]LogModuleManager: Shutting down and abandoning module EditorStyle (176)
[2017.06.19-04.01.57:902][470]LogModuleManager: Shutting down and abandoning module SourceCodeAccess (174)
[2017.06.19-04.01.57:902][470]LogModuleManager: Shutting down and abandoning module HeadMountedDisplay (172)
[2017.06.19-04.01.57:902][470]LogModuleManager: Shutting down and abandoning module XAudio2 (170)
[2017.06.19-04.01.57:902][470]LogModuleManager: Shutting down and abandoning module Networking (168)
[2017.06.19-04.01.57:902][470]LogModuleManager: Shutting down and abandoning module Core (164)
[2017.06.19-04.01.57:902][470]LogModuleManager: Shutting down and abandoning module AssetRegistry (162)
[2017.06.19-04.01.58:020][470]LogDirectoryWatcher: A directory notification for '../../../Engine/Content/' was aborted.
[2017.06.19-04.01.58:020][470]LogDirectoryWatcher: A directory notification for 'D:/H2Owned_MajorProject2017-Repo/H2Owned_2017/Content/' was aborted.
[2017.06.19-04.01.58:020][470]LogDirectoryWatcher: A directory notification for '../../../Engine/Plugins/2D/Paper2D/Content/' was aborted.
[2017.06.19-04.01.58:020][470]LogDirectoryWatcher: A directory notification for '../../../Engine/Plugins/Runtime/GearVR/Content/' was aborted.
[2017.06.19-04.01.58:022][470]LogModuleManager: Shutting down and abandoning module DirectoryWatcher (161)
[2017.06.19-04.01.58:022][470]LogModuleManager: Shutting down and abandoning module KismetCompiler (158)
[2017.06.19-04.01.58:022][470]LogModuleManager: Shutting down and abandoning module LevelSequence (156)
[2017.06.19-04.01.58:022][470]LogModuleManager: Shutting down and abandoning module PhysXFormats (154)
[2017.06.19-04.01.58:022][470]LogModuleManager: Shutting down and abandoning module MeshUtilities (152)
[2017.06.19-04.01.58:022][470]LogModuleManager: Shutting down and abandoning module SimplygonSwarm (151)
[2017.06.19-04.01.58:022][470]LogModuleManager: Shutting down and abandoning module SimplygonMeshReduction (149)
[2017.06.19-04.01.58:022][470]LogModuleManager: Shutting down and abandoning module QuadricMeshReduction (147)
[2017.06.19-04.01.58:022][470]LogModuleManager: Shutting down and abandoning module DerivedDataCache (144)
[2017.06.19-04.01.58:116][470]LogDerivedDataCache: Shutdown
[2017.06.19-04.01.58:116][470]LogModuleManager: Shutting down and abandoning module TargetPlatform (142)
[2017.06.19-04.01.58:116][470]LogModuleManager: Shutting down and abandoning module VulkanShaderFormat (141)
[2017.06.19-04.01.58:116][470]LogModuleManager: Shutting down and abandoning module ShaderFormatVectorVM (139)
[2017.06.19-04.01.58:118][470]LogModuleManager: Shutting down and abandoning module ShaderFormatOpenGL (137)
[2017.06.19-04.01.58:119][470]LogModuleManager: Shutting down and abandoning module ShaderFormatD3D (135)
[2017.06.19-04.01.58:119][470]LogModuleManager: Shutting down and abandoning module MetalShaderFormat (133)
[2017.06.19-04.01.58:119][470]LogModuleManager: Shutting down and abandoning module TextureFormatUncompressed (131)
[2017.06.19-04.01.58:119][470]LogModuleManager: Shutting down and abandoning module TextureFormatPVR (129)
[2017.06.19-04.01.58:119][470]LogModuleManager: Shutting down and abandoning module TextureFormatDXT (127)
[2017.06.19-04.01.58:119][470]LogModuleManager: Shutting down and abandoning module TextureFormatIntelISPCTexComp (125)
[2017.06.19-04.01.58:119][470]LogModuleManager: Shutting down and abandoning module TextureFormatASTC (123)
[2017.06.19-04.01.58:119][470]LogModuleManager: Shutting down and abandoning module ImageWrapper (122)
[2017.06.19-04.01.58:119][470]LogModuleManager: Shutting down and abandoning module TextureFormatAndroid (119)
[2017.06.19-04.01.58:119][470]LogModuleManager: Shutting down and abandoning module AudioFormatOpus (117)
[2017.06.19-04.01.58:119][470]LogModuleManager: Shutting down and abandoning module AudioFormatOgg (115)
[2017.06.19-04.01.58:119][470]LogModuleManager: Shutting down and abandoning module AudioFormatADPCM (113)
[2017.06.19-04.01.58:119][470]LogModuleManager: Shutting down and abandoning module LinuxTargetPlatform (111)
[2017.06.19-04.01.58:119][470]LogModuleManager: Shutting down and abandoning module LinuxServerTargetPlatform (109)
[2017.06.19-04.01.58:119][470]LogModuleManager: Shutting down and abandoning module LinuxNoEditorTargetPlatform (107)
[2017.06.19-04.01.58:119][470]LogModuleManager: Shutting down and abandoning module LinuxClientTargetPlatform (105)
[2017.06.19-04.01.58:119][470]LogModuleManager: Shutting down and abandoning module TVOSTargetPlatform (103)
[2017.06.19-04.01.58:119][470]LogModuleManager: Shutting down and abandoning module Messaging (101)
[2017.06.19-04.01.58:119][470]LogModuleManager: Shutting down and abandoning module IOSTargetPlatform (99)
[2017.06.19-04.01.58:119][470]LogModuleManager: Shutting down and abandoning module HTML5TargetPlatform (97)
[2017.06.19-04.01.58:119][470]LogModuleManager: Shutting down and abandoning module Android_PVRTCTargetPlatform (95)
[2017.06.19-04.01.58:119][470]LogModuleManager: Shutting down and abandoning module Android_MultiTargetPlatform (93)
[2017.06.19-04.01.58:119][470]LogModuleManager: Shutting down and abandoning module Android_ETC2TargetPlatform (91)
[2017.06.19-04.01.58:120][470]LogModuleManager: Shutting down and abandoning module Android_ETC1TargetPlatform (89)
[2017.06.19-04.01.58:120][470]LogModuleManager: Shutting down and abandoning module Android_DXTTargetPlatform (87)
[2017.06.19-04.01.58:120][470]LogModuleManager: Shutting down and abandoning module Android_ATCTargetPlatform (85)
[2017.06.19-04.01.58:120][470]LogModuleManager: Shutting down and abandoning module Android_ASTCTargetPlatform (83)
[2017.06.19-04.01.58:120][470]LogModuleManager: Shutting down and abandoning module AndroidTargetPlatform (81)
[2017.06.19-04.01.58:120][470]LogModuleManager: Shutting down and abandoning module WindowsTargetPlatform (79)
[2017.06.19-04.01.58:120][470]LogModuleManager: Shutting down and abandoning module WindowsServerTargetPlatform (77)
[2017.06.19-04.01.58:120][470]LogModuleManager: Shutting down and abandoning module WindowsNoEditorTargetPlatform (75)
[2017.06.19-04.01.58:120][470]LogModuleManager: Shutting down and abandoning module WindowsClientTargetPlatform (73)
[2017.06.19-04.01.58:120][470]LogModuleManager: Shutting down and abandoning module MacTargetPlatform (71)
[2017.06.19-04.01.58:120][470]LogModuleManager: Shutting down and abandoning module MacServerTargetPlatform (69)
[2017.06.19-04.01.58:120][470]LogModuleManager: Shutting down and abandoning module MacNoEditorTargetPlatform (67)
[2017.06.19-04.01.58:120][470]LogModuleManager: Shutting down and abandoning module MacClientTargetPlatform (65)
[2017.06.19-04.01.58:120][470]LogModuleManager: Shutting down and abandoning module AllDesktopTargetPlatform (63)
[2017.06.19-04.01.58:120][470]LogModuleManager: Shutting down and abandoning module InputCore (60)
[2017.06.19-04.01.58:120][470]LogModuleManager: Shutting down and abandoning module Settings (58)
[2017.06.19-04.01.58:120][470]LogModuleManager: Shutting down and abandoning module OculusRift (56)
[2017.06.19-04.01.58:120][470]LogModuleManager: Shutting down and abandoning module GearVRController (54)
[2017.06.19-04.01.58:120][470]LogModuleManager: Shutting down and abandoning module GearVR (52)
[2017.06.19-04.01.58:120][470]LogModuleManager: Shutting down and abandoning module ExampleDeviceProfileSelector (50)
[2017.06.19-04.01.58:120][470]LogModuleManager: Shutting down and abandoning module OnlineBlueprintSupport (48)
[2017.06.19-04.01.58:120][470]LogModuleManager: Shutting down and abandoning module OnlineSubsystem (44)
[2017.06.19-04.01.58:120][470]LogOnline:Display: Unloading online subsystem: NULL
[2017.06.19-04.01.58:120][470]LogModuleManager: Shutting down and abandoning module XMPP (43)
[2017.06.19-04.01.58:121][470]LogModuleManager: Shutting down and abandoning module HTTP (41)
[2017.06.19-04.01.58:121][470]LogHttp:Display: Http module shutting down, but needs to wait on 1 outstanding Http requests:
[2017.06.19-04.01.58:121][470]LogHttp:Display: 	verb=[POST] url=[https://datarouter.ol.epicgames.com/datarouter/api/v1/public/data?SessionID=%7B3F163FF8-44EF-1091-4221-A7BE13FE18EA%7D&AppID=UEEditor.Rocket.Release&AppVersion=4.16.1-3466753%2B%2B%2BUE4%2BRelease-4.16&UserID=57604ec6445af2ebbfa1649892542233%7Ce4273a936e1d4ff49d132d0f3f4ae042%7Cfddd16a5-1a87-489a-85cf-db1f739d3a23&AppEnvironment=datacollector-binary&UploadType=eteventstream] status=Processing
[2017.06.19-04.01.58:129][470]LogModuleManager: Shutting down and abandoning module SSL (40)
[2017.06.19-04.01.58:130][470]LogModuleManager: Shutting down and abandoning module HTTPChunkInstaller (36)
[2017.06.19-04.01.58:131][470]LogModuleManager: Shutting down and abandoning module AnimationModifiers (34)
[2017.06.19-04.01.58:131][470]LogModuleManager: Shutting down and abandoning module PropertyEditor (33)
[2017.06.19-04.01.58:131][470]LogModuleManager: Shutting down and abandoning module AudioEditor (30)
[2017.06.19-04.01.58:132][470]LogModuleManager: Shutting down and abandoning module TextureCompressor (28)
[2017.06.19-04.01.58:132][470]LogModuleManager: Shutting down and abandoning module ShaderCore (26)
[2017.06.19-04.01.58:132][470]LogModuleManager: Shutting down and abandoning module Landscape (24)
[2017.06.19-04.01.58:132][470]LogModuleManager: Shutting down and abandoning module SlateRHIRenderer (22)
[2017.06.19-04.01.58:133][470]LogModuleManager: Shutting down and abandoning module OpenGLDrv (20)
[2017.06.19-04.01.58:134][470]LogModuleManager: Shutting down and abandoning module D3D11RHI (18)
[2017.06.19-04.01.58:134][470]LogModuleManager: Shutting down and abandoning module AnimGraphRuntime (16)
[2017.06.19-04.01.58:134][470]LogModuleManager: Shutting down and abandoning module Renderer (14)
[2017.06.19-04.01.58:134][470]LogModuleManager: Shutting down and abandoning module Engine (12)
[2017.06.19-04.01.58:134][470]LogModuleManager: Shutting down and abandoning module CoreUObject (10)
[2017.06.19-04.01.58:134][470]LogModuleManager: Shutting down and abandoning module NetworkFile (8)
[2017.06.19-04.01.58:134][470]LogModuleManager: Shutting down and abandoning module StreamingFile (6)
[2017.06.19-04.01.58:134][470]LogModuleManager: Shutting down and abandoning module SandboxFile (4)
[2017.06.19-04.01.58:134][470]LogModuleManager: Shutting down and abandoning module PakFile (2)
[2017.06.19-04.01.58:136][470]LogExit: Exiting.
[2017.06.19-04.01.58:147][470]Log file closed, 06/19/17 14:01:58
