Log file open, 06/07/17 01:07:42
LogInit:Display: Running engine for game: H2Owned_2017
LogPlatformFile: Not using cached read wrapper
LogInit:Display: RandInit(1909015823) SRandInit(1909015823).
LogTaskGraph: Started task graph with 5 named threads and 8 total threads with 1 sets of task threads.
LogStats: Stats thread started at 0.091693
LogInit: Using libcurl 7.47.1
LogInit:  - built for x86_64-pc-win32
LogInit:  - supports SSL with OpenSSL/1.0.2g
LogInit:  - supports HTTP deflate (compression) using libz 1.2.8
LogInit:  - other features:
LogInit:      CURL_VERSION_SSL
LogInit:      CURL_VERSION_LIBZ
LogInit:      CURL_VERSION_IPV6
LogInit:      CURL_VERSION_ASYNCHDNS
LogInit:      CURL_VERSION_LARGEFILE
LogInit:      CURL_VERSION_IDN
LogInit:  CurlRequestOptions (configurable via config and command line):
LogInit:  - bVerifyPeer = false  - Libcurl will NOT verify peer certificate
LogInit:  - bUseHttpProxy = false  - Libcurl will NOT use HTTP proxy
LogInit:  - bDontReuseConnections = false  - Libcurl will reuse connections
LogInit:  - CertBundlePath = nullptr  - Libcurl will use whatever was configured at build time.
LogInit: Build: ++UE4+Release-4.16-CL-3466753
LogInit: Engine Version: 4.16.1-3466753+++UE4+Release-4.16
LogInit: Compatible Engine Version: 4.16.0-3452394+++UE4+Release-4.16
LogInit: Net CL: 3452394
LogDevObjectVersion: Number of dev versions registered: 16
LogDevObjectVersion:   Dev-Blueprints (B0D832E4-1F89-4F0D-ACCF-7EB736FD4AA2): 9
LogDevObjectVersion:   Dev-Build (E1C64328-A22C-4D53-A36C-8E866417BD8C): 0
LogDevObjectVersion:   Dev-Core (375EC13C-06E4-48FB-B500-84F0262A717E): 2
LogDevObjectVersion:   Dev-Editor (E4B068ED-F494-42E9-A231-DA0B2E46BB41): 17
LogDevObjectVersion:   Dev-Framework (CFFC743F-43B0-4480-9391-14DF171D2073): 23
LogDevObjectVersion:   Dev-Mobile (B02B49B5-BB20-44E9-A304-32B752E40360): 0
LogDevObjectVersion:   Dev-Networking (A4E4105C-59A1-49B5-A7C5-40C4547EDFEE): 0
LogDevObjectVersion:   Dev-Online (39C831C9-5AE6-47DC-9A44-9C173E1C8E7C): 0
LogDevObjectVersion:   Dev-Physics (78F01B33-EBEA-4F98-B9B4-84EACCB95AA2): 0
LogDevObjectVersion:   Dev-Platform (6631380F-2D4D-43E0-8009-CF276956A95A): 0
LogDevObjectVersion:   Dev-Rendering (12F88B9F-8875-4AFC-A67C-D90C383ABD29): 15
LogDevObjectVersion:   Dev-Sequencer (7B5AE74C-D270-4C10-A958-57980B212A5A): 4
LogDevObjectVersion:   Dev-VR (D7296918-1DD6-4BDD-9DE2-64A83CC13884): 0
LogDevObjectVersion:   Dev-LoadTimes (C2A15278-BFE7-4AFE-6C17-90FF531DF755): 1
LogDevObjectVersion:   Private-Geometry (6EACA3D4-40EC-4CC1-B786-8BED09428FC5): 1
LogDevObjectVersion:   Dev-AnimPhys (29E575DD-E0A3-4627-9D10-D276232CDCEA): 3
LogInit: Compiled (64-bit): May 31 2017 02:03:30
LogInit: Compiled with Visual C++: 19.00.24215.01
LogInit: Build Configuration: Development
LogInit: Branch Name: ++UE4+Release-4.16
LogInit: Command line:  
LogInit: Base directory: C:/Program Files/Epic Games/UE_4.16/Engine/Binaries/Win64/
LogInit: Installed Engine Build: 1
LogInit: Presizing for max 8388607 objects, including 0 objects not considered by GC, pre-allocating 0 bytes for permanent pool.
LogInit: Object subsystem initialized
[2017.06.06-15.07.42:826][  0]LogInit: Selected Device Profile: [Windows]
[2017.06.06-15.07.42:826][  0]LogInit: Applying CVar settings loaded from the selected device profile: [Windows]
[2017.06.06-15.07.42:840][  0]LogInit: Computer: COLA-ALIENWARE
[2017.06.06-15.07.42:840][  0]LogInit: User: Cola
[2017.06.06-15.07.42:840][  0]LogInit: CPU Page size=4096, Cores=4
[2017.06.06-15.07.42:840][  0]LogInit: High frequency timer resolution =2.531252 MHz
[2017.06.06-15.07.42:840][  0]LogMemory: Memory total: Physical=31.9GB (32GB approx)
[2017.06.06-15.07.42:840][  0]LogMemory: Platform Memory Stats for Windows
[2017.06.06-15.07.42:840][  0]LogMemory: Process Physical Memory: 273.62 MB used, 273.62 MB peak
[2017.06.06-15.07.42:840][  0]LogMemory: Process Virtual Memory: 260.75 MB used, 260.75 MB peak
[2017.06.06-15.07.42:840][  0]LogMemory: Physical Memory: 8552.50 MB used,  24082.99 MB free, 32635.48 MB total
[2017.06.06-15.07.42:840][  0]LogMemory: Virtual Memory: 638.44 MB used,  24082.99 MB free, 134217728.00 MB total
[2017.06.06-15.07.42:935][  0]LogInit: Using OS detected language (en-US).
[2017.06.06-15.07.42:935][  0]LogInit: Using OS detected locale (en-AU).
[2017.06.06-15.07.42:939][  0]LogTextLocalizationManager: No specific localization for 'en-US' exists, so the 'en' localization will be used.
[2017.06.06-15.07.44:044][  0]LogD3D11RHI: D3D11 adapters:
[2017.06.06-15.07.44:092][  0]LogD3D11RHI:    0. 'NVIDIA GeForce GTX 980M' (Feature Level 11_0)
[2017.06.06-15.07.44:092][  0]LogD3D11RHI:       8153/0/16317 MB DedicatedVideo/DedicatedSystem/SharedSystem, Outputs:1, VendorId:0x10de
[2017.06.06-15.07.44:111][  0]LogD3D11RHI:    1. 'Intel(R) HD Graphics 530' (Feature Level 11_0)
[2017.06.06-15.07.44:111][  0]LogD3D11RHI:       128/0/16317 MB DedicatedVideo/DedicatedSystem/SharedSystem, Outputs:0, VendorId:0x8086
[2017.06.06-15.07.44:113][  0]LogD3D11RHI:    2. 'Microsoft Basic Render Driver' (Feature Level 11_0)
[2017.06.06-15.07.44:113][  0]LogD3D11RHI:       0/0/16317 MB DedicatedVideo/DedicatedSystem/SharedSystem, Outputs:0, VendorId:0x1414
[2017.06.06-15.07.44:113][  0]LogD3D11RHI: Chosen D3D11 Adapter: 0
[2017.06.06-15.07.44:119][  0]LogD3D11RHI: Creating new Direct3DDevice
[2017.06.06-15.07.44:120][  0]LogD3D11RHI:     GPU DeviceId: 0x13d7 (for the marketing name, search the web for "GPU Device Id")
[2017.06.06-15.07.44:120][  0]LogWindows: EnumDisplayDevices:
[2017.06.06-15.07.44:120][  0]LogWindows:    0. 'Intel(R) HD Graphics 530' (P:0 D:0)
[2017.06.06-15.07.44:120][  0]LogWindows:    1. 'Intel(R) HD Graphics 530' (P:0 D:0)
[2017.06.06-15.07.44:120][  0]LogWindows:    2. 'Intel(R) HD Graphics 530' (P:0 D:0)
[2017.06.06-15.07.44:120][  0]LogWindows:    3. 'NVIDIA GeForce GTX 980M' (P:1 D:1)
[2017.06.06-15.07.44:120][  0]LogWindows: DebugString: PrimaryIsNotTheChoosenAdapter PrimaryIsNotTheChoosenAdapter PrimaryIsNotTheChoosenAdapter 
[2017.06.06-15.07.44:120][  0]LogD3D11RHI:     Adapter Name: NVIDIA GeForce GTX 980M
[2017.06.06-15.07.44:120][  0]LogD3D11RHI:   Driver Version: 382.33 (internal:22.21.13.8233, unified:382.33)
[2017.06.06-15.07.44:120][  0]LogD3D11RHI:      Driver Date: 5-17-2017
[2017.06.06-15.07.44:120][  0]LogRHI: Texture pool is 1361 MB (70% of 1945 MB)
[2017.06.06-15.07.44:149][  0]LogD3D11RHI: Async texture creation enabled
[2017.06.06-15.07.44:161][  0]LogD3D11RHI: GPU Timing Frequency: 1000.000000 (Debug: 2 1)
[2017.06.06-15.07.44:210][  0]LogShaderCompilers: Guid format shader working directory is -1 characters bigger than the processId version (D:/H2Owned_MajorProject2017-Repo/H2Owned_2017/Intermediate/Shaders/WorkingDirectory/10016/).
[2017.06.06-15.07.44:210][  0]LogShaderCompilers: Cleaned the shader compiler working directory 'C:/Users/Cola/AppData/Local/Temp/UnrealShaderWorkingDir/CC13AD464159860DF439A9819A3E9E0B/'.
[2017.06.06-15.07.44:210][  0]LogShaderCompilers:Display: Using Local Shader Compiler.
[2017.06.06-15.07.45:324][  0]LogTemp:Display: Loaded TP AllDesktopTargetPlatform
[2017.06.06-15.07.45:380][  0]LogTemp:Display: Loaded TP MacClientTargetPlatform
[2017.06.06-15.07.45:440][  0]LogTemp:Display: Loaded TP MacNoEditorTargetPlatform
[2017.06.06-15.07.45:494][  0]LogTemp:Display: Loaded TP MacServerTargetPlatform
[2017.06.06-15.07.45:548][  0]LogTemp:Display: Loaded TP MacTargetPlatform
[2017.06.06-15.07.45:602][  0]LogTemp:Display: Loaded TP WindowsClientTargetPlatform
[2017.06.06-15.07.45:653][  0]LogTemp:Display: Loaded TP WindowsNoEditorTargetPlatform
[2017.06.06-15.07.45:707][  0]LogTemp:Display: Loaded TP WindowsServerTargetPlatform
[2017.06.06-15.07.45:752][  0]LogTemp:Display: Loaded TP WindowsTargetPlatform
[2017.06.06-15.07.45:804][  0]LogTemp:Display: Loaded TP AndroidTargetPlatform
[2017.06.06-15.07.45:865][  0]LogTemp:Display: Loaded TP Android_ASTCTargetPlatform
[2017.06.06-15.07.45:929][  0]LogTemp:Display: Loaded TP Android_ATCTargetPlatform
[2017.06.06-15.07.45:985][  0]LogTemp:Display: Loaded TP Android_DXTTargetPlatform
[2017.06.06-15.07.46:038][  0]LogTemp:Display: Loaded TP Android_ETC1TargetPlatform
[2017.06.06-15.07.46:092][  0]LogTemp:Display: Loaded TP Android_ETC2TargetPlatform
[2017.06.06-15.07.46:197][  0]LogTemp:Display: Loaded TP Android_MultiTargetPlatform
[2017.06.06-15.07.46:198][  0]LogTemp:Display: Loaded TP Android_PVRTCTargetPlatform
[2017.06.06-15.07.46:238][  0]LogTemp:Display: Loaded TP HTML5TargetPlatform
[2017.06.06-15.07.46:335][  0]LogTemp:Display: Loaded TP IOSTargetPlatform
[2017.06.06-15.07.46:366][  0]LogTemp:Display: Loaded TP TVOSTargetPlatform
[2017.06.06-15.07.46:417][  0]LogTemp:Display: Loaded TP LinuxClientTargetPlatform
[2017.06.06-15.07.46:468][  0]LogTemp:Display: Loaded TP LinuxNoEditorTargetPlatform
[2017.06.06-15.07.46:519][  0]LogTemp:Display: Loaded TP LinuxServerTargetPlatform
[2017.06.06-15.07.46:569][  0]LogTemp:Display: Loaded TP LinuxTargetPlatform
[2017.06.06-15.07.46:569][  0]LogTargetPlatformManager:Display: Building Assets For Windows
[2017.06.06-15.07.47:102][  0]LogDerivedDataCache:Display: Max Cache Size: 512 MB
[2017.06.06-15.07.47:204][  0]LogDerivedDataCache: Loaded boot cache 0.10s 90MB C:/Users/Cola/AppData/Local/UnrealEngine/4.16/DerivedDataCache/Boot.ddc.
[2017.06.06-15.07.47:204][  0]LogDerivedDataCache:Display: Loaded Boot cache: C:/Users/Cola/AppData/Local/UnrealEngine/4.16/DerivedDataCache/Boot.ddc
[2017.06.06-15.07.47:204][  0]LogDerivedDataCache: FDerivedDataBackendGraph:  Pak pak cache file D:/H2Owned_MajorProject2017-Repo/H2Owned_2017/DerivedDataCache/DDC.ddp not found, will not use a pak cache.
[2017.06.06-15.07.47:204][  0]LogDerivedDataCache: Unable to find inner node Pak for hierarchical cache Hierarchy.
[2017.06.06-15.07.47:204][  0]LogDerivedDataCache: FDerivedDataBackendGraph:  CompressedPak pak cache file D:/H2Owned_MajorProject2017-Repo/H2Owned_2017/DerivedDataCache/Compressed.ddp not found, will not use a pak cache.
[2017.06.06-15.07.47:204][  0]LogDerivedDataCache: Unable to find inner node CompressedPak for hierarchical cache Hierarchy.
[2017.06.06-15.07.47:225][  0]LogDerivedDataCache:Display: Pak cache opened for reading ../../../Engine/DerivedDataCache/Compressed.ddp.
[2017.06.06-15.07.47:237][  0]LogDerivedDataCache: Using Local data cache path C:/Users/Cola/AppData/Local/UnrealEngine/Common/DerivedDataCache: Writable
[2017.06.06-15.07.47:248][  0]LogMaterial: Verifying Global Shaders for PCD3D_SM5
[2017.06.06-15.07.47:248][  0]LogSlate: Using Freetype 2.6.0
[2017.06.06-15.07.47:249][  0]LogSlate: SlateFontCache - WITH_FREETYPE: 1, WITH_HARFBUZZ: 1
[2017.06.06-15.07.47:249][  0]LogSlate: SlateFontCache - WITH_FREETYPE: 1, WITH_HARFBUZZ: 1
[2017.06.06-15.07.47:575][  0]LogInit: Selected Device Profile: [Windows]
[2017.06.06-15.07.47:659][  0]LogContentStreaming: Texture pool size is 0.00 MB
[2017.06.06-15.07.47:838][  0]LogMeshUtilities: Using QuadricMeshReduction for automatic static mesh reduction
[2017.06.06-15.07.47:886][  0]LogSimplygon: Simplygon DLL not present - disabling.
[2017.06.06-15.07.47:938][  0]LogMeshUtilities: Using SimplygonSwarm for distributed automatic mesh merging
[2017.06.06-15.07.47:938][  0]LogMeshUtilities: No automatic skeletal mesh reduction module available
[2017.06.06-15.07.47:938][  0]LogMeshUtilities: No automatic mesh merging module available
[2017.06.06-15.07.48:570][  0]LogNetVersion: H2Owned_2017 , NetCL: 3452394, EngineNetVer: 2, GameNetVer: 0 (Checksum: 3695325218)
[2017.06.06-15.07.48:636][  0]LogAssetRegistry: FAssetRegistry took 0.0262 seconds to start up
[2017.06.06-15.07.48:694][  0]LogPackageLocalizationCache: Processed 4 localized package path(s) for 2 prioritized culture(s) in 0.028415 seconds
[2017.06.06-15.07.48:700][  0]LogUObjectArray: 34194 objects as part of root set at end of initial load.
[2017.06.06-15.07.48:700][  0]LogUObjectAllocator: 7260416 out of 0 bytes used by permanent object pool.
[2017.06.06-15.07.48:700][  0]LogUObjectArray: CloseDisregardForGC: 0/0 objects in disregard for GC pool
[2017.06.06-15.07.48:766][  0]LogInit: WinSock: version 1.1 (2.2), MaxSocks=32767, MaxUdp=65467
[2017.06.06-15.07.51:296][  0]LogTcpMessaging: Initializing TcpMessaging bridge
[2017.06.06-15.07.51:336][  0]LogUdpMessaging: Initializing bridge on interface 0.0.0.0:0 to multicast group 230.0.0.1:6666.
[2017.06.06-15.07.51:870][  0]LogMaterial: Uniform references updated for custom material expression Custom.
[2017.06.06-15.07.52:291][  0]SourceControl: Info Source control is disabled
[2017.06.06-15.07.52:292][  0]SourceControl: Info Source control is disabled
[2017.06.06-15.07.52:340][  0]SourceControl: Info Source control is disabled
[2017.06.06-15.07.52:392][  0]SourceControl: Info Source control is disabled
[2017.06.06-15.07.53:083][  0]LogAndroidPermission: UAndroidPermissionCallbackProxy::GetInstance
[2017.06.06-15.07.53:734][  0]LogEngine: Initializing Engine...
[2017.06.06-15.07.53:735][  0]LogHMD: Failed to initialize OpenVR with code 110
[2017.06.06-15.07.53:998][  0]LogStats: UGameplayTagsManager::ConstructGameplayTagTree: Construct from data asset -  0.000 s
[2017.06.06-15.07.53:998][  0]LogStats: UGameplayTagsManager::ConstructGameplayTagTree: GameplayTagTreeChangedEvent.Broadcast -  0.000 s
[2017.06.06-15.07.54:133][  0]LogAIModule: Creating AISystem for world Untitled
[2017.06.06-15.07.54:143][  0]LogInit: XAudio2 using 'Speakers (Sound Blaster Recon3Di)' : 2 channels at 48 kHz using 32 bits per sample (channel mask 0x3)
[2017.06.06-15.07.54:158][  0]LogInit: FAudioDevice initialized.
[2017.06.06-15.07.54:202][  0]LogDerivedDataCache: Saved boot cache 0.04s 90MB C:/Users/Cola/AppData/Local/UnrealEngine/4.16/DerivedDataCache/Boot.ddc.
[2017.06.06-15.07.54:218][  0]LogInit: Texture streaming: Enabled
[2017.06.06-15.07.54:322][  0]LogEngineSessionManager: EngineSessionManager initialized
[2017.06.06-15.07.54:563][  0]LogInit: Transaction tracking system initialized
[2017.06.06-15.07.54:933][  0]BlueprintLog: New page: Editor Load
[2017.06.06-15.07.56:020][  0]LocalizationService: Info Localization service is disabled
[2017.06.06-15.07.56:900][  0]LogConsoleResponse:Display: 
[2017.06.06-15.07.57:064][  0]LogCook:Display: Max memory allowance for cook 16384mb min free memory 0mb
[2017.06.06-15.07.57:064][  0]LogCook:Display: Mobile HDR setting 1
[2017.06.06-15.07.57:235][  0]LogFileCache: Scanning file cache for directory 'D:/H2Owned_MajorProject2017-Repo/H2Owned_2017/Content/' took 0.02s
[2017.06.06-15.07.58:316][  0]SourceControl: Info Source control is disabled
[2017.06.06-15.07.58:316][  0]Cmd: MAP LOAD FILE="D:/H2Owned_MajorProject2017-Repo/H2Owned_2017/Content/StarterContent/Maps/Minimal_Default.umap" TEMPLATE=0 SHOWPROGRESS=1 FEATURELEVEL=3
[2017.06.06-15.07.58:322][  0]LightingResults: New page: Lighting Build
[2017.06.06-15.07.58:377][  0]MapCheck: New page: Map Check
[2017.06.06-15.07.58:377][  0]LightingResults: New page: Lighting Build
[2017.06.06-15.07.58:882][  0]LogAIModule: Creating AISystem for world Minimal_Default
[2017.06.06-15.07.58:895][  0]LogEditorServer: Finished looking for orphan Actors (0.000 secs)
[2017.06.06-15.07.58:926][  0]Cmd: MAP CHECKDEP NOCLEARLOG
[2017.06.06-15.07.58:974][  0]MapCheck: Info Map check complete: 0 Error(s), 0 Warning(s), took 47.424ms to complete.
[2017.06.06-15.07.58:974][  0]LogFileHelpers: Loading map 'Minimal_Default' took 0.657
[2017.06.06-15.07.59:133][  0]LogCollectionManager: Loaded 0 collections in 0.001403 seconds
[2017.06.06-15.07.59:228][  0]LogFileCache: Scanning file cache for directory 'D:/H2Owned_MajorProject2017-Repo/H2Owned_2017/Saved/Collections/' took 0.01s
[2017.06.06-15.07.59:228][  0]LogFileCache: Scanning file cache for directory 'D:/H2Owned_MajorProject2017-Repo/H2Owned_2017/Content/Developers/Cola/Collections/' took 0.01s
[2017.06.06-15.07.59:228][  0]LogFileCache: Scanning file cache for directory 'D:/H2Owned_MajorProject2017-Repo/H2Owned_2017/Content/Collections/' took 0.01s
[2017.06.06-15.07.59:228][  0]LogCollectionManager: Rebuilt the GUID cache for 0 collections in 0.000002 seconds
[2017.06.06-15.07.59:238][  0]LogContentBrowser: Native class hierarchy populated in 0.0100 seconds. Added 2329 classes and 491 folders.
[2017.06.06-15.07.59:313][  0]LogContentBrowser: Native class hierarchy updated for 'WidgetCarousel' in 0.0009 seconds. Added 0 classes and 0 folders.
[2017.06.06-15.07.59:354][  0]LogContentBrowser: Native class hierarchy updated for 'AddContentDialog' in 0.0009 seconds. Added 0 classes and 0 folders.
[2017.06.06-15.07.59:413][  0]LogContentBrowser: Native class hierarchy updated for 'SceneOutliner' in 0.0009 seconds. Added 1 classes and 2 folders.
[2017.06.06-15.07.59:467][  0]LogCrashTracker: Crashtracker disabled due to settings.
[2017.06.06-15.07.59:474][  0]LogSlate: Took 0.000217 seconds to synchronously load lazily loaded font '../../../Engine/Content/Slate/Fonts/Roboto-Regular.ttf' (155K)
[2017.06.06-15.07.59:477][  0]LogSlate: Took 0.000194 seconds to synchronously load lazily loaded font '../../../Engine/Content/Slate/Fonts/Roboto-Bold.ttf' (160K)
[2017.06.06-15.07.59:484][  0]LogSlate: Took 0.000334 seconds to synchronously load lazily loaded font '../../../Engine/Content/Editor/Slate/Fonts/FontAwesome.ttf' (139K)
[2017.06.06-15.07.59:601][  0]LogRenderer: Reallocating scene render targets to support 1320x516 NumSamples 1 (Frame:1).
[2017.06.06-15.07.59:731][  0]LogUObjectGlobals:Warning: Failed to find object 'Class None.'
[2017.06.06-15.07.59:808][  0]LogContentBrowser: Native class hierarchy updated for 'HierarchicalLODOutliner' in 0.0008 seconds. Added 1 classes and 2 folders.
[2017.06.06-15.07.59:808][  0]LogLoad: (Engine Initialization) Total time: 18.58 seconds
[2017.06.06-15.07.59:808][  0]LogLoad: (Engine Initialization) Total Blueprint compile time: 0.10 seconds
[2017.06.06-15.07.59:808][  0]LogExternalProfiler: Found external profiler: VSPerf
[2017.06.06-15.07.59:808][  0]LogExternalProfiler: Using external profiler: VSPerf
[2017.06.06-15.08.00:149][  0]LogOcInput: OculusInput pre-init called
[2017.06.06-15.08.00:149][  0]LogHMD: Starting GearVRController plugin
[2017.06.06-15.08.00:165][  0]LogAssetRegistry: Asset discovery search completed in 11.5505 seconds
[2017.06.06-15.08.00:167][  0]LogCollectionManager: Rebuilt the object cache for 0 collections in 0.000000 seconds (found 0 objects)
[2017.06.06-15.08.00:167][  0]LogCollectionManager: Fixed up redirectors for 0 collections in 0.000026 seconds (updated 0 objects)
[2017.06.06-15.08.00:170][  0]LogContentStreaming: Texture pool size now 1000 MB
[2017.06.06-15.08.00:218][  0]LogSlate: Took 0.000171 seconds to synchronously load lazily loaded font '../../../Engine/Content/Slate/Fonts/Roboto-Light.ttf' (159K)
[2017.06.06-15.08.03:137][101]LogSlate: Took 0.000254 seconds to synchronously load lazily loaded font '../../../Engine/Content/Slate/Fonts/Roboto-Light.ttf' (159K)
[2017.06.06-15.08.03:159][101]LogAIModule: Creating AISystem for world Test1
[2017.06.06-15.08.03:173][101]Cmd: MAP LOAD FILE="D:/H2Owned_MajorProject2017-Repo/H2Owned_2017/Content/Test1.umap" TEMPLATE=0 SHOWPROGRESS=1 FEATURELEVEL=3
[2017.06.06-15.08.03:173][101]LightingResults: New page: Lighting Build
[2017.06.06-15.08.03:174][101]LoadErrors: New page: Loading map: Test1.umap
[2017.06.06-15.08.03:174][101]MapCheck: New page: Map Check
[2017.06.06-15.08.03:174][101]LightingResults: New page: Lighting Build
[2017.06.06-15.08.03:188][101]LogEditorServer: Finished looking for orphan Actors (0.000 secs)
[2017.06.06-15.08.03:221][101]Cmd: MAP CHECKDEP NOCLEARLOG
[2017.06.06-15.08.03:274][101]MapCheck: Info Map check complete: 0 Error(s), 0 Warning(s), took 51.851ms to complete.
[2017.06.06-15.08.03:274][101]LogFileHelpers: Loading map 'Test1' took 0.101
[2017.06.06-15.08.05:143][212]LogTemp: Repeting last play command: Selected Viewport
[2017.06.06-15.08.05:174][212]LogPlayLevel: PlayLevel: No blueprints needed recompiling
[2017.06.06-15.08.05:175][212]PIE: New page: PIE session: Test1 (7 Jun 2017 11:08:05 am)
[2017.06.06-15.08.05:175][212]LogPlayLevel: Creating play world package: /Game/UEDPIE_0_Test1
[2017.06.06-15.08.05:177][212]LogPlayLevel: PIE: StaticDuplicateObject took: (0.002680s)
[2017.06.06-15.08.05:178][212]LogAIModule: Creating AISystem for world Test1
[2017.06.06-15.08.05:178][212]LogPlayLevel: PIE: World Init took: (0.000759s)
[2017.06.06-15.08.05:178][212]LogPlayLevel: PIE: Created PIE world by copying editor world from /Game/Test1.Test1 to /Game/UEDPIE_0_Test1.Test1 (0.003633s)
[2017.06.06-15.08.05:189][212]LogInit: XAudio2 using 'Speakers (Sound Blaster Recon3Di)' : 2 channels at 48 kHz using 32 bits per sample (channel mask 0x3)
[2017.06.06-15.08.05:198][212]LogInit: FAudioDevice initialized.
[2017.06.06-15.08.05:361][212]LogLoad: Game class is 'H2O_DefaultGameMode_C'
[2017.06.06-15.08.05:364][212]LogWorld: Bringing World /Game/UEDPIE_0_Test1.Test1 up for play (max tick rate 60) at 2017.06.07-01.08.05
[2017.06.06-15.08.05:364][212]LogWorld: Bringing up level for play took: 0.000809
[2017.06.06-15.08.05:410][212]LogContentBrowser: Native class hierarchy updated for 'MovieSceneCapture' in 0.0007 seconds. Added 11 classes and 0 folders.
[2017.06.06-15.08.05:412][212]PIE: Info Play in editor start time for /Game/UEDPIE_0_Test1 -0.686
[2017.06.06-15.08.08:385][389]LogBlueprintUserMessages: [H2O_Default_ThirdPersonCharacter_C_0] Shoot
[2017.06.06-15.08.08:802][414]LogBlueprintUserMessages: [H2O_Default_ThirdPersonCharacter_C_0] Shoot
[2017.06.06-15.08.09:085][431]LogBlueprintUserMessages: [H2O_Default_ThirdPersonCharacter_C_0] Shoot
[2017.06.06-15.08.09:302][444]LogBlueprintUserMessages: [H2O_Default_ThirdPersonCharacter_C_0] Shoot
[2017.06.06-15.08.09:835][476]LogBlueprintUserMessages: [H2O_Default_ThirdPersonCharacter_C_0] Shoot
[2017.06.06-15.08.10:102][492]LogBlueprintUserMessages: [H2O_Default_ThirdPersonCharacter_C_0] Shoot
[2017.06.06-15.08.10:419][511]LogBlueprintUserMessages: [H2O_Default_ThirdPersonCharacter_C_0] Shoot
[2017.06.06-15.08.10:702][528]LogBlueprintUserMessages: [H2O_Default_ThirdPersonCharacter_C_0] Shoot
[2017.06.06-15.08.11:219][559]LogBlueprintUserMessages: [H2O_Default_ThirdPersonCharacter_C_0] Shoot
[2017.06.06-15.08.11:469][574]LogBlueprintUserMessages: [H2O_Default_ThirdPersonCharacter_C_0] Shoot
[2017.06.06-15.08.12:119][613]LogBlueprintUserMessages: [H2O_Default_ThirdPersonCharacter_C_0] Grenade
[2017.06.06-15.08.12:352][627]LogBlueprintUserMessages: [H2O_Default_ThirdPersonCharacter_C_0] Grenade
[2017.06.06-15.08.12:869][658]LogBlueprintUserMessages: [H2O_Default_ThirdPersonCharacter_C_0] Shoot
[2017.06.06-15.08.13:152][675]LogBlueprintUserMessages: [H2O_Default_ThirdPersonCharacter_C_0] Shoot
[2017.06.06-15.08.19:136][ 34]LogBlueprintUserMessages: [H2O_Default_ThirdPersonCharacter_C_0] Shoot
[2017.06.06-15.08.19:569][ 60]LogBlueprintUserMessages: [H2O_Default_ThirdPersonCharacter_C_0] Shoot
[2017.06.06-15.08.19:852][ 77]LogBlueprintUserMessages: [H2O_Default_ThirdPersonCharacter_C_0] Shoot
[2017.06.06-15.08.20:652][125]LogBlueprintUserMessages: [H2O_Default_ThirdPersonCharacter_C_0] Shoot
[2017.06.06-15.08.21:552][179]LogBlueprintUserMessages: [H2O_Default_ThirdPersonCharacter_C_0] Shoot
[2017.06.06-15.08.21:836][196]LogBlueprintUserMessages: [H2O_Default_ThirdPersonCharacter_C_0] Shoot
[2017.06.06-15.08.22:636][244]LogBlueprintUserMessages: [H2O_Default_ThirdPersonCharacter_C_0] Shoot
[2017.06.06-15.08.22:886][259]LogBlueprintUserMessages: [H2O_Default_ThirdPersonCharacter_C_0] Shoot
[2017.06.06-15.08.23:670][306]LogBlueprintUserMessages: [H2O_Default_ThirdPersonCharacter_C_0] Shoot
[2017.06.06-15.08.23:902][320]LogBlueprintUserMessages: [H2O_Default_ThirdPersonCharacter_C_0] Shoot
[2017.06.06-15.08.24:636][364]LogBlueprintUserMessages: [H2O_Default_ThirdPersonCharacter_C_0] Shoot
[2017.06.06-15.08.24:919][381]LogBlueprintUserMessages: [H2O_Default_ThirdPersonCharacter_C_0] Shoot
[2017.06.06-15.08.25:136][394]LogBlueprintUserMessages: [H2O_Default_ThirdPersonCharacter_C_0] Shoot
[2017.06.06-15.08.25:420][411]LogBlueprintUserMessages: [H2O_Default_ThirdPersonCharacter_C_0] Shoot
[2017.06.06-15.08.25:469][414]LogBlueprintUserMessages: [H2O_Default_ThirdPersonCharacter_C_0] Shoot
[2017.06.06-15.08.27:253][521]LogBlueprintUserMessages: [H2O_Default_ThirdPersonCharacter_C_0] Shoot
[2017.06.06-15.08.28:320][585]LogBlueprintUserMessages: [H2O_Default_ThirdPersonCharacter_C_0] Shoot
[2017.06.06-15.08.29:286][643]LogBlueprintUserMessages: [H2O_Default_ThirdPersonCharacter_C_0] Shoot
[2017.06.06-15.08.29:586][661]LogBlueprintUserMessages: [H2O_Default_ThirdPersonCharacter_C_0] Shoot
[2017.06.06-15.08.30:653][725]LogBlueprintUserMessages: [H2O_Default_ThirdPersonCharacter_C_0] Shoot
[2017.06.06-15.08.31:020][747]LogBlueprintUserMessages: [H2O_Default_ThirdPersonCharacter_C_0] Shoot
[2017.06.06-15.08.31:253][761]LogBlueprintUserMessages: [H2O_Default_ThirdPersonCharacter_C_0] Shoot
[2017.06.06-15.08.31:470][774]LogBlueprintUserMessages: [H2O_Default_ThirdPersonCharacter_C_0] Shoot
[2017.06.06-15.08.32:320][825]LogBlueprintUserMessages: [H2O_Default_ThirdPersonCharacter_C_0] Shoot
[2017.06.06-15.08.32:587][841]LogBlueprintUserMessages: [H2O_Default_ThirdPersonCharacter_C_0] Shoot
[2017.06.06-15.08.32:853][857]LogBlueprintUserMessages: [H2O_Default_ThirdPersonCharacter_C_0] Shoot
[2017.06.06-15.08.33:086][871]LogBlueprintUserMessages: [H2O_Default_ThirdPersonCharacter_C_0] Shoot
[2017.06.06-15.08.34:103][932]LogBlueprintUserMessages: [H2O_Default_ThirdPersonCharacter_C_0] Shoot
[2017.06.06-15.08.34:387][949]LogBlueprintUserMessages: [H2O_Default_ThirdPersonCharacter_C_0] Shoot
[2017.06.06-15.08.34:670][966]LogBlueprintUserMessages: [H2O_Default_ThirdPersonCharacter_C_0] Shoot
[2017.06.06-15.08.34:887][979]LogBlueprintUserMessages: [H2O_Default_ThirdPersonCharacter_C_0] Shoot
[2017.06.06-15.08.35:070][990]LogBlueprintUserMessages: [H2O_Default_ThirdPersonCharacter_C_0] Shoot
[2017.06.06-15.08.35:270][  2]LogBlueprintUserMessages: [H2O_Default_ThirdPersonCharacter_C_0] Shoot
[2017.06.06-15.08.35:453][ 13]LogBlueprintUserMessages: [H2O_Default_ThirdPersonCharacter_C_0] Shoot
[2017.06.06-15.08.35:904][ 40]LogBlueprintUserMessages: [H2O_Default_ThirdPersonCharacter_C_0] Grenade
[2017.06.06-15.08.36:437][ 72]LogBlueprintUserMessages: [H2O_Default_ThirdPersonCharacter_C_0] Grenade
[2017.06.06-15.08.36:637][ 84]LogBlueprintUserMessages: [H2O_Default_ThirdPersonCharacter_C_0] Grenade
[2017.06.06-15.08.37:004][106]LogBlueprintUserMessages: [H2O_Default_ThirdPersonCharacter_C_0] Grenade
[2017.06.06-15.08.37:220][119]LogBlueprintUserMessages: [H2O_Default_ThirdPersonCharacter_C_0] Grenade
[2017.06.06-15.08.37:703][148]LogBlueprintUserMessages: [H2O_Default_ThirdPersonCharacter_C_0] Grenade
[2017.06.06-15.08.37:987][165]LogBlueprintUserMessages: [H2O_Default_ThirdPersonCharacter_C_0] Grenade
[2017.06.06-15.08.38:687][207]LogBlueprintUserMessages: [H2O_Default_ThirdPersonCharacter_C_0] Reload / Pumping Gun
[2017.06.06-15.08.39:120][233]LogBlueprintUserMessages: [H2O_Default_ThirdPersonCharacter_C_0] Reload / Pumping Gun
[2017.06.06-15.08.39:520][257]LogBlueprintUserMessages: [H2O_Default_ThirdPersonCharacter_C_0] Reload / Pumping Gun
[2017.06.06-15.08.39:687][267]LogBlueprintUserMessages: [H2O_Default_ThirdPersonCharacter_C_0] Reload / Pumping Gun
[2017.06.06-15.08.39:954][283]LogBlueprintUserMessages: [H2O_Default_ThirdPersonCharacter_C_0] Reload / Pumping Gun
[2017.06.06-15.08.40:270][302]LogBlueprintUserMessages: [H2O_Default_ThirdPersonCharacter_C_0] Shoot
[2017.06.06-15.08.40:537][318]LogBlueprintUserMessages: [H2O_Default_ThirdPersonCharacter_C_0] Shoot
[2017.06.06-15.08.40:737][330]LogBlueprintUserMessages: [H2O_Default_ThirdPersonCharacter_C_0] Shoot
[2017.06.06-15.08.40:920][341]LogBlueprintUserMessages: [H2O_Default_ThirdPersonCharacter_C_0] Shoot
[2017.06.06-15.08.41:070][350]LogBlueprintUserMessages: [H2O_Default_ThirdPersonCharacter_C_0] Shoot
[2017.06.06-15.08.41:237][360]LogBlueprintUserMessages: [H2O_Default_ThirdPersonCharacter_C_0] Shoot
[2017.06.06-15.08.41:671][386]LogBlueprintUserMessages: [H2O_Default_ThirdPersonCharacter_C_0] Shoot
[2017.06.06-15.08.41:871][398]LogBlueprintUserMessages: [H2O_Default_ThirdPersonCharacter_C_0] Shoot
[2017.06.06-15.08.42:071][410]LogBlueprintUserMessages: [H2O_Default_ThirdPersonCharacter_C_0] Shoot
[2017.06.06-15.08.42:254][421]LogBlueprintUserMessages: [H2O_Default_ThirdPersonCharacter_C_0] Shoot
[2017.06.06-15.08.42:454][433]LogBlueprintUserMessages: [H2O_Default_ThirdPersonCharacter_C_0] Shoot
[2017.06.06-15.08.42:637][444]LogBlueprintUserMessages: [H2O_Default_ThirdPersonCharacter_C_0] Shoot
[2017.06.06-15.08.43:488][495]LogBlueprintUserMessages: [H2O_Default_ThirdPersonCharacter_C_0] Shoot
[2017.06.06-15.08.43:704][508]LogBlueprintUserMessages: [H2O_Default_ThirdPersonCharacter_C_0] Shoot
[2017.06.06-15.08.43:987][525]LogBlueprintUserMessages: [H2O_Default_ThirdPersonCharacter_C_0] Shoot
[2017.06.06-15.08.44:621][563]LogBlueprintUserMessages: [H2O_Default_ThirdPersonCharacter_C_0] Shoot
[2017.06.06-15.08.44:871][578]LogBlueprintUserMessages: [H2O_Default_ThirdPersonCharacter_C_0] Shoot
[2017.06.06-15.08.45:088][591]LogBlueprintUserMessages: [H2O_Default_ThirdPersonCharacter_C_0] Shoot
[2017.06.06-15.08.45:688][627]LogBlueprintUserMessages: [H2O_Default_ThirdPersonCharacter_C_0] Shoot
[2017.06.06-15.08.45:921][641]LogBlueprintUserMessages: [H2O_Default_ThirdPersonCharacter_C_0] Shoot
[2017.06.06-15.08.46:221][659]LogBlueprintUserMessages: [H2O_Default_ThirdPersonCharacter_C_0] Shoot
[2017.06.06-15.08.49:021][827]LogBlueprintUserMessages: [H2O_Default_ThirdPersonCharacter_C_0] Shoot
[2017.06.06-15.08.49:304][844]LogBlueprintUserMessages: [H2O_Default_ThirdPersonCharacter_C_0] Shoot
[2017.06.06-15.08.49:504][856]LogBlueprintUserMessages: [H2O_Default_ThirdPersonCharacter_C_0] Shoot
[2017.06.06-15.08.49:804][874]LogBlueprintUserMessages: [H2O_Default_ThirdPersonCharacter_C_0] Shoot
[2017.06.06-15.08.50:004][886]LogBlueprintUserMessages: [H2O_Default_ThirdPersonCharacter_C_0] Shoot
[2017.06.06-15.08.50:721][929]LogBlueprintUserMessages: [H2O_Default_ThirdPersonCharacter_C_0] Shoot
[2017.06.06-15.08.50:954][943]LogBlueprintUserMessages: [H2O_Default_ThirdPersonCharacter_C_0] Shoot
[2017.06.06-15.08.51:371][968]LogBlueprintUserMessages: [H2O_Default_ThirdPersonCharacter_C_0] Shoot
[2017.06.06-15.08.51:605][982]LogBlueprintUserMessages: [H2O_Default_ThirdPersonCharacter_C_0] Shoot
[2017.06.06-15.08.52:038][  8]LogBlueprintUserMessages: [H2O_Default_ThirdPersonCharacter_C_0] Shoot
[2017.06.06-15.09.33:480][206]LogContentBrowser: Native class hierarchy updated for 'BlueprintGraph' in 0.0012 seconds. Added 112 classes and 0 folders.
[2017.06.06-15.09.34:085][206]LogSlate: Took 0.000124 seconds to synchronously load lazily loaded font '../../../Engine/Content/Slate/Fonts/Roboto-Regular.ttf' (155K)
[2017.06.06-15.09.48:886][ 77]LogWindowsTextInputMethodSystem:Display: IME system now deactivated.
[2017.06.06-15.09.49:060][ 78]Cmd: QUIT_EDITOR
[2017.06.06-15.09.50:053][ 78]LogExit: Preparing to exit.
[2017.06.06-15.09.50:539][ 78]LogExit: Editor shut down
[2017.06.06-15.09.50:541][ 78]LogExit: Transaction tracking system shut down
[2017.06.06-15.09.50:633][ 78]LogObj: Freed 0b from 0 cluster array pools.
[2017.06.06-15.09.50:633][ 78]LogExit: Object subsystem successfully closed.
[2017.06.06-15.09.50:652][ 78]LogD3D11RHI: Shutdown
[2017.06.06-15.09.50:652][ 78]LogD3D11RHI: CleanupD3DDevice
[2017.06.06-15.09.50:722][ 78]LogD3D11RHI: ~FD3D11DynamicRHI
[2017.06.06-15.09.50:737][ 78]LogModuleManager: Shutting down and abandoning module BlueprintGraph (530)
[2017.06.06-15.09.50:737][ 78]LogModuleManager: Shutting down and abandoning module BlueprintProfiler (528)
[2017.06.06-15.09.50:737][ 78]LogModuleManager: Shutting down and abandoning module MovieSceneCapture (526)
[2017.06.06-15.09.50:737][ 78]LogModuleManager: Shutting down and abandoning module HierarchicalLODOutliner (524)
[2017.06.06-15.09.50:737][ 78]LogModuleManager: Shutting down and abandoning module CrashTracker (522)
[2017.06.06-15.09.50:737][ 78]LogModuleManager: Shutting down and abandoning module SceneOutliner (520)
[2017.06.06-15.09.50:737][ 78]LogModuleManager: Shutting down and abandoning module AddContentDialog (518)
[2017.06.06-15.09.50:737][ 78]LogDirectoryWatcher: A directory notification for 'C:/Program Files/Epic Games/UE_4.16/FeaturePacks/' was aborted.
[2017.06.06-15.09.50:738][ 78]LogModuleManager: Shutting down and abandoning module WidgetCarousel (517)
[2017.06.06-15.09.50:738][ 78]LogModuleManager: Shutting down and abandoning module EditorWidgets (514)
[2017.06.06-15.09.50:738][ 78]LogModuleManager: Shutting down and abandoning module CollectionManager (512)
[2017.06.06-15.09.50:738][ 78]LogDirectoryWatcher: A directory notification for 'D:/H2Owned_MajorProject2017-Repo/H2Owned_2017/Content/Collections/' was aborted.
[2017.06.06-15.09.50:738][ 78]LogDirectoryWatcher: A directory notification for 'D:/H2Owned_MajorProject2017-Repo/H2Owned_2017/Content/Developers/Cola/Collections/' was aborted.
[2017.06.06-15.09.50:738][ 78]LogDirectoryWatcher: A directory notification for 'D:/H2Owned_MajorProject2017-Repo/H2Owned_2017/Saved/Collections/' was aborted.
[2017.06.06-15.09.50:738][ 78]LogModuleManager: Shutting down and abandoning module StatsViewer (510)
[2017.06.06-15.09.50:738][ 78]LogModuleManager: Shutting down and abandoning module FoliageEdit (508)
[2017.06.06-15.09.50:738][ 78]LogModuleManager: Shutting down and abandoning module LandscapeEditor (506)
[2017.06.06-15.09.50:738][ 78]LogModuleManager: Shutting down and abandoning module MeshPaintMode (504)
[2017.06.06-15.09.50:738][ 78]LogModuleManager: Shutting down and abandoning module SceneDepthPickerMode (502)
[2017.06.06-15.09.50:738][ 78]LogModuleManager: Shutting down and abandoning module ActorPickerMode (500)
[2017.06.06-15.09.50:738][ 78]LogModuleManager: Shutting down and abandoning module GeometryMode (498)
[2017.06.06-15.09.50:738][ 78]LogModuleManager: Shutting down and abandoning module TextureAlignMode (496)
[2017.06.06-15.09.50:738][ 78]LogModuleManager: Shutting down and abandoning module BspMode (494)
[2017.06.06-15.09.50:738][ 78]LogModuleManager: Shutting down and abandoning module HardwareSurvey (492)
[2017.06.06-15.09.50:738][ 78]LogModuleManager: Shutting down and abandoning module SequenceRecorderSections (490)
[2017.06.06-15.09.50:738][ 78]LogModuleManager: Shutting down and abandoning module AutomationWorker (488)
[2017.06.06-15.09.50:738][ 78]LogModuleManager: Shutting down and abandoning module MatineeToLevelSequence (486)
[2017.06.06-15.09.50:738][ 78]LogModuleManager: Shutting down and abandoning module LevelSequenceEditor (484)
[2017.06.06-15.09.50:738][ 78]LogModuleManager: Shutting down and abandoning module PlacementMode (483)
[2017.06.06-15.09.50:738][ 78]LogModuleManager: Shutting down and abandoning module WmfMediaFactory (480)
[2017.06.06-15.09.50:738][ 78]LogModuleManager: Shutting down and abandoning module WmfMediaEditor (478)
[2017.06.06-15.09.50:738][ 78]LogModuleManager: Shutting down and abandoning module AvfMediaFactory (476)
[2017.06.06-15.09.50:738][ 78]LogModuleManager: Shutting down and abandoning module AvfMediaEditor (474)
[2017.06.06-15.09.50:738][ 78]LogModuleManager: Shutting down and abandoning module AndroidMediaFactory (472)
[2017.06.06-15.09.50:738][ 78]LogModuleManager: Shutting down and abandoning module Media (471)
[2017.06.06-15.09.50:738][ 78]LogModuleManager: Shutting down and abandoning module AndroidMediaEditor (468)
[2017.06.06-15.09.50:738][ 78]LogModuleManager: Shutting down and abandoning module CharacterAI (466)
[2017.06.06-15.09.50:738][ 78]LogModuleManager: Shutting down and abandoning module AudioCapture (464)
[2017.06.06-15.09.50:738][ 78]LogModuleManager: Shutting down and abandoning module SequenceRecorder (463)
[2017.06.06-15.09.50:738][ 78]LogModuleManager: Shutting down and abandoning module SmartSnapping (460)
[2017.06.06-15.09.50:738][ 78]LogModuleManager: Shutting down and abandoning module SessionServices (458)
[2017.06.06-15.09.50:738][ 78]LogModuleManager: Shutting down and abandoning module ViewportSnapping (456)
[2017.06.06-15.09.50:738][ 78]LogModuleManager: Shutting down and abandoning module ViewportInteraction (454)
[2017.06.06-15.09.50:738][ 78]LogModuleManager: Shutting down and abandoning module ClothPainter (452)
[2017.06.06-15.09.50:738][ 78]LogModuleManager: Shutting down and abandoning module LogVisualizer (450)
[2017.06.06-15.09.50:738][ 78]LogModuleManager: Shutting down and abandoning module IntroTutorials (448)
[2017.06.06-15.09.50:738][ 78]LogModuleManager: Shutting down and abandoning module GameProjectGeneration (447)
[2017.06.06-15.09.50:738][ 78]LogModuleManager: Shutting down and abandoning module EditorLiveStreaming (444)
[2017.06.06-15.09.50:739][ 78]LogModuleManager: Shutting down and abandoning module IOSPlatformEditor (442)
[2017.06.06-15.09.50:739][ 78]LogModuleManager: Shutting down and abandoning module HTML5PlatformEditor (440)
[2017.06.06-15.09.50:739][ 78]LogModuleManager: Shutting down and abandoning module AndroidPlatformEditor (438)
[2017.06.06-15.09.50:739][ 78]LogModuleManager: Shutting down and abandoning module AndroidDeviceDetection (437)
[2017.06.06-15.09.51:478][ 78]LogModuleManager: Shutting down and abandoning module IOSRuntimeSettings (434)
[2017.06.06-15.09.51:478][ 78]LogModuleManager: Shutting down and abandoning module AndroidRuntimeSettings (432)
[2017.06.06-15.09.51:478][ 78]LogModuleManager: Shutting down and abandoning module InputBindingEditor (430)
[2017.06.06-15.09.51:478][ 78]LogModuleManager: Shutting down and abandoning module MergeActors (428)
[2017.06.06-15.09.51:478][ 78]LogModuleManager: Shutting down and abandoning module SizeMap (426)
[2017.06.06-15.09.51:478][ 78]LogModuleManager: Shutting down and abandoning module TreeMap (424)
[2017.06.06-15.09.51:478][ 78]LogModuleManager: Shutting down and abandoning module ReferenceViewer (422)
[2017.06.06-15.09.51:478][ 78]LogModuleManager: Shutting down and abandoning module LocalizationDashboard (420)
[2017.06.06-15.09.51:479][ 78]LogModuleManager: Shutting down and abandoning module LocalizationService (419)
[2017.06.06-15.09.51:479][ 78]LogModuleManager: Shutting down and abandoning module HardwareTargeting (416)
[2017.06.06-15.09.51:479][ 78]LogModuleManager: Shutting down and abandoning module DeviceProfileEditor (414)
[2017.06.06-15.09.51:479][ 78]LogModuleManager: Shutting down and abandoning module UndoHistory (412)
[2017.06.06-15.09.51:479][ 78]LogModuleManager: Shutting down and abandoning module UserFeedback (410)
[2017.06.06-15.09.51:479][ 78]LogModuleManager: Shutting down and abandoning module XmlParser (408)
[2017.06.06-15.09.51:479][ 78]LogModuleManager: Shutting down and abandoning module Blutility (406)
[2017.06.06-15.09.51:479][ 78]LogModuleManager: Shutting down and abandoning module ProjectSettingsViewer (404)
[2017.06.06-15.09.51:479][ 78]LogModuleManager: Shutting down and abandoning module ProjectTargetPlatformEditor (403)
[2017.06.06-15.09.51:479][ 78]LogModuleManager: Shutting down and abandoning module EditorSettingsViewer (400)
[2017.06.06-15.09.51:479][ 78]LogModuleManager: Shutting down and abandoning module SettingsEditor (398)
[2017.06.06-15.09.51:479][ 78]LogModuleManager: Shutting down and abandoning module ProjectLauncher (396)
[2017.06.06-15.09.51:479][ 78]LogModuleManager: Shutting down and abandoning module SessionFrontend (394)
[2017.06.06-15.09.51:479][ 78]LogModuleManager: Shutting down and abandoning module ProfilerClient (392)
[2017.06.06-15.09.51:479][ 78]LogModuleManager: Shutting down and abandoning module DeviceManager (390)
[2017.06.06-15.09.51:479][ 78]LogModuleManager: Shutting down and abandoning module TargetDeviceServices (389)
[2017.06.06-15.09.51:533][ 78]LogModuleManager: Shutting down and abandoning module AutomationController (386)
[2017.06.06-15.09.51:533][ 78]LogModuleManager: Shutting down and abandoning module AutomationWindow (384)
[2017.06.06-15.09.51:533][ 78]LogModuleManager: Shutting down and abandoning module Layers (382)
[2017.06.06-15.09.51:533][ 78]LogModuleManager: Shutting down and abandoning module ComponentVisualizers (380)
[2017.06.06-15.09.51:533][ 78]LogModuleManager: Shutting down and abandoning module DetailCustomizations (378)
[2017.06.06-15.09.51:533][ 78]LogModuleManager: Shutting down and abandoning module PackagesDialog (376)
[2017.06.06-15.09.51:533][ 78]LogModuleManager: Shutting down and abandoning module Persona (374)
[2017.06.06-15.09.51:533][ 78]LogModuleManager: Shutting down and abandoning module AdvancedPreviewScene (373)
[2017.06.06-15.09.51:533][ 78]LogModuleManager: Shutting down and abandoning module AnimGraph (371)
[2017.06.06-15.09.51:533][ 78]LogModuleManager: Shutting down and abandoning module Kismet (368)
[2017.06.06-15.09.51:538][ 78]LogModuleManager: Shutting down and abandoning module ClassViewer (366)
[2017.06.06-15.09.51:538][ 78]LogModuleManager: Shutting down and abandoning module Toolbox (364)
[2017.06.06-15.09.51:538][ 78]LogModuleManager: Shutting down and abandoning module ModuleUI (362)
[2017.06.06-15.09.51:538][ 78]LogModuleManager: Shutting down and abandoning module MovieSceneTools (360)
[2017.06.06-15.09.51:538][ 78]LogModuleManager: Shutting down and abandoning module OutputLog (358)
[2017.06.06-15.09.51:538][ 78]LogModuleManager: Shutting down and abandoning module GammaUI (356)
[2017.06.06-15.09.51:538][ 78]LogModuleManager: Shutting down and abandoning module Documentation (354)
[2017.06.06-15.09.51:538][ 78]LogModuleManager: Shutting down and abandoning module MovieSceneTracks (352)
[2017.06.06-15.09.51:538][ 78]LogModuleManager: Shutting down and abandoning module MovieScene (350)
[2017.06.06-15.09.51:538][ 78]LogModuleManager: Shutting down and abandoning module Niagara (348)
[2017.06.06-15.09.51:538][ 78]LogModuleManager: Shutting down and abandoning module NiagaraEditor (347)
[2017.06.06-15.09.51:538][ 78]LogModuleManager: Shutting down and abandoning module StreamingPauseRendering (344)
[2017.06.06-15.09.51:538][ 78]LogModuleManager: Shutting down and abandoning module AnalyticsET (342)
[2017.06.06-15.09.51:538][ 78]LogModuleManager: Shutting down and abandoning module PortalServices (340)
[2017.06.06-15.09.51:538][ 78]LogModuleManager: Shutting down and abandoning module PortalRpc (338)
[2017.06.06-15.09.51:538][ 78]LogModuleManager: Shutting down and abandoning module MessagingRpc (336)
[2017.06.06-15.09.51:539][ 78]LogModuleManager: Shutting down and abandoning module AIModule (334)
[2017.06.06-15.09.51:539][ 78]LogModuleManager: Shutting down and abandoning module GameplayDebugger (333)
[2017.06.06-15.09.51:539][ 78]LogModuleManager: Shutting down and abandoning module AITestSuite (331)
[2017.06.06-15.09.51:539][ 78]LogModuleManager: Shutting down and abandoning module ProfilerService (328)
[2017.06.06-15.09.51:579][ 78]LogModuleManager: Shutting down and abandoning module TaskGraph (326)
[2017.06.06-15.09.51:579][ 78]LogModuleManager: Shutting down and abandoning module SteamVRController (324)
[2017.06.06-15.09.51:579][ 78]LogModuleManager: Shutting down and abandoning module SteamVR (322)
[2017.06.06-15.09.51:579][ 78]LogModuleManager: Shutting down and abandoning module ProceduralMeshComponentEditor (320)
[2017.06.06-15.09.51:579][ 78]LogModuleManager: Shutting down and abandoning module ProceduralMeshComponent (318)
[2017.06.06-15.09.51:579][ 78]LogModuleManager: Shutting down and abandoning module OculusLibrary (316)
[2017.06.06-15.09.51:579][ 78]LogModuleManager: Shutting down and abandoning module OculusInput (314)
[2017.06.06-15.09.51:579][ 78]LogModuleManager: Shutting down and abandoning module MobilePatchingUtils (312)
[2017.06.06-15.09.51:579][ 78]LogModuleManager: Shutting down and abandoning module CustomMeshComponent (310)
[2017.06.06-15.09.51:579][ 78]LogModuleManager: Shutting down and abandoning module CableComponent (308)
[2017.06.06-15.09.51:579][ 78]LogModuleManager: Shutting down and abandoning module ArchVisCharacter (306)
[2017.06.06-15.09.51:579][ 78]LogModuleManager: Shutting down and abandoning module AndroidPermission (304)
[2017.06.06-15.09.51:579][ 78]LogModuleManager: Shutting down and abandoning module MediaPlayerEditor (300)
[2017.06.06-15.09.51:579][ 78]LogModuleManager: Shutting down and abandoning module HTML5Networking (298)
[2017.06.06-15.09.51:579][ 78]LogModuleManager: Shutting down and abandoning module AlembicImporter (296)
[2017.06.06-15.09.51:579][ 78]LogModuleManager: Shutting down and abandoning module AlembicLibrary (295)
[2017.06.06-15.09.51:579][ 78]LogModuleManager: Shutting down and abandoning module GeometryCache (294)
[2017.06.06-15.09.51:579][ 78]LogModuleManager: Shutting down and abandoning module GeometryCacheEd (293)
[2017.06.06-15.09.51:579][ 78]LogModuleManager: Shutting down and abandoning module SuperSearchEditor (288)
[2017.06.06-15.09.51:579][ 78]LogModuleManager: Shutting down and abandoning module SuperSearch (287)
[2017.06.06-15.09.51:579][ 78]LogModuleManager: Shutting down and abandoning module SpeedTreeImporter (284)
[2017.06.06-15.09.51:579][ 78]LogModuleManager: Shutting down and abandoning module PluginBrowser (282)
[2017.06.06-15.09.51:579][ 78]LogModuleManager: Shutting down and abandoning module MobileLauncherProfileWizard (280)
[2017.06.06-15.09.51:579][ 78]LogModuleManager: Shutting down and abandoning module VisualStudioSourceCodeAccess (278)
[2017.06.06-15.09.51:579][ 78]LogModuleManager: Shutting down and abandoning module DesktopPlatform (277)
[2017.06.06-15.09.51:579][ 78]LogModuleManager: Shutting down and abandoning module UObjectPlugin (274)
[2017.06.06-15.09.51:579][ 78]LogModuleManager: Shutting down and abandoning module SubversionSourceControl (272)
[2017.06.06-15.09.51:579][ 78]LogModuleManager: Shutting down and abandoning module PerforceSourceControl (270)
[2017.06.06-15.09.51:579][ 78]LogModuleManager: Shutting down and abandoning module GitSourceControl (268)
[2017.06.06-15.09.51:579][ 78]LogModuleManager: Shutting down and abandoning module SourceControl (267)
[2017.06.06-15.09.51:579][ 78]LogModuleManager: Shutting down and abandoning module LightPropagationVolumeEditor (264)
[2017.06.06-15.09.51:580][ 78]LogModuleManager: Shutting down and abandoning module PaperTiledImporter (262)
[2017.06.06-15.09.51:580][ 78]LogModuleManager: Shutting down and abandoning module PaperSpriteSheetImporter (260)
[2017.06.06-15.09.51:580][ 78]LogModuleManager: Shutting down and abandoning module Paper2DEditor (258)
[2017.06.06-15.09.51:580][ 78]LogModuleManager: Shutting down and abandoning module MeshPaint (257)
[2017.06.06-15.09.51:580][ 78]LogModuleManager: Shutting down and abandoning module LevelEditor (255)
[2017.06.06-15.09.51:580][ 78]LogModuleManager: Shutting down and abandoning module PixelInspectorModule (254)
[2017.06.06-15.09.51:580][ 78]LogModuleManager: Shutting down and abandoning module MainFrame (252)
[2017.06.06-15.09.51:580][ 78]LogModuleManager: Shutting down and abandoning module HotReload (251)
[2017.06.06-15.09.51:581][ 78]LogModuleManager: Shutting down and abandoning module PhysXVehiclesEditor (246)
[2017.06.06-15.09.51:581][ 78]LogModuleManager: Shutting down and abandoning module PhysXVehicles (244)
[2017.06.06-15.09.51:581][ 78]LogModuleManager: Shutting down and abandoning module LocationServicesBPLibrary (242)
[2017.06.06-15.09.51:581][ 78]LogModuleManager: Shutting down and abandoning module ImmediatePhysicsEditor (240)
[2017.06.06-15.09.51:581][ 78]LogModuleManager: Shutting down and abandoning module ImmediatePhysics (238)
[2017.06.06-15.09.51:581][ 78]LogModuleManager: Shutting down and abandoning module UdpMessaging (236)
[2017.06.06-15.09.51:681][ 78]LogModuleManager: Shutting down and abandoning module TcpMessaging (234)
[2017.06.06-15.09.51:782][ 78]LogModuleManager: Shutting down and abandoning module GameplayTagsEditor (232)
[2017.06.06-15.09.51:782][ 78]LogModuleManager: Shutting down and abandoning module FacialAnimationEditor (230)
[2017.06.06-15.09.51:782][ 78]LogModuleManager: Shutting down and abandoning module FacialAnimation (228)
[2017.06.06-15.09.51:782][ 78]LogModuleManager: Shutting down and abandoning module AssetManagerEditor (226)
[2017.06.06-15.09.51:782][ 78]LogModuleManager: Shutting down and abandoning module GraphEditor (225)
[2017.06.06-15.09.51:782][ 78]LogModuleManager: Shutting down and abandoning module ContentBrowser (223)
[2017.06.06-15.09.51:783][ 78]LogModuleManager: Shutting down and abandoning module LightPropagationVolumeRuntime (220)
[2017.06.06-15.09.51:783][ 78]LogModuleManager: Shutting down and abandoning module Paper2D (218)
[2017.06.06-15.09.51:783][ 78]LogModuleManager: Shutting down and abandoning module WindowsMoviePlayer (216)
[2017.06.06-15.09.51:783][ 78]LogModuleManager: Shutting down and abandoning module WmfMedia (214)
[2017.06.06-15.09.51:783][ 78]LogModuleManager: Shutting down and abandoning module ClothingSystemEditor (212)
[2017.06.06-15.09.51:783][ 78]LogModuleManager: Shutting down and abandoning module ClothingSystemRuntime (210)
[2017.06.06-15.09.51:783][ 78]LogModuleManager: Shutting down and abandoning module MediaAssets (208)
[2017.06.06-15.09.51:783][ 78]LogModuleManager: Shutting down and abandoning module GameLiveStreaming (206)
[2017.06.06-15.09.51:783][ 78]LogModuleManager: Shutting down and abandoning module VREditor (204)
[2017.06.06-15.09.51:783][ 78]LogModuleManager: Shutting down and abandoning module StringTableEditor (202)
[2017.06.06-15.09.51:783][ 78]LogModuleManager: Shutting down and abandoning module GameplayTasksEditor (200)
[2017.06.06-15.09.51:783][ 78]LogModuleManager: Shutting down and abandoning module BehaviorTreeEditor (198)
[2017.06.06-15.09.51:783][ 78]LogModuleManager: Shutting down and abandoning module FunctionalTesting (196)
[2017.06.06-15.09.51:783][ 78]LogModuleManager: Shutting down and abandoning module CollisionAnalyzer (194)
[2017.06.06-15.09.51:783][ 78]LogModuleManager: Shutting down and abandoning module UMG (192)
[2017.06.06-15.09.51:783][ 78]LogModuleManager: Shutting down and abandoning module UMGEditor (191)
[2017.06.06-15.09.51:783][ 78]LogModuleManager: Shutting down and abandoning module Sequencer (190)
[2017.06.06-15.09.51:783][ 78]LogModuleManager: Shutting down and abandoning module AssetTools (188)
[2017.06.06-15.09.51:783][ 78]LogModuleManager: Shutting down and abandoning module MessageLog (187)
[2017.06.06-15.09.51:783][ 78]LogModuleManager: Shutting down and abandoning module WorkspaceMenuStructure (186)
[2017.06.06-15.09.51:783][ 78]LogModuleManager: Shutting down and abandoning module SlateReflector (180)
[2017.06.06-15.09.51:783][ 78]LogModuleManager: Shutting down and abandoning module Slate (178)
[2017.06.06-15.09.51:783][ 78]LogModuleManager: Shutting down and abandoning module EditorStyle (176)
[2017.06.06-15.09.51:785][ 78]LogModuleManager: Shutting down and abandoning module SourceCodeAccess (174)
[2017.06.06-15.09.51:785][ 78]LogModuleManager: Shutting down and abandoning module HeadMountedDisplay (172)
[2017.06.06-15.09.51:785][ 78]LogModuleManager: Shutting down and abandoning module XAudio2 (170)
[2017.06.06-15.09.51:785][ 78]LogModuleManager: Shutting down and abandoning module Networking (168)
[2017.06.06-15.09.51:785][ 78]LogModuleManager: Shutting down and abandoning module Core (164)
[2017.06.06-15.09.51:785][ 78]LogModuleManager: Shutting down and abandoning module AssetRegistry (162)
[2017.06.06-15.09.51:953][ 78]LogDirectoryWatcher: A directory notification for '../../../Engine/Content/' was aborted.
[2017.06.06-15.09.51:953][ 78]LogDirectoryWatcher: A directory notification for 'D:/H2Owned_MajorProject2017-Repo/H2Owned_2017/Content/' was aborted.
[2017.06.06-15.09.51:953][ 78]LogDirectoryWatcher: A directory notification for '../../../Engine/Plugins/2D/Paper2D/Content/' was aborted.
[2017.06.06-15.09.51:953][ 78]LogDirectoryWatcher: A directory notification for '../../../Engine/Plugins/Runtime/GearVR/Content/' was aborted.
[2017.06.06-15.09.51:955][ 78]LogModuleManager: Shutting down and abandoning module DirectoryWatcher (161)
[2017.06.06-15.09.51:956][ 78]LogModuleManager: Shutting down and abandoning module KismetCompiler (158)
[2017.06.06-15.09.51:956][ 78]LogModuleManager: Shutting down and abandoning module LevelSequence (156)
[2017.06.06-15.09.51:956][ 78]LogModuleManager: Shutting down and abandoning module PhysXFormats (154)
[2017.06.06-15.09.51:956][ 78]LogModuleManager: Shutting down and abandoning module MeshUtilities (152)
[2017.06.06-15.09.51:956][ 78]LogModuleManager: Shutting down and abandoning module SimplygonSwarm (151)
[2017.06.06-15.09.51:956][ 78]LogModuleManager: Shutting down and abandoning module SimplygonMeshReduction (149)
[2017.06.06-15.09.51:956][ 78]LogModuleManager: Shutting down and abandoning module QuadricMeshReduction (147)
[2017.06.06-15.09.51:956][ 78]LogModuleManager: Shutting down and abandoning module DerivedDataCache (144)
[2017.06.06-15.09.51:990][ 78]LogDerivedDataCache: Shutdown
[2017.06.06-15.09.51:990][ 78]LogModuleManager: Shutting down and abandoning module TargetPlatform (142)
[2017.06.06-15.09.51:990][ 78]LogModuleManager: Shutting down and abandoning module VulkanShaderFormat (141)
[2017.06.06-15.09.51:990][ 78]LogModuleManager: Shutting down and abandoning module ShaderFormatVectorVM (139)
[2017.06.06-15.09.51:990][ 78]LogModuleManager: Shutting down and abandoning module ShaderFormatOpenGL (137)
[2017.06.06-15.09.51:990][ 78]LogModuleManager: Shutting down and abandoning module ShaderFormatD3D (135)
[2017.06.06-15.09.51:990][ 78]LogModuleManager: Shutting down and abandoning module MetalShaderFormat (133)
[2017.06.06-15.09.51:990][ 78]LogModuleManager: Shutting down and abandoning module TextureFormatUncompressed (131)
[2017.06.06-15.09.51:990][ 78]LogModuleManager: Shutting down and abandoning module TextureFormatPVR (129)
[2017.06.06-15.09.51:990][ 78]LogModuleManager: Shutting down and abandoning module TextureFormatDXT (127)
[2017.06.06-15.09.51:990][ 78]LogModuleManager: Shutting down and abandoning module TextureFormatIntelISPCTexComp (125)
[2017.06.06-15.09.51:990][ 78]LogModuleManager: Shutting down and abandoning module TextureFormatASTC (123)
[2017.06.06-15.09.51:990][ 78]LogModuleManager: Shutting down and abandoning module ImageWrapper (122)
[2017.06.06-15.09.51:990][ 78]LogModuleManager: Shutting down and abandoning module TextureFormatAndroid (119)
[2017.06.06-15.09.51:990][ 78]LogModuleManager: Shutting down and abandoning module AudioFormatOpus (117)
[2017.06.06-15.09.51:990][ 78]LogModuleManager: Shutting down and abandoning module AudioFormatOgg (115)
[2017.06.06-15.09.51:990][ 78]LogModuleManager: Shutting down and abandoning module AudioFormatADPCM (113)
[2017.06.06-15.09.51:990][ 78]LogModuleManager: Shutting down and abandoning module LinuxTargetPlatform (111)
[2017.06.06-15.09.51:990][ 78]LogModuleManager: Shutting down and abandoning module LinuxServerTargetPlatform (109)
[2017.06.06-15.09.51:990][ 78]LogModuleManager: Shutting down and abandoning module LinuxNoEditorTargetPlatform (107)
[2017.06.06-15.09.51:990][ 78]LogModuleManager: Shutting down and abandoning module LinuxClientTargetPlatform (105)
[2017.06.06-15.09.51:990][ 78]LogModuleManager: Shutting down and abandoning module TVOSTargetPlatform (103)
[2017.06.06-15.09.51:990][ 78]LogModuleManager: Shutting down and abandoning module Messaging (101)
[2017.06.06-15.09.51:990][ 78]LogModuleManager: Shutting down and abandoning module IOSTargetPlatform (99)
[2017.06.06-15.09.51:991][ 78]LogModuleManager: Shutting down and abandoning module HTML5TargetPlatform (97)
[2017.06.06-15.09.51:991][ 78]LogModuleManager: Shutting down and abandoning module Android_PVRTCTargetPlatform (95)
[2017.06.06-15.09.51:991][ 78]LogModuleManager: Shutting down and abandoning module Android_MultiTargetPlatform (93)
[2017.06.06-15.09.51:991][ 78]LogModuleManager: Shutting down and abandoning module Android_ETC2TargetPlatform (91)
[2017.06.06-15.09.51:991][ 78]LogModuleManager: Shutting down and abandoning module Android_ETC1TargetPlatform (89)
[2017.06.06-15.09.51:991][ 78]LogModuleManager: Shutting down and abandoning module Android_DXTTargetPlatform (87)
[2017.06.06-15.09.51:991][ 78]LogModuleManager: Shutting down and abandoning module Android_ATCTargetPlatform (85)
[2017.06.06-15.09.51:991][ 78]LogModuleManager: Shutting down and abandoning module Android_ASTCTargetPlatform (83)
[2017.06.06-15.09.51:991][ 78]LogModuleManager: Shutting down and abandoning module AndroidTargetPlatform (81)
[2017.06.06-15.09.51:991][ 78]LogModuleManager: Shutting down and abandoning module WindowsTargetPlatform (79)
[2017.06.06-15.09.51:991][ 78]LogModuleManager: Shutting down and abandoning module WindowsServerTargetPlatform (77)
[2017.06.06-15.09.51:991][ 78]LogModuleManager: Shutting down and abandoning module WindowsNoEditorTargetPlatform (75)
[2017.06.06-15.09.51:991][ 78]LogModuleManager: Shutting down and abandoning module WindowsClientTargetPlatform (73)
[2017.06.06-15.09.51:991][ 78]LogModuleManager: Shutting down and abandoning module MacTargetPlatform (71)
[2017.06.06-15.09.51:991][ 78]LogModuleManager: Shutting down and abandoning module MacServerTargetPlatform (69)
[2017.06.06-15.09.51:991][ 78]LogModuleManager: Shutting down and abandoning module MacNoEditorTargetPlatform (67)
[2017.06.06-15.09.51:991][ 78]LogModuleManager: Shutting down and abandoning module MacClientTargetPlatform (65)
[2017.06.06-15.09.51:991][ 78]LogModuleManager: Shutting down and abandoning module AllDesktopTargetPlatform (63)
[2017.06.06-15.09.51:991][ 78]LogModuleManager: Shutting down and abandoning module InputCore (60)
[2017.06.06-15.09.51:991][ 78]LogModuleManager: Shutting down and abandoning module Settings (58)
[2017.06.06-15.09.51:991][ 78]LogModuleManager: Shutting down and abandoning module OculusRift (56)
[2017.06.06-15.09.51:991][ 78]LogModuleManager: Shutting down and abandoning module GearVRController (54)
[2017.06.06-15.09.51:991][ 78]LogModuleManager: Shutting down and abandoning module GearVR (52)
[2017.06.06-15.09.51:991][ 78]LogModuleManager: Shutting down and abandoning module ExampleDeviceProfileSelector (50)
[2017.06.06-15.09.51:991][ 78]LogModuleManager: Shutting down and abandoning module OnlineBlueprintSupport (48)
[2017.06.06-15.09.51:991][ 78]LogModuleManager: Shutting down and abandoning module OnlineSubsystem (44)
[2017.06.06-15.09.51:991][ 78]LogOnline:Display: Unloading online subsystem: NULL
[2017.06.06-15.09.51:991][ 78]LogModuleManager: Shutting down and abandoning module XMPP (43)
[2017.06.06-15.09.51:991][ 78]LogModuleManager: Shutting down and abandoning module HTTP (41)
[2017.06.06-15.09.51:991][ 78]LogHttp:Display: Http module shutting down, but needs to wait on 1 outstanding Http requests:
[2017.06.06-15.09.51:991][ 78]LogHttp:Display: 	verb=[POST] url=[https://datarouter.ol.epicgames.com/datarouter/api/v1/public/data?SessionID=%7B05223189-4B57-5070-3577-8DB3674FD1F8%7D&AppID=UEEditor.Rocket.Release&AppVersion=4.16.1-3466753%2B%2B%2BUE4%2BRelease-4.16&UserID=57604ec6445af2ebbfa1649892542233%7Ce4273a936e1d4ff49d132d0f3f4ae042%7Cfddd16a5-1a87-489a-85cf-db1f739d3a23&AppEnvironment=datacollector-binary&UploadType=eteventstream] status=Processing
[2017.06.06-15.09.51:997][ 78]LogModuleManager: Shutting down and abandoning module SSL (40)
[2017.06.06-15.09.51:998][ 78]LogModuleManager: Shutting down and abandoning module HTTPChunkInstaller (36)
[2017.06.06-15.09.51:998][ 78]LogModuleManager: Shutting down and abandoning module AnimationModifiers (34)
[2017.06.06-15.09.51:998][ 78]LogModuleManager: Shutting down and abandoning module PropertyEditor (33)
[2017.06.06-15.09.51:998][ 78]LogModuleManager: Shutting down and abandoning module AudioEditor (30)
[2017.06.06-15.09.51:999][ 78]LogModuleManager: Shutting down and abandoning module TextureCompressor (28)
[2017.06.06-15.09.51:999][ 78]LogModuleManager: Shutting down and abandoning module ShaderCore (26)
[2017.06.06-15.09.51:999][ 78]LogModuleManager: Shutting down and abandoning module Landscape (24)
[2017.06.06-15.09.51:999][ 78]LogModuleManager: Shutting down and abandoning module SlateRHIRenderer (22)
[2017.06.06-15.09.51:999][ 78]LogModuleManager: Shutting down and abandoning module OpenGLDrv (20)
[2017.06.06-15.09.51:999][ 78]LogModuleManager: Shutting down and abandoning module D3D11RHI (18)
[2017.06.06-15.09.51:999][ 78]LogModuleManager: Shutting down and abandoning module AnimGraphRuntime (16)
[2017.06.06-15.09.51:999][ 78]LogModuleManager: Shutting down and abandoning module Renderer (14)
[2017.06.06-15.09.51:999][ 78]LogModuleManager: Shutting down and abandoning module Engine (12)
[2017.06.06-15.09.51:999][ 78]LogModuleManager: Shutting down and abandoning module CoreUObject (10)
[2017.06.06-15.09.51:999][ 78]LogModuleManager: Shutting down and abandoning module NetworkFile (8)
[2017.06.06-15.09.51:999][ 78]LogModuleManager: Shutting down and abandoning module StreamingFile (6)
[2017.06.06-15.09.51:999][ 78]LogModuleManager: Shutting down and abandoning module SandboxFile (4)
[2017.06.06-15.09.51:999][ 78]LogModuleManager: Shutting down and abandoning module PakFile (2)
[2017.06.06-15.09.52:001][ 78]LogExit: Exiting.
[2017.06.06-15.09.52:014][ 78]Log file closed, 06/07/17 01:09:52
