Log file open, 06/08/17 15:34:02
LogInit:Display: Running engine for game: H2Owned_2017
LogPlatformFile: Not using cached read wrapper
LogInit:Display: RandInit(1204244933) SRandInit(1204244933).
LogTaskGraph: Started task graph with 5 named threads and 8 total threads with 1 sets of task threads.
LogStats: Stats thread started at 0.103610
LogInit: Using libcurl 7.47.1
LogInit:  - built for x86_64-pc-win32
LogInit:  - supports SSL with OpenSSL/1.0.2g
LogInit:  - supports HTTP deflate (compression) using libz 1.2.8
LogInit:  - other features:
LogInit:      CURL_VERSION_SSL
LogInit:      CURL_VERSION_LIBZ
LogInit:      CURL_VERSION_IPV6
LogInit:      CURL_VERSION_ASYNCHDNS
LogInit:      CURL_VERSION_LARGEFILE
LogInit:      CURL_VERSION_IDN
LogInit:  CurlRequestOptions (configurable via config and command line):
LogInit:  - bVerifyPeer = false  - Libcurl will NOT verify peer certificate
LogInit:  - bUseHttpProxy = false  - Libcurl will NOT use HTTP proxy
LogInit:  - bDontReuseConnections = false  - Libcurl will reuse connections
LogInit:  - CertBundlePath = nullptr  - Libcurl will use whatever was configured at build time.
LogInit: Build: ++UE4+Release-4.16-CL-3466753
LogInit: Engine Version: 4.16.1-3466753+++UE4+Release-4.16
LogInit: Compatible Engine Version: 4.16.0-3452394+++UE4+Release-4.16
LogInit: Net CL: 3452394
LogDevObjectVersion: Number of dev versions registered: 16
LogDevObjectVersion:   Dev-Blueprints (B0D832E4-1F89-4F0D-ACCF-7EB736FD4AA2): 9
LogDevObjectVersion:   Dev-Build (E1C64328-A22C-4D53-A36C-8E866417BD8C): 0
LogDevObjectVersion:   Dev-Core (375EC13C-06E4-48FB-B500-84F0262A717E): 2
LogDevObjectVersion:   Dev-Editor (E4B068ED-F494-42E9-A231-DA0B2E46BB41): 17
LogDevObjectVersion:   Dev-Framework (CFFC743F-43B0-4480-9391-14DF171D2073): 23
LogDevObjectVersion:   Dev-Mobile (B02B49B5-BB20-44E9-A304-32B752E40360): 0
LogDevObjectVersion:   Dev-Networking (A4E4105C-59A1-49B5-A7C5-40C4547EDFEE): 0
LogDevObjectVersion:   Dev-Online (39C831C9-5AE6-47DC-9A44-9C173E1C8E7C): 0
LogDevObjectVersion:   Dev-Physics (78F01B33-EBEA-4F98-B9B4-84EACCB95AA2): 0
LogDevObjectVersion:   Dev-Platform (6631380F-2D4D-43E0-8009-CF276956A95A): 0
LogDevObjectVersion:   Dev-Rendering (12F88B9F-8875-4AFC-A67C-D90C383ABD29): 15
LogDevObjectVersion:   Dev-Sequencer (7B5AE74C-D270-4C10-A958-57980B212A5A): 4
LogDevObjectVersion:   Dev-VR (D7296918-1DD6-4BDD-9DE2-64A83CC13884): 0
LogDevObjectVersion:   Dev-LoadTimes (C2A15278-BFE7-4AFE-6C17-90FF531DF755): 1
LogDevObjectVersion:   Private-Geometry (6EACA3D4-40EC-4CC1-B786-8BED09428FC5): 1
LogDevObjectVersion:   Dev-AnimPhys (29E575DD-E0A3-4627-9D10-D276232CDCEA): 3
LogInit: Compiled (64-bit): May 31 2017 02:03:30
LogInit: Compiled with Visual C++: 19.00.24215.01
LogInit: Build Configuration: Development
LogInit: Branch Name: ++UE4+Release-4.16
LogInit: Command line:  
LogInit: Base directory: C:/Program Files/Epic Games/UE_4.16/Engine/Binaries/Win64/
LogInit: Installed Engine Build: 1
LogInit: Presizing for max 8388607 objects, including 0 objects not considered by GC, pre-allocating 0 bytes for permanent pool.
LogInit: Object subsystem initialized
[2017.06.08-05.34.03:343][  0]LogInit: Selected Device Profile: [Windows]
[2017.06.08-05.34.03:343][  0]LogInit: Applying CVar settings loaded from the selected device profile: [Windows]
[2017.06.08-05.34.03:374][  0]LogInit: Computer: COLA-ALIENWARE
[2017.06.08-05.34.03:374][  0]LogInit: User: Cola
[2017.06.08-05.34.03:374][  0]LogInit: CPU Page size=4096, Cores=4
[2017.06.08-05.34.03:374][  0]LogInit: High frequency timer resolution =2.531249 MHz
[2017.06.08-05.34.03:374][  0]LogMemory: Memory total: Physical=31.9GB (32GB approx)
[2017.06.08-05.34.03:374][  0]LogMemory: Platform Memory Stats for Windows
[2017.06.08-05.34.03:374][  0]LogMemory: Process Physical Memory: 273.73 MB used, 273.73 MB peak
[2017.06.08-05.34.03:374][  0]LogMemory: Process Virtual Memory: 260.79 MB used, 260.79 MB peak
[2017.06.08-05.34.03:374][  0]LogMemory: Physical Memory: 6044.11 MB used,  26591.37 MB free, 32635.48 MB total
[2017.06.08-05.34.03:374][  0]LogMemory: Virtual Memory: 638.44 MB used,  26591.37 MB free, 134217728.00 MB total
[2017.06.08-05.34.03:681][  0]LogInit: Using OS detected language (en-US).
[2017.06.08-05.34.03:681][  0]LogInit: Using OS detected locale (en-AU).
[2017.06.08-05.34.03:728][  0]LogTextLocalizationManager: No specific localization for 'en-US' exists, so the 'en' localization will be used.
[2017.06.08-05.34.06:749][  0]LogD3D11RHI: D3D11 adapters:
[2017.06.08-05.34.06:799][  0]LogD3D11RHI:    0. 'NVIDIA GeForce GTX 980M' (Feature Level 11_0)
[2017.06.08-05.34.06:799][  0]LogD3D11RHI:       8153/0/16317 MB DedicatedVideo/DedicatedSystem/SharedSystem, Outputs:1, VendorId:0x10de
[2017.06.08-05.34.06:806][  0]LogD3D11RHI:    1. 'Intel(R) HD Graphics 530' (Feature Level 11_0)
[2017.06.08-05.34.06:806][  0]LogD3D11RHI:       128/0/16317 MB DedicatedVideo/DedicatedSystem/SharedSystem, Outputs:0, VendorId:0x8086
[2017.06.08-05.34.06:807][  0]LogD3D11RHI:    2. 'Microsoft Basic Render Driver' (Feature Level 11_0)
[2017.06.08-05.34.06:807][  0]LogD3D11RHI:       0/0/16317 MB DedicatedVideo/DedicatedSystem/SharedSystem, Outputs:0, VendorId:0x1414
[2017.06.08-05.34.06:807][  0]LogD3D11RHI: Chosen D3D11 Adapter: 0
[2017.06.08-05.34.06:815][  0]LogD3D11RHI: Creating new Direct3DDevice
[2017.06.08-05.34.06:816][  0]LogD3D11RHI:     GPU DeviceId: 0x13d7 (for the marketing name, search the web for "GPU Device Id")
[2017.06.08-05.34.06:816][  0]LogWindows: EnumDisplayDevices:
[2017.06.08-05.34.06:816][  0]LogWindows:    0. 'Intel(R) HD Graphics 530' (P:0 D:0)
[2017.06.08-05.34.06:816][  0]LogWindows:    1. 'Intel(R) HD Graphics 530' (P:0 D:0)
[2017.06.08-05.34.06:816][  0]LogWindows:    2. 'Intel(R) HD Graphics 530' (P:0 D:0)
[2017.06.08-05.34.06:816][  0]LogWindows:    3. 'NVIDIA GeForce GTX 980M' (P:1 D:1)
[2017.06.08-05.34.06:816][  0]LogWindows: DebugString: PrimaryIsNotTheChoosenAdapter PrimaryIsNotTheChoosenAdapter PrimaryIsNotTheChoosenAdapter 
[2017.06.08-05.34.06:816][  0]LogD3D11RHI:     Adapter Name: NVIDIA GeForce GTX 980M
[2017.06.08-05.34.06:816][  0]LogD3D11RHI:   Driver Version: 382.33 (internal:22.21.13.8233, unified:382.33)
[2017.06.08-05.34.06:816][  0]LogD3D11RHI:      Driver Date: 5-17-2017
[2017.06.08-05.34.06:817][  0]LogRHI: Texture pool is 1361 MB (70% of 1945 MB)
[2017.06.08-05.34.06:841][  0]LogD3D11RHI: Async texture creation enabled
[2017.06.08-05.34.06:876][  0]LogD3D11RHI: GPU Timing Frequency: 1000.000000 (Debug: 2 1)
[2017.06.08-05.34.06:935][  0]LogShaderCompilers: Guid format shader working directory is 1 characters bigger than the processId version (D:/H2Owned_MajorProject2017-Repo/H2Owned_2017/Intermediate/Shaders/WorkingDirectory/188/).
[2017.06.08-05.34.06:935][  0]LogShaderCompilers: Cleaned the shader compiler working directory 'C:/Users/Cola/AppData/Local/Temp/UnrealShaderWorkingDir/749C7A6D49C68D69C99A908FAF4EC80F/'.
[2017.06.08-05.34.06:936][  0]LogShaderCompilers:Display: Using Local Shader Compiler.
[2017.06.08-05.34.09:061][  0]LogTemp:Display: Loaded TP AllDesktopTargetPlatform
[2017.06.08-05.34.09:111][  0]LogTemp:Display: Loaded TP MacClientTargetPlatform
[2017.06.08-05.34.09:163][  0]LogTemp:Display: Loaded TP MacNoEditorTargetPlatform
[2017.06.08-05.34.09:214][  0]LogTemp:Display: Loaded TP MacServerTargetPlatform
[2017.06.08-05.34.09:270][  0]LogTemp:Display: Loaded TP MacTargetPlatform
[2017.06.08-05.34.09:321][  0]LogTemp:Display: Loaded TP WindowsClientTargetPlatform
[2017.06.08-05.34.09:374][  0]LogTemp:Display: Loaded TP WindowsNoEditorTargetPlatform
[2017.06.08-05.34.09:423][  0]LogTemp:Display: Loaded TP WindowsServerTargetPlatform
[2017.06.08-05.34.09:468][  0]LogTemp:Display: Loaded TP WindowsTargetPlatform
[2017.06.08-05.34.09:522][  0]LogTemp:Display: Loaded TP AndroidTargetPlatform
[2017.06.08-05.34.09:573][  0]LogTemp:Display: Loaded TP Android_ASTCTargetPlatform
[2017.06.08-05.34.09:623][  0]LogTemp:Display: Loaded TP Android_ATCTargetPlatform
[2017.06.08-05.34.09:675][  0]LogTemp:Display: Loaded TP Android_DXTTargetPlatform
[2017.06.08-05.34.09:724][  0]LogTemp:Display: Loaded TP Android_ETC1TargetPlatform
[2017.06.08-05.34.09:778][  0]LogTemp:Display: Loaded TP Android_ETC2TargetPlatform
[2017.06.08-05.34.09:883][  0]LogTemp:Display: Loaded TP Android_MultiTargetPlatform
[2017.06.08-05.34.09:883][  0]LogTemp:Display: Loaded TP Android_PVRTCTargetPlatform
[2017.06.08-05.34.09:924][  0]LogTemp:Display: Loaded TP HTML5TargetPlatform
[2017.06.08-05.34.10:025][  0]LogTemp:Display: Loaded TP IOSTargetPlatform
[2017.06.08-05.34.10:056][  0]LogTemp:Display: Loaded TP TVOSTargetPlatform
[2017.06.08-05.34.10:108][  0]LogTemp:Display: Loaded TP LinuxClientTargetPlatform
[2017.06.08-05.34.10:158][  0]LogTemp:Display: Loaded TP LinuxNoEditorTargetPlatform
[2017.06.08-05.34.10:207][  0]LogTemp:Display: Loaded TP LinuxServerTargetPlatform
[2017.06.08-05.34.10:262][  0]LogTemp:Display: Loaded TP LinuxTargetPlatform
[2017.06.08-05.34.10:262][  0]LogTargetPlatformManager:Display: Building Assets For Windows
[2017.06.08-05.34.10:888][  0]LogDerivedDataCache:Display: Max Cache Size: 512 MB
[2017.06.08-05.34.11:152][  0]LogDerivedDataCache: Loaded boot cache 0.27s 90MB C:/Users/Cola/AppData/Local/UnrealEngine/4.16/DerivedDataCache/Boot.ddc.
[2017.06.08-05.34.11:152][  0]LogDerivedDataCache:Display: Loaded Boot cache: C:/Users/Cola/AppData/Local/UnrealEngine/4.16/DerivedDataCache/Boot.ddc
[2017.06.08-05.34.11:152][  0]LogDerivedDataCache: FDerivedDataBackendGraph:  Pak pak cache file D:/H2Owned_MajorProject2017-Repo/H2Owned_2017/DerivedDataCache/DDC.ddp not found, will not use a pak cache.
[2017.06.08-05.34.11:152][  0]LogDerivedDataCache: Unable to find inner node Pak for hierarchical cache Hierarchy.
[2017.06.08-05.34.11:152][  0]LogDerivedDataCache: FDerivedDataBackendGraph:  CompressedPak pak cache file D:/H2Owned_MajorProject2017-Repo/H2Owned_2017/DerivedDataCache/Compressed.ddp not found, will not use a pak cache.
[2017.06.08-05.34.11:152][  0]LogDerivedDataCache: Unable to find inner node CompressedPak for hierarchical cache Hierarchy.
[2017.06.08-05.34.11:183][  0]LogDerivedDataCache:Display: Pak cache opened for reading ../../../Engine/DerivedDataCache/Compressed.ddp.
[2017.06.08-05.34.11:195][  0]LogDerivedDataCache: Using Local data cache path C:/Users/Cola/AppData/Local/UnrealEngine/Common/DerivedDataCache: Writable
[2017.06.08-05.34.11:210][  0]LogMaterial: Verifying Global Shaders for PCD3D_SM5
[2017.06.08-05.34.11:217][  0]LogSlate: Using Freetype 2.6.0
[2017.06.08-05.34.11:234][  0]LogSlate: SlateFontCache - WITH_FREETYPE: 1, WITH_HARFBUZZ: 1
[2017.06.08-05.34.11:234][  0]LogSlate: SlateFontCache - WITH_FREETYPE: 1, WITH_HARFBUZZ: 1
[2017.06.08-05.34.12:221][  0]LogInit: Selected Device Profile: [Windows]
[2017.06.08-05.34.12:443][  0]LogContentStreaming: Texture pool size is 0.00 MB
[2017.06.08-05.34.12:695][  0]LogMeshUtilities: Using QuadricMeshReduction for automatic static mesh reduction
[2017.06.08-05.34.12:753][  0]LogSimplygon: Simplygon DLL not present - disabling.
[2017.06.08-05.34.12:806][  0]LogMeshUtilities: Using SimplygonSwarm for distributed automatic mesh merging
[2017.06.08-05.34.12:806][  0]LogMeshUtilities: No automatic skeletal mesh reduction module available
[2017.06.08-05.34.12:806][  0]LogMeshUtilities: No automatic mesh merging module available
[2017.06.08-05.34.14:226][  0]LogNetVersion: H2Owned_2017 , NetCL: 3452394, EngineNetVer: 2, GameNetVer: 0 (Checksum: 3695325218)
[2017.06.08-05.34.14:327][  0]LogAssetRegistry: FAssetRegistry took 0.0283 seconds to start up
[2017.06.08-05.34.14:553][  0]LogPackageLocalizationCache: Processed 4 localized package path(s) for 2 prioritized culture(s) in 0.200913 seconds
[2017.06.08-05.34.14:561][  0]LogUObjectArray: 34194 objects as part of root set at end of initial load.
[2017.06.08-05.34.14:561][  0]LogUObjectAllocator: 7260416 out of 0 bytes used by permanent object pool.
[2017.06.08-05.34.14:561][  0]LogUObjectArray: CloseDisregardForGC: 0/0 objects in disregard for GC pool
[2017.06.08-05.34.14:636][  0]LogInit: WinSock: version 1.1 (2.2), MaxSocks=32767, MaxUdp=65467
[2017.06.08-05.34.19:234][  0]LogTcpMessaging: Initializing TcpMessaging bridge
[2017.06.08-05.34.19:278][  0]LogUdpMessaging: Initializing bridge on interface 0.0.0.0:0 to multicast group 230.0.0.1:6666.
[2017.06.08-05.34.19:983][  0]LogMaterial: Uniform references updated for custom material expression Custom.
[2017.06.08-05.34.20:530][  0]SourceControl: Info Source control is disabled
[2017.06.08-05.34.20:531][  0]SourceControl: Info Source control is disabled
[2017.06.08-05.34.20:588][  0]SourceControl: Info Source control is disabled
[2017.06.08-05.34.20:642][  0]SourceControl: Info Source control is disabled
[2017.06.08-05.34.21:407][  0]LogAndroidPermission: UAndroidPermissionCallbackProxy::GetInstance
[2017.06.08-05.34.22:088][  0]LogEngine: Initializing Engine...
[2017.06.08-05.34.22:090][  0]LogHMD: Failed to initialize OpenVR with code 110
[2017.06.08-05.34.22:448][  0]LogStats: UGameplayTagsManager::ConstructGameplayTagTree: Construct from data asset -  0.000 s
[2017.06.08-05.34.22:449][  0]LogStats: UGameplayTagsManager::ConstructGameplayTagTree: GameplayTagTreeChangedEvent.Broadcast -  0.000 s
[2017.06.08-05.34.22:663][  0]LogAIModule: Creating AISystem for world Untitled
[2017.06.08-05.34.22:683][  0]LogInit: XAudio2 using 'Speakers (Sound Blaster Recon3Di)' : 2 channels at 48 kHz using 32 bits per sample (channel mask 0x3)
[2017.06.08-05.34.22:709][  0]LogInit: FAudioDevice initialized.
[2017.06.08-05.34.22:753][  0]LogDerivedDataCache: Saved boot cache 0.04s 90MB C:/Users/Cola/AppData/Local/UnrealEngine/4.16/DerivedDataCache/Boot.ddc.
[2017.06.08-05.34.22:767][  0]LogInit: Texture streaming: Enabled
[2017.06.08-05.34.22:876][  0]LogEngineSessionManager: EngineSessionManager initialized
[2017.06.08-05.34.23:141][  0]LogInit: Transaction tracking system initialized
[2017.06.08-05.34.23:504][  0]BlueprintLog: New page: Editor Load
[2017.06.08-05.34.24:638][  0]LocalizationService: Info Localization service is disabled
[2017.06.08-05.34.25:424][  0]LogConsoleResponse:Display: 
[2017.06.08-05.34.25:821][  0]LogCook:Display: Max memory allowance for cook 16384mb min free memory 0mb
[2017.06.08-05.34.25:821][  0]LogCook:Display: Mobile HDR setting 1
[2017.06.08-05.34.26:944][  0]LogFileCache: Scanning file cache for directory 'D:/H2Owned_MajorProject2017-Repo/H2Owned_2017/Content/' took 0.02s
[2017.06.08-05.34.27:017][  0]SourceControl: Info Source control is disabled
[2017.06.08-05.34.27:020][  0]Cmd: MAP LOAD FILE="D:/H2Owned_MajorProject2017-Repo/H2Owned_2017/Content/StarterContent/Maps/Minimal_Default.umap" TEMPLATE=0 SHOWPROGRESS=1 FEATURELEVEL=3
[2017.06.08-05.34.27:057][  0]LightingResults: New page: Lighting Build
[2017.06.08-05.34.27:106][  0]MapCheck: New page: Map Check
[2017.06.08-05.34.27:106][  0]LightingResults: New page: Lighting Build
[2017.06.08-05.34.28:349][  0]LogAIModule: Creating AISystem for world Minimal_Default
[2017.06.08-05.34.28:384][  0]LogEditorServer: Finished looking for orphan Actors (0.000 secs)
[2017.06.08-05.34.28:399][  0]Cmd: MAP CHECKDEP NOCLEARLOG
[2017.06.08-05.34.28:443][  0]MapCheck: Info Map check complete: 0 Error(s), 0 Warning(s), took 44.508ms to complete.
[2017.06.08-05.34.28:443][  0]LogFileHelpers: Loading map 'Minimal_Default' took 1.425
[2017.06.08-05.34.28:705][  0]LogCollectionManager: Loaded 0 collections in 0.001521 seconds
[2017.06.08-05.34.28:807][  0]LogFileCache: Scanning file cache for directory 'D:/H2Owned_MajorProject2017-Repo/H2Owned_2017/Saved/Collections/' took 0.01s
[2017.06.08-05.34.28:807][  0]LogFileCache: Scanning file cache for directory 'D:/H2Owned_MajorProject2017-Repo/H2Owned_2017/Content/Developers/Cola/Collections/' took 0.01s
[2017.06.08-05.34.28:807][  0]LogFileCache: Scanning file cache for directory 'D:/H2Owned_MajorProject2017-Repo/H2Owned_2017/Content/Collections/' took 0.01s
[2017.06.08-05.34.28:807][  0]LogCollectionManager: Rebuilt the GUID cache for 0 collections in 0.000002 seconds
[2017.06.08-05.34.28:818][  0]LogContentBrowser: Native class hierarchy populated in 0.0098 seconds. Added 2329 classes and 491 folders.
[2017.06.08-05.34.28:888][  0]LogContentBrowser: Native class hierarchy updated for 'WidgetCarousel' in 0.0005 seconds. Added 0 classes and 0 folders.
[2017.06.08-05.34.29:264][  0]LogContentBrowser: Native class hierarchy updated for 'AddContentDialog' in 0.0005 seconds. Added 0 classes and 0 folders.
[2017.06.08-05.34.29:316][  0]LogContentBrowser: Native class hierarchy updated for 'SceneOutliner' in 0.0008 seconds. Added 1 classes and 2 folders.
[2017.06.08-05.34.29:411][  0]LogCrashTracker: Crashtracker disabled due to settings.
[2017.06.08-05.34.29:429][  0]LogSlate: Took 0.006909 seconds to synchronously load lazily loaded font '../../../Engine/Content/Slate/Fonts/Roboto-Regular.ttf' (155K)
[2017.06.08-05.34.29:437][  0]LogSlate: Took 0.005081 seconds to synchronously load lazily loaded font '../../../Engine/Content/Slate/Fonts/Roboto-Bold.ttf' (160K)
[2017.06.08-05.34.29:449][  0]LogSlate: Took 0.005460 seconds to synchronously load lazily loaded font '../../../Engine/Content/Editor/Slate/Fonts/FontAwesome.ttf' (139K)
[2017.06.08-05.34.29:622][  0]LogRenderer: Reallocating scene render targets to support 1320x516 NumSamples 1 (Frame:1).
[2017.06.08-05.34.29:767][  0]LogUObjectGlobals:Warning: Failed to find object 'Class None.'
[2017.06.08-05.34.29:840][  0]LogContentBrowser: Native class hierarchy updated for 'HierarchicalLODOutliner' in 0.0006 seconds. Added 1 classes and 2 folders.
[2017.06.08-05.34.29:840][  0]LogLoad: (Engine Initialization) Total time: 29.83 seconds
[2017.06.08-05.34.29:840][  0]LogLoad: (Engine Initialization) Total Blueprint compile time: 0.14 seconds
[2017.06.08-05.34.29:840][  0]LogExternalProfiler: Found external profiler: VSPerf
[2017.06.08-05.34.29:840][  0]LogExternalProfiler: Using external profiler: VSPerf
[2017.06.08-05.34.29:862][  0]LogWindowsTextInputMethodSystem:Display: IME system now deactivated.
[2017.06.08-05.34.29:863][  0]LogOcInput: OculusInput pre-init called
[2017.06.08-05.34.29:864][  0]LogHMD: Starting GearVRController plugin
[2017.06.08-05.34.29:887][  0]LogContentStreaming: Texture pool size now 1000 MB
[2017.06.08-05.34.29:948][  0]LogSlate: Took 0.005577 seconds to synchronously load lazily loaded font '../../../Engine/Content/Slate/Fonts/Roboto-Light.ttf' (159K)
[2017.06.08-05.34.30:070][  1]LogAssetRegistry: Asset discovery search completed in 15.7646 seconds
[2017.06.08-05.34.30:073][  1]LogCollectionManager: Rebuilt the object cache for 0 collections in 0.000001 seconds (found 0 objects)
[2017.06.08-05.34.30:073][  1]LogCollectionManager: Fixed up redirectors for 0 collections in 0.000073 seconds (updated 0 objects)
[2017.06.08-05.34.33:561][206]LogSlate: Took 0.000173 seconds to synchronously load lazily loaded font '../../../Engine/Content/Slate/Fonts/Roboto-Light.ttf' (159K)
[2017.06.08-05.34.33:602][206]LogAIModule: Creating AISystem for world Test1
[2017.06.08-05.34.33:622][206]Cmd: MAP LOAD FILE="D:/H2Owned_MajorProject2017-Repo/H2Owned_2017/Content/Test1.umap" TEMPLATE=0 SHOWPROGRESS=1 FEATURELEVEL=3
[2017.06.08-05.34.33:622][206]LightingResults: New page: Lighting Build
[2017.06.08-05.34.33:622][206]LoadErrors: New page: Loading map: Test1.umap
[2017.06.08-05.34.33:623][206]MapCheck: New page: Map Check
[2017.06.08-05.34.33:623][206]LightingResults: New page: Lighting Build
[2017.06.08-05.34.33:640][206]LogEditorServer: Finished looking for orphan Actors (0.000 secs)
[2017.06.08-05.34.33:673][206]Cmd: MAP CHECKDEP NOCLEARLOG
[2017.06.08-05.34.33:721][206]MapCheck: Info Map check complete: 0 Error(s), 0 Warning(s), took 47.735ms to complete.
[2017.06.08-05.34.33:721][206]LogFileHelpers: Loading map 'Test1' took 0.101
[2017.06.08-05.35.00:363][803]LogTemp: Repeting last play command: Selected Viewport
[2017.06.08-05.35.00:485][803]LogPlayLevel: PlayLevel: No blueprints needed recompiling
[2017.06.08-05.35.00:486][803]PIE: New page: PIE session: Test1 (9 Jun 2017 1:35:00 am)
[2017.06.08-05.35.00:486][803]LogPlayLevel: Creating play world package: /Game/UEDPIE_0_Test1
[2017.06.08-05.35.00:489][803]LogPlayLevel: PIE: StaticDuplicateObject took: (0.002756s)
[2017.06.08-05.35.00:490][803]LogAIModule: Creating AISystem for world Test1
[2017.06.08-05.35.00:490][803]LogPlayLevel: PIE: World Init took: (0.000913s)
[2017.06.08-05.35.00:490][803]LogPlayLevel: PIE: Created PIE world by copying editor world from /Game/Test1.Test1 to /Game/UEDPIE_0_Test1.Test1 (0.004110s)
[2017.06.08-05.35.00:502][803]LogInit: XAudio2 using 'Speakers (Sound Blaster Recon3Di)' : 2 channels at 48 kHz using 32 bits per sample (channel mask 0x3)
[2017.06.08-05.35.00:508][803]LogInit: FAudioDevice initialized.
[2017.06.08-05.35.00:790][803]LogLoad: Game class is 'H2O_DefaultGameMode_C'
[2017.06.08-05.35.00:794][803]LogWorld: Bringing World /Game/UEDPIE_0_Test1.Test1 up for play (max tick rate 60) at 2017.06.08-15.35.00
[2017.06.08-05.35.00:794][803]LogWorld: Bringing up level for play took: 0.000905
[2017.06.08-05.35.00:839][803]LogContentBrowser: Native class hierarchy updated for 'MovieSceneCapture' in 0.0006 seconds. Added 11 classes and 0 folders.
[2017.06.08-05.35.00:847][803]PIE: Info Play in editor start time for /Game/UEDPIE_0_Test1 -0.25
[2017.06.08-05.35.01:502][842]Cmd: LevelEditor.ToggleImmersive
[2017.06.08-05.35.01:646][843]LogRenderer: Reallocating scene render targets to support 1548x716 NumSamples 1 (Frame:41).
[2017.06.08-05.35.01:691][844]LogRenderer: Reallocating scene render targets to support 1920x1040 NumSamples 1 (Frame:43).
[2017.06.08-05.35.04:251][997]LogBlueprintUserMessages: [H2O_Default_ThirdPersonCharacter_C_0] Shoot
[2017.06.08-05.35.04:799][ 30]LogBlueprintUserMessages: [H2O_Default_ThirdPersonCharacter_C_0] Shoot
[2017.06.08-05.35.05:066][ 46]LogBlueprintUserMessages: [H2O_Default_ThirdPersonCharacter_C_0] Shoot
[2017.06.08-05.35.07:284][179]LogBlueprintUserMessages: [H2O_Default_ThirdPersonCharacter_C_0] Shoot
[2017.06.08-05.35.07:850][213]LogBlueprintUserMessages: [H2O_Default_ThirdPersonCharacter_C_0] Shoot
[2017.06.08-05.35.08:067][226]LogBlueprintUserMessages: [H2O_Default_ThirdPersonCharacter_C_0] Shoot
[2017.06.08-05.35.16:385][725]LogBlueprintUserMessages: [H2O_Default_ThirdPersonCharacter_C_0] Shoot
[2017.06.08-05.35.25:753][287]LogBlueprintUserMessages: [H2O_Default_ThirdPersonCharacter_C_0] Grenade
[2017.06.08-05.35.26:053][305]LogBlueprintUserMessages: [H2O_Default_ThirdPersonCharacter_C_0] Grenade
[2017.06.08-05.35.26:403][326]LogBlueprintUserMessages: [H2O_Default_ThirdPersonCharacter_C_0] Shoot
[2017.06.08-05.35.27:670][402]LogBlueprintUserMessages: [H2O_Default_ThirdPersonCharacter_C_0] Shoot
[2017.06.08-05.35.28:570][456]LogBlueprintUserMessages: [H2O_Default_ThirdPersonCharacter_C_0] Shoot
[2017.06.08-05.35.28:787][469]LogBlueprintUserMessages: [H2O_Default_ThirdPersonCharacter_C_0] Shoot
[2017.06.08-05.35.28:970][480]LogBlueprintUserMessages: [H2O_Default_ThirdPersonCharacter_C_0] Shoot
[2017.06.08-05.35.29:155][491]LogBlueprintUserMessages: [H2O_Default_ThirdPersonCharacter_C_0] Shoot
[2017.06.08-05.35.29:338][502]LogBlueprintUserMessages: [H2O_Default_ThirdPersonCharacter_C_0] Shoot
[2017.06.08-05.35.29:521][513]LogBlueprintUserMessages: [H2O_Default_ThirdPersonCharacter_C_0] Shoot
[2017.06.08-05.35.29:705][524]LogBlueprintUserMessages: [H2O_Default_ThirdPersonCharacter_C_0] Shoot
[2017.06.08-05.35.29:889][535]LogBlueprintUserMessages: [H2O_Default_ThirdPersonCharacter_C_0] Shoot
[2017.06.08-05.35.30:055][545]LogBlueprintUserMessages: [H2O_Default_ThirdPersonCharacter_C_0] Shoot
[2017.06.08-05.35.30:222][555]LogBlueprintUserMessages: [H2O_Default_ThirdPersonCharacter_C_0] Shoot
[2017.06.08-05.35.30:405][566]LogBlueprintUserMessages: [H2O_Default_ThirdPersonCharacter_C_0] Shoot
[2017.06.08-05.35.30:605][578]LogBlueprintUserMessages: [H2O_Default_ThirdPersonCharacter_C_0] Shoot
[2017.06.08-05.35.31:122][609]LogBlueprintUserMessages: [H2O_Default_ThirdPersonCharacter_C_0] Shoot
[2017.06.08-05.35.31:305][620]LogBlueprintUserMessages: [H2O_Default_ThirdPersonCharacter_C_0] Shoot
[2017.06.08-05.35.31:471][630]LogBlueprintUserMessages: [H2O_Default_ThirdPersonCharacter_C_0] Shoot
[2017.06.08-05.35.31:905][656]LogBlueprintUserMessages: [H2O_Default_ThirdPersonCharacter_C_0] Shoot
[2017.06.08-05.35.32:105][668]LogBlueprintUserMessages: [H2O_Default_ThirdPersonCharacter_C_0] Shoot
[2017.06.08-05.35.32:438][688]LogBlueprintUserMessages: [H2O_Default_ThirdPersonCharacter_C_0] Shoot
[2017.06.08-05.35.33:055][725]LogBlueprintUserMessages: [H2O_Default_ThirdPersonCharacter_C_0] Shoot
[2017.06.08-05.35.33:256][737]LogBlueprintUserMessages: [H2O_Default_ThirdPersonCharacter_C_0] Shoot
[2017.06.08-05.35.33:556][755]LogBlueprintUserMessages: [H2O_Default_ThirdPersonCharacter_C_0] Shoot
[2017.06.08-05.35.33:756][767]LogBlueprintUserMessages: [H2O_Default_ThirdPersonCharacter_C_0] Shoot
[2017.06.08-05.35.33:939][778]LogBlueprintUserMessages: [H2O_Default_ThirdPersonCharacter_C_0] Shoot
[2017.06.08-05.35.34:140][790]LogBlueprintUserMessages: [H2O_Default_ThirdPersonCharacter_C_0] Shoot
[2017.06.08-05.35.34:556][815]LogBlueprintUserMessages: [H2O_Default_ThirdPersonCharacter_C_0] Shoot
[2017.06.08-05.35.35:173][852]LogBlueprintUserMessages: [H2O_Default_ThirdPersonCharacter_C_0] Shoot
[2017.06.08-05.35.35:440][868]LogBlueprintUserMessages: [H2O_Default_ThirdPersonCharacter_C_0] Shoot
[2017.06.08-05.35.35:923][897]LogBlueprintUserMessages: [H2O_Default_ThirdPersonCharacter_C_0] Shoot
[2017.06.08-05.35.36:106][908]LogBlueprintUserMessages: [H2O_Default_ThirdPersonCharacter_C_0] Shoot
[2017.06.08-05.35.36:290][919]LogBlueprintUserMessages: [H2O_Default_ThirdPersonCharacter_C_0] Shoot
[2017.06.08-05.35.45:075][446]LogBlueprintUserMessages: [H2O_Default_ThirdPersonCharacter_C_0] Grenade
[2017.06.08-05.35.45:624][479]LogBlueprintUserMessages: [H2O_Default_ThirdPersonCharacter_C_0] Grenade
[2017.06.08-05.35.45:975][500]LogBlueprintUserMessages: [H2O_Default_ThirdPersonCharacter_C_0] Shoot
[2017.06.08-05.35.46:158][511]LogBlueprintUserMessages: [H2O_Default_ThirdPersonCharacter_C_0] Shoot
[2017.06.08-05.35.46:342][522]LogBlueprintUserMessages: [H2O_Default_ThirdPersonCharacter_C_0] Shoot
[2017.06.08-05.35.46:542][534]LogBlueprintUserMessages: [H2O_Default_ThirdPersonCharacter_C_0] Shoot
[2017.06.08-05.35.46:742][546]LogBlueprintUserMessages: [H2O_Default_ThirdPersonCharacter_C_0] Shoot
[2017.06.08-05.35.46:925][557]LogBlueprintUserMessages: [H2O_Default_ThirdPersonCharacter_C_0] Shoot
[2017.06.08-05.35.47:109][568]LogBlueprintUserMessages: [H2O_Default_ThirdPersonCharacter_C_0] Shoot
[2017.06.08-05.35.47:342][582]LogBlueprintUserMessages: [H2O_Default_ThirdPersonCharacter_C_0] Shoot
[2017.06.08-05.35.47:508][592]LogBlueprintUserMessages: [H2O_Default_ThirdPersonCharacter_C_0] Shoot
[2017.06.08-05.35.47:641][600]LogBlueprintUserMessages: [H2O_Default_ThirdPersonCharacter_C_0] Shoot
[2017.06.08-05.35.47:975][620]LogBlueprintUserMessages: [H2O_Default_ThirdPersonCharacter_C_0] Shoot
[2017.06.08-05.35.48:158][631]LogBlueprintUserMessages: [H2O_Default_ThirdPersonCharacter_C_0] Shoot
[2017.06.08-05.35.48:342][642]LogBlueprintUserMessages: [H2O_Default_ThirdPersonCharacter_C_0] Shoot
[2017.06.08-05.35.48:492][651]LogBlueprintUserMessages: [H2O_Default_ThirdPersonCharacter_C_0] Shoot
[2017.06.08-05.35.48:659][661]LogBlueprintUserMessages: [H2O_Default_ThirdPersonCharacter_C_0] Shoot
[2017.06.08-05.35.48:825][671]LogBlueprintUserMessages: [H2O_Default_ThirdPersonCharacter_C_0] Shoot
[2017.06.08-05.35.49:008][682]LogBlueprintUserMessages: [H2O_Default_ThirdPersonCharacter_C_0] Shoot
[2017.06.08-05.35.49:175][692]LogBlueprintUserMessages: [H2O_Default_ThirdPersonCharacter_C_0] Shoot
[2017.06.08-05.35.49:358][703]LogBlueprintUserMessages: [H2O_Default_ThirdPersonCharacter_C_0] Shoot
[2017.06.08-05.35.49:525][713]LogBlueprintUserMessages: [H2O_Default_ThirdPersonCharacter_C_0] Shoot
[2017.06.08-05.35.50:826][791]LogBlueprintUserMessages: [H2O_Default_ThirdPersonCharacter_C_0] Shoot
[2017.06.08-05.35.51:576][836]LogBlueprintUserMessages: [H2O_Default_ThirdPersonCharacter_C_0] Shoot
[2017.06.08-05.35.51:793][849]LogBlueprintUserMessages: [H2O_Default_ThirdPersonCharacter_C_0] Shoot
[2017.06.08-05.35.52:027][863]LogBlueprintUserMessages: [H2O_Default_ThirdPersonCharacter_C_0] Shoot
[2017.06.08-05.35.52:209][874]LogBlueprintUserMessages: [H2O_Default_ThirdPersonCharacter_C_0] Shoot
[2017.06.08-05.35.52:509][892]LogBlueprintUserMessages: [H2O_Default_ThirdPersonCharacter_C_0] Shoot
[2017.06.08-05.35.52:776][908]LogBlueprintUserMessages: [H2O_Default_ThirdPersonCharacter_C_0] Shoot
[2017.06.08-05.35.56:393][125]LogBlueprintUserMessages: [H2O_Default_ThirdPersonCharacter_C_0] Shoot
[2017.06.08-05.35.56:627][139]LogBlueprintUserMessages: [H2O_Default_ThirdPersonCharacter_C_0] Shoot
[2017.06.08-05.35.57:244][176]LogBlueprintUserMessages: [H2O_Default_ThirdPersonCharacter_C_0] Shoot
[2017.06.08-05.35.57:477][190]LogBlueprintUserMessages: [H2O_Default_ThirdPersonCharacter_C_0] Shoot
[2017.06.08-05.35.57:678][202]LogBlueprintUserMessages: [H2O_Default_ThirdPersonCharacter_C_0] Shoot
[2017.06.08-05.35.58:228][235]LogBlueprintUserMessages: [H2O_Default_ThirdPersonCharacter_C_0] Shoot
[2017.06.08-05.35.59:844][332]LogBlueprintUserMessages: [H2O_Default_ThirdPersonCharacter_C_0] Shoot
[2017.06.08-05.36.00:278][358]LogBlueprintUserMessages: [H2O_Default_ThirdPersonCharacter_C_0] Shoot
[2017.06.08-05.36.00:495][371]LogBlueprintUserMessages: [H2O_Default_ThirdPersonCharacter_C_0] Shoot
[2017.06.08-05.36.00:679][382]LogBlueprintUserMessages: [H2O_Default_ThirdPersonCharacter_C_0] Shoot
[2017.06.08-05.36.00:978][400]LogBlueprintUserMessages: [H2O_Default_ThirdPersonCharacter_C_0] Shoot
[2017.06.08-05.36.12:883][114]LogBlueprintUserMessages: [H2O_Default_ThirdPersonCharacter_C_0] Shoot
[2017.06.08-05.36.13:150][130]LogBlueprintUserMessages: [H2O_Default_ThirdPersonCharacter_C_0] Shoot
[2017.06.08-05.36.13:333][141]LogBlueprintUserMessages: [H2O_Default_ThirdPersonCharacter_C_0] Shoot
[2017.06.08-05.36.13:617][158]LogBlueprintUserMessages: [H2O_Default_ThirdPersonCharacter_C_0] Shoot
[2017.06.08-05.36.13:800][169]LogBlueprintUserMessages: [H2O_Default_ThirdPersonCharacter_C_0] Shoot
[2017.06.08-05.36.13:984][180]LogBlueprintUserMessages: [H2O_Default_ThirdPersonCharacter_C_0] Shoot
[2017.06.08-05.36.14:933][237]LogBlueprintUserMessages: [H2O_Default_ThirdPersonCharacter_C_0] Shoot
[2017.06.08-05.36.15:167][251]LogBlueprintUserMessages: [H2O_Default_ThirdPersonCharacter_C_0] Shoot
[2017.06.08-05.36.15:367][263]LogBlueprintUserMessages: [H2O_Default_ThirdPersonCharacter_C_0] Shoot
[2017.06.08-05.36.19:752][526]LogBlueprintUserMessages: [H2O_Default_ThirdPersonCharacter_C_0] Shoot
[2017.06.08-05.36.20:002][541]LogBlueprintUserMessages: [H2O_Default_ThirdPersonCharacter_C_0] Shoot
[2017.06.08-05.36.20:202][553]LogBlueprintUserMessages: [H2O_Default_ThirdPersonCharacter_C_0] Shoot
[2017.06.08-05.36.21:068][605]LogBlueprintUserMessages: [H2O_Default_ThirdPersonCharacter_C_0] Shoot
[2017.06.08-05.36.21:302][619]LogBlueprintUserMessages: [H2O_Default_ThirdPersonCharacter_C_0] Shoot
[2017.06.08-05.36.21:485][630]LogBlueprintUserMessages: [H2O_Default_ThirdPersonCharacter_C_0] Shoot
[2017.06.08-05.36.21:669][641]LogBlueprintUserMessages: [H2O_Default_ThirdPersonCharacter_C_0] Shoot
[2017.06.08-05.36.21:852][652]LogBlueprintUserMessages: [H2O_Default_ThirdPersonCharacter_C_0] Shoot
[2017.06.08-05.36.22:286][678]LogBlueprintUserMessages: [H2O_Default_ThirdPersonCharacter_C_0] Shoot
[2017.06.08-05.36.22:503][691]LogBlueprintUserMessages: [H2O_Default_ThirdPersonCharacter_C_0] Shoot
[2017.06.08-05.36.24:504][811]LogBlueprintUserMessages: [H2O_Default_ThirdPersonCharacter_C_0] Grenade
[2017.06.08-05.36.25:187][852]LogBlueprintUserMessages: [H2O_Default_ThirdPersonCharacter_C_0] Reload / Pumping Gun
[2017.06.08-05.36.25:403][865]LogBlueprintUserMessages: [H2O_Default_ThirdPersonCharacter_C_0] Reload / Pumping Gun
[2017.06.08-05.36.25:587][876]LogBlueprintUserMessages: [H2O_Default_ThirdPersonCharacter_C_0] Reload / Pumping Gun
[2017.06.08-05.36.25:770][887]LogBlueprintUserMessages: [H2O_Default_ThirdPersonCharacter_C_0] Reload / Pumping Gun
[2017.06.08-05.36.37:856][612]LogBlueprintUserMessages: [H2O_Default_ThirdPersonCharacter_C_0] Shoot
[2017.06.08-05.36.38:039][623]LogBlueprintUserMessages: [H2O_Default_ThirdPersonCharacter_C_0] Shoot
[2017.06.08-05.36.38:223][634]LogBlueprintUserMessages: [H2O_Default_ThirdPersonCharacter_C_0] Shoot
[2017.06.08-05.36.38:439][647]LogBlueprintUserMessages: [H2O_Default_ThirdPersonCharacter_C_0] Shoot
[2017.06.08-05.36.38:606][657]LogBlueprintUserMessages: [H2O_Default_ThirdPersonCharacter_C_0] Shoot
[2017.06.08-05.36.38:789][668]LogBlueprintUserMessages: [H2O_Default_ThirdPersonCharacter_C_0] Shoot
[2017.06.08-05.36.39:173][691]LogBlueprintUserMessages: [H2O_Default_ThirdPersonCharacter_C_0] Shoot
[2017.06.08-05.36.39:339][701]LogBlueprintUserMessages: [H2O_Default_ThirdPersonCharacter_C_0] Shoot
[2017.06.08-05.36.39:523][712]LogBlueprintUserMessages: [H2O_Default_ThirdPersonCharacter_C_0] Shoot
[2017.06.08-05.36.39:723][724]LogBlueprintUserMessages: [H2O_Default_ThirdPersonCharacter_C_0] Shoot
[2017.06.08-05.36.41:706][843]LogBlueprintUserMessages: [H2O_Default_ThirdPersonCharacter_C_0] Shoot
[2017.06.08-05.36.41:939][857]LogBlueprintUserMessages: [H2O_Default_ThirdPersonCharacter_C_0] Shoot
[2017.06.08-05.36.42:256][876]LogBlueprintUserMessages: [H2O_Default_ThirdPersonCharacter_C_0] Shoot
[2017.06.08-05.36.42:506][891]LogBlueprintUserMessages: [H2O_Default_ThirdPersonCharacter_C_0] Shoot
[2017.06.08-05.36.42:723][904]LogBlueprintUserMessages: [H2O_Default_ThirdPersonCharacter_C_0] Shoot
[2017.06.08-05.36.42:939][917]LogBlueprintUserMessages: [H2O_Default_ThirdPersonCharacter_C_0] Shoot
[2017.06.08-05.36.43:873][973]LogBlueprintUserMessages: [H2O_Default_ThirdPersonCharacter_C_0] Shoot
[2017.06.08-05.36.44:057][984]LogBlueprintUserMessages: [H2O_Default_ThirdPersonCharacter_C_0] Shoot
[2017.06.08-05.36.44:273][997]LogBlueprintUserMessages: [H2O_Default_ThirdPersonCharacter_C_0] Shoot
[2017.06.08-05.36.44:473][  9]LogBlueprintUserMessages: [H2O_Default_ThirdPersonCharacter_C_0] Shoot
[2017.06.08-05.36.44:656][ 20]LogBlueprintUserMessages: [H2O_Default_ThirdPersonCharacter_C_0] Shoot
[2017.06.08-05.36.44:840][ 31]LogBlueprintUserMessages: [H2O_Default_ThirdPersonCharacter_C_0] Shoot
[2017.06.08-05.36.45:073][ 45]LogBlueprintUserMessages: [H2O_Default_ThirdPersonCharacter_C_0] Shoot
[2017.06.08-05.36.45:257][ 56]LogBlueprintUserMessages: [H2O_Default_ThirdPersonCharacter_C_0] Shoot
[2017.06.08-05.36.45:456][ 68]LogBlueprintUserMessages: [H2O_Default_ThirdPersonCharacter_C_0] Shoot
[2017.06.08-05.36.45:640][ 79]LogBlueprintUserMessages: [H2O_Default_ThirdPersonCharacter_C_0] Shoot
[2017.06.08-05.36.45:823][ 90]LogBlueprintUserMessages: [H2O_Default_ThirdPersonCharacter_C_0] Shoot
[2017.06.08-05.36.46:007][101]LogBlueprintUserMessages: [H2O_Default_ThirdPersonCharacter_C_0] Shoot
[2017.06.08-05.36.46:207][113]LogBlueprintUserMessages: [H2O_Default_ThirdPersonCharacter_C_0] Shoot
[2017.06.08-05.36.47:490][190]LogBlueprintUserMessages: [H2O_Default_ThirdPersonCharacter_C_0] Shoot
[2017.06.08-05.36.47:757][206]LogBlueprintUserMessages: [H2O_Default_ThirdPersonCharacter_C_0] Shoot
[2017.06.08-05.36.47:924][216]LogBlueprintUserMessages: [H2O_Default_ThirdPersonCharacter_C_0] Shoot
[2017.06.08-05.36.48:157][230]LogBlueprintUserMessages: [H2O_Default_ThirdPersonCharacter_C_0] Shoot
[2017.06.08-05.36.48:357][242]LogBlueprintUserMessages: [H2O_Default_ThirdPersonCharacter_C_0] Shoot
[2017.06.08-05.36.48:524][252]LogBlueprintUserMessages: [H2O_Default_ThirdPersonCharacter_C_0] Shoot
[2017.06.08-05.36.49:590][316]LogBlueprintUserMessages: [H2O_Default_ThirdPersonCharacter_C_0] Shoot
[2017.06.08-05.36.51:207][413]LogBlueprintUserMessages: [H2O_Default_ThirdPersonCharacter_C_0] Shoot
[2017.06.08-05.36.52:041][463]LogBlueprintUserMessages: [H2O_Default_ThirdPersonCharacter_C_0] Shoot
[2017.06.08-05.36.58:075][825]LogBlueprintUserMessages: [H2O_Default_ThirdPersonCharacter_C_0] Shoot
[2017.06.08-05.36.58:309][839]LogBlueprintUserMessages: [H2O_Default_ThirdPersonCharacter_C_0] Shoot
[2017.06.08-05.36.58:792][868]LogBlueprintUserMessages: [H2O_Default_ThirdPersonCharacter_C_0] Shoot
[2017.06.08-05.36.59:426][906]LogBlueprintUserMessages: [H2O_Default_ThirdPersonCharacter_C_0] Shoot
[2017.06.08-05.36.59:644][919]LogBlueprintUserMessages: [H2O_Default_ThirdPersonCharacter_C_0] Shoot
[2017.06.08-05.36.59:826][930]LogBlueprintUserMessages: [H2O_Default_ThirdPersonCharacter_C_0] Shoot
[2017.06.08-05.37.00:026][942]LogBlueprintUserMessages: [H2O_Default_ThirdPersonCharacter_C_0] Shoot
[2017.06.08-05.37.00:243][955]LogBlueprintUserMessages: [H2O_Default_ThirdPersonCharacter_C_0] Shoot
[2017.06.08-05.37.00:526][972]LogBlueprintUserMessages: [H2O_Default_ThirdPersonCharacter_C_0] Shoot
[2017.06.08-05.37.00:676][981]LogBlueprintUserMessages: [H2O_Default_ThirdPersonCharacter_C_0] Shoot
[2017.06.08-05.37.00:859][992]LogBlueprintUserMessages: [H2O_Default_ThirdPersonCharacter_C_0] Shoot
[2017.06.08-05.37.36:601][136]LogBlueprintUserMessages: [H2O_Default_ThirdPersonCharacter_C_0] Shoot
[2017.06.08-05.37.37:185][171]LogBlueprintUserMessages: [H2O_Default_ThirdPersonCharacter_C_0] Shoot
[2017.06.08-05.37.37:468][188]LogBlueprintUserMessages: [H2O_Default_ThirdPersonCharacter_C_0] Shoot
[2017.06.08-05.37.37:652][199]LogBlueprintUserMessages: [H2O_Default_ThirdPersonCharacter_C_0] Shoot
[2017.06.08-05.37.38:451][247]LogBlueprintUserMessages: [H2O_Default_ThirdPersonCharacter_C_0] Shoot
[2017.06.08-05.37.38:635][258]LogBlueprintUserMessages: [H2O_Default_ThirdPersonCharacter_C_0] Shoot
[2017.06.08-05.37.38:768][266]LogBlueprintUserMessages: [H2O_Default_ThirdPersonCharacter_C_0] Shoot
[2017.06.08-05.37.46:270][716]LogBlueprintUserMessages: [H2O_Default_ThirdPersonCharacter_C_0] Reload / Pumping Gun
[2017.06.08-05.37.46:270][716]LogBlueprintUserMessages: [H2O_Default_ThirdPersonCharacter_C_0] Shoot
[2017.06.08-05.37.46:536][732]LogBlueprintUserMessages: [H2O_Default_ThirdPersonCharacter_C_0] Reload / Pumping Gun
[2017.06.08-05.37.46:553][733]LogBlueprintUserMessages: [H2O_Default_ThirdPersonCharacter_C_0] Shoot
[2017.06.08-05.37.46:753][745]LogBlueprintUserMessages: [H2O_Default_ThirdPersonCharacter_C_0] Shoot
[2017.06.08-05.37.46:770][746]LogBlueprintUserMessages: [H2O_Default_ThirdPersonCharacter_C_0] Reload / Pumping Gun
[2017.06.08-05.37.46:937][756]LogBlueprintUserMessages: [H2O_Default_ThirdPersonCharacter_C_0] Shoot
[2017.06.08-05.37.46:970][758]LogBlueprintUserMessages: [H2O_Default_ThirdPersonCharacter_C_0] Reload / Pumping Gun
[2017.06.08-05.37.47:087][765]LogBlueprintUserMessages: [H2O_Default_ThirdPersonCharacter_C_0] Shoot
[2017.06.08-05.37.47:137][768]LogBlueprintUserMessages: [H2O_Default_ThirdPersonCharacter_C_0] Reload / Pumping Gun
[2017.06.08-05.37.47:370][782]LogBlueprintUserMessages: [H2O_Default_ThirdPersonCharacter_C_0] Shoot
[2017.06.08-05.37.47:837][810]LogBlueprintUserMessages: [H2O_Default_ThirdPersonCharacter_C_0] Shoot
[2017.06.08-05.37.48:004][820]LogBlueprintUserMessages: [H2O_Default_ThirdPersonCharacter_C_0] Shoot
[2017.06.08-05.37.53:605][142]LogTemp: Repeting last play command: Selected Viewport
[2017.06.08-05.37.53:624][142]LogPlayLevel: PlayLevel: No blueprints needed recompiling
[2017.06.08-05.37.53:624][142]PIE: New page: PIE session: Test1 (9 Jun 2017 1:37:53 am)
[2017.06.08-05.37.53:624][142]LogPlayLevel: Creating play world package: /Game/UEDPIE_0_Test1
[2017.06.08-05.37.53:626][142]LogPlayLevel: PIE: StaticDuplicateObject took: (0.002479s)
[2017.06.08-05.37.53:627][142]LogAIModule: Creating AISystem for world Test1
[2017.06.08-05.37.53:628][142]LogPlayLevel: PIE: World Init took: (0.001281s)
[2017.06.08-05.37.53:628][142]LogPlayLevel: PIE: Created PIE world by copying editor world from /Game/Test1.Test1 to /Game/UEDPIE_0_Test1.Test1 (0.003955s)
[2017.06.08-05.37.53:640][142]LogInit: XAudio2 using 'Speakers (Sound Blaster Recon3Di)' : 2 channels at 48 kHz using 32 bits per sample (channel mask 0x3)
[2017.06.08-05.37.53:649][142]LogInit: FAudioDevice initialized.
[2017.06.08-05.37.53:682][142]LogLoad: Game class is 'H2O_DefaultGameMode_C'
[2017.06.08-05.37.53:685][142]LogWorld: Bringing World /Game/UEDPIE_0_Test1.Test1 up for play (max tick rate 60) at 2017.06.08-15.37.53
[2017.06.08-05.37.53:685][142]LogWorld: Bringing up level for play took: 0.000673
[2017.06.08-05.37.53:687][142]PIE: Info Play in editor start time for /Game/UEDPIE_0_Test1 0.59
[2017.06.08-05.37.56:224][294]Cmd: LevelEditor.ToggleImmersive
[2017.06.08-05.38.02:372][656]LogBlueprintUserMessages: [H2O_Default_ThirdPersonCharacter_C_0] Shoot
[2017.06.08-05.38.02:639][672]LogBlueprintUserMessages: [H2O_Default_ThirdPersonCharacter_C_0] Shoot
[2017.06.08-05.38.03:039][696]LogBlueprintUserMessages: [H2O_Default_ThirdPersonCharacter_C_0] Shoot
[2017.06.08-05.38.03:289][711]LogBlueprintUserMessages: [H2O_Default_ThirdPersonCharacter_C_0] Shoot
[2017.06.08-05.38.03:523][725]LogBlueprintUserMessages: [H2O_Default_ThirdPersonCharacter_C_0] Shoot
[2017.06.08-05.38.03:723][737]LogBlueprintUserMessages: [H2O_Default_ThirdPersonCharacter_C_0] Shoot
[2017.06.08-05.38.03:940][750]LogBlueprintUserMessages: [H2O_Default_ThirdPersonCharacter_C_0] Shoot
[2017.06.08-05.38.04:523][785]LogBlueprintUserMessages: [H2O_Default_ThirdPersonCharacter_C_0] Shoot
[2017.06.08-05.38.04:756][799]LogBlueprintUserMessages: [H2O_Default_ThirdPersonCharacter_C_0] Shoot
[2017.06.08-05.38.05:073][818]LogBlueprintUserMessages: [H2O_Default_ThirdPersonCharacter_C_0] Shoot
[2017.06.08-05.38.05:307][832]LogBlueprintUserMessages: [H2O_Default_ThirdPersonCharacter_C_0] Shoot
[2017.06.08-05.38.05:573][848]LogBlueprintUserMessages: [H2O_Default_ThirdPersonCharacter_C_0] Shoot
[2017.06.08-05.38.06:306][892]LogBlueprintUserMessages: [H2O_Default_ThirdPersonCharacter_C_0] Shoot
[2017.06.08-05.38.07:707][976]LogBlueprintUserMessages: [H2O_Default_ThirdPersonCharacter_C_0] Shoot
[2017.06.08-05.38.08:207][  6]LogBlueprintUserMessages: [H2O_Default_ThirdPersonCharacter_C_0] Shoot
[2017.06.08-05.38.08:407][ 18]LogBlueprintUserMessages: [H2O_Default_ThirdPersonCharacter_C_0] Shoot
[2017.06.08-05.38.08:623][ 31]LogBlueprintUserMessages: [H2O_Default_ThirdPersonCharacter_C_0] Shoot
[2017.06.08-05.38.08:824][ 43]LogBlueprintUserMessages: [H2O_Default_ThirdPersonCharacter_C_0] Shoot
[2017.06.08-05.38.09:091][ 59]LogBlueprintUserMessages: [H2O_Default_ThirdPersonCharacter_C_0] Shoot
[2017.06.08-05.38.09:308][ 72]LogBlueprintUserMessages: [H2O_Default_ThirdPersonCharacter_C_0] Shoot
[2017.06.08-05.38.09:591][ 89]LogBlueprintUserMessages: [H2O_Default_ThirdPersonCharacter_C_0] Shoot
[2017.06.08-05.38.09:790][101]LogBlueprintUserMessages: [H2O_Default_ThirdPersonCharacter_C_0] Shoot
[2017.06.08-05.38.09:991][113]LogBlueprintUserMessages: [H2O_Default_ThirdPersonCharacter_C_0] Shoot
[2017.06.08-05.38.10:241][128]LogBlueprintUserMessages: [H2O_Default_ThirdPersonCharacter_C_0] Shoot
[2017.06.08-05.38.10:558][147]LogBlueprintUserMessages: [H2O_Default_ThirdPersonCharacter_C_0] Shoot
[2017.06.08-05.38.10:808][162]LogBlueprintUserMessages: [H2O_Default_ThirdPersonCharacter_C_0] Shoot
[2017.06.08-05.38.11:008][174]LogBlueprintUserMessages: [H2O_Default_ThirdPersonCharacter_C_0] Shoot
[2017.06.08-05.38.11:224][187]LogBlueprintUserMessages: [H2O_Default_ThirdPersonCharacter_C_0] Shoot
[2017.06.08-05.38.11:424][199]LogBlueprintUserMessages: [H2O_Default_ThirdPersonCharacter_C_0] Shoot
[2017.06.08-05.38.11:625][211]LogBlueprintUserMessages: [H2O_Default_ThirdPersonCharacter_C_0] Shoot
[2017.06.08-05.38.12:291][251]LogBlueprintUserMessages: [H2O_Default_ThirdPersonCharacter_C_0] Shoot
[2017.06.08-05.38.12:825][283]LogBlueprintUserMessages: [H2O_Default_ThirdPersonCharacter_C_0] Shoot
[2017.06.08-05.38.14:459][381]LogBlueprintUserMessages: [H2O_Default_ThirdPersonCharacter_C_0] Shoot
[2017.06.08-05.38.15:576][448]LogBlueprintUserMessages: [H2O_Default_ThirdPersonCharacter_C_0] Shoot
[2017.06.08-05.38.18:276][610]Cmd: LevelEditor.ToggleImmersive
[2017.06.08-05.39.56:559][489]LogTemp: Repeting last play command: Selected Viewport
[2017.06.08-05.39.56:574][489]LogPlayLevel: PlayLevel: No blueprints needed recompiling
[2017.06.08-05.39.56:574][489]PIE: New page: PIE session: Test1 (9 Jun 2017 1:39:56 am)
[2017.06.08-05.39.56:574][489]LogPlayLevel: Creating play world package: /Game/UEDPIE_0_Test1
[2017.06.08-05.39.56:577][489]LogPlayLevel: PIE: StaticDuplicateObject took: (0.002587s)
[2017.06.08-05.39.56:577][489]LogAIModule: Creating AISystem for world Test1
[2017.06.08-05.39.56:577][489]LogPlayLevel: PIE: World Init took: (0.000788s)
[2017.06.08-05.39.56:578][489]LogPlayLevel: PIE: Created PIE world by copying editor world from /Game/Test1.Test1 to /Game/UEDPIE_0_Test1.Test1 (0.003599s)
[2017.06.08-05.39.56:591][489]LogInit: XAudio2 using 'Speakers (Sound Blaster Recon3Di)' : 2 channels at 48 kHz using 32 bits per sample (channel mask 0x3)
[2017.06.08-05.39.56:598][489]LogInit: FAudioDevice initialized.
[2017.06.08-05.39.56:634][489]LogLoad: Game class is 'H2O_DefaultGameMode_C'
[2017.06.08-05.39.56:636][489]LogWorld: Bringing World /Game/UEDPIE_0_Test1.Test1 up for play (max tick rate 60) at 2017.06.08-15.39.56
[2017.06.08-05.39.56:636][489]LogWorld: Bringing up level for play took: 0.000626
[2017.06.08-05.39.56:638][489]PIE: Info Play in editor start time for /Game/UEDPIE_0_Test1 -0.459
[2017.06.08-05.40.00:541][723]LogBlueprintUserMessages: [H2O_Default_ThirdPersonCharacter_C_0] Shoot
[2017.06.08-05.40.01:291][768]LogBlueprintUserMessages: [H2O_Default_ThirdPersonCharacter_C_0] Shoot
[2017.06.08-05.40.05:243][  5]LogBlueprintUserMessages: [H2O_Default_ThirdPersonCharacter_C_0] Shoot
[2017.06.08-05.40.05:943][ 47]LogBlueprintUserMessages: [H2O_Default_ThirdPersonCharacter_C_0] Shoot
[2017.06.08-05.40.06:177][ 61]LogBlueprintUserMessages: [H2O_Default_ThirdPersonCharacter_C_0] Shoot
[2017.06.08-05.40.06:394][ 74]LogBlueprintUserMessages: [H2O_Default_ThirdPersonCharacter_C_0] Shoot
[2017.06.08-05.40.06:577][ 85]LogBlueprintUserMessages: [H2O_Default_ThirdPersonCharacter_C_0] Shoot
[2017.06.08-05.40.06:777][ 97]LogBlueprintUserMessages: [H2O_Default_ThirdPersonCharacter_C_0] Shoot
[2017.06.08-05.40.06:961][108]LogBlueprintUserMessages: [H2O_Default_ThirdPersonCharacter_C_0] Shoot
[2017.06.08-05.40.07:144][119]LogBlueprintUserMessages: [H2O_Default_ThirdPersonCharacter_C_0] Shoot
[2017.06.08-05.40.07:527][142]LogBlueprintUserMessages: [H2O_Default_ThirdPersonCharacter_C_0] Shoot
[2017.06.08-05.40.09:110][237]LogBlueprintUserMessages: [H2O_Default_ThirdPersonCharacter_C_0] Shoot
[2017.06.08-05.40.09:311][249]LogBlueprintUserMessages: [H2O_Default_ThirdPersonCharacter_C_0] Shoot
[2017.06.08-05.40.09:477][259]LogBlueprintUserMessages: [H2O_Default_ThirdPersonCharacter_C_0] Shoot
[2017.06.08-05.40.09:728][274]LogBlueprintUserMessages: [H2O_Default_ThirdPersonCharacter_C_0] Shoot
[2017.06.08-05.40.09:894][284]LogBlueprintUserMessages: [H2O_Default_ThirdPersonCharacter_C_0] Shoot
[2017.06.08-05.40.10:061][294]LogBlueprintUserMessages: [H2O_Default_ThirdPersonCharacter_C_0] Shoot
[2017.06.08-05.40.10:227][304]LogBlueprintUserMessages: [H2O_Default_ThirdPersonCharacter_C_0] Shoot
[2017.06.08-05.40.11:011][351]LogBlueprintUserMessages: [H2O_Default_ThirdPersonCharacter_C_0] Shoot
[2017.06.08-05.40.11:178][361]LogBlueprintUserMessages: [H2O_Default_ThirdPersonCharacter_C_0] Shoot
[2017.06.08-05.40.11:345][371]LogBlueprintUserMessages: [H2O_Default_ThirdPersonCharacter_C_0] Shoot
[2017.06.08-05.40.11:528][382]LogBlueprintUserMessages: [H2O_Default_ThirdPersonCharacter_C_0] Shoot
[2017.06.08-05.40.11:695][392]LogBlueprintUserMessages: [H2O_Default_ThirdPersonCharacter_C_0] Shoot
[2017.06.08-05.40.11:844][401]LogBlueprintUserMessages: [H2O_Default_ThirdPersonCharacter_C_0] Shoot
[2017.06.08-05.40.12:278][427]LogBlueprintUserMessages: [H2O_Default_ThirdPersonCharacter_C_0] Shoot
[2017.06.08-05.40.12:445][437]LogBlueprintUserMessages: [H2O_Default_ThirdPersonCharacter_C_0] Shoot
[2017.06.08-05.40.12:645][449]LogBlueprintUserMessages: [H2O_Default_ThirdPersonCharacter_C_0] Shoot
[2017.06.08-05.40.12:845][461]LogBlueprintUserMessages: [H2O_Default_ThirdPersonCharacter_C_0] Shoot
[2017.06.08-05.40.13:011][471]LogBlueprintUserMessages: [H2O_Default_ThirdPersonCharacter_C_0] Shoot
[2017.06.08-05.40.13:195][482]LogBlueprintUserMessages: [H2O_Default_ThirdPersonCharacter_C_0] Shoot
[2017.06.08-05.40.13:412][495]LogBlueprintUserMessages: [H2O_Default_ThirdPersonCharacter_C_0] Shoot
[2017.06.08-05.40.13:595][506]LogBlueprintUserMessages: [H2O_Default_ThirdPersonCharacter_C_0] Shoot
[2017.06.08-05.40.13:795][518]LogBlueprintUserMessages: [H2O_Default_ThirdPersonCharacter_C_0] Shoot
[2017.06.08-05.40.14:011][531]LogBlueprintUserMessages: [H2O_Default_ThirdPersonCharacter_C_0] Shoot
[2017.06.08-05.40.14:178][541]LogBlueprintUserMessages: [H2O_Default_ThirdPersonCharacter_C_0] Shoot
[2017.06.08-05.40.14:345][551]LogBlueprintUserMessages: [H2O_Default_ThirdPersonCharacter_C_0] Shoot
[2017.06.08-05.40.14:512][561]LogBlueprintUserMessages: [H2O_Default_ThirdPersonCharacter_C_0] Shoot
[2017.06.08-05.40.14:678][571]LogBlueprintUserMessages: [H2O_Default_ThirdPersonCharacter_C_0] Shoot
[2017.06.08-05.40.14:829][580]LogBlueprintUserMessages: [H2O_Default_ThirdPersonCharacter_C_0] Shoot
[2017.06.08-05.40.14:996][590]LogBlueprintUserMessages: [H2O_Default_ThirdPersonCharacter_C_0] Shoot
[2017.06.08-05.40.15:363][612]LogBlueprintUserMessages: [H2O_Default_ThirdPersonCharacter_C_0] Shoot
[2017.06.08-05.40.15:546][623]LogBlueprintUserMessages: [H2O_Default_ThirdPersonCharacter_C_0] Shoot
[2017.06.08-05.40.15:779][637]LogBlueprintUserMessages: [H2O_Default_ThirdPersonCharacter_C_0] Shoot
[2017.06.08-05.40.15:980][649]LogBlueprintUserMessages: [H2O_Default_ThirdPersonCharacter_C_0] Shoot
[2017.06.08-05.40.16:179][661]LogBlueprintUserMessages: [H2O_Default_ThirdPersonCharacter_C_0] Shoot
[2017.06.08-05.40.16:747][695]LogBlueprintUserMessages: [H2O_Default_ThirdPersonCharacter_C_0] Shoot
[2017.06.08-05.40.16:946][707]LogBlueprintUserMessages: [H2O_Default_ThirdPersonCharacter_C_0] Shoot
[2017.06.08-05.40.17:096][716]LogBlueprintUserMessages: [H2O_Default_ThirdPersonCharacter_C_0] Shoot
[2017.06.08-05.40.17:646][749]LogBlueprintUserMessages: [H2O_Default_ThirdPersonCharacter_C_0] Shoot
[2017.06.08-05.40.17:780][757]LogBlueprintUserMessages: [H2O_Default_ThirdPersonCharacter_C_0] Shoot
[2017.06.08-05.40.17:963][768]LogBlueprintUserMessages: [H2O_Default_ThirdPersonCharacter_C_0] Shoot
[2017.06.08-05.40.18:696][812]LogBlueprintUserMessages: [H2O_Default_ThirdPersonCharacter_C_0] Shoot
[2017.06.08-05.40.21:597][986]LogBlueprintUserMessages: [H2O_Default_ThirdPersonCharacter_C_0] Shoot
[2017.06.08-05.40.21:797][998]LogBlueprintUserMessages: [H2O_Default_ThirdPersonCharacter_C_0] Shoot
[2017.06.08-05.40.22:263][ 26]LogBlueprintUserMessages: [H2O_Default_ThirdPersonCharacter_C_0] Shoot
[2017.06.08-05.40.22:647][ 49]LogBlueprintUserMessages: [H2O_Default_ThirdPersonCharacter_C_0] Shoot
[2017.06.08-05.40.22:847][ 61]LogBlueprintUserMessages: [H2O_Default_ThirdPersonCharacter_C_0] Shoot
[2017.06.08-05.40.23:047][ 73]LogBlueprintUserMessages: [H2O_Default_ThirdPersonCharacter_C_0] Shoot
[2017.06.08-05.40.23:231][ 84]LogBlueprintUserMessages: [H2O_Default_ThirdPersonCharacter_C_0] Shoot
[2017.06.08-05.40.43:986][329]LogBlueprintUserMessages: [H2O_Default_ThirdPersonCharacter_C_0] Shoot
[2017.06.08-05.40.44:186][341]LogBlueprintUserMessages: [H2O_Default_ThirdPersonCharacter_C_0] Shoot
[2017.06.08-05.40.44:452][357]LogBlueprintUserMessages: [H2O_Default_ThirdPersonCharacter_C_0] Shoot
[2017.06.08-05.40.44:652][369]LogBlueprintUserMessages: [H2O_Default_ThirdPersonCharacter_C_0] Shoot
[2017.06.08-05.40.44:836][380]LogBlueprintUserMessages: [H2O_Default_ThirdPersonCharacter_C_0] Shoot
[2017.06.08-05.40.45:002][390]LogBlueprintUserMessages: [H2O_Default_ThirdPersonCharacter_C_0] Shoot
[2017.06.08-05.40.45:186][401]LogBlueprintUserMessages: [H2O_Default_ThirdPersonCharacter_C_0] Shoot
[2017.06.08-05.40.46:519][481]LogBlueprintUserMessages: [H2O_Default_ThirdPersonCharacter_C_0] Shoot
[2017.06.08-05.40.46:703][492]LogBlueprintUserMessages: [H2O_Default_ThirdPersonCharacter_C_0] Shoot
[2017.06.08-05.40.47:621][547]LogBlueprintUserMessages: [H2O_Default_ThirdPersonCharacter_C_0] Shoot
[2017.06.08-05.40.47:871][562]LogBlueprintUserMessages: [H2O_Default_ThirdPersonCharacter_C_0] Shoot
[2017.06.08-05.40.48:121][577]LogBlueprintUserMessages: [H2O_Default_ThirdPersonCharacter_C_0] Shoot
[2017.06.08-05.40.48:388][593]LogBlueprintUserMessages: [H2O_Default_ThirdPersonCharacter_C_0] Shoot
[2017.06.08-05.40.48:605][606]LogBlueprintUserMessages: [H2O_Default_ThirdPersonCharacter_C_0] Shoot
[2017.06.08-05.40.48:805][618]LogBlueprintUserMessages: [H2O_Default_ThirdPersonCharacter_C_0] Shoot
[2017.06.08-05.40.49:088][635]LogBlueprintUserMessages: [H2O_Default_ThirdPersonCharacter_C_0] Shoot
[2017.06.08-05.40.49:354][651]LogBlueprintUserMessages: [H2O_Default_ThirdPersonCharacter_C_0] Shoot
[2017.06.08-05.40.49:606][666]LogBlueprintUserMessages: [H2O_Default_ThirdPersonCharacter_C_0] Shoot
[2017.06.08-05.40.49:872][682]LogBlueprintUserMessages: [H2O_Default_ThirdPersonCharacter_C_0] Shoot
[2017.06.08-05.40.50:221][703]LogBlueprintUserMessages: [H2O_Default_ThirdPersonCharacter_C_0] Shoot
[2017.06.08-05.40.50:888][743]LogBlueprintUserMessages: [H2O_Default_ThirdPersonCharacter_C_0] Shoot
[2017.06.08-05.40.52:022][811]LogBlueprintUserMessages: [H2O_Default_ThirdPersonCharacter_C_0] Shoot
[2017.06.08-05.40.52:272][826]LogBlueprintUserMessages: [H2O_Default_ThirdPersonCharacter_C_0] Shoot
[2017.06.08-05.40.52:506][840]LogBlueprintUserMessages: [H2O_Default_ThirdPersonCharacter_C_0] Shoot
[2017.06.08-05.47.46:500][250]LogTemp: Repeting last play command: Selected Viewport
[2017.06.08-05.47.46:515][250]LogPlayLevel: PlayLevel: No blueprints needed recompiling
[2017.06.08-05.47.46:515][250]PIE: New page: PIE session: Test1 (9 Jun 2017 1:47:46 am)
[2017.06.08-05.47.46:515][250]LogPlayLevel: Creating play world package: /Game/UEDPIE_0_Test1
[2017.06.08-05.47.46:518][250]LogPlayLevel: PIE: StaticDuplicateObject took: (0.003298s)
[2017.06.08-05.47.46:520][250]LogAIModule: Creating AISystem for world Test1
[2017.06.08-05.47.46:520][250]LogPlayLevel: PIE: World Init took: (0.001446s)
[2017.06.08-05.47.46:520][250]LogPlayLevel: PIE: Created PIE world by copying editor world from /Game/Test1.Test1 to /Game/UEDPIE_0_Test1.Test1 (0.005127s)
[2017.06.08-05.47.46:535][250]LogInit: XAudio2 using 'Speakers (Sound Blaster Recon3Di)' : 2 channels at 48 kHz using 32 bits per sample (channel mask 0x3)
[2017.06.08-05.47.46:543][250]LogInit: FAudioDevice initialized.
[2017.06.08-05.47.46:578][250]LogLoad: Game class is 'H2O_DefaultGameMode_C'
[2017.06.08-05.47.46:581][250]LogWorld: Bringing World /Game/UEDPIE_0_Test1.Test1 up for play (max tick rate 60) at 2017.06.08-15.47.46
[2017.06.08-05.47.46:582][250]LogWorld: Bringing up level for play took: 0.001519
[2017.06.08-05.47.46:584][250]PIE: Info Play in editor start time for /Game/UEDPIE_0_Test1 -0.513
[2017.06.08-05.57.57:763][229]LogContentBrowser: Native class hierarchy updated for 'BlueprintGraph' in 0.0012 seconds. Added 112 classes and 0 folders.
[2017.06.08-05.57.58:419][229]LogSlate: Took 0.000122 seconds to synchronously load lazily loaded font '../../../Engine/Content/Slate/Fonts/Roboto-Regular.ttf' (155K)
[2017.06.08-05.58.00:867][363]LogSlate: Took 0.006207 seconds to synchronously load lazily loaded font '../../../Engine/Content/Editor/Slate/Fonts/Roboto-BoldCondensed.ttf' (158K)
[2017.06.08-05.58.01:431][384]LogSlate: Took 0.005556 seconds to synchronously load lazily loaded font '../../../Engine/Content/Editor/Slate/Fonts/Roboto-Italic.ttf' (157K)
[2017.06.08-05.58.30:003][ 49]Cmd: QUIT_EDITOR
[2017.06.08-05.58.30:818][ 49]LogWindowsTextInputMethodSystem:Display: IME system now deactivated.
[2017.06.08-05.58.30:830][ 49]LogExit: Preparing to exit.
[2017.06.08-05.58.31:978][ 49]LogExit: Editor shut down
[2017.06.08-05.58.31:981][ 49]LogExit: Transaction tracking system shut down
[2017.06.08-05.58.32:079][ 49]LogObj: Freed 0b from 0 cluster array pools.
[2017.06.08-05.58.32:079][ 49]LogExit: Object subsystem successfully closed.
[2017.06.08-05.58.32:103][ 49]LogD3D11RHI: Shutdown
[2017.06.08-05.58.32:103][ 49]LogD3D11RHI: CleanupD3DDevice
[2017.06.08-05.58.32:174][ 49]LogD3D11RHI: ~FD3D11DynamicRHI
[2017.06.08-05.58.32:196][ 49]LogModuleManager: Shutting down and abandoning module BlueprintGraph (530)
[2017.06.08-05.58.32:196][ 49]LogModuleManager: Shutting down and abandoning module BlueprintProfiler (528)
[2017.06.08-05.58.32:196][ 49]LogModuleManager: Shutting down and abandoning module MovieSceneCapture (526)
[2017.06.08-05.58.32:196][ 49]LogModuleManager: Shutting down and abandoning module HierarchicalLODOutliner (524)
[2017.06.08-05.58.32:196][ 49]LogModuleManager: Shutting down and abandoning module CrashTracker (522)
[2017.06.08-05.58.32:196][ 49]LogModuleManager: Shutting down and abandoning module SceneOutliner (520)
[2017.06.08-05.58.32:196][ 49]LogModuleManager: Shutting down and abandoning module AddContentDialog (518)
[2017.06.08-05.58.32:196][ 49]LogDirectoryWatcher: A directory notification for 'C:/Program Files/Epic Games/UE_4.16/FeaturePacks/' was aborted.
[2017.06.08-05.58.32:197][ 49]LogModuleManager: Shutting down and abandoning module WidgetCarousel (517)
[2017.06.08-05.58.32:197][ 49]LogModuleManager: Shutting down and abandoning module EditorWidgets (514)
[2017.06.08-05.58.32:197][ 49]LogModuleManager: Shutting down and abandoning module CollectionManager (512)
[2017.06.08-05.58.32:197][ 49]LogDirectoryWatcher: A directory notification for 'D:/H2Owned_MajorProject2017-Repo/H2Owned_2017/Content/Collections/' was aborted.
[2017.06.08-05.58.32:197][ 49]LogDirectoryWatcher: A directory notification for 'D:/H2Owned_MajorProject2017-Repo/H2Owned_2017/Content/Developers/Cola/Collections/' was aborted.
[2017.06.08-05.58.32:197][ 49]LogDirectoryWatcher: A directory notification for 'D:/H2Owned_MajorProject2017-Repo/H2Owned_2017/Saved/Collections/' was aborted.
[2017.06.08-05.58.32:197][ 49]LogModuleManager: Shutting down and abandoning module StatsViewer (510)
[2017.06.08-05.58.32:197][ 49]LogModuleManager: Shutting down and abandoning module FoliageEdit (508)
[2017.06.08-05.58.32:197][ 49]LogModuleManager: Shutting down and abandoning module LandscapeEditor (506)
[2017.06.08-05.58.32:198][ 49]LogModuleManager: Shutting down and abandoning module MeshPaintMode (504)
[2017.06.08-05.58.32:198][ 49]LogModuleManager: Shutting down and abandoning module SceneDepthPickerMode (502)
[2017.06.08-05.58.32:198][ 49]LogModuleManager: Shutting down and abandoning module ActorPickerMode (500)
[2017.06.08-05.58.32:198][ 49]LogModuleManager: Shutting down and abandoning module GeometryMode (498)
[2017.06.08-05.58.32:198][ 49]LogModuleManager: Shutting down and abandoning module TextureAlignMode (496)
[2017.06.08-05.58.32:198][ 49]LogModuleManager: Shutting down and abandoning module BspMode (494)
[2017.06.08-05.58.32:198][ 49]LogModuleManager: Shutting down and abandoning module HardwareSurvey (492)
[2017.06.08-05.58.32:198][ 49]LogModuleManager: Shutting down and abandoning module SequenceRecorderSections (490)
[2017.06.08-05.58.32:198][ 49]LogModuleManager: Shutting down and abandoning module AutomationWorker (488)
[2017.06.08-05.58.32:198][ 49]LogModuleManager: Shutting down and abandoning module MatineeToLevelSequence (486)
[2017.06.08-05.58.32:198][ 49]LogModuleManager: Shutting down and abandoning module LevelSequenceEditor (484)
[2017.06.08-05.58.32:199][ 49]LogModuleManager: Shutting down and abandoning module PlacementMode (483)
[2017.06.08-05.58.32:199][ 49]LogModuleManager: Shutting down and abandoning module WmfMediaFactory (480)
[2017.06.08-05.58.32:199][ 49]LogModuleManager: Shutting down and abandoning module WmfMediaEditor (478)
[2017.06.08-05.58.32:199][ 49]LogModuleManager: Shutting down and abandoning module AvfMediaFactory (476)
[2017.06.08-05.58.32:199][ 49]LogModuleManager: Shutting down and abandoning module AvfMediaEditor (474)
[2017.06.08-05.58.32:199][ 49]LogModuleManager: Shutting down and abandoning module AndroidMediaFactory (472)
[2017.06.08-05.58.32:199][ 49]LogModuleManager: Shutting down and abandoning module Media (471)
[2017.06.08-05.58.32:199][ 49]LogModuleManager: Shutting down and abandoning module AndroidMediaEditor (468)
[2017.06.08-05.58.32:199][ 49]LogModuleManager: Shutting down and abandoning module CharacterAI (466)
[2017.06.08-05.58.32:199][ 49]LogModuleManager: Shutting down and abandoning module AudioCapture (464)
[2017.06.08-05.58.32:199][ 49]LogModuleManager: Shutting down and abandoning module SequenceRecorder (463)
[2017.06.08-05.58.32:199][ 49]LogModuleManager: Shutting down and abandoning module SmartSnapping (460)
[2017.06.08-05.58.32:199][ 49]LogModuleManager: Shutting down and abandoning module SessionServices (458)
[2017.06.08-05.58.32:199][ 49]LogModuleManager: Shutting down and abandoning module ViewportSnapping (456)
[2017.06.08-05.58.32:199][ 49]LogModuleManager: Shutting down and abandoning module ViewportInteraction (454)
[2017.06.08-05.58.32:199][ 49]LogModuleManager: Shutting down and abandoning module ClothPainter (452)
[2017.06.08-05.58.32:200][ 49]LogModuleManager: Shutting down and abandoning module LogVisualizer (450)
[2017.06.08-05.58.32:201][ 49]LogModuleManager: Shutting down and abandoning module IntroTutorials (448)
[2017.06.08-05.58.32:201][ 49]LogModuleManager: Shutting down and abandoning module GameProjectGeneration (447)
[2017.06.08-05.58.32:202][ 49]LogModuleManager: Shutting down and abandoning module EditorLiveStreaming (444)
[2017.06.08-05.58.32:202][ 49]LogModuleManager: Shutting down and abandoning module IOSPlatformEditor (442)
[2017.06.08-05.58.32:202][ 49]LogModuleManager: Shutting down and abandoning module HTML5PlatformEditor (440)
[2017.06.08-05.58.32:202][ 49]LogModuleManager: Shutting down and abandoning module AndroidPlatformEditor (438)
[2017.06.08-05.58.32:202][ 49]LogModuleManager: Shutting down and abandoning module AndroidDeviceDetection (437)
[2017.06.08-05.58.32:556][ 49]LogModuleManager: Shutting down and abandoning module IOSRuntimeSettings (434)
[2017.06.08-05.58.32:556][ 49]LogModuleManager: Shutting down and abandoning module AndroidRuntimeSettings (432)
[2017.06.08-05.58.32:556][ 49]LogModuleManager: Shutting down and abandoning module InputBindingEditor (430)
[2017.06.08-05.58.32:557][ 49]LogModuleManager: Shutting down and abandoning module MergeActors (428)
[2017.06.08-05.58.32:557][ 49]LogModuleManager: Shutting down and abandoning module SizeMap (426)
[2017.06.08-05.58.32:557][ 49]LogModuleManager: Shutting down and abandoning module TreeMap (424)
[2017.06.08-05.58.32:557][ 49]LogModuleManager: Shutting down and abandoning module ReferenceViewer (422)
[2017.06.08-05.58.32:557][ 49]LogModuleManager: Shutting down and abandoning module LocalizationDashboard (420)
[2017.06.08-05.58.32:558][ 49]LogModuleManager: Shutting down and abandoning module LocalizationService (419)
[2017.06.08-05.58.32:558][ 49]LogModuleManager: Shutting down and abandoning module HardwareTargeting (416)
[2017.06.08-05.58.32:558][ 49]LogModuleManager: Shutting down and abandoning module DeviceProfileEditor (414)
[2017.06.08-05.58.32:558][ 49]LogModuleManager: Shutting down and abandoning module UndoHistory (412)
[2017.06.08-05.58.32:558][ 49]LogModuleManager: Shutting down and abandoning module UserFeedback (410)
[2017.06.08-05.58.32:558][ 49]LogModuleManager: Shutting down and abandoning module XmlParser (408)
[2017.06.08-05.58.32:558][ 49]LogModuleManager: Shutting down and abandoning module Blutility (406)
[2017.06.08-05.58.32:558][ 49]LogModuleManager: Shutting down and abandoning module ProjectSettingsViewer (404)
[2017.06.08-05.58.32:558][ 49]LogModuleManager: Shutting down and abandoning module ProjectTargetPlatformEditor (403)
[2017.06.08-05.58.32:558][ 49]LogModuleManager: Shutting down and abandoning module EditorSettingsViewer (400)
[2017.06.08-05.58.32:558][ 49]LogModuleManager: Shutting down and abandoning module SettingsEditor (398)
[2017.06.08-05.58.32:558][ 49]LogModuleManager: Shutting down and abandoning module ProjectLauncher (396)
[2017.06.08-05.58.32:559][ 49]LogModuleManager: Shutting down and abandoning module SessionFrontend (394)
[2017.06.08-05.58.32:559][ 49]LogModuleManager: Shutting down and abandoning module ProfilerClient (392)
[2017.06.08-05.58.32:560][ 49]LogModuleManager: Shutting down and abandoning module DeviceManager (390)
[2017.06.08-05.58.32:560][ 49]LogModuleManager: Shutting down and abandoning module TargetDeviceServices (389)
[2017.06.08-05.58.32:612][ 49]LogModuleManager: Shutting down and abandoning module AutomationController (386)
[2017.06.08-05.58.32:612][ 49]LogModuleManager: Shutting down and abandoning module AutomationWindow (384)
[2017.06.08-05.58.32:612][ 49]LogModuleManager: Shutting down and abandoning module Layers (382)
[2017.06.08-05.58.32:614][ 49]LogModuleManager: Shutting down and abandoning module ComponentVisualizers (380)
[2017.06.08-05.58.32:614][ 49]LogModuleManager: Shutting down and abandoning module DetailCustomizations (378)
[2017.06.08-05.58.32:614][ 49]LogModuleManager: Shutting down and abandoning module PackagesDialog (376)
[2017.06.08-05.58.32:614][ 49]LogModuleManager: Shutting down and abandoning module Persona (374)
[2017.06.08-05.58.32:614][ 49]LogModuleManager: Shutting down and abandoning module AdvancedPreviewScene (373)
[2017.06.08-05.58.32:614][ 49]LogModuleManager: Shutting down and abandoning module AnimGraph (371)
[2017.06.08-05.58.32:614][ 49]LogModuleManager: Shutting down and abandoning module Kismet (368)
[2017.06.08-05.58.32:620][ 49]LogModuleManager: Shutting down and abandoning module ClassViewer (366)
[2017.06.08-05.58.32:620][ 49]LogModuleManager: Shutting down and abandoning module Toolbox (364)
[2017.06.08-05.58.32:620][ 49]LogModuleManager: Shutting down and abandoning module ModuleUI (362)
[2017.06.08-05.58.32:621][ 49]LogModuleManager: Shutting down and abandoning module MovieSceneTools (360)
[2017.06.08-05.58.32:622][ 49]LogModuleManager: Shutting down and abandoning module OutputLog (358)
[2017.06.08-05.58.32:622][ 49]LogModuleManager: Shutting down and abandoning module GammaUI (356)
[2017.06.08-05.58.32:622][ 49]LogModuleManager: Shutting down and abandoning module Documentation (354)
[2017.06.08-05.58.32:622][ 49]LogModuleManager: Shutting down and abandoning module MovieSceneTracks (352)
[2017.06.08-05.58.32:622][ 49]LogModuleManager: Shutting down and abandoning module MovieScene (350)
[2017.06.08-05.58.32:622][ 49]LogModuleManager: Shutting down and abandoning module Niagara (348)
[2017.06.08-05.58.32:622][ 49]LogModuleManager: Shutting down and abandoning module NiagaraEditor (347)
[2017.06.08-05.58.32:623][ 49]LogModuleManager: Shutting down and abandoning module StreamingPauseRendering (344)
[2017.06.08-05.58.32:623][ 49]LogModuleManager: Shutting down and abandoning module AnalyticsET (342)
[2017.06.08-05.58.32:623][ 49]LogModuleManager: Shutting down and abandoning module PortalServices (340)
[2017.06.08-05.58.32:623][ 49]LogModuleManager: Shutting down and abandoning module PortalRpc (338)
[2017.06.08-05.58.32:623][ 49]LogModuleManager: Shutting down and abandoning module MessagingRpc (336)
[2017.06.08-05.58.32:623][ 49]LogModuleManager: Shutting down and abandoning module AIModule (334)
[2017.06.08-05.58.32:623][ 49]LogModuleManager: Shutting down and abandoning module GameplayDebugger (333)
[2017.06.08-05.58.32:623][ 49]LogModuleManager: Shutting down and abandoning module AITestSuite (331)
[2017.06.08-05.58.32:623][ 49]LogModuleManager: Shutting down and abandoning module ProfilerService (328)
[2017.06.08-05.58.32:667][ 49]LogModuleManager: Shutting down and abandoning module TaskGraph (326)
[2017.06.08-05.58.32:667][ 49]LogModuleManager: Shutting down and abandoning module SteamVRController (324)
[2017.06.08-05.58.32:667][ 49]LogModuleManager: Shutting down and abandoning module SteamVR (322)
[2017.06.08-05.58.32:667][ 49]LogModuleManager: Shutting down and abandoning module ProceduralMeshComponentEditor (320)
[2017.06.08-05.58.32:667][ 49]LogModuleManager: Shutting down and abandoning module ProceduralMeshComponent (318)
[2017.06.08-05.58.32:667][ 49]LogModuleManager: Shutting down and abandoning module OculusLibrary (316)
[2017.06.08-05.58.32:667][ 49]LogModuleManager: Shutting down and abandoning module OculusInput (314)
[2017.06.08-05.58.32:667][ 49]LogModuleManager: Shutting down and abandoning module MobilePatchingUtils (312)
[2017.06.08-05.58.32:667][ 49]LogModuleManager: Shutting down and abandoning module CustomMeshComponent (310)
[2017.06.08-05.58.32:667][ 49]LogModuleManager: Shutting down and abandoning module CableComponent (308)
[2017.06.08-05.58.32:668][ 49]LogModuleManager: Shutting down and abandoning module ArchVisCharacter (306)
[2017.06.08-05.58.32:668][ 49]LogModuleManager: Shutting down and abandoning module AndroidPermission (304)
[2017.06.08-05.58.32:668][ 49]LogModuleManager: Shutting down and abandoning module MediaPlayerEditor (300)
[2017.06.08-05.58.32:668][ 49]LogModuleManager: Shutting down and abandoning module HTML5Networking (298)
[2017.06.08-05.58.32:668][ 49]LogModuleManager: Shutting down and abandoning module AlembicImporter (296)
[2017.06.08-05.58.32:668][ 49]LogModuleManager: Shutting down and abandoning module AlembicLibrary (295)
[2017.06.08-05.58.32:668][ 49]LogModuleManager: Shutting down and abandoning module GeometryCache (294)
[2017.06.08-05.58.32:668][ 49]LogModuleManager: Shutting down and abandoning module GeometryCacheEd (293)
[2017.06.08-05.58.32:668][ 49]LogModuleManager: Shutting down and abandoning module SuperSearchEditor (288)
[2017.06.08-05.58.32:668][ 49]LogModuleManager: Shutting down and abandoning module SuperSearch (287)
[2017.06.08-05.58.32:668][ 49]LogModuleManager: Shutting down and abandoning module SpeedTreeImporter (284)
[2017.06.08-05.58.32:668][ 49]LogModuleManager: Shutting down and abandoning module PluginBrowser (282)
[2017.06.08-05.58.32:668][ 49]LogModuleManager: Shutting down and abandoning module MobileLauncherProfileWizard (280)
[2017.06.08-05.58.32:668][ 49]LogModuleManager: Shutting down and abandoning module VisualStudioSourceCodeAccess (278)
[2017.06.08-05.58.32:668][ 49]LogModuleManager: Shutting down and abandoning module DesktopPlatform (277)
[2017.06.08-05.58.32:668][ 49]LogModuleManager: Shutting down and abandoning module UObjectPlugin (274)
[2017.06.08-05.58.32:668][ 49]LogModuleManager: Shutting down and abandoning module SubversionSourceControl (272)
[2017.06.08-05.58.32:668][ 49]LogModuleManager: Shutting down and abandoning module PerforceSourceControl (270)
[2017.06.08-05.58.32:668][ 49]LogModuleManager: Shutting down and abandoning module GitSourceControl (268)
[2017.06.08-05.58.32:668][ 49]LogModuleManager: Shutting down and abandoning module SourceControl (267)
[2017.06.08-05.58.32:668][ 49]LogModuleManager: Shutting down and abandoning module LightPropagationVolumeEditor (264)
[2017.06.08-05.58.32:668][ 49]LogModuleManager: Shutting down and abandoning module PaperTiledImporter (262)
[2017.06.08-05.58.32:668][ 49]LogModuleManager: Shutting down and abandoning module PaperSpriteSheetImporter (260)
[2017.06.08-05.58.32:668][ 49]LogModuleManager: Shutting down and abandoning module Paper2DEditor (258)
[2017.06.08-05.58.32:668][ 49]LogModuleManager: Shutting down and abandoning module MeshPaint (257)
[2017.06.08-05.58.32:668][ 49]LogModuleManager: Shutting down and abandoning module LevelEditor (255)
[2017.06.08-05.58.32:669][ 49]LogModuleManager: Shutting down and abandoning module PixelInspectorModule (254)
[2017.06.08-05.58.32:669][ 49]LogModuleManager: Shutting down and abandoning module MainFrame (252)
[2017.06.08-05.58.32:669][ 49]LogModuleManager: Shutting down and abandoning module HotReload (251)
[2017.06.08-05.58.32:670][ 49]LogModuleManager: Shutting down and abandoning module PhysXVehiclesEditor (246)
[2017.06.08-05.58.32:670][ 49]LogModuleManager: Shutting down and abandoning module PhysXVehicles (244)
[2017.06.08-05.58.32:670][ 49]LogModuleManager: Shutting down and abandoning module LocationServicesBPLibrary (242)
[2017.06.08-05.58.32:670][ 49]LogModuleManager: Shutting down and abandoning module ImmediatePhysicsEditor (240)
[2017.06.08-05.58.32:670][ 49]LogModuleManager: Shutting down and abandoning module ImmediatePhysics (238)
[2017.06.08-05.58.32:670][ 49]LogModuleManager: Shutting down and abandoning module UdpMessaging (236)
[2017.06.08-05.58.32:771][ 49]LogModuleManager: Shutting down and abandoning module TcpMessaging (234)
[2017.06.08-05.58.32:871][ 49]LogModuleManager: Shutting down and abandoning module GameplayTagsEditor (232)
[2017.06.08-05.58.32:871][ 49]LogModuleManager: Shutting down and abandoning module FacialAnimationEditor (230)
[2017.06.08-05.58.32:871][ 49]LogModuleManager: Shutting down and abandoning module FacialAnimation (228)
[2017.06.08-05.58.32:871][ 49]LogModuleManager: Shutting down and abandoning module AssetManagerEditor (226)
[2017.06.08-05.58.32:871][ 49]LogModuleManager: Shutting down and abandoning module GraphEditor (225)
[2017.06.08-05.58.32:871][ 49]LogModuleManager: Shutting down and abandoning module ContentBrowser (223)
[2017.06.08-05.58.32:872][ 49]LogModuleManager: Shutting down and abandoning module LightPropagationVolumeRuntime (220)
[2017.06.08-05.58.32:872][ 49]LogModuleManager: Shutting down and abandoning module Paper2D (218)
[2017.06.08-05.58.32:872][ 49]LogModuleManager: Shutting down and abandoning module WindowsMoviePlayer (216)
[2017.06.08-05.58.32:872][ 49]LogModuleManager: Shutting down and abandoning module WmfMedia (214)
[2017.06.08-05.58.32:872][ 49]LogModuleManager: Shutting down and abandoning module ClothingSystemEditor (212)
[2017.06.08-05.58.32:872][ 49]LogModuleManager: Shutting down and abandoning module ClothingSystemRuntime (210)
[2017.06.08-05.58.32:873][ 49]LogModuleManager: Shutting down and abandoning module MediaAssets (208)
[2017.06.08-05.58.32:873][ 49]LogModuleManager: Shutting down and abandoning module GameLiveStreaming (206)
[2017.06.08-05.58.32:873][ 49]LogModuleManager: Shutting down and abandoning module VREditor (204)
[2017.06.08-05.58.32:873][ 49]LogModuleManager: Shutting down and abandoning module StringTableEditor (202)
[2017.06.08-05.58.32:874][ 49]LogModuleManager: Shutting down and abandoning module GameplayTasksEditor (200)
[2017.06.08-05.58.32:874][ 49]LogModuleManager: Shutting down and abandoning module BehaviorTreeEditor (198)
[2017.06.08-05.58.32:874][ 49]LogModuleManager: Shutting down and abandoning module FunctionalTesting (196)
[2017.06.08-05.58.32:874][ 49]LogModuleManager: Shutting down and abandoning module CollisionAnalyzer (194)
[2017.06.08-05.58.32:875][ 49]LogModuleManager: Shutting down and abandoning module UMG (192)
[2017.06.08-05.58.32:875][ 49]LogModuleManager: Shutting down and abandoning module UMGEditor (191)
[2017.06.08-05.58.32:877][ 49]LogModuleManager: Shutting down and abandoning module Sequencer (190)
[2017.06.08-05.58.32:877][ 49]LogModuleManager: Shutting down and abandoning module AssetTools (188)
[2017.06.08-05.58.32:878][ 49]LogModuleManager: Shutting down and abandoning module MessageLog (187)
[2017.06.08-05.58.32:878][ 49]LogModuleManager: Shutting down and abandoning module WorkspaceMenuStructure (186)
[2017.06.08-05.58.32:878][ 49]LogModuleManager: Shutting down and abandoning module SlateReflector (180)
[2017.06.08-05.58.32:879][ 49]LogModuleManager: Shutting down and abandoning module Slate (178)
[2017.06.08-05.58.32:879][ 49]LogModuleManager: Shutting down and abandoning module EditorStyle (176)
[2017.06.08-05.58.32:881][ 49]LogModuleManager: Shutting down and abandoning module SourceCodeAccess (174)
[2017.06.08-05.58.32:881][ 49]LogModuleManager: Shutting down and abandoning module HeadMountedDisplay (172)
[2017.06.08-05.58.32:881][ 49]LogModuleManager: Shutting down and abandoning module XAudio2 (170)
[2017.06.08-05.58.32:881][ 49]LogModuleManager: Shutting down and abandoning module Networking (168)
[2017.06.08-05.58.32:881][ 49]LogModuleManager: Shutting down and abandoning module Core (164)
[2017.06.08-05.58.32:881][ 49]LogModuleManager: Shutting down and abandoning module AssetRegistry (162)
[2017.06.08-05.58.33:052][ 49]LogDirectoryWatcher: A directory notification for '../../../Engine/Content/' was aborted.
[2017.06.08-05.58.33:052][ 49]LogDirectoryWatcher: A directory notification for 'D:/H2Owned_MajorProject2017-Repo/H2Owned_2017/Content/' was aborted.
[2017.06.08-05.58.33:052][ 49]LogDirectoryWatcher: A directory notification for '../../../Engine/Plugins/2D/Paper2D/Content/' was aborted.
[2017.06.08-05.58.33:052][ 49]LogDirectoryWatcher: A directory notification for '../../../Engine/Plugins/Runtime/GearVR/Content/' was aborted.
[2017.06.08-05.58.33:054][ 49]LogModuleManager: Shutting down and abandoning module DirectoryWatcher (161)
[2017.06.08-05.58.33:054][ 49]LogModuleManager: Shutting down and abandoning module KismetCompiler (158)
[2017.06.08-05.58.33:055][ 49]LogModuleManager: Shutting down and abandoning module LevelSequence (156)
[2017.06.08-05.58.33:055][ 49]LogModuleManager: Shutting down and abandoning module PhysXFormats (154)
[2017.06.08-05.58.33:055][ 49]LogModuleManager: Shutting down and abandoning module MeshUtilities (152)
[2017.06.08-05.58.33:055][ 49]LogModuleManager: Shutting down and abandoning module SimplygonSwarm (151)
[2017.06.08-05.58.33:055][ 49]LogModuleManager: Shutting down and abandoning module SimplygonMeshReduction (149)
[2017.06.08-05.58.33:055][ 49]LogModuleManager: Shutting down and abandoning module QuadricMeshReduction (147)
[2017.06.08-05.58.33:055][ 49]LogModuleManager: Shutting down and abandoning module DerivedDataCache (144)
[2017.06.08-05.58.33:091][ 49]LogDerivedDataCache: Shutdown
[2017.06.08-05.58.33:091][ 49]LogModuleManager: Shutting down and abandoning module TargetPlatform (142)
[2017.06.08-05.58.33:092][ 49]LogModuleManager: Shutting down and abandoning module VulkanShaderFormat (141)
[2017.06.08-05.58.33:092][ 49]LogModuleManager: Shutting down and abandoning module ShaderFormatVectorVM (139)
[2017.06.08-05.58.33:092][ 49]LogModuleManager: Shutting down and abandoning module ShaderFormatOpenGL (137)
[2017.06.08-05.58.33:093][ 49]LogModuleManager: Shutting down and abandoning module ShaderFormatD3D (135)
[2017.06.08-05.58.33:093][ 49]LogModuleManager: Shutting down and abandoning module MetalShaderFormat (133)
[2017.06.08-05.58.33:094][ 49]LogModuleManager: Shutting down and abandoning module TextureFormatUncompressed (131)
[2017.06.08-05.58.33:094][ 49]LogModuleManager: Shutting down and abandoning module TextureFormatPVR (129)
[2017.06.08-05.58.33:094][ 49]LogModuleManager: Shutting down and abandoning module TextureFormatDXT (127)
[2017.06.08-05.58.33:094][ 49]LogModuleManager: Shutting down and abandoning module TextureFormatIntelISPCTexComp (125)
[2017.06.08-05.58.33:094][ 49]LogModuleManager: Shutting down and abandoning module TextureFormatASTC (123)
[2017.06.08-05.58.33:094][ 49]LogModuleManager: Shutting down and abandoning module ImageWrapper (122)
[2017.06.08-05.58.33:094][ 49]LogModuleManager: Shutting down and abandoning module TextureFormatAndroid (119)
[2017.06.08-05.58.33:094][ 49]LogModuleManager: Shutting down and abandoning module AudioFormatOpus (117)
[2017.06.08-05.58.33:094][ 49]LogModuleManager: Shutting down and abandoning module AudioFormatOgg (115)
[2017.06.08-05.58.33:094][ 49]LogModuleManager: Shutting down and abandoning module AudioFormatADPCM (113)
[2017.06.08-05.58.33:094][ 49]LogModuleManager: Shutting down and abandoning module LinuxTargetPlatform (111)
[2017.06.08-05.58.33:094][ 49]LogModuleManager: Shutting down and abandoning module LinuxServerTargetPlatform (109)
[2017.06.08-05.58.33:094][ 49]LogModuleManager: Shutting down and abandoning module LinuxNoEditorTargetPlatform (107)
[2017.06.08-05.58.33:094][ 49]LogModuleManager: Shutting down and abandoning module LinuxClientTargetPlatform (105)
[2017.06.08-05.58.33:094][ 49]LogModuleManager: Shutting down and abandoning module TVOSTargetPlatform (103)
[2017.06.08-05.58.33:094][ 49]LogModuleManager: Shutting down and abandoning module Messaging (101)
[2017.06.08-05.58.33:094][ 49]LogModuleManager: Shutting down and abandoning module IOSTargetPlatform (99)
[2017.06.08-05.58.33:094][ 49]LogModuleManager: Shutting down and abandoning module HTML5TargetPlatform (97)
[2017.06.08-05.58.33:094][ 49]LogModuleManager: Shutting down and abandoning module Android_PVRTCTargetPlatform (95)
[2017.06.08-05.58.33:094][ 49]LogModuleManager: Shutting down and abandoning module Android_MultiTargetPlatform (93)
[2017.06.08-05.58.33:094][ 49]LogModuleManager: Shutting down and abandoning module Android_ETC2TargetPlatform (91)
[2017.06.08-05.58.33:094][ 49]LogModuleManager: Shutting down and abandoning module Android_ETC1TargetPlatform (89)
[2017.06.08-05.58.33:094][ 49]LogModuleManager: Shutting down and abandoning module Android_DXTTargetPlatform (87)
[2017.06.08-05.58.33:094][ 49]LogModuleManager: Shutting down and abandoning module Android_ATCTargetPlatform (85)
[2017.06.08-05.58.33:094][ 49]LogModuleManager: Shutting down and abandoning module Android_ASTCTargetPlatform (83)
[2017.06.08-05.58.33:094][ 49]LogModuleManager: Shutting down and abandoning module AndroidTargetPlatform (81)
[2017.06.08-05.58.33:094][ 49]LogModuleManager: Shutting down and abandoning module WindowsTargetPlatform (79)
[2017.06.08-05.58.33:094][ 49]LogModuleManager: Shutting down and abandoning module WindowsServerTargetPlatform (77)
[2017.06.08-05.58.33:094][ 49]LogModuleManager: Shutting down and abandoning module WindowsNoEditorTargetPlatform (75)
[2017.06.08-05.58.33:094][ 49]LogModuleManager: Shutting down and abandoning module WindowsClientTargetPlatform (73)
[2017.06.08-05.58.33:094][ 49]LogModuleManager: Shutting down and abandoning module MacTargetPlatform (71)
[2017.06.08-05.58.33:094][ 49]LogModuleManager: Shutting down and abandoning module MacServerTargetPlatform (69)
[2017.06.08-05.58.33:094][ 49]LogModuleManager: Shutting down and abandoning module MacNoEditorTargetPlatform (67)
[2017.06.08-05.58.33:094][ 49]LogModuleManager: Shutting down and abandoning module MacClientTargetPlatform (65)
[2017.06.08-05.58.33:094][ 49]LogModuleManager: Shutting down and abandoning module AllDesktopTargetPlatform (63)
[2017.06.08-05.58.33:094][ 49]LogModuleManager: Shutting down and abandoning module InputCore (60)
[2017.06.08-05.58.33:094][ 49]LogModuleManager: Shutting down and abandoning module Settings (58)
[2017.06.08-05.58.33:094][ 49]LogModuleManager: Shutting down and abandoning module OculusRift (56)
[2017.06.08-05.58.33:094][ 49]LogModuleManager: Shutting down and abandoning module GearVRController (54)
[2017.06.08-05.58.33:094][ 49]LogModuleManager: Shutting down and abandoning module GearVR (52)
[2017.06.08-05.58.33:094][ 49]LogModuleManager: Shutting down and abandoning module ExampleDeviceProfileSelector (50)
[2017.06.08-05.58.33:094][ 49]LogModuleManager: Shutting down and abandoning module OnlineBlueprintSupport (48)
[2017.06.08-05.58.33:094][ 49]LogModuleManager: Shutting down and abandoning module OnlineSubsystem (44)
[2017.06.08-05.58.33:094][ 49]LogOnline:Display: Unloading online subsystem: NULL
[2017.06.08-05.58.33:095][ 49]LogModuleManager: Shutting down and abandoning module XMPP (43)
[2017.06.08-05.58.33:095][ 49]LogModuleManager: Shutting down and abandoning module HTTP (41)
[2017.06.08-05.58.33:095][ 49]LogHttp:Display: Http module shutting down, but needs to wait on 1 outstanding Http requests:
[2017.06.08-05.58.33:095][ 49]LogHttp:Display: 	verb=[POST] url=[https://datarouter.ol.epicgames.com/datarouter/api/v1/public/data?SessionID=%7BE8E66FD0-4496-2368-E38B-AB9AF31B7554%7D&AppID=UEEditor.Rocket.Release&AppVersion=4.16.1-3466753%2B%2B%2BUE4%2BRelease-4.16&UserID=57604ec6445af2ebbfa1649892542233%7Ce4273a936e1d4ff49d132d0f3f4ae042%7Cfddd16a5-1a87-489a-85cf-db1f739d3a23&AppEnvironment=datacollector-binary&UploadType=eteventstream] status=Processing
[2017.06.08-05.58.33:111][ 49]LogModuleManager: Shutting down and abandoning module SSL (40)
[2017.06.08-05.58.33:112][ 49]LogModuleManager: Shutting down and abandoning module HTTPChunkInstaller (36)
[2017.06.08-05.58.33:113][ 49]LogModuleManager: Shutting down and abandoning module AnimationModifiers (34)
[2017.06.08-05.58.33:113][ 49]LogModuleManager: Shutting down and abandoning module PropertyEditor (33)
[2017.06.08-05.58.33:113][ 49]LogModuleManager: Shutting down and abandoning module AudioEditor (30)
[2017.06.08-05.58.33:114][ 49]LogModuleManager: Shutting down and abandoning module TextureCompressor (28)
[2017.06.08-05.58.33:114][ 49]LogModuleManager: Shutting down and abandoning module ShaderCore (26)
[2017.06.08-05.58.33:114][ 49]LogModuleManager: Shutting down and abandoning module Landscape (24)
[2017.06.08-05.58.33:114][ 49]LogModuleManager: Shutting down and abandoning module SlateRHIRenderer (22)
[2017.06.08-05.58.33:115][ 49]LogModuleManager: Shutting down and abandoning module OpenGLDrv (20)
[2017.06.08-05.58.33:116][ 49]LogModuleManager: Shutting down and abandoning module D3D11RHI (18)
[2017.06.08-05.58.33:116][ 49]LogModuleManager: Shutting down and abandoning module AnimGraphRuntime (16)
[2017.06.08-05.58.33:116][ 49]LogModuleManager: Shutting down and abandoning module Renderer (14)
[2017.06.08-05.58.33:116][ 49]LogModuleManager: Shutting down and abandoning module Engine (12)
[2017.06.08-05.58.33:116][ 49]LogModuleManager: Shutting down and abandoning module CoreUObject (10)
[2017.06.08-05.58.33:116][ 49]LogModuleManager: Shutting down and abandoning module NetworkFile (8)
[2017.06.08-05.58.33:116][ 49]LogModuleManager: Shutting down and abandoning module StreamingFile (6)
[2017.06.08-05.58.33:116][ 49]LogModuleManager: Shutting down and abandoning module SandboxFile (4)
[2017.06.08-05.58.33:116][ 49]LogModuleManager: Shutting down and abandoning module PakFile (2)
[2017.06.08-05.58.33:117][ 49]LogExit: Exiting.
[2017.06.08-05.58.33:129][ 49]Log file closed, 06/08/17 15:58:33
